The system is: Linux - 4.11.8-041108-generic - x86_64
Compiling the C compiler identification source file "CMakeCCompilerId.c" succeeded.
Compiler: /usr/bin/cc 
Build flags: -O2;-I/home/lcz/code/lede/staging_dir/host/include;;-fPIC
Id flags:  

The output was:
0


Compilation of the C compiler identification source "CMakeCCompilerId.c" produced "a.out"

The C compiler identification is GNU, found in "/home/lcz/code/lede/build_dir/host/zlib-1.2.11/CMakeFiles/3.13.2/CompilerIdC/a.out"

Determining if the C compiler works passed with the following output:
Change Dir: /home/lcz/code/lede/build_dir/host/zlib-1.2.11/CMakeFiles/CMakeTmp

Run Build Command:"/usr/bin/make" "cmTC_120bc/fast"
make[4]: Entering directory '/home/lcz/code/lede/build_dir/host/zlib-1.2.11/CMakeFiles/CMakeTmp'
/usr/bin/make -f CMakeFiles/cmTC_120bc.dir/build.make CMakeFiles/cmTC_120bc.dir/build
make[5]: Entering directory '/home/lcz/code/lede/build_dir/host/zlib-1.2.11/CMakeFiles/CMakeTmp'
Building C object CMakeFiles/cmTC_120bc.dir/testCCompiler.c.o
/usr/bin/cc   -O2 -I/home/lcz/code/lede/staging_dir/host/include  -fPIC    -o CMakeFiles/cmTC_120bc.dir/testCCompiler.c.o   -c /home/lcz/code/lede/build_dir/host/zlib-1.2.11/CMakeFiles/CMakeTmp/testCCompiler.c
Linking C executable cmTC_120bc
/home/lcz/code/lede/staging_dir/host/bin/cmake -E cmake_link_script CMakeFiles/cmTC_120bc.dir/link.txt --verbose=1
/usr/bin/cc -O2 -I/home/lcz/code/lede/staging_dir/host/include  -fPIC   -L/home/lcz/code/lede/staging_dir/host/lib  -rdynamic CMakeFiles/cmTC_120bc.dir/testCCompiler.c.o  -o cmTC_120bc 
make[5]: Leaving directory '/home/lcz/code/lede/build_dir/host/zlib-1.2.11/CMakeFiles/CMakeTmp'
make[4]: Leaving directory '/home/lcz/code/lede/build_dir/host/zlib-1.2.11/CMakeFiles/CMakeTmp'


Detecting C compiler ABI info compiled with the following output:
Change Dir: /home/lcz/code/lede/build_dir/host/zlib-1.2.11/CMakeFiles/CMakeTmp

Run Build Command:"/usr/bin/make" "cmTC_d8f67/fast"
make[4]: Entering directory '/home/lcz/code/lede/build_dir/host/zlib-1.2.11/CMakeFiles/CMakeTmp'
/usr/bin/make -f CMakeFiles/cmTC_d8f67.dir/build.make CMakeFiles/cmTC_d8f67.dir/build
make[5]: Entering directory '/home/lcz/code/lede/build_dir/host/zlib-1.2.11/CMakeFiles/CMakeTmp'
Building C object CMakeFiles/cmTC_d8f67.dir/CMakeCCompilerABI.c.o
/usr/bin/cc   -O2 -I/home/lcz/code/lede/staging_dir/host/include  -fPIC    -o CMakeFiles/cmTC_d8f67.dir/CMakeCCompilerABI.c.o   -c /home/lcz/code/lede/staging_dir/host/share/cmake-3.13/Modules/CMakeCCompilerABI.c
Linking C executable cmTC_d8f67
/home/lcz/code/lede/staging_dir/host/bin/cmake -E cmake_link_script CMakeFiles/cmTC_d8f67.dir/link.txt --verbose=1
/usr/bin/cc -O2 -I/home/lcz/code/lede/staging_dir/host/include  -fPIC   -L/home/lcz/code/lede/staging_dir/host/lib -v -rdynamic CMakeFiles/cmTC_d8f67.dir/CMakeCCompilerABI.c.o  -o cmTC_d8f67 
Using built-in specs.
COLLECT_GCC=/usr/bin/cc
COLLECT_LTO_WRAPPER=/usr/lib/gcc/x86_64-linux-gnu/9/lto-wrapper
OFFLOAD_TARGET_NAMES=nvptx-none:hsa
OFFLOAD_TARGET_DEFAULT=1
Target: x86_64-linux-gnu
Configured with: ../src/configure -v --with-pkgversion='Debian 9.3.0-11' --with-bugurl=file:///usr/share/doc/gcc-9/README.Bugs --enable-languages=c,ada,c++,go,brig,d,fortran,objc,obj-c++,gm2 --prefix=/usr --with-gcc-major-version-only --program-suffix=-9 --program-prefix=x86_64-linux-gnu- --enable-shared --enable-linker-build-id --libexecdir=/usr/lib --without-included-gettext --enable-threads=posix --libdir=/usr/lib --enable-nls --enable-bootstrap --enable-clocale=gnu --enable-libstdcxx-debug --enable-libstdcxx-time=yes --with-default-libstdcxx-abi=new --enable-gnu-unique-object --disable-vtable-verify --enable-plugin --enable-default-pie --with-system-zlib --with-target-system-zlib=auto --enable-objc-gc=auto --enable-multiarch --disable-werror --with-arch-32=i686 --with-abi=m64 --with-multilib-list=m32,m64,mx32 --enable-multilib --with-tune=generic --enable-offload-targets=nvptx-none,hsa --without-cuda-driver --enable-checking=release --build=x86_64-linux-gnu --host=x86_64-linux-gnu --target=x86_64-linux-gnu --with-build-config=bootstrap-lto-lean --enable-link-mutex
Thread model: posix
gcc version 9.3.0 (Debian 9.3.0-11) 
COMPILER_PATH=/usr/lib/gcc/x86_64-linux-gnu/9/:/usr/lib/gcc/x86_64-linux-gnu/9/:/usr/lib/gcc/x86_64-linux-gnu/:/usr/lib/gcc/x86_64-linux-gnu/9/:/usr/lib/gcc/x86_64-linux-gnu/
LIBRARY_PATH=/usr/lib/gcc/x86_64-linux-gnu/9/:/usr/lib/gcc/x86_64-linux-gnu/9/../../../x86_64-linux-gnu/:/usr/lib/gcc/x86_64-linux-gnu/9/../../../../lib/:/lib/x86_64-linux-gnu/:/lib/../lib/:/usr/lib/x86_64-linux-gnu/:/usr/lib/../lib/:/usr/lib/gcc/x86_64-linux-gnu/9/../../../:/lib/:/usr/lib/
COLLECT_GCC_OPTIONS='-O2' '-I' '/home/lcz/code/lede/staging_dir/host/include' '-fPIC' '-L/home/lcz/code/lede/staging_dir/host/lib' '-v' '-rdynamic' '-o' 'cmTC_d8f67' '-mtune=generic' '-march=x86-64'
 /usr/lib/gcc/x86_64-linux-gnu/9/collect2 -plugin /usr/lib/gcc/x86_64-linux-gnu/9/liblto_plugin.so -plugin-opt=/usr/lib/gcc/x86_64-linux-gnu/9/lto-wrapper -plugin-opt=-fresolution=/home/lcz/code/lede/tmp/cckJCqii.res -plugin-opt=-pass-through=-lgcc -plugin-opt=-pass-through=-lgcc_s -plugin-opt=-pass-through=-lc -plugin-opt=-pass-through=-lgcc -plugin-opt=-pass-through=-lgcc_s --build-id --eh-frame-hdr -m elf_x86_64 --hash-style=gnu --as-needed -export-dynamic -dynamic-linker /lib64/ld-linux-x86-64.so.2 -pie -o cmTC_d8f67 /usr/lib/gcc/x86_64-linux-gnu/9/../../../x86_64-linux-gnu/Scrt1.o /usr/lib/gcc/x86_64-linux-gnu/9/../../../x86_64-linux-gnu/crti.o /usr/lib/gcc/x86_64-linux-gnu/9/crtbeginS.o -L/home/lcz/code/lede/staging_dir/host/lib -L/usr/lib/gcc/x86_64-linux-gnu/9 -L/usr/lib/gcc/x86_64-linux-gnu/9/../../../x86_64-linux-gnu -L/usr/lib/gcc/x86_64-linux-gnu/9/../../../../lib -L/lib/x86_64-linux-gnu -L/lib/../lib -L/usr/lib/x86_64-linux-gnu -L/usr/lib/../lib -L/usr/lib/gcc/x86_64-linux-gnu/9/../../.. CMakeFiles/cmTC_d8f67.dir/CMakeCCompilerABI.c.o -lgcc --push-state --as-needed -lgcc_s --pop-state -lc -lgcc --push-state --as-needed -lgcc_s --pop-state /usr/lib/gcc/x86_64-linux-gnu/9/crtendS.o /usr/lib/gcc/x86_64-linux-gnu/9/../../../x86_64-linux-gnu/crtn.o
COLLECT_GCC_OPTIONS='-O2' '-I' '/home/lcz/code/lede/staging_dir/host/include' '-fPIC' '-L/home/lcz/code/lede/staging_dir/host/lib' '-v' '-rdynamic' '-o' 'cmTC_d8f67' '-mtune=generic' '-march=x86-64'
make[5]: Leaving directory '/home/lcz/code/lede/build_dir/host/zlib-1.2.11/CMakeFiles/CMakeTmp'
make[4]: Leaving directory '/home/lcz/code/lede/build_dir/host/zlib-1.2.11/CMakeFiles/CMakeTmp'


Parsed C implicit link information from above output:
  link line regex: [^( *|.*[/\])(ld|CMAKE_LINK_STARTFILE-NOTFOUND|([^/\]+-)?ld|collect2)[^/\]*( |$)]
  ignore line: [Change Dir: /home/lcz/code/lede/build_dir/host/zlib-1.2.11/CMakeFiles/CMakeTmp]
  ignore line: []
  ignore line: [Run Build Command:"/usr/bin/make" "cmTC_d8f67/fast"]
  ignore line: [make[4]: Entering directory '/home/lcz/code/lede/build_dir/host/zlib-1.2.11/CMakeFiles/CMakeTmp']
  ignore line: [/usr/bin/make -f CMakeFiles/cmTC_d8f67.dir/build.make CMakeFiles/cmTC_d8f67.dir/build]
  ignore line: [make[5]: Entering directory '/home/lcz/code/lede/build_dir/host/zlib-1.2.11/CMakeFiles/CMakeTmp']
  ignore line: [Building C object CMakeFiles/cmTC_d8f67.dir/CMakeCCompilerABI.c.o]
  ignore line: [/usr/bin/cc   -O2 -I/home/lcz/code/lede/staging_dir/host/include  -fPIC    -o CMakeFiles/cmTC_d8f67.dir/CMakeCCompilerABI.c.o   -c /home/lcz/code/lede/staging_dir/host/share/cmake-3.13/Modules/CMakeCCompilerABI.c]
  ignore line: [Linking C executable cmTC_d8f67]
  ignore line: [/home/lcz/code/lede/staging_dir/host/bin/cmake -E cmake_link_script CMakeFiles/cmTC_d8f67.dir/link.txt --verbose=1]
  ignore line: [/usr/bin/cc -O2 -I/home/lcz/code/lede/staging_dir/host/include  -fPIC   -L/home/lcz/code/lede/staging_dir/host/lib -v -rdynamic CMakeFiles/cmTC_d8f67.dir/CMakeCCompilerABI.c.o  -o cmTC_d8f67 ]
  ignore line: [Using built-in specs.]
  ignore line: [COLLECT_GCC=/usr/bin/cc]
  ignore line: [COLLECT_LTO_WRAPPER=/usr/lib/gcc/x86_64-linux-gnu/9/lto-wrapper]
  ignore line: [OFFLOAD_TARGET_NAMES=nvptx-none:hsa]
  ignore line: [OFFLOAD_TARGET_DEFAULT=1]
  ignore line: [Target: x86_64-linux-gnu]
  ignore line: [Configured with: ../src/configure -v --with-pkgversion='Debian 9.3.0-11' --with-bugurl=file:///usr/share/doc/gcc-9/README.Bugs --enable-languages=c,ada,c++,go,brig,d,fortran,objc,obj-c++,gm2 --prefix=/usr --with-gcc-major-version-only --program-suffix=-9 --program-prefix=x86_64-linux-gnu- --enable-shared --enable-linker-build-id --libexecdir=/usr/lib --without-included-gettext --enable-threads=posix --libdir=/usr/lib --enable-nls --enable-bootstrap --enable-clocale=gnu --enable-libstdcxx-debug --enable-libstdcxx-time=yes --with-default-libstdcxx-abi=new --enable-gnu-unique-object --disable-vtable-verify --enable-plugin --enable-default-pie --with-system-zlib --with-target-system-zlib=auto --enable-objc-gc=auto --enable-multiarch --disable-werror --with-arch-32=i686 --with-abi=m64 --with-multilib-list=m32,m64,mx32 --enable-multilib --with-tune=generic --enable-offload-targets=nvptx-none,hsa --without-cuda-driver --enable-checking=release --build=x86_64-linux-gnu --host=x86_64-linux-gnu --target=x86_64-linux-gnu --with-build-config=bootstrap-lto-lean --enable-link-mutex]
  ignore line: [Thread model: posix]
  ignore line: [gcc version 9.3.0 (Debian 9.3.0-11) ]
  ignore line: [COMPILER_PATH=/usr/lib/gcc/x86_64-linux-gnu/9/:/usr/lib/gcc/x86_64-linux-gnu/9/:/usr/lib/gcc/x86_64-linux-gnu/:/usr/lib/gcc/x86_64-linux-gnu/9/:/usr/lib/gcc/x86_64-linux-gnu/]
  ignore line: [LIBRARY_PATH=/usr/lib/gcc/x86_64-linux-gnu/9/:/usr/lib/gcc/x86_64-linux-gnu/9/../../../x86_64-linux-gnu/:/usr/lib/gcc/x86_64-linux-gnu/9/../../../../lib/:/lib/x86_64-linux-gnu/:/lib/../lib/:/usr/lib/x86_64-linux-gnu/:/usr/lib/../lib/:/usr/lib/gcc/x86_64-linux-gnu/9/../../../:/lib/:/usr/lib/]
  ignore line: [COLLECT_GCC_OPTIONS='-O2' '-I' '/home/lcz/code/lede/staging_dir/host/include' '-fPIC' '-L/home/lcz/code/lede/staging_dir/host/lib' '-v' '-rdynamic' '-o' 'cmTC_d8f67' '-mtune=generic' '-march=x86-64']
  link line: [ /usr/lib/gcc/x86_64-linux-gnu/9/collect2 -plugin /usr/lib/gcc/x86_64-linux-gnu/9/liblto_plugin.so -plugin-opt=/usr/lib/gcc/x86_64-linux-gnu/9/lto-wrapper -plugin-opt=-fresolution=/home/lcz/code/lede/tmp/cckJCqii.res -plugin-opt=-pass-through=-lgcc -plugin-opt=-pass-through=-lgcc_s -plugin-opt=-pass-through=-lc -plugin-opt=-pass-through=-lgcc -plugin-opt=-pass-through=-lgcc_s --build-id --eh-frame-hdr -m elf_x86_64 --hash-style=gnu --as-needed -export-dynamic -dynamic-linker /lib64/ld-linux-x86-64.so.2 -pie -o cmTC_d8f67 /usr/lib/gcc/x86_64-linux-gnu/9/../../../x86_64-linux-gnu/Scrt1.o /usr/lib/gcc/x86_64-linux-gnu/9/../../../x86_64-linux-gnu/crti.o /usr/lib/gcc/x86_64-linux-gnu/9/crtbeginS.o -L/home/lcz/code/lede/staging_dir/host/lib -L/usr/lib/gcc/x86_64-linux-gnu/9 -L/usr/lib/gcc/x86_64-linux-gnu/9/../../../x86_64-linux-gnu -L/usr/lib/gcc/x86_64-linux-gnu/9/../../../../lib -L/lib/x86_64-linux-gnu -L/lib/../lib -L/usr/lib/x86_64-linux-gnu -L/usr/lib/../lib -L/usr/lib/gcc/x86_64-linux-gnu/9/../../.. CMakeFiles/cmTC_d8f67.dir/CMakeCCompilerABI.c.o -lgcc --push-state --as-needed -lgcc_s --pop-state -lc -lgcc --push-state --as-needed -lgcc_s --pop-state /usr/lib/gcc/x86_64-linux-gnu/9/crtendS.o /usr/lib/gcc/x86_64-linux-gnu/9/../../../x86_64-linux-gnu/crtn.o]
    arg [/usr/lib/gcc/x86_64-linux-gnu/9/collect2] ==> ignore
    arg [-plugin] ==> ignore
    arg [/usr/lib/gcc/x86_64-linux-gnu/9/liblto_plugin.so] ==> ignore
    arg [-plugin-opt=/usr/lib/gcc/x86_64-linux-gnu/9/lto-wrapper] ==> ignore
    arg [-plugin-opt=-fresolution=/home/lcz/code/lede/tmp/cckJCqii.res] ==> ignore
    arg [-plugin-opt=-pass-through=-lgcc] ==> ignore
    arg [-plugin-opt=-pass-through=-lgcc_s] ==> ignore
    arg [-plugin-opt=-pass-through=-lc] ==> ignore
    arg [-plugin-opt=-pass-through=-lgcc] ==> ignore
    arg [-plugin-opt=-pass-through=-lgcc_s] ==> ignore
    arg [--build-id] ==> ignore
    arg [--eh-frame-hdr] ==> ignore
    arg [-m] ==> ignore
    arg [elf_x86_64] ==> ignore
    arg [--hash-style=gnu] ==> ignore
    arg [--as-needed] ==> ignore
    arg [-export-dynamic] ==> ignore
    arg [-dynamic-linker] ==> ignore
    arg [/lib64/ld-linux-x86-64.so.2] ==> ignore
    arg [-pie] ==> ignore
    arg [-o] ==> ignore
    arg [cmTC_d8f67] ==> ignore
    arg [/usr/lib/gcc/x86_64-linux-gnu/9/../../../x86_64-linux-gnu/Scrt1.o] ==> ignore
    arg [/usr/lib/gcc/x86_64-linux-gnu/9/../../../x86_64-linux-gnu/crti.o] ==> ignore
    arg [/usr/lib/gcc/x86_64-linux-gnu/9/crtbeginS.o] ==> ignore
    arg [-L/home/lcz/code/lede/staging_dir/host/lib] ==> dir [/home/lcz/code/lede/staging_dir/host/lib]
    arg [-L/usr/lib/gcc/x86_64-linux-gnu/9] ==> dir [/usr/lib/gcc/x86_64-linux-gnu/9]
    arg [-L/usr/lib/gcc/x86_64-linux-gnu/9/../../../x86_64-linux-gnu] ==> dir [/usr/lib/gcc/x86_64-linux-gnu/9/../../../x86_64-linux-gnu]
    arg [-L/usr/lib/gcc/x86_64-linux-gnu/9/../../../../lib] ==> dir [/usr/lib/gcc/x86_64-linux-gnu/9/../../../../lib]
    arg [-L/lib/x86_64-linux-gnu] ==> dir [/lib/x86_64-linux-gnu]
    arg [-L/lib/../lib] ==> dir [/lib/../lib]
    arg [-L/usr/lib/x86_64-linux-gnu] ==> dir [/usr/lib/x86_64-linux-gnu]
    arg [-L/usr/lib/../lib] ==> dir [/usr/lib/../lib]
    arg [-L/usr/lib/gcc/x86_64-linux-gnu/9/../../..] ==> dir [/usr/lib/gcc/x86_64-linux-gnu/9/../../..]
    arg [CMakeFiles/cmTC_d8f67.dir/CMakeCCompilerABI.c.o] ==> ignore
    arg [-lgcc] ==> lib [gcc]
    arg [--push-state] ==> ignore
    arg [--as-needed] ==> ignore
    arg [-lgcc_s] ==> lib [gcc_s]
    arg [--pop-state] ==> ignore
    arg [-lc] ==> lib [c]
    arg [-lgcc] ==> lib [gcc]
    arg [--push-state] ==> ignore
    arg [--as-needed] ==> ignore
    arg [-lgcc_s] ==> lib [gcc_s]
    arg [--pop-state] ==> ignore
    arg [/usr/lib/gcc/x86_64-linux-gnu/9/crtendS.o] ==> ignore
    arg [/usr/lib/gcc/x86_64-linux-gnu/9/../../../x86_64-linux-gnu/crtn.o] ==> ignore
  collapse library dir [/home/lcz/code/lede/staging_dir/host/lib] ==> [/home/lcz/code/lede/staging_dir/host/lib]
  collapse library dir [/usr/lib/gcc/x86_64-linux-gnu/9] ==> [/usr/lib/gcc/x86_64-linux-gnu/9]
  collapse library dir [/usr/lib/gcc/x86_64-linux-gnu/9/../../../x86_64-linux-gnu] ==> [/usr/lib/x86_64-linux-gnu]
  collapse library dir [/usr/lib/gcc/x86_64-linux-gnu/9/../../../../lib] ==> [/usr/lib]
  collapse library dir [/lib/x86_64-linux-gnu] ==> [/lib/x86_64-linux-gnu]
  collapse library dir [/lib/../lib] ==> [/lib]
  collapse library dir [/usr/lib/x86_64-linux-gnu] ==> [/usr/lib/x86_64-linux-gnu]
  collapse library dir [/usr/lib/../lib] ==> [/usr/lib]
  collapse library dir [/usr/lib/gcc/x86_64-linux-gnu/9/../../..] ==> [/usr/lib]
  implicit libs: [gcc;gcc_s;c;gcc;gcc_s]
  implicit dirs: [/home/lcz/code/lede/staging_dir/host/lib;/usr/lib/gcc/x86_64-linux-gnu/9;/usr/lib/x86_64-linux-gnu;/usr/lib;/lib/x86_64-linux-gnu;/lib]
  implicit fwks: []




Detecting C [-std=c11] compiler features compiled with the following output:
Change Dir: /home/lcz/code/lede/build_dir/host/zlib-1.2.11/CMakeFiles/CMakeTmp

Run Build Command:"/usr/bin/make" "cmTC_4720a/fast"
make[4]: Entering directory '/home/lcz/code/lede/build_dir/host/zlib-1.2.11/CMakeFiles/CMakeTmp'
/usr/bin/make -f CMakeFiles/cmTC_4720a.dir/build.make CMakeFiles/cmTC_4720a.dir/build
make[5]: Entering directory '/home/lcz/code/lede/build_dir/host/zlib-1.2.11/CMakeFiles/CMakeTmp'
Building C object CMakeFiles/cmTC_4720a.dir/feature_tests.c.o
/usr/bin/cc   -O2 -I/home/lcz/code/lede/staging_dir/host/include  -fPIC    -std=c11 -o CMakeFiles/cmTC_4720a.dir/feature_tests.c.o   -c /home/lcz/code/lede/build_dir/host/zlib-1.2.11/CMakeFiles/feature_tests.c
Linking C executable cmTC_4720a
/home/lcz/code/lede/staging_dir/host/bin/cmake -E cmake_link_script CMakeFiles/cmTC_4720a.dir/link.txt --verbose=1
/usr/bin/cc -O2 -I/home/lcz/code/lede/staging_dir/host/include  -fPIC   -L/home/lcz/code/lede/staging_dir/host/lib  -rdynamic CMakeFiles/cmTC_4720a.dir/feature_tests.c.o  -o cmTC_4720a 
make[5]: Leaving directory '/home/lcz/code/lede/build_dir/host/zlib-1.2.11/CMakeFiles/CMakeTmp'
make[4]: Leaving directory '/home/lcz/code/lede/build_dir/host/zlib-1.2.11/CMakeFiles/CMakeTmp'


    Feature record: C_FEATURE:1c_function_prototypes
    Feature record: C_FEATURE:1c_restrict
    Feature record: C_FEATURE:1c_static_assert
    Feature record: C_FEATURE:1c_variadic_macros


Detecting C [-std=c99] compiler features compiled with the following output:
Change Dir: /home/lcz/code/lede/build_dir/host/zlib-1.2.11/CMakeFiles/CMakeTmp

Run Build Command:"/usr/bin/make" "cmTC_5a69d/fast"
make[4]: Entering directory '/home/lcz/code/lede/build_dir/host/zlib-1.2.11/CMakeFiles/CMakeTmp'
/usr/bin/make -f CMakeFiles/cmTC_5a69d.dir/build.make CMakeFiles/cmTC_5a69d.dir/build
make[5]: Entering directory '/home/lcz/code/lede/build_dir/host/zlib-1.2.11/CMakeFiles/CMakeTmp'
Building C object CMakeFiles/cmTC_5a69d.dir/feature_tests.c.o
/usr/bin/cc   -O2 -I/home/lcz/code/lede/staging_dir/host/include  -fPIC    -std=c99 -o CMakeFiles/cmTC_5a69d.dir/feature_tests.c.o   -c /home/lcz/code/lede/build_dir/host/zlib-1.2.11/CMakeFiles/feature_tests.c
Linking C executable cmTC_5a69d
/home/lcz/code/lede/staging_dir/host/bin/cmake -E cmake_link_script CMakeFiles/cmTC_5a69d.dir/link.txt --verbose=1
/usr/bin/cc -O2 -I/home/lcz/code/lede/staging_dir/host/include  -fPIC   -L/home/lcz/code/lede/staging_dir/host/lib  -rdynamic CMakeFiles/cmTC_5a69d.dir/feature_tests.c.o  -o cmTC_5a69d 
make[5]: Leaving directory '/home/lcz/code/lede/build_dir/host/zlib-1.2.11/CMakeFiles/CMakeTmp'
make[4]: Leaving directory '/home/lcz/code/lede/build_dir/host/zlib-1.2.11/CMakeFiles/CMakeTmp'


    Feature record: C_FEATURE:1c_function_prototypes
    Feature record: C_FEATURE:1c_restrict
    Feature record: C_FEATURE:0c_static_assert
    Feature record: C_FEATURE:1c_variadic_macros


Detecting C [-std=c90] compiler features compiled with the following output:
Change Dir: /home/lcz/code/lede/build_dir/host/zlib-1.2.11/CMakeFiles/CMakeTmp

Run Build Command:"/usr/bin/make" "cmTC_55f52/fast"
make[4]: Entering directory '/home/lcz/code/lede/build_dir/host/zlib-1.2.11/CMakeFiles/CMakeTmp'
/usr/bin/make -f CMakeFiles/cmTC_55f52.dir/build.make CMakeFiles/cmTC_55f52.dir/build
make[5]: Entering directory '/home/lcz/code/lede/build_dir/host/zlib-1.2.11/CMakeFiles/CMakeTmp'
Building C object CMakeFiles/cmTC_55f52.dir/feature_tests.c.o
/usr/bin/cc   -O2 -I/home/lcz/code/lede/staging_dir/host/include  -fPIC    -std=c90 -o CMakeFiles/cmTC_55f52.dir/feature_tests.c.o   -c /home/lcz/code/lede/build_dir/host/zlib-1.2.11/CMakeFiles/feature_tests.c
Linking C executable cmTC_55f52
/home/lcz/code/lede/staging_dir/host/bin/cmake -E cmake_link_script CMakeFiles/cmTC_55f52.dir/link.txt --verbose=1
/usr/bin/cc -O2 -I/home/lcz/code/lede/staging_dir/host/include  -fPIC   -L/home/lcz/code/lede/staging_dir/host/lib  -rdynamic CMakeFiles/cmTC_55f52.dir/feature_tests.c.o  -o cmTC_55f52 
make[5]: Leaving directory '/home/lcz/code/lede/build_dir/host/zlib-1.2.11/CMakeFiles/CMakeTmp'
make[4]: Leaving directory '/home/lcz/code/lede/build_dir/host/zlib-1.2.11/CMakeFiles/CMakeTmp'


    Feature record: C_FEATURE:1c_function_prototypes
    Feature record: C_FEATURE:0c_restrict
    Feature record: C_FEATURE:0c_static_assert
    Feature record: C_FEATURE:0c_variadic_macros
Determining if the include file sys/types.h exists passed with the following output:
Change Dir: /home/lcz/code/lede/build_dir/host/zlib-1.2.11/CMakeFiles/CMakeTmp

Run Build Command:"/usr/bin/make" "cmTC_58eef/fast"
make[4]: Entering directory '/home/lcz/code/lede/build_dir/host/zlib-1.2.11/CMakeFiles/CMakeTmp'
/usr/bin/make -f CMakeFiles/cmTC_58eef.dir/build.make CMakeFiles/cmTC_58eef.dir/build
make[5]: Entering directory '/home/lcz/code/lede/build_dir/host/zlib-1.2.11/CMakeFiles/CMakeTmp'
Building C object CMakeFiles/cmTC_58eef.dir/CheckIncludeFile.c.o
/usr/bin/cc   -O2 -I/home/lcz/code/lede/staging_dir/host/include  -fPIC    -o CMakeFiles/cmTC_58eef.dir/CheckIncludeFile.c.o   -c /home/lcz/code/lede/build_dir/host/zlib-1.2.11/CMakeFiles/CMakeTmp/CheckIncludeFile.c
Linking C executable cmTC_58eef
/home/lcz/code/lede/staging_dir/host/bin/cmake -E cmake_link_script CMakeFiles/cmTC_58eef.dir/link.txt --verbose=1
/usr/bin/cc -O2 -I/home/lcz/code/lede/staging_dir/host/include  -fPIC   -L/home/lcz/code/lede/staging_dir/host/lib  -rdynamic CMakeFiles/cmTC_58eef.dir/CheckIncludeFile.c.o  -o cmTC_58eef 
make[5]: Leaving directory '/home/lcz/code/lede/build_dir/host/zlib-1.2.11/CMakeFiles/CMakeTmp'
make[4]: Leaving directory '/home/lcz/code/lede/build_dir/host/zlib-1.2.11/CMakeFiles/CMakeTmp'


Determining if the include file stdint.h exists passed with the following output:
Change Dir: /home/lcz/code/lede/build_dir/host/zlib-1.2.11/CMakeFiles/CMakeTmp

Run Build Command:"/usr/bin/make" "cmTC_ad9bf/fast"
make[4]: Entering directory '/home/lcz/code/lede/build_dir/host/zlib-1.2.11/CMakeFiles/CMakeTmp'
/usr/bin/make -f CMakeFiles/cmTC_ad9bf.dir/build.make CMakeFiles/cmTC_ad9bf.dir/build
make[5]: Entering directory '/home/lcz/code/lede/build_dir/host/zlib-1.2.11/CMakeFiles/CMakeTmp'
Building C object CMakeFiles/cmTC_ad9bf.dir/CheckIncludeFile.c.o
/usr/bin/cc   -O2 -I/home/lcz/code/lede/staging_dir/host/include  -fPIC    -o CMakeFiles/cmTC_ad9bf.dir/CheckIncludeFile.c.o   -c /home/lcz/code/lede/build_dir/host/zlib-1.2.11/CMakeFiles/CMakeTmp/CheckIncludeFile.c
Linking C executable cmTC_ad9bf
/home/lcz/code/lede/staging_dir/host/bin/cmake -E cmake_link_script CMakeFiles/cmTC_ad9bf.dir/link.txt --verbose=1
/usr/bin/cc -O2 -I/home/lcz/code/lede/staging_dir/host/include  -fPIC   -L/home/lcz/code/lede/staging_dir/host/lib  -rdynamic CMakeFiles/cmTC_ad9bf.dir/CheckIncludeFile.c.o  -o cmTC_ad9bf 
make[5]: Leaving directory '/home/lcz/code/lede/build_dir/host/zlib-1.2.11/CMakeFiles/CMakeTmp'
make[4]: Leaving directory '/home/lcz/code/lede/build_dir/host/zlib-1.2.11/CMakeFiles/CMakeTmp'


Determining if the include file stddef.h exists passed with the following output:
Change Dir: /home/lcz/code/lede/build_dir/host/zlib-1.2.11/CMakeFiles/CMakeTmp

Run Build Command:"/usr/bin/make" "cmTC_45c19/fast"
make[4]: Entering directory '/home/lcz/code/lede/build_dir/host/zlib-1.2.11/CMakeFiles/CMakeTmp'
/usr/bin/make -f CMakeFiles/cmTC_45c19.dir/build.make CMakeFiles/cmTC_45c19.dir/build
make[5]: Entering directory '/home/lcz/code/lede/build_dir/host/zlib-1.2.11/CMakeFiles/CMakeTmp'
Building C object CMakeFiles/cmTC_45c19.dir/CheckIncludeFile.c.o
/usr/bin/cc   -O2 -I/home/lcz/code/lede/staging_dir/host/include  -fPIC    -o CMakeFiles/cmTC_45c19.dir/CheckIncludeFile.c.o   -c /home/lcz/code/lede/build_dir/host/zlib-1.2.11/CMakeFiles/CMakeTmp/CheckIncludeFile.c
Linking C executable cmTC_45c19
/home/lcz/code/lede/staging_dir/host/bin/cmake -E cmake_link_script CMakeFiles/cmTC_45c19.dir/link.txt --verbose=1
/usr/bin/cc -O2 -I/home/lcz/code/lede/staging_dir/host/include  -fPIC   -L/home/lcz/code/lede/staging_dir/host/lib  -rdynamic CMakeFiles/cmTC_45c19.dir/CheckIncludeFile.c.o  -o cmTC_45c19 
make[5]: Leaving directory '/home/lcz/code/lede/build_dir/host/zlib-1.2.11/CMakeFiles/CMakeTmp'
make[4]: Leaving directory '/home/lcz/code/lede/build_dir/host/zlib-1.2.11/CMakeFiles/CMakeTmp'


Determining size of off64_t passed with the following output:
Change Dir: /home/lcz/code/lede/build_dir/host/zlib-1.2.11/CMakeFiles/CMakeTmp

Run Build Command:"/usr/bin/make" "cmTC_8a8d8/fast"
make[4]: Entering directory '/home/lcz/code/lede/build_dir/host/zlib-1.2.11/CMakeFiles/CMakeTmp'
/usr/bin/make -f CMakeFiles/cmTC_8a8d8.dir/build.make CMakeFiles/cmTC_8a8d8.dir/build
make[5]: Entering directory '/home/lcz/code/lede/build_dir/host/zlib-1.2.11/CMakeFiles/CMakeTmp'
Building C object CMakeFiles/cmTC_8a8d8.dir/OFF64_T.c.o
/usr/bin/cc -DHAVE_STDDEF_H -DHAVE_STDINT_H -DHAVE_SYS_TYPES_H -D_LARGEFILE64_SOURCE=1  -O2 -I/home/lcz/code/lede/staging_dir/host/include  -fPIC    -o CMakeFiles/cmTC_8a8d8.dir/OFF64_T.c.o   -c /home/lcz/code/lede/build_dir/host/zlib-1.2.11/CMakeFiles/CheckTypeSize/OFF64_T.c
Linking C executable cmTC_8a8d8
/home/lcz/code/lede/staging_dir/host/bin/cmake -E cmake_link_script CMakeFiles/cmTC_8a8d8.dir/link.txt --verbose=1
/usr/bin/cc -O2 -I/home/lcz/code/lede/staging_dir/host/include  -fPIC   -L/home/lcz/code/lede/staging_dir/host/lib  -rdynamic CMakeFiles/cmTC_8a8d8.dir/OFF64_T.c.o  -o cmTC_8a8d8 
make[5]: Leaving directory '/home/lcz/code/lede/build_dir/host/zlib-1.2.11/CMakeFiles/CMakeTmp'
make[4]: Leaving directory '/home/lcz/code/lede/build_dir/host/zlib-1.2.11/CMakeFiles/CMakeTmp'


Determining if the function fseeko exists passed with the following output:
Change Dir: /home/lcz/code/lede/build_dir/host/zlib-1.2.11/CMakeFiles/CMakeTmp

Run Build Command:"/usr/bin/make" "cmTC_770e1/fast"
make[4]: Entering directory '/home/lcz/code/lede/build_dir/host/zlib-1.2.11/CMakeFiles/CMakeTmp'
/usr/bin/make -f CMakeFiles/cmTC_770e1.dir/build.make CMakeFiles/cmTC_770e1.dir/build
make[5]: Entering directory '/home/lcz/code/lede/build_dir/host/zlib-1.2.11/CMakeFiles/CMakeTmp'
Building C object CMakeFiles/cmTC_770e1.dir/CheckFunctionExists.c.o
/usr/bin/cc   -O2 -I/home/lcz/code/lede/staging_dir/host/include  -fPIC -DCHECK_FUNCTION_EXISTS=fseeko   -o CMakeFiles/cmTC_770e1.dir/CheckFunctionExists.c.o   -c /home/lcz/code/lede/staging_dir/host/share/cmake-3.13/Modules/CheckFunctionExists.c
Linking C executable cmTC_770e1
/home/lcz/code/lede/staging_dir/host/bin/cmake -E cmake_link_script CMakeFiles/cmTC_770e1.dir/link.txt --verbose=1
/usr/bin/cc -O2 -I/home/lcz/code/lede/staging_dir/host/include  -fPIC -DCHECK_FUNCTION_EXISTS=fseeko  -L/home/lcz/code/lede/staging_dir/host/lib  -rdynamic CMakeFiles/cmTC_770e1.dir/CheckFunctionExists.c.o  -o cmTC_770e1 
make[5]: Leaving directory '/home/lcz/code/lede/build_dir/host/zlib-1.2.11/CMakeFiles/CMakeTmp'
make[4]: Leaving directory '/home/lcz/code/lede/build_dir/host/zlib-1.2.11/CMakeFiles/CMakeTmp'


Determining if the include file unistd.h exists passed with the following output:
Change Dir: /home/lcz/code/lede/build_dir/host/zlib-1.2.11/CMakeFiles/CMakeTmp

Run Build Command:"/usr/bin/make" "cmTC_a52d6/fast"
make[4]: Entering directory '/home/lcz/code/lede/build_dir/host/zlib-1.2.11/CMakeFiles/CMakeTmp'
/usr/bin/make -f CMakeFiles/cmTC_a52d6.dir/build.make CMakeFiles/cmTC_a52d6.dir/build
make[5]: Entering directory '/home/lcz/code/lede/build_dir/host/zlib-1.2.11/CMakeFiles/CMakeTmp'
Building C object CMakeFiles/cmTC_a52d6.dir/CheckIncludeFile.c.o
/usr/bin/cc   -O2 -I/home/lcz/code/lede/staging_dir/host/include  -fPIC    -o CMakeFiles/cmTC_a52d6.dir/CheckIncludeFile.c.o   -c /home/lcz/code/lede/build_dir/host/zlib-1.2.11/CMakeFiles/CMakeTmp/CheckIncludeFile.c
Linking C executable cmTC_a52d6
/home/lcz/code/lede/staging_dir/host/bin/cmake -E cmake_link_script CMakeFiles/cmTC_a52d6.dir/link.txt --verbose=1
/usr/bin/cc -O2 -I/home/lcz/code/lede/staging_dir/host/include  -fPIC   -L/home/lcz/code/lede/staging_dir/host/lib  -rdynamic CMakeFiles/cmTC_a52d6.dir/CheckIncludeFile.c.o  -o cmTC_a52d6 
make[5]: Leaving directory '/home/lcz/code/lede/build_dir/host/zlib-1.2.11/CMakeFiles/CMakeTmp'
make[4]: Leaving directory '/home/lcz/code/lede/build_dir/host/zlib-1.2.11/CMakeFiles/CMakeTmp'


