Determining if the function wsyncup exists in the /usr/lib/x86_64-linux-gnu/libcurses.so passed with the following output:
Change Dir: /home/lcz/code/lede/build_dir/host/cmake-3.13.2/Source/Checks/Curses-build/CMakeFiles/CMakeTmp

Run Build Command:"/usr/bin/make" "cmTC_adfcd/fast"
make[4]: Entering directory '/home/lcz/code/lede/build_dir/host/cmake-3.13.2/Source/Checks/Curses-build/CMakeFiles/CMakeTmp'
make -f CMakeFiles/cmTC_adfcd.dir/build.make CMakeFiles/cmTC_adfcd.dir/build
make[5]: Entering directory '/home/lcz/code/lede/build_dir/host/cmake-3.13.2/Source/Checks/Curses-build/CMakeFiles/CMakeTmp'
Building C object CMakeFiles/cmTC_adfcd.dir/CheckFunctionExists.c.o
/home/lcz/code/lede/staging_dir/host/bin/gcc   -O2 -I/home/lcz/code/lede/staging_dir/host/include -DCHECK_FUNCTION_EXISTS=wsyncup   -o CMakeFiles/cmTC_adfcd.dir/CheckFunctionExists.c.o   -c /home/lcz/code/lede/build_dir/host/cmake-3.13.2/Modules/CheckFunctionExists.c
Linking C executable cmTC_adfcd
/home/lcz/code/lede/build_dir/host/cmake-3.13.2/Bootstrap.cmk/cmake -E cmake_link_script CMakeFiles/cmTC_adfcd.dir/link.txt --verbose=1
/home/lcz/code/lede/staging_dir/host/bin/gcc -O2 -I/home/lcz/code/lede/staging_dir/host/include -DCHECK_FUNCTION_EXISTS=wsyncup  -L/home/lcz/code/lede/staging_dir/host/lib  -rdynamic CMakeFiles/cmTC_adfcd.dir/CheckFunctionExists.c.o  -o cmTC_adfcd -lcurses 
make[5]: Leaving directory '/home/lcz/code/lede/build_dir/host/cmake-3.13.2/Source/Checks/Curses-build/CMakeFiles/CMakeTmp'
make[4]: Leaving directory '/home/lcz/code/lede/build_dir/host/cmake-3.13.2/Source/Checks/Curses-build/CMakeFiles/CMakeTmp'


Determining if the function cbreak exists in the /usr/lib/x86_64-linux-gnu/libncurses.so passed with the following output:
Change Dir: /home/lcz/code/lede/build_dir/host/cmake-3.13.2/Source/Checks/Curses-build/CMakeFiles/CMakeTmp

Run Build Command:"/usr/bin/make" "cmTC_383e7/fast"
make[4]: Entering directory '/home/lcz/code/lede/build_dir/host/cmake-3.13.2/Source/Checks/Curses-build/CMakeFiles/CMakeTmp'
make -f CMakeFiles/cmTC_383e7.dir/build.make CMakeFiles/cmTC_383e7.dir/build
make[5]: Entering directory '/home/lcz/code/lede/build_dir/host/cmake-3.13.2/Source/Checks/Curses-build/CMakeFiles/CMakeTmp'
Building C object CMakeFiles/cmTC_383e7.dir/CheckFunctionExists.c.o
/home/lcz/code/lede/staging_dir/host/bin/gcc   -O2 -I/home/lcz/code/lede/staging_dir/host/include -DCHECK_FUNCTION_EXISTS=cbreak   -o CMakeFiles/cmTC_383e7.dir/CheckFunctionExists.c.o   -c /home/lcz/code/lede/build_dir/host/cmake-3.13.2/Modules/CheckFunctionExists.c
Linking C executable cmTC_383e7
/home/lcz/code/lede/build_dir/host/cmake-3.13.2/Bootstrap.cmk/cmake -E cmake_link_script CMakeFiles/cmTC_383e7.dir/link.txt --verbose=1
/home/lcz/code/lede/staging_dir/host/bin/gcc -O2 -I/home/lcz/code/lede/staging_dir/host/include -DCHECK_FUNCTION_EXISTS=cbreak  -L/home/lcz/code/lede/staging_dir/host/lib  -rdynamic CMakeFiles/cmTC_383e7.dir/CheckFunctionExists.c.o  -o cmTC_383e7 -lncurses 
make[5]: Leaving directory '/home/lcz/code/lede/build_dir/host/cmake-3.13.2/Source/Checks/Curses-build/CMakeFiles/CMakeTmp'
make[4]: Leaving directory '/home/lcz/code/lede/build_dir/host/cmake-3.13.2/Source/Checks/Curses-build/CMakeFiles/CMakeTmp'


