This file contains any messages produced by compilers while
running configure, to aid debugging if configure makes a mistake.

It was created by mtd-utils configure 2.0.2, which was
generated by GNU Autoconf 2.69.  Invocation command line was

  $ ./configure --target=x86_64-pc-linux-gnu --host=x86_64-pc-linux-gnu --build=x86_64-pc-linux-gnu --program-prefix= --program-suffix= --prefix=/home/lcz/code/lede/staging_dir/host --exec-prefix=/home/lcz/code/lede/staging_dir/host --sysconfdir=/home/lcz/code/lede/staging_dir/host/etc --localstatedir=/home/lcz/code/lede/staging_dir/host/var --sbindir=/home/lcz/code/lede/staging_dir/host/bin --disable-tests --without-xattr --without-lzo

## --------- ##
## Platform. ##
## --------- ##

hostname = MediumslateblueUnwieldy-VM
uname -m = x86_64
uname -r = 4.11.8-041108-generic
uname -s = Linux
uname -v = #201706290836 SMP Thu Jun 29 12:38:45 UTC 2017

/usr/bin/uname -p = unknown
/bin/uname -X     = unknown

/bin/arch              = unknown
/usr/bin/arch -k       = unknown
/usr/convex/getsysinfo = unknown
/usr/bin/hostinfo      = unknown
/bin/machine           = unknown
/usr/bin/oslevel       = unknown
/bin/universe          = unknown

PATH: /home/lcz/code/lede/staging_dir/toolchain-mipsel_24kc_gcc-7.5.0_musl/bin
PATH: /home/lcz/code/lede/staging_dir/toolchain-mipsel_24kc_gcc-7.5.0_musl/bin
PATH: /home/lcz/code/lede/staging_dir/host/bin
PATH: /home/lcz/code/lede/staging_dir/toolchain-mipsel_24kc_gcc-7.5.0_musl/bin
PATH: /home/lcz/code/lede/staging_dir/host/bin
PATH: /home/lcz/code/lede/staging_dir/host/bin
PATH: /home/lcz/bin
PATH: /home/lcz/.local/bin
PATH: /usr/local/sbin
PATH: /usr/local/bin
PATH: /usr/sbin
PATH: /usr/bin
PATH: /sbin
PATH: /bin
PATH: /usr/games
PATH: /usr/local/games


## ----------- ##
## Core tests. ##
## ----------- ##

configure:2563: checking for a BSD-compatible install
configure:2631: result: /usr/bin/install -c
configure:2642: checking whether build environment is sane
configure:2697: result: yes
configure:2848: checking for a thread-safe mkdir -p
configure:2887: result: /bin/mkdir -p
configure:2894: checking for gawk
configure:2910: found /usr/bin/gawk
configure:2921: result: gawk
configure:2932: checking whether make sets $(MAKE)
configure:2954: result: yes
configure:2983: checking whether make supports nested variables
configure:3000: result: yes
configure:3138: checking whether make supports nested variables
configure:3155: result: yes
configure:3196: checking build system type
configure:3210: result: x86_64-pc-linux-gnu
configure:3230: checking host system type
configure:3243: result: x86_64-pc-linux-gnu
configure:3284: checking how to print strings
configure:3311: result: printf
configure:3344: checking for style of include used by make
configure:3372: result: GNU
configure:3403: checking for x86_64-pc-linux-gnu-gcc
configure:3430: result: gcc
configure:3699: checking for C compiler version
configure:3708: gcc --version >&5
gcc (Debian 9.3.0-11) 9.3.0
Copyright (C) 2019 Free Software Foundation, Inc.
This is free software; see the source for copying conditions.  There is NO
warranty; not even for MERCHANTABILITY or FITNESS FOR A PARTICULAR PURPOSE.

configure:3719: $? = 0
configure:3708: gcc -v >&5
Using built-in specs.
COLLECT_GCC=gcc
COLLECT_LTO_WRAPPER=/usr/lib/gcc/x86_64-linux-gnu/9/lto-wrapper
OFFLOAD_TARGET_NAMES=nvptx-none:hsa
OFFLOAD_TARGET_DEFAULT=1
Target: x86_64-linux-gnu
Configured with: ../src/configure -v --with-pkgversion='Debian 9.3.0-11' --with-bugurl=file:///usr/share/doc/gcc-9/README.Bugs --enable-languages=c,ada,c++,go,brig,d,fortran,objc,obj-c++,gm2 --prefix=/usr --with-gcc-major-version-only --program-suffix=-9 --program-prefix=x86_64-linux-gnu- --enable-shared --enable-linker-build-id --libexecdir=/usr/lib --without-included-gettext --enable-threads=posix --libdir=/usr/lib --enable-nls --enable-bootstrap --enable-clocale=gnu --enable-libstdcxx-debug --enable-libstdcxx-time=yes --with-default-libstdcxx-abi=new --enable-gnu-unique-object --disable-vtable-verify --enable-plugin --enable-default-pie --with-system-zlib --with-target-system-zlib=auto --enable-objc-gc=auto --enable-multiarch --disable-werror --with-arch-32=i686 --with-abi=m64 --with-multilib-list=m32,m64,mx32 --enable-multilib --with-tune=generic --enable-offload-targets=nvptx-none,hsa --without-cuda-driver --enable-checking=release --build=x86_64-linux-gnu --host=x86_64-linux-gnu --target=x86_64-linux-gnu --with-build-config=bootstrap-lto-lean --enable-link-mutex
Thread model: posix
gcc version 9.3.0 (Debian 9.3.0-11) 
configure:3719: $? = 0
configure:3708: gcc -V >&5
gcc: error: unrecognized command line option '-V'
gcc: fatal error: no input files
compilation terminated.
configure:3719: $? = 1
configure:3708: gcc -qversion >&5
gcc: error: unrecognized command line option '-qversion'; did you mean '--version'?
gcc: fatal error: no input files
compilation terminated.
configure:3719: $? = 1
configure:3739: checking whether the C compiler works
configure:3761: gcc -O2 -I/home/lcz/code/lede/staging_dir/host/include  -I/home/lcz/code/lede/staging_dir/host/include  -L/home/lcz/code/lede/staging_dir/host/lib  conftest.c  >&5
configure:3765: $? = 0
configure:3813: result: yes
configure:3816: checking for C compiler default output file name
configure:3818: result: a.out
configure:3824: checking for suffix of executables
configure:3831: gcc -o conftest -O2 -I/home/lcz/code/lede/staging_dir/host/include  -I/home/lcz/code/lede/staging_dir/host/include  -L/home/lcz/code/lede/staging_dir/host/lib  conftest.c  >&5
configure:3835: $? = 0
configure:3857: result: 
configure:3879: checking whether we are cross compiling
configure:3887: gcc -o conftest -O2 -I/home/lcz/code/lede/staging_dir/host/include  -I/home/lcz/code/lede/staging_dir/host/include  -L/home/lcz/code/lede/staging_dir/host/lib  conftest.c  >&5
configure:3891: $? = 0
configure:3898: ./conftest
configure:3902: $? = 0
configure:3917: result: no
configure:3922: checking for suffix of object files
configure:3944: gcc -c -O2 -I/home/lcz/code/lede/staging_dir/host/include  -I/home/lcz/code/lede/staging_dir/host/include  conftest.c >&5
configure:3948: $? = 0
configure:3969: result: o
configure:3973: checking whether we are using the GNU C compiler
configure:3992: gcc -c -O2 -I/home/lcz/code/lede/staging_dir/host/include  -I/home/lcz/code/lede/staging_dir/host/include  conftest.c >&5
configure:3992: $? = 0
configure:4001: result: yes
configure:4010: checking whether gcc accepts -g
configure:4030: gcc -c -g -I/home/lcz/code/lede/staging_dir/host/include  conftest.c >&5
configure:4030: $? = 0
configure:4071: result: yes
configure:4088: checking for gcc option to accept ISO C89
configure:4151: gcc  -c -O2 -I/home/lcz/code/lede/staging_dir/host/include  -I/home/lcz/code/lede/staging_dir/host/include  conftest.c >&5
configure:4151: $? = 0
configure:4164: result: none needed
configure:4189: checking whether gcc understands -c and -o together
configure:4211: gcc -c conftest.c -o conftest2.o
configure:4214: $? = 0
configure:4211: gcc -c conftest.c -o conftest2.o
configure:4214: $? = 0
configure:4226: result: yes
configure:4245: checking dependency style of gcc
configure:4356: result: gcc3
configure:4371: checking for a sed that does not truncate output
configure:4435: result: /home/lcz/code/lede/staging_dir/host/bin/sed
configure:4452: checking for grep that handles long lines and -e
configure:4510: result: /home/lcz/code/lede/staging_dir/host/bin/grep
configure:4515: checking for egrep
configure:4577: result: /home/lcz/code/lede/staging_dir/host/bin/grep -E
configure:4582: checking for fgrep
configure:4644: result: /home/lcz/code/lede/staging_dir/host/bin/grep -F
configure:4679: checking for ld used by gcc
configure:4746: result: /usr/bin/ld
configure:4753: checking if the linker (/usr/bin/ld) is GNU ld
configure:4768: result: yes
configure:4780: checking for BSD- or MS-compatible name lister (nm)
configure:4829: result: /usr/bin/nm -B
configure:4959: checking the name lister (/usr/bin/nm -B) interface
configure:4966: gcc -c -O2 -I/home/lcz/code/lede/staging_dir/host/include  -I/home/lcz/code/lede/staging_dir/host/include  conftest.c >&5
configure:4969: /usr/bin/nm -B "conftest.o"
configure:4972: output
0000000000000000 B some_variable
configure:4979: result: BSD nm
configure:4982: checking whether ln -s works
configure:4986: result: yes
configure:4994: checking the maximum length of command line arguments
configure:5119: result: 1572864
configure:5136: checking whether the shell understands some XSI constructs
configure:5146: result: yes
configure:5150: checking whether the shell understands "+="
configure:5156: result: yes
configure:5191: checking how to convert x86_64-pc-linux-gnu file names to x86_64-pc-linux-gnu format
configure:5231: result: func_convert_file_noop
configure:5238: checking how to convert x86_64-pc-linux-gnu file names to toolchain format
configure:5258: result: func_convert_file_noop
configure:5265: checking for /usr/bin/ld option to reload object files
configure:5272: result: -r
configure:5306: checking for x86_64-pc-linux-gnu-objdump
configure:5336: result: no
configure:5346: checking for objdump
configure:5362: found /usr/bin/objdump
configure:5373: result: objdump
configure:5405: checking how to recognize dependent libraries
configure:5607: result: pass_all
configure:5652: checking for x86_64-pc-linux-gnu-dlltool
configure:5682: result: no
configure:5692: checking for dlltool
configure:5722: result: no
configure:5752: checking how to associate runtime and link libraries
configure:5779: result: printf %s\n
configure:5796: checking for x86_64-pc-linux-gnu-ar
configure:5826: result: no
configure:5840: checking for ar
configure:5856: found /usr/bin/ar
configure:5867: result: ar
configure:5904: checking for archiver @FILE support
configure:5921: gcc -c -O2 -I/home/lcz/code/lede/staging_dir/host/include  -I/home/lcz/code/lede/staging_dir/host/include  conftest.c >&5
configure:5921: $? = 0
configure:5924: ar cru libconftest.a @conftest.lst >&5
ar: `u' modifier ignored since `D' is the default (see `U')
configure:5927: $? = 0
configure:5932: ar cru libconftest.a @conftest.lst >&5
ar: `u' modifier ignored since `D' is the default (see `U')
ar: conftest.o: No such file or directory
configure:5935: $? = 1
configure:5947: result: @
configure:5965: checking for x86_64-pc-linux-gnu-strip
configure:5995: result: no
configure:6005: checking for strip
configure:6021: found /usr/bin/strip
configure:6032: result: strip
configure:6064: checking for x86_64-pc-linux-gnu-ranlib
configure:6094: result: no
configure:6104: checking for ranlib
configure:6120: found /usr/bin/ranlib
configure:6131: result: ranlib
configure:6232: checking command to parse /usr/bin/nm -B output from gcc object
configure:6351: gcc -c -O2 -I/home/lcz/code/lede/staging_dir/host/include  -I/home/lcz/code/lede/staging_dir/host/include  conftest.c >&5
configure:6354: $? = 0
configure:6358: /usr/bin/nm -B conftest.o \| sed -n -e 's/^.*[ ]\([ABCDGIRSTW][ABCDGIRSTW]*\)[ ][ ]*\([_A-Za-z][_A-Za-z0-9]*\)$/\1 \2 \2/p' | sed '/ __gnu_lto/d' \> conftest.nm
configure:6361: $? = 0
configure:6427: gcc -o conftest -O2 -I/home/lcz/code/lede/staging_dir/host/include  -I/home/lcz/code/lede/staging_dir/host/include  -L/home/lcz/code/lede/staging_dir/host/lib  conftest.c conftstm.o >&5
configure:6430: $? = 0
configure:6468: result: ok
configure:6505: checking for sysroot
configure:6535: result: no
configure:6612: gcc -c -O2 -I/home/lcz/code/lede/staging_dir/host/include  -I/home/lcz/code/lede/staging_dir/host/include  conftest.c >&5
configure:6615: $? = 0
configure:6738: checking for x86_64-pc-linux-gnu-mt
configure:6768: result: no
configure:6778: checking for mt
configure:6794: found /bin/mt
configure:6805: result: mt
configure:6828: checking if mt is a manifest tool
configure:6834: mt '-?'
configure:6842: result: no
configure:7474: checking how to run the C preprocessor
configure:7505: gcc -E -I/home/lcz/code/lede/staging_dir/host/include  conftest.c
configure:7505: $? = 0
configure:7519: gcc -E -I/home/lcz/code/lede/staging_dir/host/include  conftest.c
conftest.c:11:10: fatal error: ac_nonexistent.h: No such file or directory
   11 | #include <ac_nonexistent.h>
      |          ^~~~~~~~~~~~~~~~~~
compilation terminated.
configure:7519: $? = 1
configure: failed program was:
| /* confdefs.h */
| #define PACKAGE_NAME "mtd-utils"
| #define PACKAGE_TARNAME "mtd-utils"
| #define PACKAGE_VERSION "2.0.2"
| #define PACKAGE_STRING "mtd-utils 2.0.2"
| #define PACKAGE_BUGREPORT "linux-mtd@lists.infradead.org"
| #define PACKAGE_URL ""
| #define PACKAGE "mtd-utils"
| #define VERSION "2.0.2"
| /* end confdefs.h.  */
| #include <ac_nonexistent.h>
configure:7544: result: gcc -E
configure:7564: gcc -E -I/home/lcz/code/lede/staging_dir/host/include  conftest.c
configure:7564: $? = 0
configure:7578: gcc -E -I/home/lcz/code/lede/staging_dir/host/include  conftest.c
conftest.c:11:10: fatal error: ac_nonexistent.h: No such file or directory
   11 | #include <ac_nonexistent.h>
      |          ^~~~~~~~~~~~~~~~~~
compilation terminated.
configure:7578: $? = 1
configure: failed program was:
| /* confdefs.h */
| #define PACKAGE_NAME "mtd-utils"
| #define PACKAGE_TARNAME "mtd-utils"
| #define PACKAGE_VERSION "2.0.2"
| #define PACKAGE_STRING "mtd-utils 2.0.2"
| #define PACKAGE_BUGREPORT "linux-mtd@lists.infradead.org"
| #define PACKAGE_URL ""
| #define PACKAGE "mtd-utils"
| #define VERSION "2.0.2"
| /* end confdefs.h.  */
| #include <ac_nonexistent.h>
configure:7607: checking for ANSI C header files
configure:7627: gcc -c -O2 -I/home/lcz/code/lede/staging_dir/host/include  -I/home/lcz/code/lede/staging_dir/host/include  conftest.c >&5
configure:7627: $? = 0
configure:7700: gcc -o conftest -O2 -I/home/lcz/code/lede/staging_dir/host/include  -I/home/lcz/code/lede/staging_dir/host/include  -L/home/lcz/code/lede/staging_dir/host/lib  conftest.c  >&5
configure:7700: $? = 0
configure:7700: ./conftest
configure:7700: $? = 0
configure:7711: result: yes
configure:7724: checking for sys/types.h
configure:7724: gcc -c -O2 -I/home/lcz/code/lede/staging_dir/host/include  -I/home/lcz/code/lede/staging_dir/host/include  conftest.c >&5
configure:7724: $? = 0
configure:7724: result: yes
configure:7724: checking for sys/stat.h
configure:7724: gcc -c -O2 -I/home/lcz/code/lede/staging_dir/host/include  -I/home/lcz/code/lede/staging_dir/host/include  conftest.c >&5
configure:7724: $? = 0
configure:7724: result: yes
configure:7724: checking for stdlib.h
configure:7724: gcc -c -O2 -I/home/lcz/code/lede/staging_dir/host/include  -I/home/lcz/code/lede/staging_dir/host/include  conftest.c >&5
configure:7724: $? = 0
configure:7724: result: yes
configure:7724: checking for string.h
configure:7724: gcc -c -O2 -I/home/lcz/code/lede/staging_dir/host/include  -I/home/lcz/code/lede/staging_dir/host/include  conftest.c >&5
configure:7724: $? = 0
configure:7724: result: yes
configure:7724: checking for memory.h
configure:7724: gcc -c -O2 -I/home/lcz/code/lede/staging_dir/host/include  -I/home/lcz/code/lede/staging_dir/host/include  conftest.c >&5
configure:7724: $? = 0
configure:7724: result: yes
configure:7724: checking for strings.h
configure:7724: gcc -c -O2 -I/home/lcz/code/lede/staging_dir/host/include  -I/home/lcz/code/lede/staging_dir/host/include  conftest.c >&5
configure:7724: $? = 0
configure:7724: result: yes
configure:7724: checking for inttypes.h
configure:7724: gcc -c -O2 -I/home/lcz/code/lede/staging_dir/host/include  -I/home/lcz/code/lede/staging_dir/host/include  conftest.c >&5
configure:7724: $? = 0
configure:7724: result: yes
configure:7724: checking for stdint.h
configure:7724: gcc -c -O2 -I/home/lcz/code/lede/staging_dir/host/include  -I/home/lcz/code/lede/staging_dir/host/include  conftest.c >&5
configure:7724: $? = 0
configure:7724: result: yes
configure:7724: checking for unistd.h
configure:7724: gcc -c -O2 -I/home/lcz/code/lede/staging_dir/host/include  -I/home/lcz/code/lede/staging_dir/host/include  conftest.c >&5
configure:7724: $? = 0
configure:7724: result: yes
configure:7738: checking for dlfcn.h
configure:7738: gcc -c -O2 -I/home/lcz/code/lede/staging_dir/host/include  -I/home/lcz/code/lede/staging_dir/host/include  conftest.c >&5
configure:7738: $? = 0
configure:7738: result: yes
configure:7925: checking for objdir
configure:7940: result: .libs
configure:8206: checking if gcc supports -fno-rtti -fno-exceptions
configure:8224: gcc -c -O2 -I/home/lcz/code/lede/staging_dir/host/include  -I/home/lcz/code/lede/staging_dir/host/include  -fno-rtti -fno-exceptions conftest.c >&5
cc1: warning: command line option '-fno-rtti' is valid for C++/D/ObjC++ but not for C
configure:8228: $? = 0
configure:8241: result: no
configure:8551: checking for gcc option to produce PIC
configure:8558: result: -fPIC -DPIC
configure:8566: checking if gcc PIC flag -fPIC -DPIC works
configure:8584: gcc -c -O2 -I/home/lcz/code/lede/staging_dir/host/include  -I/home/lcz/code/lede/staging_dir/host/include  -fPIC -DPIC -DPIC conftest.c >&5
configure:8588: $? = 0
configure:8601: result: yes
configure:8630: checking if gcc static flag -static works
configure:8658: result: yes
configure:8673: checking if gcc supports -c -o file.o
configure:8694: gcc -c -O2 -I/home/lcz/code/lede/staging_dir/host/include  -I/home/lcz/code/lede/staging_dir/host/include  -o out/conftest2.o conftest.c >&5
configure:8698: $? = 0
configure:8720: result: yes
configure:8728: checking if gcc supports -c -o file.o
configure:8775: result: yes
configure:8808: checking whether the gcc linker (/usr/bin/ld -m elf_x86_64) supports shared libraries
configure:9966: result: yes
configure:10003: checking whether -lc should be explicitly linked in
configure:10011: gcc -c -O2 -I/home/lcz/code/lede/staging_dir/host/include  -I/home/lcz/code/lede/staging_dir/host/include  conftest.c >&5
configure:10014: $? = 0
configure:10029: gcc -shared  -fPIC -DPIC conftest.o  -v -Wl,-soname -Wl,conftest -o conftest 2\>\&1 \| /home/lcz/code/lede/staging_dir/host/bin/grep  -lc  \>/dev/null 2\>\&1
configure:10032: $? = 0
configure:10046: result: no
configure:10211: checking dynamic linker characteristics
configure:10725: gcc -o conftest -O2 -I/home/lcz/code/lede/staging_dir/host/include  -I/home/lcz/code/lede/staging_dir/host/include  -L/home/lcz/code/lede/staging_dir/host/lib  -Wl,-rpath -Wl,/foo conftest.c  >&5
configure:10725: $? = 0
configure:10947: result: GNU/Linux ld.so
configure:11054: checking how to hardcode library paths into programs
configure:11079: result: immediate
configure:11619: checking whether stripping libraries is possible
configure:11624: result: yes
configure:11659: checking if libtool supports shared libraries
configure:11661: result: yes
configure:11664: checking whether to build shared libraries
configure:11685: result: yes
configure:11688: checking whether to build static libraries
configure:11692: result: yes
configure:11763: checking for x86_64-pc-linux-gnu-gcc
configure:11790: result: gcc
configure:12059: checking for C compiler version
configure:12068: gcc --version >&5
gcc (Debian 9.3.0-11) 9.3.0
Copyright (C) 2019 Free Software Foundation, Inc.
This is free software; see the source for copying conditions.  There is NO
warranty; not even for MERCHANTABILITY or FITNESS FOR A PARTICULAR PURPOSE.

configure:12079: $? = 0
configure:12068: gcc -v >&5
Using built-in specs.
COLLECT_GCC=gcc
COLLECT_LTO_WRAPPER=/usr/lib/gcc/x86_64-linux-gnu/9/lto-wrapper
OFFLOAD_TARGET_NAMES=nvptx-none:hsa
OFFLOAD_TARGET_DEFAULT=1
Target: x86_64-linux-gnu
Configured with: ../src/configure -v --with-pkgversion='Debian 9.3.0-11' --with-bugurl=file:///usr/share/doc/gcc-9/README.Bugs --enable-languages=c,ada,c++,go,brig,d,fortran,objc,obj-c++,gm2 --prefix=/usr --with-gcc-major-version-only --program-suffix=-9 --program-prefix=x86_64-linux-gnu- --enable-shared --enable-linker-build-id --libexecdir=/usr/lib --without-included-gettext --enable-threads=posix --libdir=/usr/lib --enable-nls --enable-bootstrap --enable-clocale=gnu --enable-libstdcxx-debug --enable-libstdcxx-time=yes --with-default-libstdcxx-abi=new --enable-gnu-unique-object --disable-vtable-verify --enable-plugin --enable-default-pie --with-system-zlib --with-target-system-zlib=auto --enable-objc-gc=auto --enable-multiarch --disable-werror --with-arch-32=i686 --with-abi=m64 --with-multilib-list=m32,m64,mx32 --enable-multilib --with-tune=generic --enable-offload-targets=nvptx-none,hsa --without-cuda-driver --enable-checking=release --build=x86_64-linux-gnu --host=x86_64-linux-gnu --target=x86_64-linux-gnu --with-build-config=bootstrap-lto-lean --enable-link-mutex
Thread model: posix
gcc version 9.3.0 (Debian 9.3.0-11) 
configure:12079: $? = 0
configure:12068: gcc -V >&5
gcc: error: unrecognized command line option '-V'
gcc: fatal error: no input files
compilation terminated.
configure:12079: $? = 1
configure:12068: gcc -qversion >&5
gcc: error: unrecognized command line option '-qversion'; did you mean '--version'?
gcc: fatal error: no input files
compilation terminated.
configure:12079: $? = 1
configure:12083: checking whether we are using the GNU C compiler
configure:12111: result: yes
configure:12120: checking whether gcc accepts -g
configure:12181: result: yes
configure:12198: checking for gcc option to accept ISO C89
configure:12274: result: none needed
configure:12299: checking whether gcc understands -c and -o together
configure:12336: result: yes
configure:12355: checking dependency style of gcc
configure:12466: result: gcc3
configure:12486: checking whether compiler handles -Wall
configure:12510: gcc -E -Werror -I/home/lcz/code/lede/staging_dir/host/include  -Wall conftest.c
configure:12510: $? = 0
configure:12522: result: yes
configure:12530: checking whether compiler handles -Wextra
configure:12554: gcc -E -Werror -I/home/lcz/code/lede/staging_dir/host/include  -Wextra conftest.c
configure:12554: $? = 0
configure:12566: result: yes
configure:12574: checking whether compiler handles -Wunused
configure:12598: gcc -E -Werror -I/home/lcz/code/lede/staging_dir/host/include  -Wunused conftest.c
configure:12598: $? = 0
configure:12610: result: yes
configure:12618: checking whether compiler handles -Wmissing-prototypes
configure:12642: gcc -E -Werror -I/home/lcz/code/lede/staging_dir/host/include  -Wmissing-prototypes conftest.c
configure:12642: $? = 0
configure:12654: result: yes
configure:12662: checking whether compiler handles -Wmissing-declarations
configure:12686: gcc -E -Werror -I/home/lcz/code/lede/staging_dir/host/include  -Wmissing-declarations conftest.c
configure:12686: $? = 0
configure:12698: result: yes
configure:12706: checking whether compiler handles -Wwrite-strings
configure:12730: gcc -E -Werror -I/home/lcz/code/lede/staging_dir/host/include  -Wwrite-strings conftest.c
configure:12730: $? = 0
configure:12742: result: yes
configure:12750: checking whether compiler handles -Wjump-misses-init
configure:12774: gcc -E -Werror -I/home/lcz/code/lede/staging_dir/host/include  -Wjump-misses-init conftest.c
configure:12774: $? = 0
configure:12786: result: yes
configure:12794: checking whether compiler handles -Wuninitialized
configure:12818: gcc -E -Werror -I/home/lcz/code/lede/staging_dir/host/include  -Wuninitialized conftest.c
configure:12818: $? = 0
configure:12830: result: yes
configure:12838: checking whether compiler handles -Winit-self
configure:12862: gcc -E -Werror -I/home/lcz/code/lede/staging_dir/host/include  -Winit-self conftest.c
configure:12862: $? = 0
configure:12874: result: yes
configure:12882: checking whether compiler handles -Wlogical-op
configure:12906: gcc -E -Werror -I/home/lcz/code/lede/staging_dir/host/include  -Wlogical-op conftest.c
configure:12906: $? = 0
configure:12918: result: yes
configure:12926: checking whether compiler handles -Wunused-but-set-parameter
configure:12950: gcc -E -Werror -I/home/lcz/code/lede/staging_dir/host/include  -Wunused-but-set-parameter conftest.c
configure:12950: $? = 0
configure:12962: result: yes
configure:12970: checking whether compiler handles -Wunused-but-set-variable
configure:12994: gcc -E -Werror -I/home/lcz/code/lede/staging_dir/host/include  -Wunused-but-set-variable conftest.c
configure:12994: $? = 0
configure:13006: result: yes
configure:13014: checking whether compiler handles -Wunused-parameter
configure:13038: gcc -E -Werror -I/home/lcz/code/lede/staging_dir/host/include  -Wunused-parameter conftest.c
configure:13038: $? = 0
configure:13050: result: yes
configure:13058: checking whether compiler handles -Wunused-result
configure:13082: gcc -E -Werror -I/home/lcz/code/lede/staging_dir/host/include  -Wunused-result conftest.c
configure:13082: $? = 0
configure:13094: result: yes
configure:13102: checking whether compiler handles -Wunused-variable
configure:13126: gcc -E -Werror -I/home/lcz/code/lede/staging_dir/host/include  -Wunused-variable conftest.c
configure:13126: $? = 0
configure:13138: result: yes
configure:13146: checking whether compiler handles -Wduplicated-cond
configure:13170: gcc -E -Werror -I/home/lcz/code/lede/staging_dir/host/include  -Wduplicated-cond conftest.c
configure:13170: $? = 0
configure:13182: result: yes
configure:13190: checking whether compiler handles -Wduplicated-branches
configure:13214: gcc -E -Werror -I/home/lcz/code/lede/staging_dir/host/include  -Wduplicated-branches conftest.c
configure:13214: $? = 0
configure:13226: result: yes
configure:13234: checking whether compiler handles -Wrestrict
configure:13258: gcc -E -Werror -I/home/lcz/code/lede/staging_dir/host/include  -Wrestrict conftest.c
configure:13258: $? = 0
configure:13270: result: yes
configure:13278: checking whether compiler handles -Wnull-dereference
configure:13302: gcc -E -Werror -I/home/lcz/code/lede/staging_dir/host/include  -Wnull-dereference conftest.c
configure:13302: $? = 0
configure:13314: result: yes
configure:13323: checking whether compiler handles -Wno-shadow
configure:13347: gcc -E -Werror -I/home/lcz/code/lede/staging_dir/host/include  -Wno-shadow conftest.c
configure:13347: $? = 0
configure:13359: result: yes
configure:13367: checking whether compiler handles -Wno-sign-compare
configure:13391: gcc -E -Werror -I/home/lcz/code/lede/staging_dir/host/include  -Wno-sign-compare conftest.c
configure:13391: $? = 0
configure:13403: result: yes
configure:13741: checking pkg-config is at least version 0.9.0
configure:13744: result: yes
configure:13754: checking for zlib
configure:13761: $PKG_CONFIG --exists --print-errors "zlib"
configure:13764: $? = 0
configure:13778: $PKG_CONFIG --exists --print-errors "zlib"
configure:13781: $? = 0
configure:13819: result: yes
configure:13828: checking for uuid
configure:13852: $PKG_CONFIG --exists --print-errors "uuid"
configure:13855: $? = 0
configure:13893: result: yes
configure:14812: checking execinfo.h usability
configure:14812: gcc -c -O2 -I/home/lcz/code/lede/staging_dir/host/include  -I/home/lcz/code/lede/staging_dir/host/include  conftest.c >&5
configure:14812: $? = 0
configure:14812: result: yes
configure:14812: checking execinfo.h presence
configure:14812: gcc -E -I/home/lcz/code/lede/staging_dir/host/include  conftest.c
configure:14812: $? = 0
configure:14812: result: yes
configure:14812: checking for execinfo.h
configure:14812: result: yes
configure:14916: checking size of off_t
configure:14921: gcc -o conftest -O2 -I/home/lcz/code/lede/staging_dir/host/include  -I/home/lcz/code/lede/staging_dir/host/include  -L/home/lcz/code/lede/staging_dir/host/lib  conftest.c  >&5
configure:14921: $? = 0
configure:14921: ./conftest
configure:14921: $? = 0
configure:14935: result: 8
configure:14949: checking size of loff_t
configure:14954: gcc -o conftest -O2 -I/home/lcz/code/lede/staging_dir/host/include  -I/home/lcz/code/lede/staging_dir/host/include  -L/home/lcz/code/lede/staging_dir/host/lib  conftest.c  >&5
configure:14954: $? = 0
configure:14954: ./conftest
configure:14954: $? = 0
configure:14968: result: 8
configure:15108: checking that generated files are newer than configure
configure:15114: result: done
configure:15197: creating ./config.status

## ---------------------- ##
## Running config.status. ##
## ---------------------- ##

This file was extended by mtd-utils config.status 2.0.2, which was
generated by GNU Autoconf 2.69.  Invocation command line was

  CONFIG_FILES    = 
  CONFIG_HEADERS  = 
  CONFIG_LINKS    = 
  CONFIG_COMMANDS = 
  $ ./config.status 

on MediumslateblueUnwieldy-VM

config.status:1122: creating tests/fs-tests/fs_help_all.sh
config.status:1122: creating tests/fs-tests/fs_run_all.sh
config.status:1122: creating tests/fs-tests/stress/fs_stress00.sh
config.status:1122: creating tests/fs-tests/stress/fs_stress01.sh
config.status:1122: creating tests/ubi-tests/runubitests.sh
config.status:1122: creating tests/ubi-tests/ubi-stress-test.sh
config.status:1122: creating Makefile
config.status:1122: creating include/config.h
config.status:1351: executing depfiles commands
config.status:1351: executing libtool commands

## ---------------- ##
## Cache variables. ##
## ---------------- ##

ac_cv_build=x86_64-pc-linux-gnu
ac_cv_c_compiler_gnu=yes
ac_cv_env_CC_set=set
ac_cv_env_CC_value=gcc
ac_cv_env_CFLAGS_set=set
ac_cv_env_CFLAGS_value='-O2 -I/home/lcz/code/lede/staging_dir/host/include '
ac_cv_env_CMOCKA_CFLAGS_set=
ac_cv_env_CMOCKA_CFLAGS_value=
ac_cv_env_CMOCKA_LIBS_set=
ac_cv_env_CMOCKA_LIBS_value=
ac_cv_env_CPPFLAGS_set=set
ac_cv_env_CPPFLAGS_value='-I/home/lcz/code/lede/staging_dir/host/include '
ac_cv_env_CPP_set=
ac_cv_env_CPP_value=
ac_cv_env_LDFLAGS_set=set
ac_cv_env_LDFLAGS_value='-L/home/lcz/code/lede/staging_dir/host/lib '
ac_cv_env_LIBS_set=
ac_cv_env_LIBS_value=
ac_cv_env_LZO_CFLAGS_set=
ac_cv_env_LZO_CFLAGS_value=
ac_cv_env_LZO_LIBS_set=
ac_cv_env_LZO_LIBS_value=
ac_cv_env_PKG_CONFIG_LIBDIR_set=set
ac_cv_env_PKG_CONFIG_LIBDIR_value=/home/lcz/code/lede/staging_dir/host/lib/pkgconfig
ac_cv_env_PKG_CONFIG_PATH_set=set
ac_cv_env_PKG_CONFIG_PATH_value=/home/lcz/code/lede/staging_dir/host/lib/pkgconfig:/home/lcz/code/lede/staging_dir/host/lib/pkgconfig
ac_cv_env_PKG_CONFIG_set=set
ac_cv_env_PKG_CONFIG_value=/home/lcz/code/lede/staging_dir/host/bin/pkg-config
ac_cv_env_UUID_CFLAGS_set=set
ac_cv_env_UUID_CFLAGS_value=-I/home/lcz/code/lede/staging_dir/host/include/e2fsprogs/uuid
ac_cv_env_UUID_LIBS_set=
ac_cv_env_UUID_LIBS_value=
ac_cv_env_ZLIB_CFLAGS_set=
ac_cv_env_ZLIB_CFLAGS_value=
ac_cv_env_ZLIB_LIBS_set=
ac_cv_env_ZLIB_LIBS_value=
ac_cv_env_build_alias_set=set
ac_cv_env_build_alias_value=x86_64-pc-linux-gnu
ac_cv_env_host_alias_set=set
ac_cv_env_host_alias_value=x86_64-pc-linux-gnu
ac_cv_env_target_alias_set=set
ac_cv_env_target_alias_value=x86_64-pc-linux-gnu
ac_cv_header_dlfcn_h=yes
ac_cv_header_execinfo_h=yes
ac_cv_header_inttypes_h=yes
ac_cv_header_memory_h=yes
ac_cv_header_stdc=yes
ac_cv_header_stdint_h=yes
ac_cv_header_stdlib_h=yes
ac_cv_header_string_h=yes
ac_cv_header_strings_h=yes
ac_cv_header_sys_stat_h=yes
ac_cv_header_sys_types_h=yes
ac_cv_header_unistd_h=yes
ac_cv_host=x86_64-pc-linux-gnu
ac_cv_objext=o
ac_cv_path_EGREP='/home/lcz/code/lede/staging_dir/host/bin/grep -E'
ac_cv_path_FGREP='/home/lcz/code/lede/staging_dir/host/bin/grep -F'
ac_cv_path_GREP=/home/lcz/code/lede/staging_dir/host/bin/grep
ac_cv_path_SED=/home/lcz/code/lede/staging_dir/host/bin/sed
ac_cv_path_install='/usr/bin/install -c'
ac_cv_path_mkdir=/bin/mkdir
ac_cv_prog_AWK=gawk
ac_cv_prog_CC=gcc
ac_cv_prog_CPP='gcc -E'
ac_cv_prog_ac_ct_AR=ar
ac_cv_prog_ac_ct_MANIFEST_TOOL=mt
ac_cv_prog_ac_ct_OBJDUMP=objdump
ac_cv_prog_ac_ct_RANLIB=ranlib
ac_cv_prog_ac_ct_STRIP=strip
ac_cv_prog_cc_c89=
ac_cv_prog_cc_g=yes
ac_cv_prog_make_make_set=yes
ac_cv_sizeof_loff_t=8
ac_cv_sizeof_off_t=8
am_cv_CC_dependencies_compiler_type=gcc3
am_cv_make_support_nested_variables=yes
am_cv_prog_cc_c_o=yes
lt_cv_ar_at_file=@
lt_cv_archive_cmds_need_lc=no
lt_cv_deplibs_check_method=pass_all
lt_cv_file_magic_cmd='$MAGIC_CMD'
lt_cv_file_magic_test_file=
lt_cv_ld_reload_flag=-r
lt_cv_nm_interface='BSD nm'
lt_cv_objdir=.libs
lt_cv_path_LD=/usr/bin/ld
lt_cv_path_NM='/usr/bin/nm -B'
lt_cv_path_mainfest_tool=no
lt_cv_prog_compiler_c_o=yes
lt_cv_prog_compiler_pic='-fPIC -DPIC'
lt_cv_prog_compiler_pic_works=yes
lt_cv_prog_compiler_rtti_exceptions=no
lt_cv_prog_compiler_static_works=yes
lt_cv_prog_gnu_ld=yes
lt_cv_sharedlib_from_linklib_cmd='printf %s\n'
lt_cv_shlibpath_overrides_runpath=yes
lt_cv_sys_global_symbol_pipe='sed -n -e '\''s/^.*[	 ]\([ABCDGIRSTW][ABCDGIRSTW]*\)[	 ][	 ]*\([_A-Za-z][_A-Za-z0-9]*\)$/\1 \2 \2/p'\'' | sed '\''/ __gnu_lto/d'\'''
lt_cv_sys_global_symbol_to_c_name_address='sed -n -e '\''s/^: \([^ ]*\)[ ]*$/  {\"\1\", (void *) 0},/p'\'' -e '\''s/^[ABCDGIRSTW]* \([^ ]*\) \([^ ]*\)$/  {"\2", (void *) \&\2},/p'\'''
lt_cv_sys_global_symbol_to_c_name_address_lib_prefix='sed -n -e '\''s/^: \([^ ]*\)[ ]*$/  {\"\1\", (void *) 0},/p'\'' -e '\''s/^[ABCDGIRSTW]* \([^ ]*\) \(lib[^ ]*\)$/  {"\2", (void *) \&\2},/p'\'' -e '\''s/^[ABCDGIRSTW]* \([^ ]*\) \([^ ]*\)$/  {"lib\2", (void *) \&\2},/p'\'''
lt_cv_sys_global_symbol_to_cdecl='sed -n -e '\''s/^T .* \(.*\)$/extern int \1();/p'\'' -e '\''s/^[ABCDGIRSTW]* .* \(.*\)$/extern char \1;/p'\'''
lt_cv_sys_max_cmd_len=1572864
lt_cv_to_host_file_cmd=func_convert_file_noop
lt_cv_to_tool_file_cmd=func_convert_file_noop
pkg_cv_UUID_CFLAGS=-I/home/lcz/code/lede/staging_dir/host/include/e2fsprogs/uuid
pkg_cv_UUID_LIBS='-L/home/lcz/code/lede/staging_dir/host/lib -luuid'
pkg_cv_ZLIB_CFLAGS=-I/home/lcz/code/lede/staging_dir/host/include
pkg_cv_ZLIB_LIBS='-L/home/lcz/code/lede/staging_dir/host/lib -lz'
ul_cv_warn__Wall=yes
ul_cv_warn__Wduplicated_branches=yes
ul_cv_warn__Wduplicated_cond=yes
ul_cv_warn__Wextra=yes
ul_cv_warn__Winit_self=yes
ul_cv_warn__Wjump_misses_init=yes
ul_cv_warn__Wlogical_op=yes
ul_cv_warn__Wmissing_declarations=yes
ul_cv_warn__Wmissing_prototypes=yes
ul_cv_warn__Wno_shadow=yes
ul_cv_warn__Wno_sign_compare=yes
ul_cv_warn__Wnull_dereference=yes
ul_cv_warn__Wrestrict=yes
ul_cv_warn__Wuninitialized=yes
ul_cv_warn__Wunused=yes
ul_cv_warn__Wunused_but_set_parameter=yes
ul_cv_warn__Wunused_but_set_variable=yes
ul_cv_warn__Wunused_parameter=yes
ul_cv_warn__Wunused_result=yes
ul_cv_warn__Wunused_variable=yes
ul_cv_warn__Wwrite_strings=yes

## ----------------- ##
## Output variables. ##
## ----------------- ##

ACLOCAL='${SHELL} /home/lcz/code/lede/build_dir/host/mtd-utils-2.0.2/missing aclocal-1.15'
AMDEPBACKSLASH='\'
AMDEP_FALSE='#'
AMDEP_TRUE=''
AMTAR='$${TAR-tar}'
AM_BACKSLASH='\'
AM_DEFAULT_V='0'
AM_DEFAULT_VERBOSITY='0'
AM_V='0'
AR='ar'
AUTOCONF='${SHELL} /home/lcz/code/lede/build_dir/host/mtd-utils-2.0.2/missing autoconf'
AUTOHEADER='${SHELL} /home/lcz/code/lede/build_dir/host/mtd-utils-2.0.2/missing autoheader'
AUTOMAKE='${SHELL} /home/lcz/code/lede/build_dir/host/mtd-utils-2.0.2/missing automake-1.15'
AWK='gawk'
BUILD_JFFSX_FALSE='#'
BUILD_JFFSX_TRUE=''
BUILD_TESTS_FALSE=''
BUILD_TESTS_TRUE='#'
BUILD_UBIFS_FALSE='#'
BUILD_UBIFS_TRUE=''
CC='gcc'
CCDEPMODE='depmode=gcc3'
CFLAGS='-O2 -I/home/lcz/code/lede/staging_dir/host/include '
CMOCKA_CFLAGS=''
CMOCKA_LIBS=''
CPP='gcc -E'
CPPFLAGS='-I/home/lcz/code/lede/staging_dir/host/include '
CYGPATH_W='echo'
DEFS='-DHAVE_CONFIG_H'
DEPDIR='.deps'
DLLTOOL='false'
DSYMUTIL=''
DUMPBIN=''
ECHO_C=''
ECHO_N='-n'
ECHO_T=''
EGREP='/home/lcz/code/lede/staging_dir/host/bin/grep -E'
EXEEXT=''
FGREP='/home/lcz/code/lede/staging_dir/host/bin/grep -F'
GREP='/home/lcz/code/lede/staging_dir/host/bin/grep'
INSTALL_DATA='${INSTALL} -m 644'
INSTALL_PROGRAM='${INSTALL}'
INSTALL_SCRIPT='${INSTALL}'
INSTALL_STRIP_PROGRAM='$(install_sh) -c -s'
INSTALL_TESTS_FALSE=''
INSTALL_TESTS_TRUE='#'
LD='/usr/bin/ld -m elf_x86_64'
LDFLAGS='-L/home/lcz/code/lede/staging_dir/host/lib '
LIBOBJS=''
LIBS=''
LIBTOOL='$(SHELL) $(top_builddir)/libtool'
LIPO=''
LN_S='ln -s'
LTLIBOBJS=''
LZO_CFLAGS=''
LZO_LIBS=''
MAKEINFO='${SHELL} /home/lcz/code/lede/build_dir/host/mtd-utils-2.0.2/missing makeinfo'
MANIFEST_TOOL=':'
MKDIR_P='/bin/mkdir -p'
NM='/usr/bin/nm -B'
NMEDIT=''
OBJDUMP='objdump'
OBJEXT='o'
OTOOL64=''
OTOOL=''
PACKAGE='mtd-utils'
PACKAGE_BUGREPORT='linux-mtd@lists.infradead.org'
PACKAGE_NAME='mtd-utils'
PACKAGE_STRING='mtd-utils 2.0.2'
PACKAGE_TARNAME='mtd-utils'
PACKAGE_URL=''
PACKAGE_VERSION='2.0.2'
PATH_SEPARATOR=':'
PKG_CONFIG='/home/lcz/code/lede/staging_dir/host/bin/pkg-config'
PKG_CONFIG_LIBDIR='/home/lcz/code/lede/staging_dir/host/lib/pkgconfig'
PKG_CONFIG_PATH='/home/lcz/code/lede/staging_dir/host/lib/pkgconfig:/home/lcz/code/lede/staging_dir/host/lib/pkgconfig'
PTHREAD_CC=''
PTHREAD_CFLAGS=''
PTHREAD_LIBS=''
RANLIB='ranlib'
SED='/home/lcz/code/lede/staging_dir/host/bin/sed'
SET_MAKE=''
SHELL='/usr/bin/env bash'
STRIP='strip'
UNIT_TESTS_FALSE=''
UNIT_TESTS_TRUE='#'
UUID_CFLAGS='-I/home/lcz/code/lede/staging_dir/host/include/e2fsprogs/uuid'
UUID_LIBS='-L/home/lcz/code/lede/staging_dir/host/lib -luuid'
VERSION='2.0.2'
WARN_CFLAGS=' -Wall -Wextra -Wunused -Wmissing-prototypes -Wmissing-declarations -Wwrite-strings -Wjump-misses-init -Wuninitialized -Winit-self -Wlogical-op -Wunused-but-set-parameter -Wunused-but-set-variable -Wunused-parameter -Wunused-result -Wunused-variable -Wduplicated-cond -Wduplicated-branches -Wrestrict -Wnull-dereference -Wno-shadow -Wno-sign-compare'
WITHOUT_LZO_FALSE='#'
WITHOUT_LZO_TRUE=''
WITHOUT_XATTR_FALSE='#'
WITHOUT_XATTR_TRUE=''
ZLIB_CFLAGS='-I/home/lcz/code/lede/staging_dir/host/include'
ZLIB_LIBS='-L/home/lcz/code/lede/staging_dir/host/lib -lz'
ac_ct_AR='ar'
ac_ct_CC=''
ac_ct_DUMPBIN=''
am__EXEEXT_FALSE=''
am__EXEEXT_TRUE='#'
am__fastdepCC_FALSE='#'
am__fastdepCC_TRUE=''
am__include='include'
am__isrc=''
am__leading_dot='.'
am__nodep='_no'
am__quote=''
am__tar='$${TAR-tar} chof - "$$tardir"'
am__untar='$${TAR-tar} xf -'
ax_pthread_config=''
bindir='${exec_prefix}/bin'
build='x86_64-pc-linux-gnu'
build_alias='x86_64-pc-linux-gnu'
build_cpu='x86_64'
build_os='linux-gnu'
build_vendor='pc'
datadir='${datarootdir}'
datarootdir='${prefix}/share'
docdir='${datarootdir}/doc/${PACKAGE_TARNAME}'
dvidir='${docdir}'
exec_prefix='/home/lcz/code/lede/staging_dir/host'
host='x86_64-pc-linux-gnu'
host_alias='x86_64-pc-linux-gnu'
host_cpu='x86_64'
host_os='linux-gnu'
host_vendor='pc'
htmldir='${docdir}'
includedir='${prefix}/include'
infodir='${datarootdir}/info'
install_sh='${SHELL} /home/lcz/code/lede/build_dir/host/mtd-utils-2.0.2/install-sh'
libdir='${exec_prefix}/lib'
libexecdir='${exec_prefix}/libexec'
localedir='${datarootdir}/locale'
localstatedir='/home/lcz/code/lede/staging_dir/host/var'
mandir='${datarootdir}/man'
mkdir_p='$(MKDIR_P)'
oldincludedir='/usr/include'
pdfdir='${docdir}'
prefix='/home/lcz/code/lede/staging_dir/host'
program_transform_name='s&$$&&;s&^&&'
psdir='${docdir}'
sbindir='/home/lcz/code/lede/staging_dir/host/bin'
sharedstatedir='${prefix}/com'
sysconfdir='/home/lcz/code/lede/staging_dir/host/etc'
target_alias='x86_64-pc-linux-gnu'
testbindir='"."'

## ----------- ##
## confdefs.h. ##
## ----------- ##

/* confdefs.h */
#define PACKAGE_NAME "mtd-utils"
#define PACKAGE_TARNAME "mtd-utils"
#define PACKAGE_VERSION "2.0.2"
#define PACKAGE_STRING "mtd-utils 2.0.2"
#define PACKAGE_BUGREPORT "linux-mtd@lists.infradead.org"
#define PACKAGE_URL ""
#define PACKAGE "mtd-utils"
#define VERSION "2.0.2"
#define STDC_HEADERS 1
#define HAVE_SYS_TYPES_H 1
#define HAVE_SYS_STAT_H 1
#define HAVE_STDLIB_H 1
#define HAVE_STRING_H 1
#define HAVE_MEMORY_H 1
#define HAVE_STRINGS_H 1
#define HAVE_INTTYPES_H 1
#define HAVE_STDINT_H 1
#define HAVE_UNISTD_H 1
#define HAVE_DLFCN_H 1
#define LT_OBJDIR ".libs/"
#define HAVE_EXECINFO_H 1
#define SIZEOF_OFF_T 8
#define SIZEOF_LOFF_T 8

configure: exit 0
