This file contains any messages produced by compilers while
running configure, to aid debugging if configure makes a mistake.

configure:582: checking whether make sets ${MAKE}
configure:611: checking for gcc
configure:724: checking whether the C compiler (gcc  ) works
configure:740: gcc -o conftest    conftest.c  1>&5
configure:737:1: warning: return type defaults to 'int' [-Wimplicit-int]
  737 | main(){return(0);}
      | ^~~~
configure:766: checking whether the C compiler (gcc  ) is a cross-compiler
configure:771: checking whether we are using GNU C
configure:780: gcc -E conftest.c
configure:799: checking whether gcc accepts -g
configure:831: checking how to run the C preprocessor
configure:852: gcc -E  conftest.c >/dev/null 2>conftest.out
configure:941: checking for a BSD compatible install
configure:996: checking for ranlib
configure:1024: checking whether ln -s works
configure:1047: checking for ANSI C header files
configure:1060: gcc -E  conftest.c >/dev/null 2>conftest.out
configure:1127: gcc -o conftest    conftest.c  1>&5
configure: In function 'main':
configure:1122:67: warning: implicit declaration of function 'exit' [-Wimplicit-function-declaration]
 1122 | if (XOR (islower (i), ISLOWER (i)) || toupper (i) != TOUPPER (i)) exit(2);
      |                                                                   ^~~~
configure:1122:67: warning: incompatible implicit declaration of built-in function 'exit'
configure:1118:1: note: include '<stdlib.h>' or provide a declaration of 'exit'
 1117 | #include <ctype.h>
  +++ |+#include <stdlib.h>
 1118 | #define ISLOWER(c) ('a' <= (c) && (c) <= 'z')
configure:1123:1: warning: incompatible implicit declaration of built-in function 'exit'
 1123 | exit (0); }
      | ^~~~
configure:1123:1: note: include '<stdlib.h>' or provide a declaration of 'exit'
configure:1154: checking for unistd.h
configure:1164: gcc -E  conftest.c >/dev/null 2>conftest.out
configure:1154: checking for stdint.h
configure:1164: gcc -E  conftest.c >/dev/null 2>conftest.out
configure:1154: checking for fcntl.h
configure:1164: gcc -E  conftest.c >/dev/null 2>conftest.out
configure:1194: checking for elf.h
configure:1204: gcc -E  conftest.c >/dev/null 2>conftest.out
configure:1194: checking for sys/elf.h
configure:1204: gcc -E  conftest.c >/dev/null 2>conftest.out
In file included from configure:1200:
/usr/include/x86_64-linux-gnu/sys/elf.h:22:3: error: #error This header is unsupported on x86-64.
   22 | # error This header is unsupported on x86-64.
      |   ^~~~~
configure: failed program was:
#line 1199 "configure"
#include "confdefs.h"
#include <sys/elf.h>
configure:1194: checking for link.h
configure:1204: gcc -E  conftest.c >/dev/null 2>conftest.out
configure:1194: checking for sys/link.h
configure:1204: gcc -E  conftest.c >/dev/null 2>conftest.out
configure:1200:10: fatal error: sys/link.h: No such file or directory
 1200 | #include <$ac_hdr>
      |          ^~~~~~~~~   
compilation terminated.
configure: failed program was:
#line 1199 "configure"
#include "confdefs.h"
#include <sys/link.h>
configure:1231: checking if gcc can compile elf.h
configure:1248: gcc -c   conftest.c 1>&5
configure:1282: checking for ar.h
configure:1292: gcc -E  conftest.c >/dev/null 2>conftest.out
configure:1282: checking for libelf.h
configure:1292: gcc -E  conftest.c >/dev/null 2>conftest.out
configure:1288:10: fatal error: libelf.h: No such file or directory
 1288 | #include <$ac_hdr>
      |          ^~~~~~~~~ 
compilation terminated.
configure: failed program was:
#line 1287 "configure"
#include "confdefs.h"
#include <libelf.h>
configure:1282: checking for nlist.h
configure:1292: gcc -E  conftest.c >/dev/null 2>conftest.out
configure:1288:10: fatal error: nlist.h: No such file or directory
 1288 | #include <$ac_hdr>
      |          ^~~~~~~~~
compilation terminated.
configure: failed program was:
#line 1287 "configure"
#include "confdefs.h"
#include <nlist.h>
configure:1282: checking for gelf.h
configure:1292: gcc -E  conftest.c >/dev/null 2>conftest.out
configure:1288:10: fatal error: gelf.h: No such file or directory
 1288 | #include <$ac_hdr>
      |          ^~~~~~~~
compilation terminated.
configure: failed program was:
#line 1287 "configure"
#include "confdefs.h"
#include <gelf.h>
configure:1319: checking whether to install <libelf.h>, <nlist.h> and <gelf.h>
configure:1335: checking for working const
configure:1389: gcc -c   conftest.c 1>&5
configure:1410: checking for off_t
configure:1443: checking for size_t
configure:1477: checking size of short
configure:1496: gcc -o conftest    conftest.c  1>&5
configure:1487:1: warning: return type defaults to 'int' [-Wimplicit-int]
 1487 | main()
      | ^~~~
configure: In function 'main':
configure:1490:11: warning: implicit declaration of function 'exit' [-Wimplicit-function-declaration]
 1490 |   if (!f) exit(1);
      |           ^~~~
configure:1490:11: warning: incompatible implicit declaration of built-in function 'exit'
configure:1487:1: note: include '<stdlib.h>' or provide a declaration of 'exit'
 1486 | #include <stdio.h>
  +++ |+#include <stdlib.h>
 1487 | main()
configure:1492:3: warning: incompatible implicit declaration of built-in function 'exit'
 1492 |   exit(0);
      |   ^~~~
configure:1492:3: note: include '<stdlib.h>' or provide a declaration of 'exit'
configure:1516: checking size of int
configure:1535: gcc -o conftest    conftest.c  1>&5
configure:1526:1: warning: return type defaults to 'int' [-Wimplicit-int]
 1526 | main()
      | ^~~~
configure: In function 'main':
configure:1529:11: warning: implicit declaration of function 'exit' [-Wimplicit-function-declaration]
 1529 |   if (!f) exit(1);
      |           ^~~~
configure:1529:11: warning: incompatible implicit declaration of built-in function 'exit'
configure:1526:1: note: include '<stdlib.h>' or provide a declaration of 'exit'
 1525 | #include <stdio.h>
  +++ |+#include <stdlib.h>
 1526 | main()
configure:1531:3: warning: incompatible implicit declaration of built-in function 'exit'
 1531 |   exit(0);
      |   ^~~~
configure:1531:3: note: include '<stdlib.h>' or provide a declaration of 'exit'
configure:1555: checking size of long
configure:1574: gcc -o conftest    conftest.c  1>&5
configure:1565:1: warning: return type defaults to 'int' [-Wimplicit-int]
 1565 | main()
      | ^~~~
configure: In function 'main':
configure:1568:11: warning: implicit declaration of function 'exit' [-Wimplicit-function-declaration]
 1568 |   if (!f) exit(1);
      |           ^~~~
configure:1568:11: warning: incompatible implicit declaration of built-in function 'exit'
configure:1565:1: note: include '<stdlib.h>' or provide a declaration of 'exit'
 1564 | #include <stdio.h>
  +++ |+#include <stdlib.h>
 1565 | main()
configure:1570:3: warning: incompatible implicit declaration of built-in function 'exit'
 1570 |   exit(0);
      |   ^~~~
configure:1570:3: note: include '<stdlib.h>' or provide a declaration of 'exit'
configure:1594: checking size of long long
configure:1613: gcc -o conftest    conftest.c  1>&5
configure:1604:1: warning: return type defaults to 'int' [-Wimplicit-int]
 1604 | main()
      | ^~~~
configure: In function 'main':
configure:1607:11: warning: implicit declaration of function 'exit' [-Wimplicit-function-declaration]
 1607 |   if (!f) exit(1);
      |           ^~~~
configure:1607:11: warning: incompatible implicit declaration of built-in function 'exit'
configure:1604:1: note: include '<stdlib.h>' or provide a declaration of 'exit'
 1603 | #include <stdio.h>
  +++ |+#include <stdlib.h>
 1604 | main()
configure:1609:3: warning: incompatible implicit declaration of built-in function 'exit'
 1609 |   exit(0);
      |   ^~~~
configure:1609:3: note: include '<stdlib.h>' or provide a declaration of 'exit'
configure:1634: checking size of __int64
configure:1653: gcc -o conftest    conftest.c  1>&5
configure:1644:1: warning: return type defaults to 'int' [-Wimplicit-int]
 1644 | main()
      | ^~~~
configure: In function 'main':
configure:1647:11: warning: implicit declaration of function 'exit' [-Wimplicit-function-declaration]
 1647 |   if (!f) exit(1);
      |           ^~~~
configure:1647:11: warning: incompatible implicit declaration of built-in function 'exit'
configure:1644:1: note: include '<stdlib.h>' or provide a declaration of 'exit'
 1643 | #include <stdio.h>
  +++ |+#include <stdlib.h>
 1644 | main()
configure:1648:29: error: '__int64' undeclared (first use in this function); did you mean '__int64_t'?
 1648 |   fprintf(f, "%d\n", sizeof(__int64));
      |                             ^~~~~~~
      |                             __int64_t
configure:1648:29: note: each undeclared identifier is reported only once for each function it appears in
configure:1649:3: warning: incompatible implicit declaration of built-in function 'exit'
 1649 |   exit(0);
      |   ^~~~
configure:1649:3: note: include '<stdlib.h>' or provide a declaration of 'exit'
configure: failed program was:
#line 1642 "configure"
#include "confdefs.h"
#include <stdio.h>
main()
{
  FILE *f=fopen("conftestval", "w");
  if (!f) exit(1);
  fprintf(f, "%d\n", sizeof(__int64));
  exit(0);
}
configure:1679: checking for struct Elf32_Dyn
configure:1692: gcc -c   conftest.c 1>&5
configure:1755: checking for struct nlist in elf.h
configure:1768: gcc -c   conftest.c 1>&5
configure: In function 'main':
configure:1764:14: error: storage size of 'nl' isn't known
 1764 | struct nlist nl
      |              ^~
configure: failed program was:
#line 1761 "configure"
#include "confdefs.h"
#include __LIBELF_HEADER_ELF_H
int main() {
struct nlist nl
; return 0; }
configure:1790: checking for struct Elf64_Ehdr
configure:1802: gcc -c   conftest.c 1>&5
configure:1818: checking for Elf64_Addr
configure:1830: gcc -c   conftest.c 1>&5
configure:1846: checking for struct Elf64_Rel
configure:1858: gcc -c   conftest.c 1>&5
configure:1912: checking for Elf32_Verdef
configure:1932: gcc -c   conftest.c 1>&5
configure:1947: checking for Elf64_Verdef
configure:1967: gcc -c   conftest.c 1>&5
configure:1982: checking for SHT_SUNW_verdef
configure:1994: gcc -c   conftest.c 1>&5
configure: In function 'main':
configure:1990:16: error: 'SHT_SUNW_verdef' undeclared (first use in this function); did you mean 'SHT_GNU_verdef'?
 1990 | Elf32_Word x = SHT_SUNW_verdef + SHT_SUNW_verneed + SHT_SUNW_versym
      |                ^~~~~~~~~~~~~~~
      |                SHT_GNU_verdef
configure:1990:16: note: each undeclared identifier is reported only once for each function it appears in
configure:1990:34: error: 'SHT_SUNW_verneed' undeclared (first use in this function); did you mean 'SHT_GNU_verneed'?
 1990 | Elf32_Word x = SHT_SUNW_verdef + SHT_SUNW_verneed + SHT_SUNW_versym
      |                                  ^~~~~~~~~~~~~~~~
      |                                  SHT_GNU_verneed
configure:1990:53: error: 'SHT_SUNW_versym' undeclared (first use in this function); did you mean 'SHT_GNU_versym'?
 1990 | Elf32_Word x = SHT_SUNW_verdef + SHT_SUNW_verneed + SHT_SUNW_versym
      |                                                     ^~~~~~~~~~~~~~~
      |                                                     SHT_GNU_versym
configure: failed program was:
#line 1987 "configure"
#include "confdefs.h"
#include __LIBELF_HEADER_ELF_H
int main() {
Elf32_Word x = SHT_SUNW_verdef + SHT_SUNW_verneed + SHT_SUNW_versym
; return 0; }
configure:2009: checking for SHT_GNU_verdef
configure:2021: gcc -c   conftest.c 1>&5
configure: In function 'main':
configure:2017:31: warning: integer overflow in expression of type 'int' results in '-536870917' [-Woverflow]
 2017 | Elf32_Word x = SHT_GNU_verdef + SHT_GNU_verneed + SHT_GNU_versym
      |                               ^
configure:2046: checking for 64-bit integer
configure:2077: checking for 32-bit integer
configure:2106: checking for 16-bit integer
configure:2138: checking for unistd.h
configure:2177: checking for getpagesize
configure:2205: gcc -o conftest    conftest.c  1>&5
configure:2230: checking for working mmap
configure:2378: gcc -o conftest    conftest.c  1>&5
configure:2309:7: warning: conflicting types for built-in function 'malloc'; expected 'void *(long unsigned int)' [-Wbuiltin-declaration-mismatch]
 2309 | char *malloc();
      |       ^~~~~~
configure:2264:1: note: 'malloc' is declared in header '<stdlib.h>'
 2263 | #include <sys/mman.h>
  +++ |+#include <stdlib.h>
 2264 | 
configure: In function 'main':
configure:2319:13: warning: implicit declaration of function 'getpagesize' [-Wimplicit-function-declaration]
 2319 |  pagesize = getpagesize();
      |             ^~~~~~~~~~~
configure:2326:3: warning: implicit declaration of function 'exit' [-Wimplicit-function-declaration]
 2326 |   exit(1);
      |   ^~~~
configure:2326:3: warning: incompatible implicit declaration of built-in function 'exit'
configure:2326:3: note: include '<stdlib.h>' or provide a declaration of 'exit'
configure:2328:17: warning: implicit declaration of function 'rand' [-Wimplicit-function-declaration]
 2328 |   *(data + i) = rand();
      |                 ^~~~
configure:2329:2: warning: implicit declaration of function 'umask' [-Wimplicit-function-declaration]
 2329 |  umask(0);
      |  ^~~~~
configure:2332:3: warning: incompatible implicit declaration of built-in function 'exit'
 2332 |   exit(1);
      |   ^~~~
configure:2332:3: note: include '<stdlib.h>' or provide a declaration of 'exit'
configure:2333:6: warning: implicit declaration of function 'write' [-Wimplicit-function-declaration]
 2333 |  if (write(fd, data, pagesize) != pagesize)
      |      ^~~~~
configure:2334:3: warning: incompatible implicit declaration of built-in function 'exit'
 2334 |   exit(1);
      |   ^~~~
configure:2334:3: note: include '<stdlib.h>' or provide a declaration of 'exit'
configure:2335:2: warning: implicit declaration of function 'close' [-Wimplicit-function-declaration]
 2335 |  close(fd);
      |  ^~~~~
configure:2344:3: warning: incompatible implicit declaration of built-in function 'exit'
 2344 |   exit(1);
      |   ^~~~
configure:2344:3: note: include '<stdlib.h>' or provide a declaration of 'exit'
configure:2347:3: warning: incompatible implicit declaration of built-in function 'exit'
 2347 |   exit(1);
      |   ^~~~
configure:2347:3: note: include '<stdlib.h>' or provide a declaration of 'exit'
configure:2348:24: warning: cast from pointer to integer of different size [-Wpointer-to-int-cast]
 2348 |  data2 += (pagesize - ((int) data2 & (pagesize - 1))) & (pagesize - 1);
      |                        ^
configure:2351:3: warning: incompatible implicit declaration of built-in function 'exit'
 2351 |   exit(1);
      |   ^~~~
configure:2351:3: note: include '<stdlib.h>' or provide a declaration of 'exit'
configure:2354:4: warning: incompatible implicit declaration of built-in function 'exit'
 2354 |    exit(1);
      |    ^~~~
configure:2354:4: note: include '<stdlib.h>' or provide a declaration of 'exit'
configure:2365:3: warning: incompatible implicit declaration of built-in function 'exit'
 2365 |   exit(1);
      |   ^~~~
configure:2365:3: note: include '<stdlib.h>' or provide a declaration of 'exit'
configure:2366:6: warning: implicit declaration of function 'read' [-Wimplicit-function-declaration]
 2366 |  if (read(fd, data3, pagesize) != pagesize)
      |      ^~~~
configure:2367:3: warning: incompatible implicit declaration of built-in function 'exit'
 2367 |   exit(1);
      |   ^~~~
configure:2367:3: note: include '<stdlib.h>' or provide a declaration of 'exit'
configure:2370:4: warning: incompatible implicit declaration of built-in function 'exit'
 2370 |    exit(1);
      |    ^~~~
configure:2370:4: note: include '<stdlib.h>' or provide a declaration of 'exit'
configure:2372:2: warning: implicit declaration of function 'unlink' [-Wimplicit-function-declaration]
 2372 |  unlink("conftestmmap");
      |  ^~~~~~
configure:2373:2: warning: incompatible implicit declaration of built-in function 'exit'
 2373 |  exit(0);
      |  ^~~~
configure:2373:2: note: include '<stdlib.h>' or provide a declaration of 'exit'
configure:2403: checking for ftruncate
configure:2431: gcc -o conftest    conftest.c  1>&5
configure:2403: checking for memcmp
configure:2431: gcc -o conftest    conftest.c  1>&5
configure:2415:6: warning: conflicting types for built-in function 'memcmp'; expected 'int(const void *, const void *, long unsigned int)' [-Wbuiltin-declaration-mismatch]
 2415 | char $ac_func();
      |      ^~~~~~
configure:2412:1: note: 'memcmp' is declared in header '<string.h>'
 2411 | #include <assert.h>
  +++ |+#include <string.h>
 2412 | /* Override any gcc2 internal prototype to avoid an error.  */
configure:2403: checking for memcpy
configure:2431: gcc -o conftest    conftest.c  1>&5
configure:2415:6: warning: conflicting types for built-in function 'memcpy'; expected 'void *(void *, const void *, long unsigned int)' [-Wbuiltin-declaration-mismatch]
 2415 | char $ac_func();
      |      ^~~~~~
configure:2412:1: note: 'memcpy' is declared in header '<string.h>'
 2411 | #include <assert.h>
  +++ |+#include <string.h>
 2412 | /* Override any gcc2 internal prototype to avoid an error.  */
configure:2403: checking for memmove
configure:2431: gcc -o conftest    conftest.c  1>&5
configure:2415:6: warning: conflicting types for built-in function 'memmove'; expected 'void *(void *, const void *, long unsigned int)' [-Wbuiltin-declaration-mismatch]
 2415 | char $ac_func();
      |      ^~~~~~~
configure:2412:1: note: 'memmove' is declared in header '<string.h>'
 2411 | #include <assert.h>
  +++ |+#include <string.h>
 2412 | /* Override any gcc2 internal prototype to avoid an error.  */
configure:2458: checking for memset
configure:2486: gcc -o conftest    conftest.c  1>&5
configure:2470:6: warning: conflicting types for built-in function 'memset'; expected 'void *(void *, int,  long unsigned int)' [-Wbuiltin-declaration-mismatch]
 2470 | char $ac_func();
      |      ^~~~~~
configure:2467:1: note: 'memset' is declared in header '<string.h>'
 2466 | #include <assert.h>
  +++ |+#include <string.h>
 2467 | /* Override any gcc2 internal prototype to avoid an error.  */
configure:2520: checking whether overlapping arrays are copied correctly
configure:2545: gcc -o conftest    conftest.c  1>&5
configure:2537:1: warning: return type defaults to 'int' [-Wimplicit-int]
 2537 | main() {
      | ^~~~
configure: In function 'main':
configure:2539:25: warning: 'memmove' argument 3 type is 'int' where 'long unsigned int' is expected in a call to built-in function declared without prototype [-Wbuiltin-declaration-mismatch]
 2539 |   memmove(buf + 1, buf, 9);
      |                         ^
configure:2531:14: note: built-in 'memmove' declared here
 2531 | extern void *memmove();
      |              ^~~~~~~
configure:2540:34: warning: implicit declaration of function 'exit' [-Wimplicit-function-declaration]
 2540 |   if (strcmp(buf, "0012345678")) exit(1);
      |                                  ^~~~
configure:2540:34: warning: incompatible implicit declaration of built-in function 'exit'
configure:2530:1: note: include '<stdlib.h>' or provide a declaration of 'exit'
 2529 | #include "confdefs.h"
  +++ |+#include <stdlib.h>
 2530 | #if HAVE_MEMMOVE
configure:2541:3: warning: incompatible implicit declaration of built-in function 'exit'
 2541 |   exit(0);
      |   ^~~~
configure:2541:3: note: include '<stdlib.h>' or provide a declaration of 'exit'
configure:2568: checking the coffee machine
configure:2578: checking whether 64-bit ELF support is sufficient
configure:2581: checking whether to include 64-bit support
configure:2603: checking whether versioning support is sufficient
configure:2623: checking whether to include versioning support
configure:2661: checking whether NLS is requested
configure:2678: checking for dgettext
configure:2691: gcc -o conftest    conftest.c  1>&5
configure:2709: checking for msgfmt
configure:2969: checking for catgets
configure:2982: gcc -o conftest    conftest.c  1>&5
configure:3000: checking for gencat
configure:3041: checking for gmsgfmt
configure:3077: checking for xgettext
configure:3128: checking for catalogs to be installed
configure:3146: checking for gettext in -lintl
configure:3165: gcc -o conftest    conftest.c -lintl   1>&5
configure:3158:6: warning: conflicting types for built-in function 'gettext'; expected 'char *(const char *)' [-Wbuiltin-declaration-mismatch]
 3158 | char gettext();
      |      ^~~~~~~
/usr/bin/ld: cannot find -lintl
collect2: error: ld returned 1 exit status
configure: failed program was:
#line 3154 "configure"
#include "confdefs.h"
/* Override any gcc2 internal prototype to avoid an error.  */
/* We use char because int might match the return type of a gcc2
    builtin and then its argument prototype would still apply.  */
char gettext();

int main() {
gettext()
; return 0; }
configure:3194: checking host system type
configure:3224: checking whether to build a shared library
