This file contains any messages produced by compilers while
running configure, to aid debugging if configure makes a mistake.

It was created by MPFR configure 4.0.1, which was
generated by GNU Autoconf 2.69.  Invocation command line was

  $ ./configure --target=x86_64-pc-linux-gnu --host=x86_64-pc-linux-gnu --build=x86_64-pc-linux-gnu --program-prefix= --program-suffix= --prefix=/home/lcz/code/lede/staging_dir/host --exec-prefix=/home/lcz/code/lede/staging_dir/host --sysconfdir=/home/lcz/code/lede/staging_dir/host/etc --localstatedir=/home/lcz/code/lede/staging_dir/host/var --sbindir=/home/lcz/code/lede/staging_dir/host/bin --enable-static --disable-shared --with-gmp=/home/lcz/code/lede/staging_dir/host

## --------- ##
## Platform. ##
## --------- ##

hostname = MediumslateblueUnwieldy-VM
uname -m = x86_64
uname -r = 4.11.8-041108-generic
uname -s = Linux
uname -v = #201706290836 SMP Thu Jun 29 12:38:45 UTC 2017

/usr/bin/uname -p = unknown
/bin/uname -X     = unknown

/bin/arch              = unknown
/usr/bin/arch -k       = unknown
/usr/convex/getsysinfo = unknown
/usr/bin/hostinfo      = unknown
/bin/machine           = unknown
/usr/bin/oslevel       = unknown
/bin/universe          = unknown

PATH: /home/lcz/code/lede/staging_dir/toolchain-mipsel_24kc_gcc-7.5.0_musl/bin
PATH: /home/lcz/code/lede/staging_dir/toolchain-mipsel_24kc_gcc-7.5.0_musl/bin
PATH: /home/lcz/code/lede/staging_dir/host/bin
PATH: /home/lcz/code/lede/staging_dir/toolchain-mipsel_24kc_gcc-7.5.0_musl/bin
PATH: /home/lcz/code/lede/staging_dir/host/bin
PATH: /home/lcz/code/lede/staging_dir/host/bin
PATH: /home/lcz/bin
PATH: /home/lcz/.local/bin
PATH: /usr/local/sbin
PATH: /usr/local/bin
PATH: /usr/sbin
PATH: /usr/bin
PATH: /sbin
PATH: /bin
PATH: /usr/games
PATH: /usr/local/games


## ----------- ##
## Core tests. ##
## ----------- ##

configure:2649: checking for a BSD-compatible install
configure:2717: result: /usr/bin/install -c
configure:2728: checking whether build environment is sane
configure:2783: result: yes
configure:2934: checking for a thread-safe mkdir -p
configure:2973: result: /bin/mkdir -p
configure:2980: checking for gawk
configure:2996: found /usr/bin/gawk
configure:3007: result: gawk
configure:3018: checking whether make sets $(MAKE)
configure:3040: result: yes
configure:3069: checking whether make supports nested variables
configure:3086: result: yes
configure:3205: checking whether to enable maintainer-specific portions of Makefiles
configure:3214: result: yes
configure:3242: checking build system type
configure:3256: result: x86_64-pc-linux-gnu
configure:3276: checking host system type
configure:3289: result: x86_64-pc-linux-gnu
configure:3310: checking for grep that handles long lines and -e
configure:3368: result: /home/lcz/code/lede/staging_dir/host/bin/grep
configure:3373: checking for egrep
configure:3435: result: /home/lcz/code/lede/staging_dir/host/bin/grep -E
configure:3440: checking for a sed that does not truncate output
configure:3504: result: /home/lcz/code/lede/staging_dir/host/bin/sed
configure:3861: checking for x86_64-pc-linux-gnu-gcc
configure:3888: result: gcc
configure:4157: checking for C compiler version
configure:4166: gcc --version >&5
gcc (Debian 9.3.0-11) 9.3.0
Copyright (C) 2019 Free Software Foundation, Inc.
This is free software; see the source for copying conditions.  There is NO
warranty; not even for MERCHANTABILITY or FITNESS FOR A PARTICULAR PURPOSE.

configure:4177: $? = 0
configure:4166: gcc -v >&5
Using built-in specs.
COLLECT_GCC=gcc
COLLECT_LTO_WRAPPER=/usr/lib/gcc/x86_64-linux-gnu/9/lto-wrapper
OFFLOAD_TARGET_NAMES=nvptx-none:hsa
OFFLOAD_TARGET_DEFAULT=1
Target: x86_64-linux-gnu
Configured with: ../src/configure -v --with-pkgversion='Debian 9.3.0-11' --with-bugurl=file:///usr/share/doc/gcc-9/README.Bugs --enable-languages=c,ada,c++,go,brig,d,fortran,objc,obj-c++,gm2 --prefix=/usr --with-gcc-major-version-only --program-suffix=-9 --program-prefix=x86_64-linux-gnu- --enable-shared --enable-linker-build-id --libexecdir=/usr/lib --without-included-gettext --enable-threads=posix --libdir=/usr/lib --enable-nls --enable-bootstrap --enable-clocale=gnu --enable-libstdcxx-debug --enable-libstdcxx-time=yes --with-default-libstdcxx-abi=new --enable-gnu-unique-object --disable-vtable-verify --enable-plugin --enable-default-pie --with-system-zlib --with-target-system-zlib=auto --enable-objc-gc=auto --enable-multiarch --disable-werror --with-arch-32=i686 --with-abi=m64 --with-multilib-list=m32,m64,mx32 --enable-multilib --with-tune=generic --enable-offload-targets=nvptx-none,hsa --without-cuda-driver --enable-checking=release --build=x86_64-linux-gnu --host=x86_64-linux-gnu --target=x86_64-linux-gnu --with-build-config=bootstrap-lto-lean --enable-link-mutex
Thread model: posix
gcc version 9.3.0 (Debian 9.3.0-11) 
configure:4177: $? = 0
configure:4166: gcc -V >&5
gcc: error: unrecognized command line option '-V'
gcc: fatal error: no input files
compilation terminated.
configure:4177: $? = 1
configure:4166: gcc -qversion >&5
gcc: error: unrecognized command line option '-qversion'; did you mean '--version'?
gcc: fatal error: no input files
compilation terminated.
configure:4177: $? = 1
configure:4197: checking whether the C compiler works
configure:4219: gcc -O2 -I/home/lcz/code/lede/staging_dir/host/include  -I/home/lcz/code/lede/staging_dir/host/include  -I/home/lcz/code/lede/staging_dir/host/include -L/home/lcz/code/lede/staging_dir/host/lib  -L/home/lcz/code/lede/staging_dir/host/lib conftest.c  >&5
configure:4223: $? = 0
configure:4271: result: yes
configure:4274: checking for C compiler default output file name
configure:4276: result: a.out
configure:4282: checking for suffix of executables
configure:4289: gcc -o conftest -O2 -I/home/lcz/code/lede/staging_dir/host/include  -I/home/lcz/code/lede/staging_dir/host/include  -I/home/lcz/code/lede/staging_dir/host/include -L/home/lcz/code/lede/staging_dir/host/lib  -L/home/lcz/code/lede/staging_dir/host/lib conftest.c  >&5
configure:4293: $? = 0
configure:4315: result: 
configure:4337: checking whether we are cross compiling
configure:4345: gcc -o conftest -O2 -I/home/lcz/code/lede/staging_dir/host/include  -I/home/lcz/code/lede/staging_dir/host/include  -I/home/lcz/code/lede/staging_dir/host/include -L/home/lcz/code/lede/staging_dir/host/lib  -L/home/lcz/code/lede/staging_dir/host/lib conftest.c  >&5
configure:4349: $? = 0
configure:4356: ./conftest
configure:4360: $? = 0
configure:4375: result: no
configure:4380: checking for suffix of object files
configure:4402: gcc -c -O2 -I/home/lcz/code/lede/staging_dir/host/include  -I/home/lcz/code/lede/staging_dir/host/include  -I/home/lcz/code/lede/staging_dir/host/include conftest.c >&5
configure:4406: $? = 0
configure:4427: result: o
configure:4431: checking whether we are using the GNU C compiler
configure:4450: gcc -c -O2 -I/home/lcz/code/lede/staging_dir/host/include  -I/home/lcz/code/lede/staging_dir/host/include  -I/home/lcz/code/lede/staging_dir/host/include conftest.c >&5
configure:4450: $? = 0
configure:4459: result: yes
configure:4468: checking whether gcc accepts -g
configure:4488: gcc -c -g -I/home/lcz/code/lede/staging_dir/host/include  -I/home/lcz/code/lede/staging_dir/host/include conftest.c >&5
configure:4488: $? = 0
configure:4529: result: yes
configure:4546: checking for gcc option to accept ISO C89
configure:4609: gcc  -c -O2 -I/home/lcz/code/lede/staging_dir/host/include  -I/home/lcz/code/lede/staging_dir/host/include  -I/home/lcz/code/lede/staging_dir/host/include conftest.c >&5
configure:4609: $? = 0
configure:4622: result: none needed
configure:4647: checking whether gcc understands -c and -o together
configure:4669: gcc -c conftest.c -o conftest2.o
configure:4672: $? = 0
configure:4669: gcc -c conftest.c -o conftest2.o
configure:4672: $? = 0
configure:4684: result: yes
configure:4712: checking for style of include used by make
configure:4740: result: GNU
configure:4766: checking dependency style of gcc
configure:4877: result: gcc3
configure:4897: checking how to run the C preprocessor
configure:4928: gcc -E -I/home/lcz/code/lede/staging_dir/host/include  -I/home/lcz/code/lede/staging_dir/host/include conftest.c
configure:4928: $? = 0
configure:4942: gcc -E -I/home/lcz/code/lede/staging_dir/host/include  -I/home/lcz/code/lede/staging_dir/host/include conftest.c
conftest.c:9:10: fatal error: ac_nonexistent.h: No such file or directory
    9 | #include <ac_nonexistent.h>
      |          ^~~~~~~~~~~~~~~~~~
compilation terminated.
configure:4942: $? = 1
configure: failed program was:
| /* confdefs.h */
| #define PACKAGE_NAME "MPFR"
| #define PACKAGE_TARNAME "mpfr"
| #define PACKAGE_VERSION "4.0.1"
| #define PACKAGE_STRING "MPFR 4.0.1"
| #define PACKAGE_BUGREPORT ""
| #define PACKAGE_URL ""
| /* end confdefs.h.  */
| #include <ac_nonexistent.h>
configure:4967: result: gcc -E
configure:4987: gcc -E -I/home/lcz/code/lede/staging_dir/host/include  -I/home/lcz/code/lede/staging_dir/host/include conftest.c
configure:4987: $? = 0
configure:5001: gcc -E -I/home/lcz/code/lede/staging_dir/host/include  -I/home/lcz/code/lede/staging_dir/host/include conftest.c
conftest.c:9:10: fatal error: ac_nonexistent.h: No such file or directory
    9 | #include <ac_nonexistent.h>
      |          ^~~~~~~~~~~~~~~~~~
compilation terminated.
configure:5001: $? = 1
configure: failed program was:
| /* confdefs.h */
| #define PACKAGE_NAME "MPFR"
| #define PACKAGE_TARNAME "mpfr"
| #define PACKAGE_VERSION "4.0.1"
| #define PACKAGE_STRING "MPFR 4.0.1"
| #define PACKAGE_BUGREPORT ""
| #define PACKAGE_URL ""
| /* end confdefs.h.  */
| #include <ac_nonexistent.h>
configure:5042: checking for x86_64-pc-linux-gnu-ar
configure:5072: result: no
configure:5042: checking for x86_64-pc-linux-gnu-lib
configure:5072: result: no
configure:5042: checking for x86_64-pc-linux-gnu-link
configure:5072: result: no
configure:5086: checking for ar
configure:5102: found /usr/bin/ar
configure:5113: result: ar
configure:5139: checking the archiver (ar) interface
configure:5155: gcc -c -O2 -I/home/lcz/code/lede/staging_dir/host/include  -I/home/lcz/code/lede/staging_dir/host/include  -I/home/lcz/code/lede/staging_dir/host/include conftest.c >&5
configure:5155: $? = 0
configure:5157: ar cru libconftest.a conftest.o >&5
ar: `u' modifier ignored since `D' is the default (see `U')
configure:5160: $? = 0
configure:5188: result: ar
configure:5255: checking how to print strings
configure:5282: result: printf
configure:5303: checking for a sed that does not truncate output
configure:5367: result: /home/lcz/code/lede/staging_dir/host/bin/sed
configure:5384: checking for fgrep
configure:5446: result: /home/lcz/code/lede/staging_dir/host/bin/grep -F
configure:5481: checking for ld used by gcc
configure:5548: result: /usr/bin/ld
configure:5555: checking if the linker (/usr/bin/ld) is GNU ld
configure:5570: result: yes
configure:5582: checking for BSD- or MS-compatible name lister (nm)
configure:5631: result: /usr/bin/nm -B
configure:5761: checking the name lister (/usr/bin/nm -B) interface
configure:5768: gcc -c -O2 -I/home/lcz/code/lede/staging_dir/host/include  -I/home/lcz/code/lede/staging_dir/host/include  -I/home/lcz/code/lede/staging_dir/host/include conftest.c >&5
configure:5771: /usr/bin/nm -B "conftest.o"
configure:5774: output
0000000000000000 B some_variable
configure:5781: result: BSD nm
configure:5784: checking whether ln -s works
configure:5788: result: yes
configure:5796: checking the maximum length of command line arguments
configure:5921: result: 1572864
configure:5938: checking whether the shell understands some XSI constructs
configure:5948: result: yes
configure:5952: checking whether the shell understands "+="
configure:5958: result: yes
configure:5993: checking how to convert x86_64-pc-linux-gnu file names to x86_64-pc-linux-gnu format
configure:6033: result: func_convert_file_noop
configure:6040: checking how to convert x86_64-pc-linux-gnu file names to toolchain format
configure:6060: result: func_convert_file_noop
configure:6067: checking for /usr/bin/ld option to reload object files
configure:6074: result: -r
configure:6108: checking for x86_64-pc-linux-gnu-objdump
configure:6138: result: no
configure:6148: checking for objdump
configure:6164: found /usr/bin/objdump
configure:6175: result: objdump
configure:6204: checking how to recognize dependent libraries
configure:6406: result: pass_all
configure:6451: checking for x86_64-pc-linux-gnu-dlltool
configure:6481: result: no
configure:6491: checking for dlltool
configure:6521: result: no
configure:6548: checking how to associate runtime and link libraries
configure:6575: result: printf %s\n
configure:6591: checking for x86_64-pc-linux-gnu-ar
configure:6618: result: ar
configure:6699: checking for archiver @FILE support
configure:6716: gcc -c -O2 -I/home/lcz/code/lede/staging_dir/host/include  -I/home/lcz/code/lede/staging_dir/host/include  -I/home/lcz/code/lede/staging_dir/host/include conftest.c >&5
configure:6716: $? = 0
configure:6719: ar cru libconftest.a @conftest.lst >&5
ar: `u' modifier ignored since `D' is the default (see `U')
configure:6722: $? = 0
configure:6727: ar cru libconftest.a @conftest.lst >&5
ar: `u' modifier ignored since `D' is the default (see `U')
ar: conftest.o: No such file or directory
configure:6730: $? = 1
configure:6742: result: @
configure:6760: checking for x86_64-pc-linux-gnu-strip
configure:6790: result: no
configure:6800: checking for strip
configure:6816: found /usr/bin/strip
configure:6827: result: strip
configure:6859: checking for x86_64-pc-linux-gnu-ranlib
configure:6889: result: no
configure:6899: checking for ranlib
configure:6915: found /usr/bin/ranlib
configure:6926: result: ranlib
configure:7027: checking command to parse /usr/bin/nm -B output from gcc object
configure:7146: gcc -c -O2 -I/home/lcz/code/lede/staging_dir/host/include  -I/home/lcz/code/lede/staging_dir/host/include  -I/home/lcz/code/lede/staging_dir/host/include conftest.c >&5
configure:7149: $? = 0
configure:7153: /usr/bin/nm -B conftest.o \| sed -n -e 's/^.*[ ]\([ABCDGIRSTW][ABCDGIRSTW]*\)[ ][ ]*\([_A-Za-z][_A-Za-z0-9]*\)$/\1 \2 \2/p' | sed '/ __gnu_lto/d' \> conftest.nm
configure:7156: $? = 0
configure:7222: gcc -o conftest -O2 -I/home/lcz/code/lede/staging_dir/host/include  -I/home/lcz/code/lede/staging_dir/host/include  -I/home/lcz/code/lede/staging_dir/host/include -L/home/lcz/code/lede/staging_dir/host/lib  -L/home/lcz/code/lede/staging_dir/host/lib conftest.c conftstm.o >&5
configure:7225: $? = 0
configure:7263: result: ok
configure:7300: checking for sysroot
configure:7330: result: no
configure:7407: gcc -c -O2 -I/home/lcz/code/lede/staging_dir/host/include  -I/home/lcz/code/lede/staging_dir/host/include  -I/home/lcz/code/lede/staging_dir/host/include conftest.c >&5
configure:7410: $? = 0
configure:7533: checking for x86_64-pc-linux-gnu-mt
configure:7563: result: no
configure:7573: checking for mt
configure:7589: found /bin/mt
configure:7600: result: mt
configure:7623: checking if mt is a manifest tool
configure:7629: mt '-?'
configure:7637: result: no
configure:8265: checking for ANSI C header files
configure:8285: gcc -c -O2 -I/home/lcz/code/lede/staging_dir/host/include  -I/home/lcz/code/lede/staging_dir/host/include  -I/home/lcz/code/lede/staging_dir/host/include conftest.c >&5
configure:8285: $? = 0
configure:8358: gcc -o conftest -O2 -I/home/lcz/code/lede/staging_dir/host/include  -I/home/lcz/code/lede/staging_dir/host/include  -I/home/lcz/code/lede/staging_dir/host/include -L/home/lcz/code/lede/staging_dir/host/lib  -L/home/lcz/code/lede/staging_dir/host/lib conftest.c  >&5
configure:8358: $? = 0
configure:8358: ./conftest
configure:8358: $? = 0
configure:8369: result: yes
configure:8382: checking for sys/types.h
configure:8382: gcc -c -O2 -I/home/lcz/code/lede/staging_dir/host/include  -I/home/lcz/code/lede/staging_dir/host/include  -I/home/lcz/code/lede/staging_dir/host/include conftest.c >&5
configure:8382: $? = 0
configure:8382: result: yes
configure:8382: checking for sys/stat.h
configure:8382: gcc -c -O2 -I/home/lcz/code/lede/staging_dir/host/include  -I/home/lcz/code/lede/staging_dir/host/include  -I/home/lcz/code/lede/staging_dir/host/include conftest.c >&5
configure:8382: $? = 0
configure:8382: result: yes
configure:8382: checking for stdlib.h
configure:8382: gcc -c -O2 -I/home/lcz/code/lede/staging_dir/host/include  -I/home/lcz/code/lede/staging_dir/host/include  -I/home/lcz/code/lede/staging_dir/host/include conftest.c >&5
configure:8382: $? = 0
configure:8382: result: yes
configure:8382: checking for string.h
configure:8382: gcc -c -O2 -I/home/lcz/code/lede/staging_dir/host/include  -I/home/lcz/code/lede/staging_dir/host/include  -I/home/lcz/code/lede/staging_dir/host/include conftest.c >&5
configure:8382: $? = 0
configure:8382: result: yes
configure:8382: checking for memory.h
configure:8382: gcc -c -O2 -I/home/lcz/code/lede/staging_dir/host/include  -I/home/lcz/code/lede/staging_dir/host/include  -I/home/lcz/code/lede/staging_dir/host/include conftest.c >&5
configure:8382: $? = 0
configure:8382: result: yes
configure:8382: checking for strings.h
configure:8382: gcc -c -O2 -I/home/lcz/code/lede/staging_dir/host/include  -I/home/lcz/code/lede/staging_dir/host/include  -I/home/lcz/code/lede/staging_dir/host/include conftest.c >&5
configure:8382: $? = 0
configure:8382: result: yes
configure:8382: checking for inttypes.h
configure:8382: gcc -c -O2 -I/home/lcz/code/lede/staging_dir/host/include  -I/home/lcz/code/lede/staging_dir/host/include  -I/home/lcz/code/lede/staging_dir/host/include conftest.c >&5
configure:8382: $? = 0
configure:8382: result: yes
configure:8382: checking for stdint.h
configure:8382: gcc -c -O2 -I/home/lcz/code/lede/staging_dir/host/include  -I/home/lcz/code/lede/staging_dir/host/include  -I/home/lcz/code/lede/staging_dir/host/include conftest.c >&5
configure:8382: $? = 0
configure:8382: result: yes
configure:8382: checking for unistd.h
configure:8382: gcc -c -O2 -I/home/lcz/code/lede/staging_dir/host/include  -I/home/lcz/code/lede/staging_dir/host/include  -I/home/lcz/code/lede/staging_dir/host/include conftest.c >&5
configure:8382: $? = 0
configure:8382: result: yes
configure:8396: checking for dlfcn.h
configure:8396: gcc -c -O2 -I/home/lcz/code/lede/staging_dir/host/include  -I/home/lcz/code/lede/staging_dir/host/include  -I/home/lcz/code/lede/staging_dir/host/include conftest.c >&5
configure:8396: $? = 0
configure:8396: result: yes
configure:8881: checking for objdir
configure:8896: result: .libs
configure:9162: checking if gcc supports -fno-rtti -fno-exceptions
configure:9180: gcc -c -O2 -I/home/lcz/code/lede/staging_dir/host/include  -I/home/lcz/code/lede/staging_dir/host/include  -I/home/lcz/code/lede/staging_dir/host/include -fno-rtti -fno-exceptions conftest.c >&5
cc1: warning: command line option '-fno-rtti' is valid for C++/D/ObjC++ but not for C
configure:9184: $? = 0
configure:9197: result: no
configure:9507: checking for gcc option to produce PIC
configure:9514: result: -fPIC -DPIC
configure:9522: checking if gcc PIC flag -fPIC -DPIC works
configure:9540: gcc -c -O2 -I/home/lcz/code/lede/staging_dir/host/include  -I/home/lcz/code/lede/staging_dir/host/include  -I/home/lcz/code/lede/staging_dir/host/include -fPIC -DPIC -DPIC conftest.c >&5
configure:9544: $? = 0
configure:9557: result: yes
configure:9586: checking if gcc static flag -static works
configure:9614: result: yes
configure:9629: checking if gcc supports -c -o file.o
configure:9650: gcc -c -O2 -I/home/lcz/code/lede/staging_dir/host/include  -I/home/lcz/code/lede/staging_dir/host/include  -I/home/lcz/code/lede/staging_dir/host/include -o out/conftest2.o conftest.c >&5
configure:9654: $? = 0
configure:9676: result: yes
configure:9684: checking if gcc supports -c -o file.o
configure:9731: result: yes
configure:9764: checking whether the gcc linker (/usr/bin/ld -m elf_x86_64) supports shared libraries
configure:10922: result: yes
configure:11167: checking dynamic linker characteristics
configure:11681: gcc -o conftest -O2 -I/home/lcz/code/lede/staging_dir/host/include  -I/home/lcz/code/lede/staging_dir/host/include  -I/home/lcz/code/lede/staging_dir/host/include -L/home/lcz/code/lede/staging_dir/host/lib  -L/home/lcz/code/lede/staging_dir/host/lib -Wl,-rpath -Wl,/foo conftest.c  >&5
configure:11681: $? = 0
configure:11903: result: GNU/Linux ld.so
configure:12010: checking how to hardcode library paths into programs
configure:12035: result: immediate
configure:12575: checking whether stripping libraries is possible
configure:12580: result: yes
configure:12615: checking if libtool supports shared libraries
configure:12617: result: yes
configure:12620: checking whether to build shared libraries
configure:12641: result: no
configure:12644: checking whether to build static libraries
configure:12648: result: yes
configure:12684: checking format of `double' floating point
configure:12720: gcc -o conftest -O2 -I/home/lcz/code/lede/staging_dir/host/include  -I/home/lcz/code/lede/staging_dir/host/include  -I/home/lcz/code/lede/staging_dir/host/include -L/home/lcz/code/lede/staging_dir/host/lib  -L/home/lcz/code/lede/staging_dir/host/lib conftest.c  >&5
configure:12720: $? = 0
configure:12720: ./conftest
configure:12720: $? = 1
configure: program exited with status 1
configure: failed program was:
| /* confdefs.h */
| #define PACKAGE_NAME "MPFR"
| #define PACKAGE_TARNAME "mpfr"
| #define PACKAGE_VERSION "4.0.1"
| #define PACKAGE_STRING "MPFR 4.0.1"
| #define PACKAGE_BUGREPORT ""
| #define PACKAGE_URL ""
| #define STDC_HEADERS 1
| #define HAVE_SYS_TYPES_H 1
| #define HAVE_SYS_STAT_H 1
| #define HAVE_STDLIB_H 1
| #define HAVE_STRING_H 1
| #define HAVE_MEMORY_H 1
| #define HAVE_STRINGS_H 1
| #define HAVE_INTTYPES_H 1
| #define HAVE_STDINT_H 1
| #define HAVE_UNISTD_H 1
| #define HAVE_DLFCN_H 1
| #define LT_OBJDIR ".libs/"
| /* end confdefs.h.  */
| 
| 
| int
| main ()
| {
| 
| union ieee_double_extract
| {
|   double d;
|   unsigned char x[8];
| } t;
| t.d = 2.877939254133025759330166692961938679218292236328125; /* exact */
| if (sizeof (double) != 8)
|    return 0;
| if (sizeof (unsigned char) != 1)
|    return 0;
| if (t.x[0] == 1 && t.x[1] == 2 && t.x[2] == 3 && t.x[3] == 4 &&
|     t.x[4] == 5 && t.x[5] == 6 && t.x[6] == 7 && t.x[7] == 64)
|    return 1; /* little endian */
| else if (t.x[7] == 1 && t.x[6] == 2 && t.x[5] == 3 && t.x[4] == 4 &&
|     t.x[3] == 5 && t.x[2] == 6 && t.x[1] == 7 && t.x[0] == 64)
|    return 2; /* big endian */
| else
|    return 0; /* unknown */
| 
|   ;
|   return 0;
| }
configure:12730: result: IEEE little endian
configure:12826: checking for ICC
configure:12844: gcc -c -O2 -I/home/lcz/code/lede/staging_dir/host/include  -I/home/lcz/code/lede/staging_dir/host/include  -I/home/lcz/code/lede/staging_dir/host/include conftest.c >&5
conftest.c:24:3: error: #error "Not ICC"
   24 | # error "Not ICC"
      |   ^~~~~
conftest.c:25:6: error: expected ';' before 'int'
   25 | error
      |      ^
      |      ;
......
   28 | int
      | ~~~   
configure:12844: $? = 1
configure: failed program was:
| /* confdefs.h */
| #define PACKAGE_NAME "MPFR"
| #define PACKAGE_TARNAME "mpfr"
| #define PACKAGE_VERSION "4.0.1"
| #define PACKAGE_STRING "MPFR 4.0.1"
| #define PACKAGE_BUGREPORT ""
| #define PACKAGE_URL ""
| #define STDC_HEADERS 1
| #define HAVE_SYS_TYPES_H 1
| #define HAVE_SYS_STAT_H 1
| #define HAVE_STDLIB_H 1
| #define HAVE_STRING_H 1
| #define HAVE_MEMORY_H 1
| #define HAVE_STRINGS_H 1
| #define HAVE_INTTYPES_H 1
| #define HAVE_STDINT_H 1
| #define HAVE_UNISTD_H 1
| #define HAVE_DLFCN_H 1
| #define LT_OBJDIR ".libs/"
| #define HAVE_DOUBLE_IEEE_LITTLE_ENDIAN 1
| /* end confdefs.h.  */
| 
| #if !defined(__ICC)
| # error "Not ICC"
| error
| #endif
| 
| int
| main ()
| {
| 
|   ;
|   return 0;
| }
configure:12851: result: no
configure:12929: checking for an ANSI C-conforming const
configure:12995: gcc -c -O2 -I/home/lcz/code/lede/staging_dir/host/include  -I/home/lcz/code/lede/staging_dir/host/include  -I/home/lcz/code/lede/staging_dir/host/include conftest.c >&5
configure:12995: $? = 0
configure:13002: result: yes
configure:13010: checking for working volatile
configure:13029: gcc -c -O2 -I/home/lcz/code/lede/staging_dir/host/include  -I/home/lcz/code/lede/staging_dir/host/include  -I/home/lcz/code/lede/staging_dir/host/include conftest.c >&5
configure:13029: $? = 0
configure:13036: result: yes
configure:13044: checking whether byte ordering is bigendian
configure:13059: gcc -c -O2 -I/home/lcz/code/lede/staging_dir/host/include  -I/home/lcz/code/lede/staging_dir/host/include  -I/home/lcz/code/lede/staging_dir/host/include conftest.c >&5
conftest.c:23:9: error: unknown type name 'not'
   23 |         not a universal capable compiler
      |         ^~~
conftest.c:23:15: error: expected '=', ',', ';', 'asm' or '__attribute__' before 'universal'
   23 |         not a universal capable compiler
      |               ^~~~~~~~~
conftest.c:23:15: error: unknown type name 'universal'
configure:13059: $? = 1
configure: failed program was:
| /* confdefs.h */
| #define PACKAGE_NAME "MPFR"
| #define PACKAGE_TARNAME "mpfr"
| #define PACKAGE_VERSION "4.0.1"
| #define PACKAGE_STRING "MPFR 4.0.1"
| #define PACKAGE_BUGREPORT ""
| #define PACKAGE_URL ""
| #define STDC_HEADERS 1
| #define HAVE_SYS_TYPES_H 1
| #define HAVE_SYS_STAT_H 1
| #define HAVE_STDLIB_H 1
| #define HAVE_STRING_H 1
| #define HAVE_MEMORY_H 1
| #define HAVE_STRINGS_H 1
| #define HAVE_INTTYPES_H 1
| #define HAVE_STDINT_H 1
| #define HAVE_UNISTD_H 1
| #define HAVE_DLFCN_H 1
| #define LT_OBJDIR ".libs/"
| #define HAVE_DOUBLE_IEEE_LITTLE_ENDIAN 1
| /* end confdefs.h.  */
| #ifndef __APPLE_CC__
| 	       not a universal capable compiler
| 	     #endif
| 	     typedef int dummy;
| 
configure:13104: gcc -c -O2 -I/home/lcz/code/lede/staging_dir/host/include  -I/home/lcz/code/lede/staging_dir/host/include  -I/home/lcz/code/lede/staging_dir/host/include conftest.c >&5
configure:13104: $? = 0
configure:13122: gcc -c -O2 -I/home/lcz/code/lede/staging_dir/host/include  -I/home/lcz/code/lede/staging_dir/host/include  -I/home/lcz/code/lede/staging_dir/host/include conftest.c >&5
conftest.c: In function 'main':
conftest.c:29:4: error: unknown type name 'not'; did you mean 'ino_t'?
   29 |    not big endian
      |    ^~~
      |    ino_t
conftest.c:29:12: error: expected '=', ',', ';', 'asm' or '__attribute__' before 'endian'
   29 |    not big endian
      |            ^~~~~~
configure:13122: $? = 1
configure: failed program was:
| /* confdefs.h */
| #define PACKAGE_NAME "MPFR"
| #define PACKAGE_TARNAME "mpfr"
| #define PACKAGE_VERSION "4.0.1"
| #define PACKAGE_STRING "MPFR 4.0.1"
| #define PACKAGE_BUGREPORT ""
| #define PACKAGE_URL ""
| #define STDC_HEADERS 1
| #define HAVE_SYS_TYPES_H 1
| #define HAVE_SYS_STAT_H 1
| #define HAVE_STDLIB_H 1
| #define HAVE_STRING_H 1
| #define HAVE_MEMORY_H 1
| #define HAVE_STRINGS_H 1
| #define HAVE_INTTYPES_H 1
| #define HAVE_STDINT_H 1
| #define HAVE_UNISTD_H 1
| #define HAVE_DLFCN_H 1
| #define LT_OBJDIR ".libs/"
| #define HAVE_DOUBLE_IEEE_LITTLE_ENDIAN 1
| /* end confdefs.h.  */
| #include <sys/types.h>
| 		#include <sys/param.h>
| 
| int
| main ()
| {
| #if BYTE_ORDER != BIG_ENDIAN
| 		 not big endian
| 		#endif
| 
|   ;
|   return 0;
| }
configure:13250: result: no
configure:13425: checking for main in -lm
configure:13444: gcc -o conftest -O2 -I/home/lcz/code/lede/staging_dir/host/include  -I/home/lcz/code/lede/staging_dir/host/include  -I/home/lcz/code/lede/staging_dir/host/include -L/home/lcz/code/lede/staging_dir/host/lib  -L/home/lcz/code/lede/staging_dir/host/lib conftest.c -lm   >&5
configure:13444: $? = 0
configure:13453: result: yes
configure:13467: checking for main in -lquadmath
configure:13486: gcc -o conftest -O2 -I/home/lcz/code/lede/staging_dir/host/include  -I/home/lcz/code/lede/staging_dir/host/include  -I/home/lcz/code/lede/staging_dir/host/include -L/home/lcz/code/lede/staging_dir/host/lib  -L/home/lcz/code/lede/staging_dir/host/lib conftest.c -lquadmath   >&5
configure:13486: $? = 0
configure:13495: result: yes
configure:13504: checking whether time.h and sys/time.h may both be included
configure:13524: gcc -c -O2 -I/home/lcz/code/lede/staging_dir/host/include  -I/home/lcz/code/lede/staging_dir/host/include  -I/home/lcz/code/lede/staging_dir/host/include conftest.c >&5
configure:13524: $? = 0
configure:13531: result: yes
configure:13539: checking for size_t
configure:13539: gcc -c -O2 -I/home/lcz/code/lede/staging_dir/host/include  -I/home/lcz/code/lede/staging_dir/host/include  -I/home/lcz/code/lede/staging_dir/host/include conftest.c >&5
configure:13539: $? = 0
configure:13539: gcc -c -O2 -I/home/lcz/code/lede/staging_dir/host/include  -I/home/lcz/code/lede/staging_dir/host/include  -I/home/lcz/code/lede/staging_dir/host/include conftest.c >&5
conftest.c: In function 'main':
conftest.c:60:21: error: expected expression before ')' token
   60 | if (sizeof ((size_t)))
      |                     ^
configure:13539: $? = 1
configure: failed program was:
| /* confdefs.h */
| #define PACKAGE_NAME "MPFR"
| #define PACKAGE_TARNAME "mpfr"
| #define PACKAGE_VERSION "4.0.1"
| #define PACKAGE_STRING "MPFR 4.0.1"
| #define PACKAGE_BUGREPORT ""
| #define PACKAGE_URL ""
| #define STDC_HEADERS 1
| #define HAVE_SYS_TYPES_H 1
| #define HAVE_SYS_STAT_H 1
| #define HAVE_STDLIB_H 1
| #define HAVE_STRING_H 1
| #define HAVE_MEMORY_H 1
| #define HAVE_STRINGS_H 1
| #define HAVE_INTTYPES_H 1
| #define HAVE_STDINT_H 1
| #define HAVE_UNISTD_H 1
| #define HAVE_DLFCN_H 1
| #define LT_OBJDIR ".libs/"
| #define HAVE_DOUBLE_IEEE_LITTLE_ENDIAN 1
| #define HAVE_LITTLE_ENDIAN 1
| #define TIME_WITH_SYS_TIME 1
| /* end confdefs.h.  */
| #include <stdio.h>
| #ifdef HAVE_SYS_TYPES_H
| # include <sys/types.h>
| #endif
| #ifdef HAVE_SYS_STAT_H
| # include <sys/stat.h>
| #endif
| #ifdef STDC_HEADERS
| # include <stdlib.h>
| # include <stddef.h>
| #else
| # ifdef HAVE_STDLIB_H
| #  include <stdlib.h>
| # endif
| #endif
| #ifdef HAVE_STRING_H
| # if !defined STDC_HEADERS && defined HAVE_MEMORY_H
| #  include <memory.h>
| # endif
| # include <string.h>
| #endif
| #ifdef HAVE_STRINGS_H
| # include <strings.h>
| #endif
| #ifdef HAVE_INTTYPES_H
| # include <inttypes.h>
| #endif
| #ifdef HAVE_STDINT_H
| # include <stdint.h>
| #endif
| #ifdef HAVE_UNISTD_H
| # include <unistd.h>
| #endif
| int
| main ()
| {
| if (sizeof ((size_t)))
| 	    return 0;
|   ;
|   return 0;
| }
configure:13539: result: yes
configure:13557: checking limits.h usability
configure:13557: gcc -c -O2 -I/home/lcz/code/lede/staging_dir/host/include  -I/home/lcz/code/lede/staging_dir/host/include  -I/home/lcz/code/lede/staging_dir/host/include conftest.c >&5
configure:13557: $? = 0
configure:13557: result: yes
configure:13557: checking limits.h presence
configure:13557: gcc -E -I/home/lcz/code/lede/staging_dir/host/include  -I/home/lcz/code/lede/staging_dir/host/include conftest.c
configure:13557: $? = 0
configure:13557: result: yes
configure:13557: checking for limits.h
configure:13557: result: yes
configure:13565: checking float.h usability
configure:13565: gcc -c -O2 -I/home/lcz/code/lede/staging_dir/host/include  -I/home/lcz/code/lede/staging_dir/host/include  -I/home/lcz/code/lede/staging_dir/host/include conftest.c >&5
configure:13565: $? = 0
configure:13565: result: yes
configure:13565: checking float.h presence
configure:13565: gcc -E -I/home/lcz/code/lede/staging_dir/host/include  -I/home/lcz/code/lede/staging_dir/host/include conftest.c
configure:13565: $? = 0
configure:13565: result: yes
configure:13565: checking for float.h
configure:13565: result: yes
configure:13573: checking for string.h
configure:13573: result: yes
configure:13584: checking locale.h usability
configure:13584: gcc -c -O2 -I/home/lcz/code/lede/staging_dir/host/include  -I/home/lcz/code/lede/staging_dir/host/include  -I/home/lcz/code/lede/staging_dir/host/include conftest.c >&5
configure:13584: $? = 0
configure:13584: result: yes
configure:13584: checking locale.h presence
configure:13584: gcc -E -I/home/lcz/code/lede/staging_dir/host/include  -I/home/lcz/code/lede/staging_dir/host/include conftest.c
configure:13584: $? = 0
configure:13584: result: yes
configure:13584: checking for locale.h
configure:13584: result: yes
configure:13597: checking wchar.h usability
configure:13597: gcc -c -O2 -I/home/lcz/code/lede/staging_dir/host/include  -I/home/lcz/code/lede/staging_dir/host/include  -I/home/lcz/code/lede/staging_dir/host/include conftest.c >&5
configure:13597: $? = 0
configure:13597: result: yes
configure:13597: checking wchar.h presence
configure:13597: gcc -E -I/home/lcz/code/lede/staging_dir/host/include  -I/home/lcz/code/lede/staging_dir/host/include conftest.c
configure:13597: $? = 0
configure:13597: result: yes
configure:13597: checking for wchar.h
configure:13597: result: yes
configure:13608: checking stdarg.h usability
configure:13608: gcc -c -O2 -I/home/lcz/code/lede/staging_dir/host/include  -I/home/lcz/code/lede/staging_dir/host/include  -I/home/lcz/code/lede/staging_dir/host/include conftest.c >&5
configure:13608: $? = 0
configure:13608: result: yes
configure:13608: checking stdarg.h presence
configure:13608: gcc -E -I/home/lcz/code/lede/staging_dir/host/include  -I/home/lcz/code/lede/staging_dir/host/include conftest.c
configure:13608: $? = 0
configure:13608: result: yes
configure:13608: checking for stdarg.h
configure:13608: result: yes
configure:13629: checking sys/time.h usability
configure:13629: gcc -c -O2 -I/home/lcz/code/lede/staging_dir/host/include  -I/home/lcz/code/lede/staging_dir/host/include  -I/home/lcz/code/lede/staging_dir/host/include conftest.c >&5
configure:13629: $? = 0
configure:13629: result: yes
configure:13629: checking sys/time.h presence
configure:13629: gcc -E -I/home/lcz/code/lede/staging_dir/host/include  -I/home/lcz/code/lede/staging_dir/host/include conftest.c
configure:13629: $? = 0
configure:13629: result: yes
configure:13629: checking for sys/time.h
configure:13629: result: yes
configure:13629: checking sys/fpu.h usability
configure:13629: gcc -c -O2 -I/home/lcz/code/lede/staging_dir/host/include  -I/home/lcz/code/lede/staging_dir/host/include  -I/home/lcz/code/lede/staging_dir/host/include conftest.c >&5
conftest.c:61:10: fatal error: sys/fpu.h: No such file or directory
   61 | #include <sys/fpu.h>
      |          ^~~~~~~~~~~
compilation terminated.
configure:13629: $? = 1
configure: failed program was:
| /* confdefs.h */
| #define PACKAGE_NAME "MPFR"
| #define PACKAGE_TARNAME "mpfr"
| #define PACKAGE_VERSION "4.0.1"
| #define PACKAGE_STRING "MPFR 4.0.1"
| #define PACKAGE_BUGREPORT ""
| #define PACKAGE_URL ""
| #define STDC_HEADERS 1
| #define HAVE_SYS_TYPES_H 1
| #define HAVE_SYS_STAT_H 1
| #define HAVE_STDLIB_H 1
| #define HAVE_STRING_H 1
| #define HAVE_MEMORY_H 1
| #define HAVE_STRINGS_H 1
| #define HAVE_INTTYPES_H 1
| #define HAVE_STDINT_H 1
| #define HAVE_UNISTD_H 1
| #define HAVE_DLFCN_H 1
| #define LT_OBJDIR ".libs/"
| #define HAVE_DOUBLE_IEEE_LITTLE_ENDIAN 1
| #define HAVE_LITTLE_ENDIAN 1
| #define TIME_WITH_SYS_TIME 1
| #define HAVE_LOCALE_H 1
| #define HAVE_WCHAR_H 1
| #define HAVE_STDARG 1
| #define HAVE_SYS_TIME_H 1
| /* end confdefs.h.  */
| #include <stdio.h>
| #ifdef HAVE_SYS_TYPES_H
| # include <sys/types.h>
| #endif
| #ifdef HAVE_SYS_STAT_H
| # include <sys/stat.h>
| #endif
| #ifdef STDC_HEADERS
| # include <stdlib.h>
| # include <stddef.h>
| #else
| # ifdef HAVE_STDLIB_H
| #  include <stdlib.h>
| # endif
| #endif
| #ifdef HAVE_STRING_H
| # if !defined STDC_HEADERS && defined HAVE_MEMORY_H
| #  include <memory.h>
| # endif
| # include <string.h>
| #endif
| #ifdef HAVE_STRINGS_H
| # include <strings.h>
| #endif
| #ifdef HAVE_INTTYPES_H
| # include <inttypes.h>
| #endif
| #ifdef HAVE_STDINT_H
| # include <stdint.h>
| #endif
| #ifdef HAVE_UNISTD_H
| # include <unistd.h>
| #endif
| #include <sys/fpu.h>
configure:13629: result: no
configure:13629: checking sys/fpu.h presence
configure:13629: gcc -E -I/home/lcz/code/lede/staging_dir/host/include  -I/home/lcz/code/lede/staging_dir/host/include conftest.c
conftest.c:28:10: fatal error: sys/fpu.h: No such file or directory
   28 | #include <sys/fpu.h>
      |          ^~~~~~~~~~~
compilation terminated.
configure:13629: $? = 1
configure: failed program was:
| /* confdefs.h */
| #define PACKAGE_NAME "MPFR"
| #define PACKAGE_TARNAME "mpfr"
| #define PACKAGE_VERSION "4.0.1"
| #define PACKAGE_STRING "MPFR 4.0.1"
| #define PACKAGE_BUGREPORT ""
| #define PACKAGE_URL ""
| #define STDC_HEADERS 1
| #define HAVE_SYS_TYPES_H 1
| #define HAVE_SYS_STAT_H 1
| #define HAVE_STDLIB_H 1
| #define HAVE_STRING_H 1
| #define HAVE_MEMORY_H 1
| #define HAVE_STRINGS_H 1
| #define HAVE_INTTYPES_H 1
| #define HAVE_STDINT_H 1
| #define HAVE_UNISTD_H 1
| #define HAVE_DLFCN_H 1
| #define LT_OBJDIR ".libs/"
| #define HAVE_DOUBLE_IEEE_LITTLE_ENDIAN 1
| #define HAVE_LITTLE_ENDIAN 1
| #define TIME_WITH_SYS_TIME 1
| #define HAVE_LOCALE_H 1
| #define HAVE_WCHAR_H 1
| #define HAVE_STDARG 1
| #define HAVE_SYS_TIME_H 1
| /* end confdefs.h.  */
| #include <sys/fpu.h>
configure:13629: result: no
configure:13629: checking for sys/fpu.h
configure:13629: result: no
configure:13640: checking for struct lconv.decimal_point
configure:13640: gcc -c -O2 -I/home/lcz/code/lede/staging_dir/host/include  -I/home/lcz/code/lede/staging_dir/host/include  -I/home/lcz/code/lede/staging_dir/host/include conftest.c >&5
configure:13640: $? = 0
configure:13640: result: yes
configure:13650: checking for struct lconv.thousands_sep
configure:13650: gcc -c -O2 -I/home/lcz/code/lede/staging_dir/host/include  -I/home/lcz/code/lede/staging_dir/host/include  -I/home/lcz/code/lede/staging_dir/host/include conftest.c >&5
configure:13650: $? = 0
configure:13650: result: yes
configure:13664: checking for working alloca.h
configure:13681: gcc -o conftest -O2 -I/home/lcz/code/lede/staging_dir/host/include  -I/home/lcz/code/lede/staging_dir/host/include  -I/home/lcz/code/lede/staging_dir/host/include -L/home/lcz/code/lede/staging_dir/host/lib  -L/home/lcz/code/lede/staging_dir/host/lib conftest.c  >&5
configure:13681: $? = 0
configure:13689: result: yes
configure:13697: checking for alloca
configure:13734: gcc -o conftest -O2 -I/home/lcz/code/lede/staging_dir/host/include  -I/home/lcz/code/lede/staging_dir/host/include  -I/home/lcz/code/lede/staging_dir/host/include -L/home/lcz/code/lede/staging_dir/host/lib  -L/home/lcz/code/lede/staging_dir/host/lib conftest.c  >&5
configure:13734: $? = 0
configure:13742: result: yes
configure:13849: checking how to copy va_list
configure:13867: gcc -o conftest -O2 -I/home/lcz/code/lede/staging_dir/host/include  -I/home/lcz/code/lede/staging_dir/host/include  -I/home/lcz/code/lede/staging_dir/host/include -L/home/lcz/code/lede/staging_dir/host/lib  -L/home/lcz/code/lede/staging_dir/host/lib conftest.c  >&5
configure:13867: $? = 0
configure:13869: result: va_copy
configure:13908: checking for memmove
configure:13908: gcc -o conftest -O2 -I/home/lcz/code/lede/staging_dir/host/include  -I/home/lcz/code/lede/staging_dir/host/include  -I/home/lcz/code/lede/staging_dir/host/include -L/home/lcz/code/lede/staging_dir/host/lib  -L/home/lcz/code/lede/staging_dir/host/lib conftest.c  >&5
conftest.c:56:6: warning: conflicting types for built-in function 'memmove'; expected 'void *(void *, const void *, long unsigned int)' [-Wbuiltin-declaration-mismatch]
   56 | char memmove ();
      |      ^~~~~~~
conftest.c:44:1: note: 'memmove' is declared in header '<string.h>'
   43 | # include <limits.h>
   44 | #else
configure:13908: $? = 0
configure:13908: result: yes
configure:13908: checking for memset
configure:13908: gcc -o conftest -O2 -I/home/lcz/code/lede/staging_dir/host/include  -I/home/lcz/code/lede/staging_dir/host/include  -I/home/lcz/code/lede/staging_dir/host/include -L/home/lcz/code/lede/staging_dir/host/lib  -L/home/lcz/code/lede/staging_dir/host/lib conftest.c  >&5
conftest.c:57:6: warning: conflicting types for built-in function 'memset'; expected 'void *(void *, int,  long unsigned int)' [-Wbuiltin-declaration-mismatch]
   57 | char memset ();
      |      ^~~~~~
conftest.c:45:1: note: 'memset' is declared in header '<string.h>'
   44 | # include <limits.h>
   45 | #else
configure:13908: $? = 0
configure:13908: result: yes
configure:13908: checking for setlocale
configure:13908: gcc -o conftest -O2 -I/home/lcz/code/lede/staging_dir/host/include  -I/home/lcz/code/lede/staging_dir/host/include  -I/home/lcz/code/lede/staging_dir/host/include -L/home/lcz/code/lede/staging_dir/host/lib  -L/home/lcz/code/lede/staging_dir/host/lib conftest.c  >&5
configure:13908: $? = 0
configure:13908: result: yes
configure:13908: checking for strtol
configure:13908: gcc -o conftest -O2 -I/home/lcz/code/lede/staging_dir/host/include  -I/home/lcz/code/lede/staging_dir/host/include  -I/home/lcz/code/lede/staging_dir/host/include -L/home/lcz/code/lede/staging_dir/host/lib  -L/home/lcz/code/lede/staging_dir/host/lib conftest.c  >&5
configure:13908: $? = 0
configure:13908: result: yes
configure:13908: checking for gettimeofday
configure:13908: gcc -o conftest -O2 -I/home/lcz/code/lede/staging_dir/host/include  -I/home/lcz/code/lede/staging_dir/host/include  -I/home/lcz/code/lede/staging_dir/host/include -L/home/lcz/code/lede/staging_dir/host/lib  -L/home/lcz/code/lede/staging_dir/host/lib conftest.c  >&5
configure:13908: $? = 0
configure:13908: result: yes
configure:13908: checking for signal
configure:13908: gcc -o conftest -O2 -I/home/lcz/code/lede/staging_dir/host/include  -I/home/lcz/code/lede/staging_dir/host/include  -I/home/lcz/code/lede/staging_dir/host/include -L/home/lcz/code/lede/staging_dir/host/lib  -L/home/lcz/code/lede/staging_dir/host/lib conftest.c  >&5
configure:13908: $? = 0
configure:13908: result: yes
configure:13918: checking for sigaction and its associated structure
configure:13937: gcc -o conftest -O2 -I/home/lcz/code/lede/staging_dir/host/include  -I/home/lcz/code/lede/staging_dir/host/include  -I/home/lcz/code/lede/staging_dir/host/include -L/home/lcz/code/lede/staging_dir/host/lib  -L/home/lcz/code/lede/staging_dir/host/lib conftest.c  >&5
configure:13937: $? = 0
configure:13939: result: yes
configure:13952: checking for long long int
configure:13952: gcc -c -O2 -I/home/lcz/code/lede/staging_dir/host/include  -I/home/lcz/code/lede/staging_dir/host/include  -I/home/lcz/code/lede/staging_dir/host/include conftest.c >&5
configure:13952: $? = 0
configure:13952: gcc -c -O2 -I/home/lcz/code/lede/staging_dir/host/include  -I/home/lcz/code/lede/staging_dir/host/include  -I/home/lcz/code/lede/staging_dir/host/include conftest.c >&5
conftest.c: In function 'main':
conftest.c:76:28: error: expected expression before ')' token
   76 | if (sizeof ((long long int)))
      |                            ^
configure:13952: $? = 1
configure: failed program was:
| /* confdefs.h */
| #define PACKAGE_NAME "MPFR"
| #define PACKAGE_TARNAME "mpfr"
| #define PACKAGE_VERSION "4.0.1"
| #define PACKAGE_STRING "MPFR 4.0.1"
| #define PACKAGE_BUGREPORT ""
| #define PACKAGE_URL ""
| #define STDC_HEADERS 1
| #define HAVE_SYS_TYPES_H 1
| #define HAVE_SYS_STAT_H 1
| #define HAVE_STDLIB_H 1
| #define HAVE_STRING_H 1
| #define HAVE_MEMORY_H 1
| #define HAVE_STRINGS_H 1
| #define HAVE_INTTYPES_H 1
| #define HAVE_STDINT_H 1
| #define HAVE_UNISTD_H 1
| #define HAVE_DLFCN_H 1
| #define LT_OBJDIR ".libs/"
| #define HAVE_DOUBLE_IEEE_LITTLE_ENDIAN 1
| #define HAVE_LITTLE_ENDIAN 1
| #define TIME_WITH_SYS_TIME 1
| #define HAVE_LOCALE_H 1
| #define HAVE_WCHAR_H 1
| #define HAVE_STDARG 1
| #define HAVE_SYS_TIME_H 1
| #define HAVE_STRUCT_LCONV_DECIMAL_POINT 1
| #define HAVE_STRUCT_LCONV_THOUSANDS_SEP 1
| #define HAVE_ALLOCA_H 1
| #define HAVE_ALLOCA 1
| #define HAVE_VA_COPY 1
| #define HAVE_MEMMOVE 1
| #define HAVE_MEMSET 1
| #define HAVE_SETLOCALE 1
| #define HAVE_STRTOL 1
| #define HAVE_GETTIMEOFDAY 1
| #define HAVE_SIGNAL 1
| #define HAVE_SIGACTION 1
| /* end confdefs.h.  */
| #include <stdio.h>
| #ifdef HAVE_SYS_TYPES_H
| # include <sys/types.h>
| #endif
| #ifdef HAVE_SYS_STAT_H
| # include <sys/stat.h>
| #endif
| #ifdef STDC_HEADERS
| # include <stdlib.h>
| # include <stddef.h>
| #else
| # ifdef HAVE_STDLIB_H
| #  include <stdlib.h>
| # endif
| #endif
| #ifdef HAVE_STRING_H
| # if !defined STDC_HEADERS && defined HAVE_MEMORY_H
| #  include <memory.h>
| # endif
| # include <string.h>
| #endif
| #ifdef HAVE_STRINGS_H
| # include <strings.h>
| #endif
| #ifdef HAVE_INTTYPES_H
| # include <inttypes.h>
| #endif
| #ifdef HAVE_STDINT_H
| # include <stdint.h>
| #endif
| #ifdef HAVE_UNISTD_H
| # include <unistd.h>
| #endif
| int
| main ()
| {
| if (sizeof ((long long int)))
| 	    return 0;
|   ;
|   return 0;
| }
configure:13952: result: yes
configure:13960: checking for intmax_t
configure:13960: gcc -c -O2 -I/home/lcz/code/lede/staging_dir/host/include  -I/home/lcz/code/lede/staging_dir/host/include  -I/home/lcz/code/lede/staging_dir/host/include conftest.c >&5
configure:13960: $? = 0
configure:13960: gcc -c -O2 -I/home/lcz/code/lede/staging_dir/host/include  -I/home/lcz/code/lede/staging_dir/host/include  -I/home/lcz/code/lede/staging_dir/host/include conftest.c >&5
conftest.c: In function 'main':
conftest.c:77:23: error: expected expression before ')' token
   77 | if (sizeof ((intmax_t)))
      |                       ^
configure:13960: $? = 1
configure: failed program was:
| /* confdefs.h */
| #define PACKAGE_NAME "MPFR"
| #define PACKAGE_TARNAME "mpfr"
| #define PACKAGE_VERSION "4.0.1"
| #define PACKAGE_STRING "MPFR 4.0.1"
| #define PACKAGE_BUGREPORT ""
| #define PACKAGE_URL ""
| #define STDC_HEADERS 1
| #define HAVE_SYS_TYPES_H 1
| #define HAVE_SYS_STAT_H 1
| #define HAVE_STDLIB_H 1
| #define HAVE_STRING_H 1
| #define HAVE_MEMORY_H 1
| #define HAVE_STRINGS_H 1
| #define HAVE_INTTYPES_H 1
| #define HAVE_STDINT_H 1
| #define HAVE_UNISTD_H 1
| #define HAVE_DLFCN_H 1
| #define LT_OBJDIR ".libs/"
| #define HAVE_DOUBLE_IEEE_LITTLE_ENDIAN 1
| #define HAVE_LITTLE_ENDIAN 1
| #define TIME_WITH_SYS_TIME 1
| #define HAVE_LOCALE_H 1
| #define HAVE_WCHAR_H 1
| #define HAVE_STDARG 1
| #define HAVE_SYS_TIME_H 1
| #define HAVE_STRUCT_LCONV_DECIMAL_POINT 1
| #define HAVE_STRUCT_LCONV_THOUSANDS_SEP 1
| #define HAVE_ALLOCA_H 1
| #define HAVE_ALLOCA 1
| #define HAVE_VA_COPY 1
| #define HAVE_MEMMOVE 1
| #define HAVE_MEMSET 1
| #define HAVE_SETLOCALE 1
| #define HAVE_STRTOL 1
| #define HAVE_GETTIMEOFDAY 1
| #define HAVE_SIGNAL 1
| #define HAVE_SIGACTION 1
| #define HAVE_LONG_LONG 1
| /* end confdefs.h.  */
| #include <stdio.h>
| #ifdef HAVE_SYS_TYPES_H
| # include <sys/types.h>
| #endif
| #ifdef HAVE_SYS_STAT_H
| # include <sys/stat.h>
| #endif
| #ifdef STDC_HEADERS
| # include <stdlib.h>
| # include <stddef.h>
| #else
| # ifdef HAVE_STDLIB_H
| #  include <stdlib.h>
| # endif
| #endif
| #ifdef HAVE_STRING_H
| # if !defined STDC_HEADERS && defined HAVE_MEMORY_H
| #  include <memory.h>
| # endif
| # include <string.h>
| #endif
| #ifdef HAVE_STRINGS_H
| # include <strings.h>
| #endif
| #ifdef HAVE_INTTYPES_H
| # include <inttypes.h>
| #endif
| #ifdef HAVE_STDINT_H
| # include <stdint.h>
| #endif
| #ifdef HAVE_UNISTD_H
| # include <unistd.h>
| #endif
| int
| main ()
| {
| if (sizeof ((intmax_t)))
| 	    return 0;
|   ;
|   return 0;
| }
configure:13960: result: yes
configure:13971: checking for working INTMAX_MAX
configure:13991: gcc -c -O2 -I/home/lcz/code/lede/staging_dir/host/include  -I/home/lcz/code/lede/staging_dir/host/include  -I/home/lcz/code/lede/staging_dir/host/include -I./src conftest.c >&5
configure:13991: $? = 0
configure:14000: result: yes
configure:14007: checking for working printf length modifier for intmax_t
configure:14041: gcc -o conftest -O2 -I/home/lcz/code/lede/staging_dir/host/include  -I/home/lcz/code/lede/staging_dir/host/include  -I/home/lcz/code/lede/staging_dir/host/include -I./src -L/home/lcz/code/lede/staging_dir/host/lib  -L/home/lcz/code/lede/staging_dir/host/lib conftest.c  >&5
configure:14041: $? = 0
configure:14041: ./conftest
configure:14041: $? = 0
configure:14054: result: j
configure:14065: checking for union fpc_csr
configure:14065: gcc -c -O2 -I/home/lcz/code/lede/staging_dir/host/include  -I/home/lcz/code/lede/staging_dir/host/include  -I/home/lcz/code/lede/staging_dir/host/include conftest.c >&5
conftest.c: In function 'main':
conftest.c:53:13: error: invalid application of 'sizeof' to incomplete type 'union fpc_csr'
   53 | if (sizeof (union fpc_csr))
      |             ^~~~~
configure:14065: $? = 1
configure: failed program was:
| /* confdefs.h */
| #define PACKAGE_NAME "MPFR"
| #define PACKAGE_TARNAME "mpfr"
| #define PACKAGE_VERSION "4.0.1"
| #define PACKAGE_STRING "MPFR 4.0.1"
| #define PACKAGE_BUGREPORT ""
| #define PACKAGE_URL ""
| #define STDC_HEADERS 1
| #define HAVE_SYS_TYPES_H 1
| #define HAVE_SYS_STAT_H 1
| #define HAVE_STDLIB_H 1
| #define HAVE_STRING_H 1
| #define HAVE_MEMORY_H 1
| #define HAVE_STRINGS_H 1
| #define HAVE_INTTYPES_H 1
| #define HAVE_STDINT_H 1
| #define HAVE_UNISTD_H 1
| #define HAVE_DLFCN_H 1
| #define LT_OBJDIR ".libs/"
| #define HAVE_DOUBLE_IEEE_LITTLE_ENDIAN 1
| #define HAVE_LITTLE_ENDIAN 1
| #define TIME_WITH_SYS_TIME 1
| #define HAVE_LOCALE_H 1
| #define HAVE_WCHAR_H 1
| #define HAVE_STDARG 1
| #define HAVE_SYS_TIME_H 1
| #define HAVE_STRUCT_LCONV_DECIMAL_POINT 1
| #define HAVE_STRUCT_LCONV_THOUSANDS_SEP 1
| #define HAVE_ALLOCA_H 1
| #define HAVE_ALLOCA 1
| #define HAVE_VA_COPY 1
| #define HAVE_MEMMOVE 1
| #define HAVE_MEMSET 1
| #define HAVE_SETLOCALE 1
| #define HAVE_STRTOL 1
| #define HAVE_GETTIMEOFDAY 1
| #define HAVE_SIGNAL 1
| #define HAVE_SIGACTION 1
| #define HAVE_LONG_LONG 1
| #define HAVE_INTMAX_T 1
| #define MPFR_HAVE_INTMAX_MAX 1
| #define MPFR_PRINTF_MAXLM "j"
| /* end confdefs.h.  */
| 
| #if HAVE_SYS_FPU_H
| #  include <sys/fpu.h>
| #endif
| 
| 
| int
| main ()
| {
| if (sizeof (union fpc_csr))
| 	 return 0;
|   ;
|   return 0;
| }
configure:14065: result: no
configure:14078: checking for _Noreturn
configure:14088: gcc -c -O2 -I/home/lcz/code/lede/staging_dir/host/include  -I/home/lcz/code/lede/staging_dir/host/include  -I/home/lcz/code/lede/staging_dir/host/include conftest.c >&5
configure:14088: $? = 0
configure:14096: result: yes
configure:14104: checking for __builtin_unreachable
configure:14122: gcc -o conftest -O2 -I/home/lcz/code/lede/staging_dir/host/include  -I/home/lcz/code/lede/staging_dir/host/include  -I/home/lcz/code/lede/staging_dir/host/include -L/home/lcz/code/lede/staging_dir/host/lib  -L/home/lcz/code/lede/staging_dir/host/lib conftest.c  >&5
configure:14122: $? = 0
configure:14131: result: yes
configure:14140: checking for constructor and destructor attributes
configure:14162: gcc -o conftest -O2 -I/home/lcz/code/lede/staging_dir/host/include  -I/home/lcz/code/lede/staging_dir/host/include  -I/home/lcz/code/lede/staging_dir/host/include -L/home/lcz/code/lede/staging_dir/host/lib  -L/home/lcz/code/lede/staging_dir/host/lib conftest.c  >&5
configure:14162: $? = 0
configure:14163: result: yes
configure:14217: gcc -o conftest -O2 -I/home/lcz/code/lede/staging_dir/host/include  -I/home/lcz/code/lede/staging_dir/host/include  -I/home/lcz/code/lede/staging_dir/host/include -L/home/lcz/code/lede/staging_dir/host/lib  -L/home/lcz/code/lede/staging_dir/host/lib conftest.c  >&5
conftest.c:49:10: fatal error: thread.h: No such file or directory
   49 | #include <thread.h>
      |          ^~~~~~~~~~
compilation terminated.
configure:14217: $? = 1
configure: failed program was:
| /* confdefs.h */
| #define PACKAGE_NAME "MPFR"
| #define PACKAGE_TARNAME "mpfr"
| #define PACKAGE_VERSION "4.0.1"
| #define PACKAGE_STRING "MPFR 4.0.1"
| #define PACKAGE_BUGREPORT ""
| #define PACKAGE_URL ""
| #define STDC_HEADERS 1
| #define HAVE_SYS_TYPES_H 1
| #define HAVE_SYS_STAT_H 1
| #define HAVE_STDLIB_H 1
| #define HAVE_STRING_H 1
| #define HAVE_MEMORY_H 1
| #define HAVE_STRINGS_H 1
| #define HAVE_INTTYPES_H 1
| #define HAVE_STDINT_H 1
| #define HAVE_UNISTD_H 1
| #define HAVE_DLFCN_H 1
| #define LT_OBJDIR ".libs/"
| #define HAVE_DOUBLE_IEEE_LITTLE_ENDIAN 1
| #define HAVE_LITTLE_ENDIAN 1
| #define TIME_WITH_SYS_TIME 1
| #define HAVE_LOCALE_H 1
| #define HAVE_WCHAR_H 1
| #define HAVE_STDARG 1
| #define HAVE_SYS_TIME_H 1
| #define HAVE_STRUCT_LCONV_DECIMAL_POINT 1
| #define HAVE_STRUCT_LCONV_THOUSANDS_SEP 1
| #define HAVE_ALLOCA_H 1
| #define HAVE_ALLOCA 1
| #define HAVE_VA_COPY 1
| #define HAVE_MEMMOVE 1
| #define HAVE_MEMSET 1
| #define HAVE_SETLOCALE 1
| #define HAVE_STRTOL 1
| #define HAVE_GETTIMEOFDAY 1
| #define HAVE_SIGNAL 1
| #define HAVE_SIGACTION 1
| #define HAVE_LONG_LONG 1
| #define HAVE_INTMAX_T 1
| #define MPFR_HAVE_INTMAX_MAX 1
| #define MPFR_PRINTF_MAXLM "j"
| #define MPFR_HAVE_NORETURN 1
| #define MPFR_HAVE_BUILTIN_UNREACHABLE 1
| #define MPFR_HAVE_CONSTRUCTOR_ATTR 1
| /* end confdefs.h.  */
| 
| #include <assert.h>
| #include <thread.h>
|  mtx_t lock;
|  once_flag once = ONCE_FLAG_INIT;
|  thrd_t thd_idx;
|  int x = 0;
|  void once_call (void) { x = 1; }
| 
| int
| main ()
| {
| 
|     int err;
|     err = mtx_init(&lock, mtx_plain);
|     assert(err == thrd_success);
|     err = mtx_lock(&lock);
|     assert(err == thrd_success);
|     err = mtx_unlock(&lock);
|     assert(err == thrd_success);
|     mtx_destroy(&lock);
|     once_call(&once, once_call);
|     return x == 1 ? 0 : -1;
| 
|   ;
|   return 0;
| }
configure:14222: result: no
configure:14236: checking for fesetround
configure:14255: gcc -o conftest -O2 -I/home/lcz/code/lede/staging_dir/host/include  -I/home/lcz/code/lede/staging_dir/host/include  -I/home/lcz/code/lede/staging_dir/host/include -L/home/lcz/code/lede/staging_dir/host/lib  -L/home/lcz/code/lede/staging_dir/host/lib conftest.c  -lm >&5
configure:14255: $? = 0
configure:14265: result: yes
configure:14274: checking for gcc float-conversion bug
configure:14314: gcc -o conftest -O2 -I/home/lcz/code/lede/staging_dir/host/include  -I/home/lcz/code/lede/staging_dir/host/include  -I/home/lcz/code/lede/staging_dir/host/include -L/home/lcz/code/lede/staging_dir/host/lib  -L/home/lcz/code/lede/staging_dir/host/lib conftest.c  -lm >&5
configure:14314: $? = 0
configure:14314: ./conftest
configure:14314: $? = 0
configure:14326: result: no
configure:14333: checking for subnormal double-precision numbers
configure:14353: gcc -o conftest -O2 -I/home/lcz/code/lede/staging_dir/host/include  -I/home/lcz/code/lede/staging_dir/host/include  -I/home/lcz/code/lede/staging_dir/host/include -L/home/lcz/code/lede/staging_dir/host/lib  -L/home/lcz/code/lede/staging_dir/host/lib conftest.c  >&5
configure:14353: $? = 0
configure:14353: ./conftest
1.112537e-308
configure:14353: $? = 0
configure:14364: result: yes
configure:14371: checking for subnormal single-precision numbers
configure:14391: gcc -o conftest -O2 -I/home/lcz/code/lede/staging_dir/host/include  -I/home/lcz/code/lede/staging_dir/host/include  -I/home/lcz/code/lede/staging_dir/host/include -L/home/lcz/code/lede/staging_dir/host/lib  -L/home/lcz/code/lede/staging_dir/host/lib conftest.c  >&5
configure:14391: $? = 0
configure:14391: ./conftest
5.877472e-39
configure:14391: $? = 0
configure:14402: result: yes
configure:14410: checking for signed zeros
configure:14427: gcc -o conftest -O2 -I/home/lcz/code/lede/staging_dir/host/include  -I/home/lcz/code/lede/staging_dir/host/include  -I/home/lcz/code/lede/staging_dir/host/include -L/home/lcz/code/lede/staging_dir/host/lib  -L/home/lcz/code/lede/staging_dir/host/lib conftest.c  >&5
configure:14427: $? = 0
configure:14427: ./conftest
configure:14427: $? = 0
configure:14438: result: yes
configure:14446: checking if the FP division by 0 fails
configure:14467: gcc -o conftest -O2 -I/home/lcz/code/lede/staging_dir/host/include  -I/home/lcz/code/lede/staging_dir/host/include  -I/home/lcz/code/lede/staging_dir/host/include -L/home/lcz/code/lede/staging_dir/host/lib  -L/home/lcz/code/lede/staging_dir/host/lib conftest.c  >&5
configure:14467: $? = 0
configure:14467: ./conftest
configure:14467: $? = 0
configure:14478: result: no
configure:14492: checking if NAN == NAN
configure:14516: gcc -o conftest -O2 -I/home/lcz/code/lede/staging_dir/host/include  -I/home/lcz/code/lede/staging_dir/host/include  -I/home/lcz/code/lede/staging_dir/host/include -L/home/lcz/code/lede/staging_dir/host/lib  -L/home/lcz/code/lede/staging_dir/host/lib conftest.c  >&5
configure:14516: $? = 0
configure:14516: ./conftest
configure:14516: $? = 1
configure: program exited with status 1
configure: failed program was:
| /* confdefs.h */
| #define PACKAGE_NAME "MPFR"
| #define PACKAGE_TARNAME "mpfr"
| #define PACKAGE_VERSION "4.0.1"
| #define PACKAGE_STRING "MPFR 4.0.1"
| #define PACKAGE_BUGREPORT ""
| #define PACKAGE_URL ""
| #define STDC_HEADERS 1
| #define HAVE_SYS_TYPES_H 1
| #define HAVE_SYS_STAT_H 1
| #define HAVE_STDLIB_H 1
| #define HAVE_STRING_H 1
| #define HAVE_MEMORY_H 1
| #define HAVE_STRINGS_H 1
| #define HAVE_INTTYPES_H 1
| #define HAVE_STDINT_H 1
| #define HAVE_UNISTD_H 1
| #define HAVE_DLFCN_H 1
| #define LT_OBJDIR ".libs/"
| #define HAVE_DOUBLE_IEEE_LITTLE_ENDIAN 1
| #define HAVE_LITTLE_ENDIAN 1
| #define TIME_WITH_SYS_TIME 1
| #define HAVE_LOCALE_H 1
| #define HAVE_WCHAR_H 1
| #define HAVE_STDARG 1
| #define HAVE_SYS_TIME_H 1
| #define HAVE_STRUCT_LCONV_DECIMAL_POINT 1
| #define HAVE_STRUCT_LCONV_THOUSANDS_SEP 1
| #define HAVE_ALLOCA_H 1
| #define HAVE_ALLOCA 1
| #define HAVE_VA_COPY 1
| #define HAVE_MEMMOVE 1
| #define HAVE_MEMSET 1
| #define HAVE_SETLOCALE 1
| #define HAVE_STRTOL 1
| #define HAVE_GETTIMEOFDAY 1
| #define HAVE_SIGNAL 1
| #define HAVE_SIGACTION 1
| #define HAVE_LONG_LONG 1
| #define HAVE_INTMAX_T 1
| #define MPFR_HAVE_INTMAX_MAX 1
| #define MPFR_PRINTF_MAXLM "j"
| #define MPFR_HAVE_NORETURN 1
| #define MPFR_HAVE_BUILTIN_UNREACHABLE 1
| #define MPFR_HAVE_CONSTRUCTOR_ATTR 1
| #define MPFR_HAVE_FESETROUND 1
| #define HAVE_DENORMS 1
| #define HAVE_DENORMS_FLT 1
| #define HAVE_SIGNEDZ 1
| /* end confdefs.h.  */
| 
| #include <stdio.h>
| #include <math.h>
| #ifndef NAN
| # define NAN (0.0/0.0)
| #endif
| int main (void) {
|   double d;
|   d = NAN;
|   return d != d;
| }
| 
configure:14527: result: no
configure:14555: checking if charset has consecutive values
configure:14585: gcc -o conftest -O2 -I/home/lcz/code/lede/staging_dir/host/include  -I/home/lcz/code/lede/staging_dir/host/include  -I/home/lcz/code/lede/staging_dir/host/include -L/home/lcz/code/lede/staging_dir/host/lib  -L/home/lcz/code/lede/staging_dir/host/lib conftest.c  >&5
configure:14585: $? = 0
configure:14585: ./conftest
configure:14585: $? = 0
configure:14586: result: yes
configure:14604: checking for math/round
configure:14622: gcc -o conftest -O2 -I/home/lcz/code/lede/staging_dir/host/include  -I/home/lcz/code/lede/staging_dir/host/include  -I/home/lcz/code/lede/staging_dir/host/include -L/home/lcz/code/lede/staging_dir/host/lib  -L/home/lcz/code/lede/staging_dir/host/lib conftest.c  -lm >&5
configure:14622: $? = 0
configure:14624: result: yes
configure:14637: checking for math/trunc
configure:14655: gcc -o conftest -O2 -I/home/lcz/code/lede/staging_dir/host/include  -I/home/lcz/code/lede/staging_dir/host/include  -I/home/lcz/code/lede/staging_dir/host/include -L/home/lcz/code/lede/staging_dir/host/lib  -L/home/lcz/code/lede/staging_dir/host/lib conftest.c  -lm >&5
configure:14655: $? = 0
configure:14657: result: yes
configure:14670: checking for math/floor
configure:14688: gcc -o conftest -O2 -I/home/lcz/code/lede/staging_dir/host/include  -I/home/lcz/code/lede/staging_dir/host/include  -I/home/lcz/code/lede/staging_dir/host/include -L/home/lcz/code/lede/staging_dir/host/lib  -L/home/lcz/code/lede/staging_dir/host/lib conftest.c  -lm >&5
configure:14688: $? = 0
configure:14690: result: yes
configure:14703: checking for math/ceil
configure:14721: gcc -o conftest -O2 -I/home/lcz/code/lede/staging_dir/host/include  -I/home/lcz/code/lede/staging_dir/host/include  -I/home/lcz/code/lede/staging_dir/host/include -L/home/lcz/code/lede/staging_dir/host/lib  -L/home/lcz/code/lede/staging_dir/host/lib conftest.c  -lm >&5
configure:14721: $? = 0
configure:14723: result: yes
configure:14736: checking for math/nearbyint
configure:14754: gcc -o conftest -O2 -I/home/lcz/code/lede/staging_dir/host/include  -I/home/lcz/code/lede/staging_dir/host/include  -I/home/lcz/code/lede/staging_dir/host/include -L/home/lcz/code/lede/staging_dir/host/lib  -L/home/lcz/code/lede/staging_dir/host/lib conftest.c  -lm >&5
configure:14754: $? = 0
configure:14756: result: yes
configure:14769: checking for _mulx_u64
configure:14794: gcc -o conftest -O2 -I/home/lcz/code/lede/staging_dir/host/include  -I/home/lcz/code/lede/staging_dir/host/include  -I/home/lcz/code/lede/staging_dir/host/include -L/home/lcz/code/lede/staging_dir/host/lib  -L/home/lcz/code/lede/staging_dir/host/lib conftest.c  -lm >&5
In file included from /usr/lib/gcc/x86_64-linux-gnu/9/include/immintrin.h:105,
                 from conftest.c:57:
conftest.c: In function 'main':
/usr/lib/gcc/x86_64-linux-gnu/9/include/bmi2intrin.h:83:1: error: inlining failed in call to always_inline '_mulx_u64': target specific option mismatch
   83 | _mulx_u64 (unsigned long long __X, unsigned long long __Y,
      | ^~~~~~~~~
conftest.c:65:2: note: called from here
   65 |  _mulx_u64(-1, -1, &h2);
      |  ^~~~~~~~~~~~~~~~~~~~~~
In file included from /usr/lib/gcc/x86_64-linux-gnu/9/include/immintrin.h:105,
                 from conftest.c:57:
/usr/lib/gcc/x86_64-linux-gnu/9/include/bmi2intrin.h:83:1: error: inlining failed in call to always_inline '_mulx_u64': target specific option mismatch
   83 | _mulx_u64 (unsigned long long __X, unsigned long long __Y,
      | ^~~~~~~~~
conftest.c:64:2: note: called from here
   64 |  _mulx_u64(17, 42, &h1);
      |  ^~~~~~~~~~~~~~~~~~~~~~
configure:14794: $? = 1
configure: program exited with status 1
configure: failed program was:
| /* confdefs.h */
| #define PACKAGE_NAME "MPFR"
| #define PACKAGE_TARNAME "mpfr"
| #define PACKAGE_VERSION "4.0.1"
| #define PACKAGE_STRING "MPFR 4.0.1"
| #define PACKAGE_BUGREPORT ""
| #define PACKAGE_URL ""
| #define STDC_HEADERS 1
| #define HAVE_SYS_TYPES_H 1
| #define HAVE_SYS_STAT_H 1
| #define HAVE_STDLIB_H 1
| #define HAVE_STRING_H 1
| #define HAVE_MEMORY_H 1
| #define HAVE_STRINGS_H 1
| #define HAVE_INTTYPES_H 1
| #define HAVE_STDINT_H 1
| #define HAVE_UNISTD_H 1
| #define HAVE_DLFCN_H 1
| #define LT_OBJDIR ".libs/"
| #define HAVE_DOUBLE_IEEE_LITTLE_ENDIAN 1
| #define HAVE_LITTLE_ENDIAN 1
| #define TIME_WITH_SYS_TIME 1
| #define HAVE_LOCALE_H 1
| #define HAVE_WCHAR_H 1
| #define HAVE_STDARG 1
| #define HAVE_SYS_TIME_H 1
| #define HAVE_STRUCT_LCONV_DECIMAL_POINT 1
| #define HAVE_STRUCT_LCONV_THOUSANDS_SEP 1
| #define HAVE_ALLOCA_H 1
| #define HAVE_ALLOCA 1
| #define HAVE_VA_COPY 1
| #define HAVE_MEMMOVE 1
| #define HAVE_MEMSET 1
| #define HAVE_SETLOCALE 1
| #define HAVE_STRTOL 1
| #define HAVE_GETTIMEOFDAY 1
| #define HAVE_SIGNAL 1
| #define HAVE_SIGACTION 1
| #define HAVE_LONG_LONG 1
| #define HAVE_INTMAX_T 1
| #define MPFR_HAVE_INTMAX_MAX 1
| #define MPFR_PRINTF_MAXLM "j"
| #define MPFR_HAVE_NORETURN 1
| #define MPFR_HAVE_BUILTIN_UNREACHABLE 1
| #define MPFR_HAVE_CONSTRUCTOR_ATTR 1
| #define MPFR_HAVE_FESETROUND 1
| #define HAVE_DENORMS 1
| #define HAVE_DENORMS_FLT 1
| #define HAVE_SIGNEDZ 1
| #define HAVE_ROUND 1
| #define HAVE_TRUNC 1
| #define HAVE_FLOOR 1
| #define HAVE_CEIL 1
| #define HAVE_NEARBYINT 1
| /* end confdefs.h.  */
| 
| #include <immintrin.h>
| 
| int
| main ()
| {
| 
|  unsigned long long h1, h2;
|  _mulx_u64(17, 42, &h1);
|  _mulx_u64(-1, -1, &h2);
|  return h1 == 0 && h2 == -2 ? 0 : 1;
| 
|   ;
|   return 0;
| }
configure:14802: result: no
configure:14816: checking for long double
configure:14816: gcc -c -O2 -I/home/lcz/code/lede/staging_dir/host/include  -I/home/lcz/code/lede/staging_dir/host/include  -I/home/lcz/code/lede/staging_dir/host/include conftest.c >&5
configure:14816: $? = 0
configure:14816: gcc -c -O2 -I/home/lcz/code/lede/staging_dir/host/include  -I/home/lcz/code/lede/staging_dir/host/include  -I/home/lcz/code/lede/staging_dir/host/include conftest.c >&5
conftest.c: In function 'main':
conftest.c:92:26: error: expected expression before ')' token
   92 | if (sizeof ((long double)))
      |                          ^
configure:14816: $? = 1
configure: failed program was:
| /* confdefs.h */
| #define PACKAGE_NAME "MPFR"
| #define PACKAGE_TARNAME "mpfr"
| #define PACKAGE_VERSION "4.0.1"
| #define PACKAGE_STRING "MPFR 4.0.1"
| #define PACKAGE_BUGREPORT ""
| #define PACKAGE_URL ""
| #define STDC_HEADERS 1
| #define HAVE_SYS_TYPES_H 1
| #define HAVE_SYS_STAT_H 1
| #define HAVE_STDLIB_H 1
| #define HAVE_STRING_H 1
| #define HAVE_MEMORY_H 1
| #define HAVE_STRINGS_H 1
| #define HAVE_INTTYPES_H 1
| #define HAVE_STDINT_H 1
| #define HAVE_UNISTD_H 1
| #define HAVE_DLFCN_H 1
| #define LT_OBJDIR ".libs/"
| #define HAVE_DOUBLE_IEEE_LITTLE_ENDIAN 1
| #define HAVE_LITTLE_ENDIAN 1
| #define TIME_WITH_SYS_TIME 1
| #define HAVE_LOCALE_H 1
| #define HAVE_WCHAR_H 1
| #define HAVE_STDARG 1
| #define HAVE_SYS_TIME_H 1
| #define HAVE_STRUCT_LCONV_DECIMAL_POINT 1
| #define HAVE_STRUCT_LCONV_THOUSANDS_SEP 1
| #define HAVE_ALLOCA_H 1
| #define HAVE_ALLOCA 1
| #define HAVE_VA_COPY 1
| #define HAVE_MEMMOVE 1
| #define HAVE_MEMSET 1
| #define HAVE_SETLOCALE 1
| #define HAVE_STRTOL 1
| #define HAVE_GETTIMEOFDAY 1
| #define HAVE_SIGNAL 1
| #define HAVE_SIGACTION 1
| #define HAVE_LONG_LONG 1
| #define HAVE_INTMAX_T 1
| #define MPFR_HAVE_INTMAX_MAX 1
| #define MPFR_PRINTF_MAXLM "j"
| #define MPFR_HAVE_NORETURN 1
| #define MPFR_HAVE_BUILTIN_UNREACHABLE 1
| #define MPFR_HAVE_CONSTRUCTOR_ATTR 1
| #define MPFR_HAVE_FESETROUND 1
| #define HAVE_DENORMS 1
| #define HAVE_DENORMS_FLT 1
| #define HAVE_SIGNEDZ 1
| #define HAVE_ROUND 1
| #define HAVE_TRUNC 1
| #define HAVE_FLOOR 1
| #define HAVE_CEIL 1
| #define HAVE_NEARBYINT 1
| /* end confdefs.h.  */
| #include <stdio.h>
| #ifdef HAVE_SYS_TYPES_H
| # include <sys/types.h>
| #endif
| #ifdef HAVE_SYS_STAT_H
| # include <sys/stat.h>
| #endif
| #ifdef STDC_HEADERS
| # include <stdlib.h>
| # include <stddef.h>
| #else
| # ifdef HAVE_STDLIB_H
| #  include <stdlib.h>
| # endif
| #endif
| #ifdef HAVE_STRING_H
| # if !defined STDC_HEADERS && defined HAVE_MEMORY_H
| #  include <memory.h>
| # endif
| # include <string.h>
| #endif
| #ifdef HAVE_STRINGS_H
| # include <strings.h>
| #endif
| #ifdef HAVE_INTTYPES_H
| # include <inttypes.h>
| #endif
| #ifdef HAVE_STDINT_H
| # include <stdint.h>
| #endif
| #ifdef HAVE_UNISTD_H
| # include <unistd.h>
| #endif
| int
| main ()
| {
| if (sizeof ((long double)))
| 	    return 0;
|   ;
|   return 0;
| }
configure:14816: result: yes
configure:14826: checking format of `long double' floating point
configure:14853: gcc -O2 -I/home/lcz/code/lede/staging_dir/host/include  -I/home/lcz/code/lede/staging_dir/host/include  -I/home/lcz/code/lede/staging_dir/host/include -c conftest.c >&5 2>&1
configure:14856: $? = 0
configure:15151: result: IEEE extended, little endian
configure:15219: checking for TLS support using C11
configure:15240: gcc -o conftest -O2 -I/home/lcz/code/lede/staging_dir/host/include  -I/home/lcz/code/lede/staging_dir/host/include  -I/home/lcz/code/lede/staging_dir/host/include -I./src -L/home/lcz/code/lede/staging_dir/host/lib  -L/home/lcz/code/lede/staging_dir/host/lib conftest.c  >&5
configure:15240: $? = 0
configure:15240: ./conftest
configure:15240: $? = 0
configure:15241: result: yes
configure:15319: checking if compiler knows _Decimal64
configure:15332: gcc -c -O2 -I/home/lcz/code/lede/staging_dir/host/include  -I/home/lcz/code/lede/staging_dir/host/include  -I/home/lcz/code/lede/staging_dir/host/include conftest.c >&5
configure:15332: $? = 0
configure:15333: result: yes
configure:15335: checking decimal float format
configure:15366: gcc -o conftest -O2 -I/home/lcz/code/lede/staging_dir/host/include  -I/home/lcz/code/lede/staging_dir/host/include  -I/home/lcz/code/lede/staging_dir/host/include -L/home/lcz/code/lede/staging_dir/host/lib  -L/home/lcz/code/lede/staging_dir/host/lib conftest.c  >&5
configure:15366: $? = 0
configure:15366: ./conftest
configure:15366: $? = 81
configure: program exited with status 81
configure: failed program was:
| /* confdefs.h */
| #define PACKAGE_NAME "MPFR"
| #define PACKAGE_TARNAME "mpfr"
| #define PACKAGE_VERSION "4.0.1"
| #define PACKAGE_STRING "MPFR 4.0.1"
| #define PACKAGE_BUGREPORT ""
| #define PACKAGE_URL ""
| #define STDC_HEADERS 1
| #define HAVE_SYS_TYPES_H 1
| #define HAVE_SYS_STAT_H 1
| #define HAVE_STDLIB_H 1
| #define HAVE_STRING_H 1
| #define HAVE_MEMORY_H 1
| #define HAVE_STRINGS_H 1
| #define HAVE_INTTYPES_H 1
| #define HAVE_STDINT_H 1
| #define HAVE_UNISTD_H 1
| #define HAVE_DLFCN_H 1
| #define LT_OBJDIR ".libs/"
| #define HAVE_DOUBLE_IEEE_LITTLE_ENDIAN 1
| #define HAVE_LITTLE_ENDIAN 1
| #define TIME_WITH_SYS_TIME 1
| #define HAVE_LOCALE_H 1
| #define HAVE_WCHAR_H 1
| #define HAVE_STDARG 1
| #define HAVE_SYS_TIME_H 1
| #define HAVE_STRUCT_LCONV_DECIMAL_POINT 1
| #define HAVE_STRUCT_LCONV_THOUSANDS_SEP 1
| #define HAVE_ALLOCA_H 1
| #define HAVE_ALLOCA 1
| #define HAVE_VA_COPY 1
| #define HAVE_MEMMOVE 1
| #define HAVE_MEMSET 1
| #define HAVE_SETLOCALE 1
| #define HAVE_STRTOL 1
| #define HAVE_GETTIMEOFDAY 1
| #define HAVE_SIGNAL 1
| #define HAVE_SIGACTION 1
| #define HAVE_LONG_LONG 1
| #define HAVE_INTMAX_T 1
| #define MPFR_HAVE_INTMAX_MAX 1
| #define MPFR_PRINTF_MAXLM "j"
| #define MPFR_HAVE_NORETURN 1
| #define MPFR_HAVE_BUILTIN_UNREACHABLE 1
| #define MPFR_HAVE_CONSTRUCTOR_ATTR 1
| #define MPFR_HAVE_FESETROUND 1
| #define HAVE_DENORMS 1
| #define HAVE_DENORMS_FLT 1
| #define HAVE_SIGNEDZ 1
| #define HAVE_ROUND 1
| #define HAVE_TRUNC 1
| #define HAVE_FLOOR 1
| #define HAVE_CEIL 1
| #define HAVE_NEARBYINT 1
| #define HAVE_LONG_DOUBLE 1
| #define HAVE_LDOUBLE_IEEE_EXT_LITTLE 1
| #define MPFR_USE_THREAD_SAFE 1
| #define MPFR_USE_C11_THREAD_SAFE 1
| /* end confdefs.h.  */
| 
| #include <stdlib.h>
| 
| int
| main ()
| {
| 
| volatile _Decimal64 x = 1;
| union { double d; _Decimal64 d64; } y;
| if (x != x) return 83;
| y.d64 = 1234567890123456.0dd;
| return y.d == 0.14894469406741037E-123 ? 80 :
|        y.d == 0.59075095508629822E-68  ? 81 : 82;
| 
|   ;
|   return 0;
| }
configure:15384: result: BID
configure:15420: checking if compiler knows __float128 with C99 constants
configure:15433: gcc -c -O2 -I/home/lcz/code/lede/staging_dir/host/include  -I/home/lcz/code/lede/staging_dir/host/include  -I/home/lcz/code/lede/staging_dir/host/include conftest.c >&5
configure:15433: $? = 0
configure:15434: result: yes
configure:15450: checking for Static Assertion support
configure:15473: gcc -c -O2 -I/home/lcz/code/lede/staging_dir/host/include  -I/home/lcz/code/lede/staging_dir/host/include  -I/home/lcz/code/lede/staging_dir/host/include -I./src conftest.c >&5
configure:15473: $? = 0
configure:15474: result: yes
configure:15590: checking for library containing clock_gettime
configure:15621: gcc -o conftest -O2 -I/home/lcz/code/lede/staging_dir/host/include  -I/home/lcz/code/lede/staging_dir/host/include  -I/home/lcz/code/lede/staging_dir/host/include -L/home/lcz/code/lede/staging_dir/host/lib  -L/home/lcz/code/lede/staging_dir/host/lib conftest.c  >&5
configure:15621: $? = 0
configure:15638: result: none required
configure:15654: checking for gmp.h
configure:15662: gcc -c -O2 -I/home/lcz/code/lede/staging_dir/host/include  -I/home/lcz/code/lede/staging_dir/host/include  -I/home/lcz/code/lede/staging_dir/host/include conftest.c >&5
configure:15662: $? = 0
configure:15663: result: yes
configure:15771: checking whether gcc __attribute__ ((mode (XX))) works
configure:15787: gcc -c -O2 -I/home/lcz/code/lede/staging_dir/host/include  -I/home/lcz/code/lede/staging_dir/host/include  -I/home/lcz/code/lede/staging_dir/host/include conftest.c >&5
configure:15787: $? = 0
configure:15795: result: yes
configure:15807: checking for recent GMP
configure:15819: gcc -c -O2 -I/home/lcz/code/lede/staging_dir/host/include  -I/home/lcz/code/lede/staging_dir/host/include  -I/home/lcz/code/lede/staging_dir/host/include conftest.c >&5
configure:15819: $? = 0
configure:15820: result: yes
configure:15832: checking usable gmp.h at link time
configure:15847: gcc -o conftest -O2 -I/home/lcz/code/lede/staging_dir/host/include  -I/home/lcz/code/lede/staging_dir/host/include  -I/home/lcz/code/lede/staging_dir/host/include -L/home/lcz/code/lede/staging_dir/host/lib  -L/home/lcz/code/lede/staging_dir/host/lib conftest.c  >&5
configure:15847: $? = 0
configure:15848: result: yes
configure:15888: checking for GMP_NUMB_BITS and sizeof(mp_limb_t) consistency
configure:15917: gcc -o conftest -O2 -I/home/lcz/code/lede/staging_dir/host/include  -I/home/lcz/code/lede/staging_dir/host/include  -I/home/lcz/code/lede/staging_dir/host/include -L/home/lcz/code/lede/staging_dir/host/lib  -L/home/lcz/code/lede/staging_dir/host/lib conftest.c  >&5
configure:15917: $? = 0
configure:15917: ./conftest
configure:15917: $? = 0
configure:15918: result: yes
configure:15934: checking for __gmpz_init in -lgmp
configure:15959: gcc -o conftest -O2 -I/home/lcz/code/lede/staging_dir/host/include  -I/home/lcz/code/lede/staging_dir/host/include  -I/home/lcz/code/lede/staging_dir/host/include -L/home/lcz/code/lede/staging_dir/host/lib  -L/home/lcz/code/lede/staging_dir/host/lib conftest.c -lgmp   >&5
configure:15959: $? = 0
configure:15969: result: yes
configure:15979: checking if gmp.h version and libgmp version are the same
configure:16019: gcc -o conftest -O2 -I/home/lcz/code/lede/staging_dir/host/include  -I/home/lcz/code/lede/staging_dir/host/include  -I/home/lcz/code/lede/staging_dir/host/include -L/home/lcz/code/lede/staging_dir/host/lib  -L/home/lcz/code/lede/staging_dir/host/lib conftest.c -lgmp  >&5
configure:16019: $? = 0
configure:16019: ./conftest
gmp.h: 6.1.2 / libgmp: 6.1.2
configure:16019: $? = 0
configure:16020: result: yes
configure:16023: checking for GMP library vs header correctness
configure:16068: gcc -o conftest -O2 -I/home/lcz/code/lede/staging_dir/host/include  -I/home/lcz/code/lede/staging_dir/host/include  -I/home/lcz/code/lede/staging_dir/host/include -L/home/lcz/code/lede/staging_dir/host/lib  -L/home/lcz/code/lede/staging_dir/host/lib conftest.c -lgmp  >&5
configure:16068: $? = 0
configure:16068: ./conftest
GMP_NAIL_BITS     = 0
GMP_NUMB_BITS     = 64
mp_bits_per_limb  = 64
sizeof(mp_limb_t) = 8
configure:16068: $? = 0
configure:16079: result: yes
configure:16088: checking for double-to-integer conversion bug
configure:16126: gcc -o conftest -O2 -I/home/lcz/code/lede/staging_dir/host/include  -I/home/lcz/code/lede/staging_dir/host/include  -I/home/lcz/code/lede/staging_dir/host/include -L/home/lcz/code/lede/staging_dir/host/lib  -L/home/lcz/code/lede/staging_dir/host/lib conftest.c -lgmp  >&5
configure:16126: $? = 0
configure:16126: ./conftest
configure:16126: $? = 0
configure:16137: result: no
configure:16148: checking if gmp_printf supports "%jd"
configure:16184: gcc -o conftest -O2 -I/home/lcz/code/lede/staging_dir/host/include  -I/home/lcz/code/lede/staging_dir/host/include  -I/home/lcz/code/lede/staging_dir/host/include -L/home/lcz/code/lede/staging_dir/host/lib  -L/home/lcz/code/lede/staging_dir/host/lib conftest.c -lgmp  >&5
configure:16184: $? = 0
configure:16184: ./conftest
configure:16184: $? = 0
configure:16185: result: yes
configure:16203: checking if gmp_printf supports "%hhd"
configure:16234: gcc -o conftest -O2 -I/home/lcz/code/lede/staging_dir/host/include  -I/home/lcz/code/lede/staging_dir/host/include  -I/home/lcz/code/lede/staging_dir/host/include -L/home/lcz/code/lede/staging_dir/host/lib  -L/home/lcz/code/lede/staging_dir/host/lib conftest.c -lgmp  >&5
configure:16234: $? = 0
configure:16234: ./conftest
configure:16234: $? = 0
configure:16235: result: yes
configure:16252: checking if gmp_printf supports "%lld"
configure:16283: gcc -o conftest -O2 -I/home/lcz/code/lede/staging_dir/host/include  -I/home/lcz/code/lede/staging_dir/host/include  -I/home/lcz/code/lede/staging_dir/host/include -L/home/lcz/code/lede/staging_dir/host/lib  -L/home/lcz/code/lede/staging_dir/host/lib conftest.c -lgmp  >&5
configure:16283: $? = 0
configure:16283: ./conftest
configure:16283: $? = 0
configure:16284: result: yes
configure:16301: checking if gmp_printf supports "%Lf"
configure:16334: gcc -o conftest -O2 -I/home/lcz/code/lede/staging_dir/host/include  -I/home/lcz/code/lede/staging_dir/host/include  -I/home/lcz/code/lede/staging_dir/host/include -L/home/lcz/code/lede/staging_dir/host/lib  -L/home/lcz/code/lede/staging_dir/host/lib conftest.c -lgmp  >&5
configure:16334: $? = 0
configure:16334: ./conftest
configure:16334: $? = 0
configure:16335: result: yes
configure:16354: checking if gmp_printf supports "%td"
configure:16392: gcc -o conftest -O2 -I/home/lcz/code/lede/staging_dir/host/include  -I/home/lcz/code/lede/staging_dir/host/include  -I/home/lcz/code/lede/staging_dir/host/include -L/home/lcz/code/lede/staging_dir/host/lib  -L/home/lcz/code/lede/staging_dir/host/lib conftest.c -lgmp  >&5
configure:16392: $? = 0
configure:16392: ./conftest
configure:16392: $? = 0
configure:16393: result: yes
configure:16457: checking for __gmpn_sbpi1_divappr_q
configure:16457: gcc -o conftest -O2 -I/home/lcz/code/lede/staging_dir/host/include  -I/home/lcz/code/lede/staging_dir/host/include  -I/home/lcz/code/lede/staging_dir/host/include -L/home/lcz/code/lede/staging_dir/host/lib  -L/home/lcz/code/lede/staging_dir/host/lib conftest.c -lgmp  >&5
configure:16457: $? = 0
configure:16457: result: yes
configure:16468: checking for __gmpn_invert_limb
configure:16468: gcc -o conftest -O2 -I/home/lcz/code/lede/staging_dir/host/include  -I/home/lcz/code/lede/staging_dir/host/include  -I/home/lcz/code/lede/staging_dir/host/include -L/home/lcz/code/lede/staging_dir/host/lib  -L/home/lcz/code/lede/staging_dir/host/lib conftest.c -lgmp  >&5
/usr/bin/ld: /home/lcz/code/lede/tmp/ccBIHwzx.o: in function `main':
conftest.c:(.text.startup+0x7): undefined reference to `__gmpn_invert_limb'
collect2: error: ld returned 1 exit status
configure:16468: $? = 1
configure: failed program was:
| /* confdefs.h */
| #define PACKAGE_NAME "MPFR"
| #define PACKAGE_TARNAME "mpfr"
| #define PACKAGE_VERSION "4.0.1"
| #define PACKAGE_STRING "MPFR 4.0.1"
| #define PACKAGE_BUGREPORT ""
| #define PACKAGE_URL ""
| #define STDC_HEADERS 1
| #define HAVE_SYS_TYPES_H 1
| #define HAVE_SYS_STAT_H 1
| #define HAVE_STDLIB_H 1
| #define HAVE_STRING_H 1
| #define HAVE_MEMORY_H 1
| #define HAVE_STRINGS_H 1
| #define HAVE_INTTYPES_H 1
| #define HAVE_STDINT_H 1
| #define HAVE_UNISTD_H 1
| #define HAVE_DLFCN_H 1
| #define LT_OBJDIR ".libs/"
| #define HAVE_DOUBLE_IEEE_LITTLE_ENDIAN 1
| #define HAVE_LITTLE_ENDIAN 1
| #define TIME_WITH_SYS_TIME 1
| #define HAVE_LOCALE_H 1
| #define HAVE_WCHAR_H 1
| #define HAVE_STDARG 1
| #define HAVE_SYS_TIME_H 1
| #define HAVE_STRUCT_LCONV_DECIMAL_POINT 1
| #define HAVE_STRUCT_LCONV_THOUSANDS_SEP 1
| #define HAVE_ALLOCA_H 1
| #define HAVE_ALLOCA 1
| #define HAVE_VA_COPY 1
| #define HAVE_MEMMOVE 1
| #define HAVE_MEMSET 1
| #define HAVE_SETLOCALE 1
| #define HAVE_STRTOL 1
| #define HAVE_GETTIMEOFDAY 1
| #define HAVE_SIGNAL 1
| #define HAVE_SIGACTION 1
| #define HAVE_LONG_LONG 1
| #define HAVE_INTMAX_T 1
| #define MPFR_HAVE_INTMAX_MAX 1
| #define MPFR_PRINTF_MAXLM "j"
| #define MPFR_HAVE_NORETURN 1
| #define MPFR_HAVE_BUILTIN_UNREACHABLE 1
| #define MPFR_HAVE_CONSTRUCTOR_ATTR 1
| #define MPFR_HAVE_FESETROUND 1
| #define HAVE_DENORMS 1
| #define HAVE_DENORMS_FLT 1
| #define HAVE_SIGNEDZ 1
| #define HAVE_ROUND 1
| #define HAVE_TRUNC 1
| #define HAVE_FLOOR 1
| #define HAVE_CEIL 1
| #define HAVE_NEARBYINT 1
| #define HAVE_LONG_DOUBLE 1
| #define HAVE_LDOUBLE_IEEE_EXT_LITTLE 1
| #define MPFR_USE_THREAD_SAFE 1
| #define MPFR_USE_C11_THREAD_SAFE 1
| #define MPFR_WANT_DECIMAL_FLOATS 1
| #define MPFR_WANT_FLOAT128 1
| #define MPFR_USE_STATIC_ASSERT 1
| #define HAVE_CLOCK_GETTIME 1
| #define HAVE_ATTRIBUTE_MODE 1
| #define PRINTF_L 1
| #define PRINTF_T 1
| #define HAVE___GMPN_SBPI1_DIVAPPR_Q 1
| /* end confdefs.h.  */
| /* Define __gmpn_invert_limb to an innocuous variant, in case <limits.h> declares __gmpn_invert_limb.
|    For example, HP-UX 11i <limits.h> declares gettimeofday.  */
| #define __gmpn_invert_limb innocuous___gmpn_invert_limb
| 
| /* System header to define __stub macros and hopefully few prototypes,
|     which can conflict with char __gmpn_invert_limb (); below.
|     Prefer <limits.h> to <assert.h> if __STDC__ is defined, since
|     <limits.h> exists even on freestanding compilers.  */
| 
| #ifdef __STDC__
| # include <limits.h>
| #else
| # include <assert.h>
| #endif
| 
| #undef __gmpn_invert_limb
| 
| /* Override any GCC internal prototype to avoid an error.
|    Use char because int might match the return type of a GCC
|    builtin and then its argument prototype would still apply.  */
| #ifdef __cplusplus
| extern "C"
| #endif
| char __gmpn_invert_limb ();
| /* The GNU C library defines this for functions which it implements
|     to always fail with ENOSYS.  Some functions are actually named
|     something starting with __ and the normal name is an alias.  */
| #if defined __stub___gmpn_invert_limb || defined __stub_____gmpn_invert_limb
| choke me
| #endif
| 
| int
| main ()
| {
| return __gmpn_invert_limb ();
|   ;
|   return 0;
| }
configure:16468: result: no
configure:16479: checking for __gmpn_rsblsh_n
configure:16479: gcc -o conftest -O2 -I/home/lcz/code/lede/staging_dir/host/include  -I/home/lcz/code/lede/staging_dir/host/include  -I/home/lcz/code/lede/staging_dir/host/include -L/home/lcz/code/lede/staging_dir/host/lib  -L/home/lcz/code/lede/staging_dir/host/lib conftest.c -lgmp  >&5
/usr/bin/ld: /home/lcz/code/lede/tmp/ccvI0IOj.o: in function `main':
conftest.c:(.text.startup+0x7): undefined reference to `__gmpn_rsblsh_n'
collect2: error: ld returned 1 exit status
configure:16479: $? = 1
configure: failed program was:
| /* confdefs.h */
| #define PACKAGE_NAME "MPFR"
| #define PACKAGE_TARNAME "mpfr"
| #define PACKAGE_VERSION "4.0.1"
| #define PACKAGE_STRING "MPFR 4.0.1"
| #define PACKAGE_BUGREPORT ""
| #define PACKAGE_URL ""
| #define STDC_HEADERS 1
| #define HAVE_SYS_TYPES_H 1
| #define HAVE_SYS_STAT_H 1
| #define HAVE_STDLIB_H 1
| #define HAVE_STRING_H 1
| #define HAVE_MEMORY_H 1
| #define HAVE_STRINGS_H 1
| #define HAVE_INTTYPES_H 1
| #define HAVE_STDINT_H 1
| #define HAVE_UNISTD_H 1
| #define HAVE_DLFCN_H 1
| #define LT_OBJDIR ".libs/"
| #define HAVE_DOUBLE_IEEE_LITTLE_ENDIAN 1
| #define HAVE_LITTLE_ENDIAN 1
| #define TIME_WITH_SYS_TIME 1
| #define HAVE_LOCALE_H 1
| #define HAVE_WCHAR_H 1
| #define HAVE_STDARG 1
| #define HAVE_SYS_TIME_H 1
| #define HAVE_STRUCT_LCONV_DECIMAL_POINT 1
| #define HAVE_STRUCT_LCONV_THOUSANDS_SEP 1
| #define HAVE_ALLOCA_H 1
| #define HAVE_ALLOCA 1
| #define HAVE_VA_COPY 1
| #define HAVE_MEMMOVE 1
| #define HAVE_MEMSET 1
| #define HAVE_SETLOCALE 1
| #define HAVE_STRTOL 1
| #define HAVE_GETTIMEOFDAY 1
| #define HAVE_SIGNAL 1
| #define HAVE_SIGACTION 1
| #define HAVE_LONG_LONG 1
| #define HAVE_INTMAX_T 1
| #define MPFR_HAVE_INTMAX_MAX 1
| #define MPFR_PRINTF_MAXLM "j"
| #define MPFR_HAVE_NORETURN 1
| #define MPFR_HAVE_BUILTIN_UNREACHABLE 1
| #define MPFR_HAVE_CONSTRUCTOR_ATTR 1
| #define MPFR_HAVE_FESETROUND 1
| #define HAVE_DENORMS 1
| #define HAVE_DENORMS_FLT 1
| #define HAVE_SIGNEDZ 1
| #define HAVE_ROUND 1
| #define HAVE_TRUNC 1
| #define HAVE_FLOOR 1
| #define HAVE_CEIL 1
| #define HAVE_NEARBYINT 1
| #define HAVE_LONG_DOUBLE 1
| #define HAVE_LDOUBLE_IEEE_EXT_LITTLE 1
| #define MPFR_USE_THREAD_SAFE 1
| #define MPFR_USE_C11_THREAD_SAFE 1
| #define MPFR_WANT_DECIMAL_FLOATS 1
| #define MPFR_WANT_FLOAT128 1
| #define MPFR_USE_STATIC_ASSERT 1
| #define HAVE_CLOCK_GETTIME 1
| #define HAVE_ATTRIBUTE_MODE 1
| #define PRINTF_L 1
| #define PRINTF_T 1
| #define HAVE___GMPN_SBPI1_DIVAPPR_Q 1
| /* end confdefs.h.  */
| /* Define __gmpn_rsblsh_n to an innocuous variant, in case <limits.h> declares __gmpn_rsblsh_n.
|    For example, HP-UX 11i <limits.h> declares gettimeofday.  */
| #define __gmpn_rsblsh_n innocuous___gmpn_rsblsh_n
| 
| /* System header to define __stub macros and hopefully few prototypes,
|     which can conflict with char __gmpn_rsblsh_n (); below.
|     Prefer <limits.h> to <assert.h> if __STDC__ is defined, since
|     <limits.h> exists even on freestanding compilers.  */
| 
| #ifdef __STDC__
| # include <limits.h>
| #else
| # include <assert.h>
| #endif
| 
| #undef __gmpn_rsblsh_n
| 
| /* Override any GCC internal prototype to avoid an error.
|    Use char because int might match the return type of a GCC
|    builtin and then its argument prototype would still apply.  */
| #ifdef __cplusplus
| extern "C"
| #endif
| char __gmpn_rsblsh_n ();
| /* The GNU C library defines this for functions which it implements
|     to always fail with ENOSYS.  Some functions are actually named
|     something starting with __ and the normal name is an alias.  */
| #if defined __stub___gmpn_rsblsh_n || defined __stub_____gmpn_rsblsh_n
| choke me
| #endif
| 
| int
| main ()
| {
| return __gmpn_rsblsh_n ();
|   ;
|   return 0;
| }
configure:16479: result: no
configure:16491: checking for long to fit in mp_limb_t
configure:16516: gcc -c -O2 -I/home/lcz/code/lede/staging_dir/host/include  -I/home/lcz/code/lede/staging_dir/host/include  -I/home/lcz/code/lede/staging_dir/host/include -I./src conftest.c >&5
configure:16516: $? = 0
configure:16524: result: yes
configure:16537: checking for getrusage
configure:16537: gcc -o conftest -O2 -I/home/lcz/code/lede/staging_dir/host/include  -I/home/lcz/code/lede/staging_dir/host/include  -I/home/lcz/code/lede/staging_dir/host/include -L/home/lcz/code/lede/staging_dir/host/lib  -L/home/lcz/code/lede/staging_dir/host/lib conftest.c -lgmp  >&5
configure:16537: $? = 0
configure:16537: result: yes
configure:16720: checking that generated files are newer than configure
configure:16726: result: done
configure:16753: creating ./config.status

## ---------------------- ##
## Running config.status. ##
## ---------------------- ##

This file was extended by MPFR config.status 4.0.1, which was
generated by GNU Autoconf 2.69.  Invocation command line was

  CONFIG_FILES    = 
  CONFIG_HEADERS  = 
  CONFIG_LINKS    = 
  CONFIG_COMMANDS = 
  $ ./config.status 

on MediumslateblueUnwieldy-VM

config.status:1026: creating Makefile
config.status:1026: creating mpfr.pc
config.status:1026: creating doc/Makefile
config.status:1026: creating src/Makefile
config.status:1026: creating tests/Makefile
config.status:1026: creating tune/Makefile
config.status:1026: creating src/mparam.h
config.status:1026: creating tools/bench/Makefile
config.status:1198: executing depfiles commands
config.status:1198: executing libtool commands

## ---------------- ##
## Cache variables. ##
## ---------------- ##

ac_cv_build=x86_64-pc-linux-gnu
ac_cv_c_bigendian=no
ac_cv_c_compiler_gnu=yes
ac_cv_c_const=yes
ac_cv_c_volatile=yes
ac_cv_env_CC_set=set
ac_cv_env_CC_value=gcc
ac_cv_env_CFLAGS_set=set
ac_cv_env_CFLAGS_value='-O2 -I/home/lcz/code/lede/staging_dir/host/include '
ac_cv_env_CPPFLAGS_set=set
ac_cv_env_CPPFLAGS_value='-I/home/lcz/code/lede/staging_dir/host/include '
ac_cv_env_CPP_set=
ac_cv_env_CPP_value=
ac_cv_env_LDFLAGS_set=set
ac_cv_env_LDFLAGS_value='-L/home/lcz/code/lede/staging_dir/host/lib '
ac_cv_env_LIBS_set=
ac_cv_env_LIBS_value=
ac_cv_env_build_alias_set=set
ac_cv_env_build_alias_value=x86_64-pc-linux-gnu
ac_cv_env_host_alias_set=set
ac_cv_env_host_alias_value=x86_64-pc-linux-gnu
ac_cv_env_target_alias_set=set
ac_cv_env_target_alias_value=x86_64-pc-linux-gnu
ac_cv_func___gmpn_invert_limb=no
ac_cv_func___gmpn_rsblsh_n=no
ac_cv_func___gmpn_sbpi1_divappr_q=yes
ac_cv_func_alloca_works=yes
ac_cv_func_getrusage=yes
ac_cv_func_gettimeofday=yes
ac_cv_func_memmove=yes
ac_cv_func_memset=yes
ac_cv_func_setlocale=yes
ac_cv_func_signal=yes
ac_cv_func_strtol=yes
ac_cv_header_dlfcn_h=yes
ac_cv_header_float_h=yes
ac_cv_header_inttypes_h=yes
ac_cv_header_limits_h=yes
ac_cv_header_locale_h=yes
ac_cv_header_memory_h=yes
ac_cv_header_stdarg_h=yes
ac_cv_header_stdc=yes
ac_cv_header_stdint_h=yes
ac_cv_header_stdlib_h=yes
ac_cv_header_string_h=yes
ac_cv_header_strings_h=yes
ac_cv_header_sys_fpu_h=no
ac_cv_header_sys_stat_h=yes
ac_cv_header_sys_time_h=yes
ac_cv_header_sys_types_h=yes
ac_cv_header_time=yes
ac_cv_header_unistd_h=yes
ac_cv_header_wchar_h=yes
ac_cv_host=x86_64-pc-linux-gnu
ac_cv_lib_gmp___gmpz_init=yes
ac_cv_lib_m_main=yes
ac_cv_lib_quadmath_main=yes
ac_cv_member_struct_lconv_decimal_point=yes
ac_cv_member_struct_lconv_thousands_sep=yes
ac_cv_objext=o
ac_cv_path_EGREP='/home/lcz/code/lede/staging_dir/host/bin/grep -E'
ac_cv_path_FGREP='/home/lcz/code/lede/staging_dir/host/bin/grep -F'
ac_cv_path_GREP=/home/lcz/code/lede/staging_dir/host/bin/grep
ac_cv_path_SED=/home/lcz/code/lede/staging_dir/host/bin/sed
ac_cv_path_install='/usr/bin/install -c'
ac_cv_path_mkdir=/bin/mkdir
ac_cv_prog_AR=ar
ac_cv_prog_AWK=gawk
ac_cv_prog_CC=gcc
ac_cv_prog_CPP='gcc -E'
ac_cv_prog_ac_ct_AR=ar
ac_cv_prog_ac_ct_MANIFEST_TOOL=mt
ac_cv_prog_ac_ct_OBJDUMP=objdump
ac_cv_prog_ac_ct_RANLIB=ranlib
ac_cv_prog_ac_ct_STRIP=strip
ac_cv_prog_cc_c89=
ac_cv_prog_cc_g=yes
ac_cv_prog_make_make_set=yes
ac_cv_search_clock_gettime='none required'
ac_cv_type_intmax_t=yes
ac_cv_type_long_double=yes
ac_cv_type_long_long_int=yes
ac_cv_type_size_t=yes
ac_cv_type_union_fpc_csr=no
ac_cv_working_alloca_h=yes
am_cv_CC_dependencies_compiler_type=gcc3
am_cv_ar_interface=ar
am_cv_make_support_nested_variables=yes
am_cv_prog_cc_c_o=yes
gmp_cv_c_attribute_mode=yes
lt_cv_ar_at_file=@
lt_cv_deplibs_check_method=pass_all
lt_cv_file_magic_cmd='$MAGIC_CMD'
lt_cv_file_magic_test_file=
lt_cv_ld_reload_flag=-r
lt_cv_nm_interface='BSD nm'
lt_cv_objdir=.libs
lt_cv_path_LD=/usr/bin/ld
lt_cv_path_NM='/usr/bin/nm -B'
lt_cv_path_mainfest_tool=no
lt_cv_prog_compiler_c_o=yes
lt_cv_prog_compiler_pic='-fPIC -DPIC'
lt_cv_prog_compiler_pic_works=yes
lt_cv_prog_compiler_rtti_exceptions=no
lt_cv_prog_compiler_static_works=yes
lt_cv_prog_gnu_ld=yes
lt_cv_sharedlib_from_linklib_cmd='printf %s\n'
lt_cv_shlibpath_overrides_runpath=yes
lt_cv_sys_global_symbol_pipe='sed -n -e '\''s/^.*[	 ]\([ABCDGIRSTW][ABCDGIRSTW]*\)[	 ][	 ]*\([_A-Za-z][_A-Za-z0-9]*\)$/\1 \2 \2/p'\'' | sed '\''/ __gnu_lto/d'\'''
lt_cv_sys_global_symbol_to_c_name_address='sed -n -e '\''s/^: \([^ ]*\)[ ]*$/  {\"\1\", (void *) 0},/p'\'' -e '\''s/^[ABCDGIRSTW]* \([^ ]*\) \([^ ]*\)$/  {"\2", (void *) \&\2},/p'\'''
lt_cv_sys_global_symbol_to_c_name_address_lib_prefix='sed -n -e '\''s/^: \([^ ]*\)[ ]*$/  {\"\1\", (void *) 0},/p'\'' -e '\''s/^[ABCDGIRSTW]* \([^ ]*\) \(lib[^ ]*\)$/  {"\2", (void *) \&\2},/p'\'' -e '\''s/^[ABCDGIRSTW]* \([^ ]*\) \([^ ]*\)$/  {"lib\2", (void *) \&\2},/p'\'''
lt_cv_sys_global_symbol_to_cdecl='sed -n -e '\''s/^T .* \(.*\)$/extern int \1();/p'\'' -e '\''s/^[ABCDGIRSTW]* .* \(.*\)$/extern char \1;/p'\'''
lt_cv_sys_max_cmd_len=1572864
lt_cv_to_host_file_cmd=func_convert_file_noop
lt_cv_to_tool_file_cmd=func_convert_file_noop
mpfr_cv_c_long_double_format='IEEE extended, little endian'
mpfr_cv_check_gmp=yes
mpfr_cv_dbl_int_bug=no
mpfr_cv_errdivzero=no
mpfr_cv_gcc_floatconv_bug=no
mpfr_cv_have_builtin_unreachable=yes
mpfr_cv_have_denorms=yes
mpfr_cv_have_denorms_flt=yes
mpfr_cv_have_fesetround=yes
mpfr_cv_have_intmax_max=yes
mpfr_cv_have_noreturn=yes
mpfr_cv_have_signedz=yes
mpfr_cv_long_within_limb=yes
mpfr_cv_nanisnan=no
mpfr_cv_printf_maxlm=j

## ----------------- ##
## Output variables. ##
## ----------------- ##

ACLOCAL='${SHELL} /home/lcz/code/lede/build_dir/host/mpfr-4.0.1/missing aclocal-1.15'
ALLOCA=''
AMDEPBACKSLASH='\'
AMDEP_FALSE='#'
AMDEP_TRUE=''
AMTAR='$${TAR-tar}'
AM_BACKSLASH='\'
AM_DEFAULT_V='1'
AM_DEFAULT_VERBOSITY='1'
AM_V='1'
AR='ar'
AS='as'
AUTOCONF='${SHELL} /home/lcz/code/lede/build_dir/host/mpfr-4.0.1/missing autoconf'
AUTOHEADER='${SHELL} /home/lcz/code/lede/build_dir/host/mpfr-4.0.1/missing autoheader'
AUTOMAKE='${SHELL} /home/lcz/code/lede/build_dir/host/mpfr-4.0.1/missing automake-1.15'
AWK='gawk'
CC='gcc'
CCDEPMODE='depmode=gcc3'
CFLAGS='-O2 -I/home/lcz/code/lede/staging_dir/host/include '
CPP='gcc -E'
CPPFLAGS='-I/home/lcz/code/lede/staging_dir/host/include  -I/home/lcz/code/lede/staging_dir/host/include'
CYGPATH_W='echo'
DATAFILES=''
DEFS='-DHAVE_INTTYPES_H=1 -DHAVE_STDINT_H=1 -DLT_OBJDIR=\".libs/\" -DHAVE_DOUBLE_IEEE_LITTLE_ENDIAN=1 -DHAVE_LITTLE_ENDIAN=1 -DTIME_WITH_SYS_TIME=1 -DHAVE_LOCALE_H=1 -DHAVE_WCHAR_H=1 -DHAVE_STDARG=1 -DHAVE_SYS_TIME_H=1 -DHAVE_STRUCT_LCONV_DECIMAL_POINT=1 -DHAVE_STRUCT_LCONV_THOUSANDS_SEP=1 -DHAVE_ALLOCA_H=1 -DHAVE_VA_COPY=1 -DHAVE_SETLOCALE=1 -DHAVE_GETTIMEOFDAY=1 -DHAVE_SIGNAL=1 -DHAVE_SIGACTION=1 -DHAVE_LONG_LONG=1 -DHAVE_INTMAX_T=1 -DMPFR_HAVE_INTMAX_MAX=1 -DMPFR_PRINTF_MAXLM=\"j\" -DMPFR_HAVE_NORETURN=1 -DMPFR_HAVE_BUILTIN_UNREACHABLE=1 -DMPFR_HAVE_CONSTRUCTOR_ATTR=1 -DMPFR_HAVE_FESETROUND=1 -DHAVE_DENORMS=1 -DHAVE_DENORMS_FLT=1 -DHAVE_SIGNEDZ=1 -DHAVE_ROUND=1 -DHAVE_TRUNC=1 -DHAVE_FLOOR=1 -DHAVE_CEIL=1 -DHAVE_NEARBYINT=1 -DHAVE_LDOUBLE_IEEE_EXT_LITTLE=1 -DMPFR_USE_THREAD_SAFE=1 -DMPFR_USE_C11_THREAD_SAFE=1 -DMPFR_WANT_DECIMAL_FLOATS=1 -DMPFR_WANT_FLOAT128=1 -DMPFR_USE_STATIC_ASSERT=1 -DHAVE_CLOCK_GETTIME=1 -DHAVE_ATTRIBUTE_MODE=1 -DPRINTF_L=1 -DPRINTF_T=1 -DHAVE___GMPN_SBPI1_DIVAPPR_Q=1 -DMPFR_LONG_WITHIN_LIMB=1 -DHAVE_GETRUSAGE=1'
DEPDIR='.deps'
DLLTOOL='false'
DSYMUTIL=''
DUMPBIN=''
ECHO_C=''
ECHO_N='-n'
ECHO_T=''
EGREP='/home/lcz/code/lede/staging_dir/host/bin/grep -E'
EXEEXT=''
FGREP='/home/lcz/code/lede/staging_dir/host/bin/grep -F'
GREP='/home/lcz/code/lede/staging_dir/host/bin/grep'
INSTALL_DATA='${INSTALL} -m 644'
INSTALL_PROGRAM='${INSTALL}'
INSTALL_SCRIPT='${INSTALL}'
INSTALL_STRIP_PROGRAM='$(install_sh) -c -s'
LD='/usr/bin/ld -m elf_x86_64'
LDFLAGS='-L/home/lcz/code/lede/staging_dir/host/lib  -L/home/lcz/code/lede/staging_dir/host/lib'
LIBMPFR_LDFLAGS=''
LIBOBJS=''
LIBS='-lgmp '
LIBTOOL='$(SHELL) $(top_builddir)/libtool'
LIPO=''
LN_S='ln -s'
LTLIBOBJS=''
MAINT=''
MAINTAINER_MODE_FALSE='#'
MAINTAINER_MODE_TRUE=''
MAKEINFO='${SHELL} /home/lcz/code/lede/build_dir/host/mpfr-4.0.1/missing makeinfo'
MANIFEST_TOOL=':'
MKDIR_P='/bin/mkdir -p'
MPFR_LDFLAGS=''
MPFR_LIBM='-lm'
MPFR_LIBQUADMATH='-lquadmath'
NM='/usr/bin/nm -B'
NMEDIT=''
OBJDUMP='objdump'
OBJEXT='o'
OTOOL64=''
OTOOL=''
PACKAGE='mpfr'
PACKAGE_BUGREPORT=''
PACKAGE_NAME='MPFR'
PACKAGE_STRING='MPFR 4.0.1'
PACKAGE_TARNAME='mpfr'
PACKAGE_URL=''
PACKAGE_VERSION='4.0.1'
PATH_SEPARATOR=':'
RANLIB='ranlib'
SED='/home/lcz/code/lede/staging_dir/host/bin/sed'
SET_MAKE=''
SHELL='/usr/bin/env bash'
STRIP='strip'
TUNE_LIBS=''
VERSION='4.0.1'
ac_ct_AR='ar'
ac_ct_CC=''
ac_ct_DUMPBIN=''
am__EXEEXT_FALSE=''
am__EXEEXT_TRUE='#'
am__fastdepCC_FALSE='#'
am__fastdepCC_TRUE=''
am__include='include'
am__isrc=''
am__leading_dot='.'
am__nodep='_no'
am__quote=''
am__tar='$${TAR-tar} chof - "$$tardir"'
am__untar='$${TAR-tar} xf -'
bindir='${exec_prefix}/bin'
build='x86_64-pc-linux-gnu'
build_alias='x86_64-pc-linux-gnu'
build_cpu='x86_64'
build_os='linux-gnu'
build_vendor='pc'
datadir='${datarootdir}'
datarootdir='${prefix}/share'
docdir='${datarootdir}/doc/${PACKAGE_TARNAME}'
dvidir='${docdir}'
exec_prefix='/home/lcz/code/lede/staging_dir/host'
host='x86_64-pc-linux-gnu'
host_alias='x86_64-pc-linux-gnu'
host_cpu='x86_64'
host_os='linux-gnu'
host_vendor='pc'
htmldir='${docdir}'
includedir='${prefix}/include'
infodir='${datarootdir}/info'
install_sh='${SHELL} /home/lcz/code/lede/build_dir/host/mpfr-4.0.1/install-sh'
libdir='${exec_prefix}/lib'
libexecdir='${exec_prefix}/libexec'
localedir='${datarootdir}/locale'
localstatedir='/home/lcz/code/lede/staging_dir/host/var'
mandir='${datarootdir}/man'
mkdir_p='$(MKDIR_P)'
oldincludedir='/usr/include'
pdfdir='${docdir}'
prefix='/home/lcz/code/lede/staging_dir/host'
program_transform_name='s&$$&&;s&^&&'
psdir='${docdir}'
sbindir='/home/lcz/code/lede/staging_dir/host/bin'
sharedstatedir='${prefix}/com'
sysconfdir='/home/lcz/code/lede/staging_dir/host/etc'
target_alias='x86_64-pc-linux-gnu'

## ----------- ##
## confdefs.h. ##
## ----------- ##

/* confdefs.h */
#define HAVE_INTTYPES_H 1
#define HAVE_STDINT_H 1
#define LT_OBJDIR ".libs/"
#define HAVE_DOUBLE_IEEE_LITTLE_ENDIAN 1
#define HAVE_LITTLE_ENDIAN 1
#define TIME_WITH_SYS_TIME 1
#define HAVE_LOCALE_H 1
#define HAVE_WCHAR_H 1
#define HAVE_STDARG 1
#define HAVE_SYS_TIME_H 1
#define HAVE_STRUCT_LCONV_DECIMAL_POINT 1
#define HAVE_STRUCT_LCONV_THOUSANDS_SEP 1
#define HAVE_ALLOCA_H 1
#define HAVE_VA_COPY 1
#define HAVE_SETLOCALE 1
#define HAVE_GETTIMEOFDAY 1
#define HAVE_SIGNAL 1
#define HAVE_SIGACTION 1
#define HAVE_LONG_LONG 1
#define HAVE_INTMAX_T 1
#define MPFR_HAVE_INTMAX_MAX 1
#define MPFR_PRINTF_MAXLM "j"
#define MPFR_HAVE_NORETURN 1
#define MPFR_HAVE_BUILTIN_UNREACHABLE 1
#define MPFR_HAVE_CONSTRUCTOR_ATTR 1
#define MPFR_HAVE_FESETROUND 1
#define HAVE_DENORMS 1
#define HAVE_DENORMS_FLT 1
#define HAVE_SIGNEDZ 1
#define HAVE_ROUND 1
#define HAVE_TRUNC 1
#define HAVE_FLOOR 1
#define HAVE_CEIL 1
#define HAVE_NEARBYINT 1
#define HAVE_LDOUBLE_IEEE_EXT_LITTLE 1
#define MPFR_USE_THREAD_SAFE 1
#define MPFR_USE_C11_THREAD_SAFE 1
#define MPFR_WANT_DECIMAL_FLOATS 1
#define MPFR_WANT_FLOAT128 1
#define MPFR_USE_STATIC_ASSERT 1
#define HAVE_CLOCK_GETTIME 1
#define HAVE_ATTRIBUTE_MODE 1
#define PRINTF_L 1
#define PRINTF_T 1
#define HAVE___GMPN_SBPI1_DIVAPPR_Q 1
#define MPFR_LONG_WITHIN_LIMB 1
#define HAVE_GETRUSAGE 1

configure: exit 0

## ---------------------- ##
## Running config.status. ##
## ---------------------- ##

This file was extended by MPFR config.status 4.0.1, which was
generated by GNU Autoconf 2.69.  Invocation command line was

  CONFIG_FILES    = 
  CONFIG_HEADERS  = 
  CONFIG_LINKS    = 
  CONFIG_COMMANDS = 
  $ ./config.status Makefile

on MediumslateblueUnwieldy-VM

config.status:1026: creating Makefile

## ---------------------- ##
## Running config.status. ##
## ---------------------- ##

This file was extended by MPFR config.status 4.0.1, which was
generated by GNU Autoconf 2.69.  Invocation command line was

  CONFIG_FILES    = 
  CONFIG_HEADERS  = 
  CONFIG_LINKS    = 
  CONFIG_COMMANDS = 
  $ ./config.status src/Makefile depfiles

on MediumslateblueUnwieldy-VM

config.status:1026: creating src/Makefile
config.status:1198: executing depfiles commands
