This file contains any messages produced by compilers while
running configure, to aid debugging if configure makes a mistake.

It was created by quilt configure 0.65, which was
generated by GNU Autoconf 2.69.  Invocation command line was

  $ ./configure --target=x86_64-pc-linux-gnu --host=x86_64-pc-linux-gnu --build=x86_64-pc-linux-gnu --program-prefix= --program-suffix= --prefix=/home/lcz/code/lede/staging_dir/host --exec-prefix=/home/lcz/code/lede/staging_dir/host --sysconfdir=/home/lcz/code/lede/staging_dir/host/etc --localstatedir=/home/lcz/code/lede/staging_dir/host/var --sbindir=/home/lcz/code/lede/staging_dir/host/bin

## --------- ##
## Platform. ##
## --------- ##

hostname = MediumslateblueUnwieldy-VM
uname -m = x86_64
uname -r = 4.11.8-041108-generic
uname -s = Linux
uname -v = #201706290836 SMP Thu Jun 29 12:38:45 UTC 2017

/usr/bin/uname -p = unknown
/bin/uname -X     = unknown

/bin/arch              = unknown
/usr/bin/arch -k       = unknown
/usr/convex/getsysinfo = unknown
/usr/bin/hostinfo      = unknown
/bin/machine           = unknown
/usr/bin/oslevel       = unknown
/bin/universe          = unknown

PATH: /home/lcz/code/lede/staging_dir/toolchain-mipsel_24kc_gcc-7.5.0_musl/bin
PATH: /home/lcz/code/lede/staging_dir/toolchain-mipsel_24kc_gcc-7.5.0_musl/bin
PATH: /home/lcz/code/lede/staging_dir/host/bin
PATH: /home/lcz/code/lede/staging_dir/toolchain-mipsel_24kc_gcc-7.5.0_musl/bin
PATH: /home/lcz/code/lede/staging_dir/host/bin
PATH: /home/lcz/code/lede/staging_dir/host/bin
PATH: /home/lcz/bin
PATH: /home/lcz/.local/bin
PATH: /usr/local/sbin
PATH: /usr/local/bin
PATH: /usr/sbin
PATH: /usr/bin
PATH: /sbin
PATH: /bin
PATH: /usr/games
PATH: /usr/local/games


## ----------- ##
## Core tests. ##
## ----------- ##

configure:1815: checking for a BSD-compatible install
configure:1883: result: /usr/bin/install -c
configure:1895: checking whether #! works in shell scripts
configure:1912: result: yes
configure:1964: checking for bash
configure:1983: found /home/lcz/code/lede/staging_dir/host/bin/bash
configure:1995: result: /home/lcz/code/lede/staging_dir/host/bin/bash
configure:2030: checking whether /home/lcz/code/lede/staging_dir/host/bin/bash quoting works
configure:2033: result: yes
configure:2080: checking for gcp
configure:2114: result: no
configure:2080: checking for cp
configure:2099: found /home/lcz/code/lede/staging_dir/host/bin/cp
configure:2111: result: /home/lcz/code/lede/staging_dir/host/bin/cp
configure:2172: checking for gdate
configure:2206: result: no
configure:2172: checking for date
configure:2191: found /bin/date
configure:2203: result: /bin/date
configure:2235: checking whether /bin/date --rfc-822 works
configure:2238: result: yes
configure:2285: checking for perl
configure:2304: found /home/lcz/code/lede/staging_dir/host/bin/perl
configure:2316: result: /home/lcz/code/lede/staging_dir/host/bin/perl
configure:2375: checking for grep
configure:2394: found /home/lcz/code/lede/staging_dir/host/bin/grep
configure:2406: result: /home/lcz/code/lede/staging_dir/host/bin/grep
configure:2427: checking whether /home/lcz/code/lede/staging_dir/host/bin/grep -q works
configure:2430: result: yes
configure:2442: checking whether /home/lcz/code/lede/staging_dir/host/bin/grep understands (foo|bar)
configure:2445: result: yes
configure:2491: checking for tail
configure:2510: found /usr/bin/tail
configure:2522: result: /usr/bin/tail
configure:2544: checking whether /usr/bin/tail -n works
configure:2547: result: yes
configure:2593: checking for tr
configure:2612: found /usr/bin/tr
configure:2624: result: /usr/bin/tr
configure:2645: checking whether /usr/bin/tr understands a-z 
configure:2648: result: yes
configure:2695: checking for stat
configure:2714: found /home/lcz/code/lede/staging_dir/host/bin/stat
configure:2726: result: /home/lcz/code/lede/staging_dir/host/bin/stat
configure:2747: checking whether /home/lcz/code/lede/staging_dir/host/bin/stat -c '%h' works
configure:2750: result: yes
configure:2807: checking for sed
configure:2826: found /home/lcz/code/lede/staging_dir/host/bin/sed
configure:2838: result: /home/lcz/code/lede/staging_dir/host/bin/sed
configure:2859: checking whether /home/lcz/code/lede/staging_dir/host/bin/sed understands (foo|bar)
configure:2862: result: yes
configure:2910: checking for gawk
configure:2929: found /usr/bin/gawk
configure:2941: result: /usr/bin/gawk
configure:2968: checking whether /usr/bin/gawk supports sub
configure:2971: result: yes
configure:2998: checking for pod2man
configure:3016: found /usr/bin/pod2man
configure:3028: result: /usr/bin/pod2man
configure:3075: checking for column
configure:3094: found /usr/bin/column
configure:3106: result: /usr/bin/column
configure:3163: checking for getopt
configure:3182: found /home/lcz/code/lede/staging_dir/host/bin/getopt
configure:3194: result: /home/lcz/code/lede/staging_dir/host/bin/getopt
configure:3220: checking for getopt --long syntax
configure:3227: result: yes
configure:3274: checking for mktemp
configure:3293: found /bin/mktemp
configure:3305: result: /bin/mktemp
configure:3330: checking whether /bin/mktemp -d works
configure:3334: result: yes
configure:3381: checking for diff
configure:3400: found /home/lcz/code/lede/staging_dir/host/bin/diff
configure:3412: result: /home/lcz/code/lede/staging_dir/host/bin/diff
configure:3465: checking for patch
configure:3484: found /home/lcz/code/lede/staging_dir/host/bin/patch
configure:3496: result: /home/lcz/code/lede/staging_dir/host/bin/patch
configure:3518: checking the version of /home/lcz/code/lede/staging_dir/host/bin/diff
configure:3523: result: 3.3
configure:3546: checking the version of /home/lcz/code/lede/staging_dir/host/bin/patch
configure:3555: result: 2.7.6
configure:3609: checking for find
configure:3628: found /home/lcz/code/lede/staging_dir/host/bin/find
configure:3640: result: /home/lcz/code/lede/staging_dir/host/bin/find
configure:3661: checking whether /home/lcz/code/lede/staging_dir/host/bin/find -path works
configure:3664: result: yes
configure:3677: checking whether /home/lcz/code/lede/staging_dir/host/bin/find -print0 works
configure:3680: result: yes
configure:3726: checking for xargs
configure:3745: found /home/lcz/code/lede/staging_dir/host/bin/xargs
configure:3757: result: /home/lcz/code/lede/staging_dir/host/bin/xargs
configure:3778: checking whether /home/lcz/code/lede/staging_dir/host/bin/xargs -0 works
configure:3781: result: yes
configure:3822: checking for diffstat
configure:3856: result: no
configure:3864: WARNING: diffstat not found, some optional functionalities will be missing
configure:3949: checking for sendmail
configure:3983: result: no
configure:4006: WARNING: Using internal sendmail mechanism.  Use option '--with-sendmail' to override
configure:4051: checking for gmd5sum
configure:4085: result: no
configure:4051: checking for md5sum
configure:4070: found /usr/bin/md5sum
configure:4082: result: /usr/bin/md5sum
configure:4111: checking for msgmerge
configure:4144: result: no
configure:4151: checking for msgfmt
configure:4184: result: no
configure:4191: checking for xgettext
configure:4224: result: no
configure:4231: checking for msguniq
configure:4264: result: no
configure:4271: checking for msgcat
configure:4304: result: no
configure:4346: Building without natural language support
configure:4383: checking for rpmbuild
configure:4417: result: no
configure:4383: checking for rpm
configure:4417: result: no
configure:4431: WARNING: rpmbuild not found, some optional functionalities will be missing
configure:4598: creating ./config.status

## ---------------------- ##
## Running config.status. ##
## ---------------------- ##

This file was extended by quilt config.status 0.65, which was
generated by GNU Autoconf 2.69.  Invocation command line was

  CONFIG_FILES    = 
  CONFIG_HEADERS  = 
  CONFIG_LINKS    = 
  CONFIG_COMMANDS = 
  $ ./config.status 

on MediumslateblueUnwieldy-VM

config.status:749: creating Makefile
configure:5610: result: 
configure:5612: result: quilt version 0.65 configured.
configure:5614: result: 
configure:5616: result: Using '/home/lcz/code/lede/staging_dir/host' for installation prefix.
configure:5619: result: 
configure:5621: result: Report bugs to quilt-dev@nongnu.org

## ---------------- ##
## Cache variables. ##
## ---------------- ##

ac_cv_env_build_alias_set=set
ac_cv_env_build_alias_value=x86_64-pc-linux-gnu
ac_cv_env_host_alias_set=set
ac_cv_env_host_alias_value=x86_64-pc-linux-gnu
ac_cv_env_target_alias_set=set
ac_cv_env_target_alias_value=x86_64-pc-linux-gnu
ac_cv_path_AWK=/usr/bin/gawk
ac_cv_path_BASH=/home/lcz/code/lede/staging_dir/host/bin/bash
ac_cv_path_COLUMN=/usr/bin/column
ac_cv_path_CP=/home/lcz/code/lede/staging_dir/host/bin/cp
ac_cv_path_DATE=/bin/date
ac_cv_path_DIFF=/home/lcz/code/lede/staging_dir/host/bin/diff
ac_cv_path_FIND=/home/lcz/code/lede/staging_dir/host/bin/find
ac_cv_path_GETOPT=/home/lcz/code/lede/staging_dir/host/bin/getopt
ac_cv_path_GREP=/home/lcz/code/lede/staging_dir/host/bin/grep
ac_cv_path_MD5SUM=/usr/bin/md5sum
ac_cv_path_MKTEMP=/bin/mktemp
ac_cv_path_PATCH=/home/lcz/code/lede/staging_dir/host/bin/patch
ac_cv_path_PERL=/home/lcz/code/lede/staging_dir/host/bin/perl
ac_cv_path_POD2MAN=/usr/bin/pod2man
ac_cv_path_SED=/home/lcz/code/lede/staging_dir/host/bin/sed
ac_cv_path_STAT=/home/lcz/code/lede/staging_dir/host/bin/stat
ac_cv_path_TAIL=/usr/bin/tail
ac_cv_path_TR=/usr/bin/tr
ac_cv_path_XARGS=/home/lcz/code/lede/staging_dir/host/bin/xargs
ac_cv_path_install='/usr/bin/install -c'
ac_cv_sys_interpreter=yes

## ----------------- ##
## Output variables. ##
## ----------------- ##

AWK='/usr/bin/gawk'
BASH='/home/lcz/code/lede/staging_dir/host/bin/bash'
COLUMN='/usr/bin/column'
COMPAT_PROGRAMS=' sendmail'
COMPAT_SYMLINKS=' awk'
CP='/home/lcz/code/lede/staging_dir/host/bin/cp'
DATE='/bin/date'
DEFS='-DPACKAGE_NAME=\"quilt\" -DPACKAGE_TARNAME=\"quilt\" -DPACKAGE_VERSION=\"0.65\" -DPACKAGE_STRING=\"quilt\ 0.65\" -DPACKAGE_BUGREPORT=\"quilt-dev@nongnu.org\" -DPACKAGE_URL=\"\"'
DIFF='/home/lcz/code/lede/staging_dir/host/bin/diff'
DIFFSTAT='diffstat'
ECHO_C=''
ECHO_N='-n'
ECHO_T=''
FIND='/home/lcz/code/lede/staging_dir/host/bin/find'
GETOPT='/home/lcz/code/lede/staging_dir/host/bin/getopt'
GREP='/home/lcz/code/lede/staging_dir/host/bin/grep'
INSTALL_DATA='${INSTALL} -m 644'
INSTALL_PROGRAM='${INSTALL}'
INSTALL_SCRIPT='${INSTALL}'
LIBOBJS=''
LIBS=''
LTLIBOBJS=''
MD5SUM='/usr/bin/md5sum'
MKTEMP='/bin/mktemp'
MSGCAT=''
MSGFMT=''
MSGMERGE=''
MSGUNIQ=''
PACKAGE_BUGREPORT='quilt-dev@nongnu.org'
PACKAGE_NAME='quilt'
PACKAGE_RELEASE='1'
PACKAGE_STRING='quilt 0.65'
PACKAGE_TARNAME='quilt'
PACKAGE_URL=''
PACKAGE_VERSION='0.65'
PATCH='/home/lcz/code/lede/staging_dir/host/bin/patch'
PATCH_WRAPPER=''
PATH_SEPARATOR=':'
PERL='/home/lcz/code/lede/staging_dir/host/bin/perl'
POD2MAN='/usr/bin/pod2man'
RPMBUILD='rpmbuild'
SED='/home/lcz/code/lede/staging_dir/host/bin/sed'
SENDMAIL='sendmail'
SHELL='/usr/bin/env bash'
STAT='/home/lcz/code/lede/staging_dir/host/bin/stat'
STAT_HARDLINK='-c '\''%h'\'''
TAIL='/usr/bin/tail'
TR='/usr/bin/tr'
USE_NLS='no'
XARGS='/home/lcz/code/lede/staging_dir/host/bin/xargs'
XGETTEXT=''
bindir='${exec_prefix}/bin'
build_alias='x86_64-pc-linux-gnu'
datadir='${datarootdir}'
datarootdir='${prefix}/share'
docdir='${datarootdir}/doc/${PACKAGE_TARNAME}'
dvidir='${docdir}'
exec_prefix='/home/lcz/code/lede/staging_dir/host'
host_alias='x86_64-pc-linux-gnu'
htmldir='${docdir}'
includedir='${prefix}/include'
infodir='${datarootdir}/info'
libdir='${exec_prefix}/lib'
libexecdir='${exec_prefix}/libexec'
localedir='${datarootdir}/locale'
localstatedir='/home/lcz/code/lede/staging_dir/host/var'
mandir='${datarootdir}/man'
oldincludedir='/usr/include'
pdfdir='${docdir}'
prefix='/home/lcz/code/lede/staging_dir/host'
program_transform_name='s,x,x,'
psdir='${docdir}'
sbindir='/home/lcz/code/lede/staging_dir/host/bin'
sharedstatedir='${prefix}/com'
sysconfdir='/home/lcz/code/lede/staging_dir/host/etc'
target_alias='x86_64-pc-linux-gnu'

## ----------- ##
## confdefs.h. ##
## ----------- ##

/* confdefs.h */
#define PACKAGE_NAME "quilt"
#define PACKAGE_TARNAME "quilt"
#define PACKAGE_VERSION "0.65"
#define PACKAGE_STRING "quilt 0.65"
#define PACKAGE_BUGREPORT "quilt-dev@nongnu.org"
#define PACKAGE_URL ""

configure: exit 0
