This file contains any messages produced by compilers while
running configure, to aid debugging if configure makes a mistake.

It was created by configure, which was
generated by GNU Autoconf 2.69.  Invocation command line was

  $ ./configure --prefix=/home/lcz/code/lede/staging_dir/toolchain-mipsel_24kc_gcc-7.5.0_musl --build=x86_64-pc-linux-gnu --host=x86_64-pc-linux-gnu --target=mipsel-openwrt-linux-musl --disable-werror --without-uiout --enable-tui --disable-gdbtk --without-x --without-included-gettext --enable-threads --with-expat --without-python --disable-binutils --disable-ld --disable-gas --disable-sim

## --------- ##
## Platform. ##
## --------- ##

hostname = MediumslateblueUnwieldy-VM
uname -m = x86_64
uname -r = 4.11.8-041108-generic
uname -s = Linux
uname -v = #201706290836 SMP Thu Jun 29 12:38:45 UTC 2017

/usr/bin/uname -p = unknown
/bin/uname -X     = unknown

/bin/arch              = unknown
/usr/bin/arch -k       = unknown
/usr/convex/getsysinfo = unknown
/usr/bin/hostinfo      = unknown
/bin/machine           = unknown
/usr/bin/oslevel       = unknown
/bin/universe          = unknown

PATH: /home/lcz/code/lede/staging_dir/toolchain-mipsel_24kc_gcc-7.5.0_musl/bin
PATH: /home/lcz/code/lede/staging_dir/toolchain-mipsel_24kc_gcc-7.5.0_musl/bin
PATH: /home/lcz/code/lede/staging_dir/host/bin
PATH: /home/lcz/code/lede/staging_dir/toolchain-mipsel_24kc_gcc-7.5.0_musl/bin
PATH: /home/lcz/code/lede/staging_dir/host/bin
PATH: /home/lcz/code/lede/staging_dir/host/bin
PATH: /home/lcz/bin
PATH: /home/lcz/.local/bin
PATH: /usr/local/sbin
PATH: /usr/local/bin
PATH: /usr/sbin
PATH: /usr/bin
PATH: /sbin
PATH: /bin
PATH: /usr/games
PATH: /usr/local/games


## ----------- ##
## Core tests. ##
## ----------- ##

configure:2344: checking build system type
configure:2358: result: x86_64-pc-linux-gnu
configure:2405: checking host system type
configure:2418: result: x86_64-pc-linux-gnu
configure:2438: checking target system type
configure:2451: result: mipsel-openwrt-linux-musl
configure:2505: checking for a BSD-compatible install
configure:2573: result: /usr/bin/install -c
configure:2584: checking whether ln works
configure:2606: result: yes
configure:2610: checking whether ln -s works
configure:2614: result: yes
configure:2621: checking for a sed that does not truncate output
configure:2685: result: /home/lcz/code/lede/staging_dir/host/bin/sed
configure:2694: checking for gawk
configure:2710: found /usr/bin/gawk
configure:2721: result: gawk
configure:3057: WARNING: neither ld nor gold are enabled
configure:3998: checking for x86_64-pc-linux-gnu-gcc
configure:4025: result: gcc
configure:4294: checking for C compiler version
configure:4303: gcc --version >&5
gcc (Debian 9.3.0-11) 9.3.0
Copyright (C) 2019 Free Software Foundation, Inc.
This is free software; see the source for copying conditions.  There is NO
warranty; not even for MERCHANTABILITY or FITNESS FOR A PARTICULAR PURPOSE.

configure:4314: $? = 0
configure:4303: gcc -v >&5
Using built-in specs.
COLLECT_GCC=gcc
COLLECT_LTO_WRAPPER=/usr/lib/gcc/x86_64-linux-gnu/9/lto-wrapper
OFFLOAD_TARGET_NAMES=nvptx-none:hsa
OFFLOAD_TARGET_DEFAULT=1
Target: x86_64-linux-gnu
Configured with: ../src/configure -v --with-pkgversion='Debian 9.3.0-11' --with-bugurl=file:///usr/share/doc/gcc-9/README.Bugs --enable-languages=c,ada,c++,go,brig,d,fortran,objc,obj-c++,gm2 --prefix=/usr --with-gcc-major-version-only --program-suffix=-9 --program-prefix=x86_64-linux-gnu- --enable-shared --enable-linker-build-id --libexecdir=/usr/lib --without-included-gettext --enable-threads=posix --libdir=/usr/lib --enable-nls --enable-bootstrap --enable-clocale=gnu --enable-libstdcxx-debug --enable-libstdcxx-time=yes --with-default-libstdcxx-abi=new --enable-gnu-unique-object --disable-vtable-verify --enable-plugin --enable-default-pie --with-system-zlib --with-target-system-zlib=auto --enable-objc-gc=auto --enable-multiarch --disable-werror --with-arch-32=i686 --with-abi=m64 --with-multilib-list=m32,m64,mx32 --enable-multilib --with-tune=generic --enable-offload-targets=nvptx-none,hsa --without-cuda-driver --enable-checking=release --build=x86_64-linux-gnu --host=x86_64-linux-gnu --target=x86_64-linux-gnu --with-build-config=bootstrap-lto-lean --enable-link-mutex
Thread model: posix
gcc version 9.3.0 (Debian 9.3.0-11) 
configure:4314: $? = 0
configure:4303: gcc -V >&5
gcc: error: unrecognized command line option '-V'
gcc: fatal error: no input files
compilation terminated.
configure:4314: $? = 1
configure:4303: gcc -qversion >&5
gcc: error: unrecognized command line option '-qversion'; did you mean '--version'?
gcc: fatal error: no input files
compilation terminated.
configure:4314: $? = 1
configure:4334: checking whether the C compiler works
configure:4356: gcc -O2 -I/home/lcz/code/lede/staging_dir/host/include  -I/home/lcz/code/lede/staging_dir/host/include  -L/home/lcz/code/lede/staging_dir/host/lib  conftest.c  >&5
configure:4360: $? = 0
configure:4408: result: yes
configure:4411: checking for C compiler default output file name
configure:4413: result: a.out
configure:4419: checking for suffix of executables
configure:4426: gcc -o conftest -O2 -I/home/lcz/code/lede/staging_dir/host/include  -I/home/lcz/code/lede/staging_dir/host/include  -L/home/lcz/code/lede/staging_dir/host/lib  conftest.c  >&5
configure:4430: $? = 0
configure:4452: result: 
configure:4474: checking whether we are cross compiling
configure:4482: gcc -o conftest -O2 -I/home/lcz/code/lede/staging_dir/host/include  -I/home/lcz/code/lede/staging_dir/host/include  -L/home/lcz/code/lede/staging_dir/host/lib  conftest.c  >&5
configure:4486: $? = 0
configure:4493: ./conftest
configure:4497: $? = 0
configure:4512: result: no
configure:4517: checking for suffix of object files
configure:4539: gcc -c -O2 -I/home/lcz/code/lede/staging_dir/host/include  -I/home/lcz/code/lede/staging_dir/host/include  conftest.c >&5
configure:4543: $? = 0
configure:4564: result: o
configure:4568: checking whether we are using the GNU C compiler
configure:4587: gcc -c -O2 -I/home/lcz/code/lede/staging_dir/host/include  -I/home/lcz/code/lede/staging_dir/host/include  conftest.c >&5
configure:4587: $? = 0
configure:4596: result: yes
configure:4605: checking whether gcc accepts -g
configure:4625: gcc -c -g -I/home/lcz/code/lede/staging_dir/host/include  conftest.c >&5
configure:4625: $? = 0
configure:4666: result: yes
configure:4683: checking for gcc option to accept ISO C89
configure:4746: gcc  -c -O2 -I/home/lcz/code/lede/staging_dir/host/include  -I/home/lcz/code/lede/staging_dir/host/include  conftest.c >&5
configure:4746: $? = 0
configure:4759: result: none needed
configure:4891: checking for C++ compiler version
configure:4900: g++ --version >&5
g++ (Debian 9.3.0-11) 9.3.0
Copyright (C) 2019 Free Software Foundation, Inc.
This is free software; see the source for copying conditions.  There is NO
warranty; not even for MERCHANTABILITY or FITNESS FOR A PARTICULAR PURPOSE.

configure:4911: $? = 0
configure:4900: g++ -v >&5
Using built-in specs.
COLLECT_GCC=g++
COLLECT_LTO_WRAPPER=/usr/lib/gcc/x86_64-linux-gnu/9/lto-wrapper
OFFLOAD_TARGET_NAMES=nvptx-none:hsa
OFFLOAD_TARGET_DEFAULT=1
Target: x86_64-linux-gnu
Configured with: ../src/configure -v --with-pkgversion='Debian 9.3.0-11' --with-bugurl=file:///usr/share/doc/gcc-9/README.Bugs --enable-languages=c,ada,c++,go,brig,d,fortran,objc,obj-c++,gm2 --prefix=/usr --with-gcc-major-version-only --program-suffix=-9 --program-prefix=x86_64-linux-gnu- --enable-shared --enable-linker-build-id --libexecdir=/usr/lib --without-included-gettext --enable-threads=posix --libdir=/usr/lib --enable-nls --enable-bootstrap --enable-clocale=gnu --enable-libstdcxx-debug --enable-libstdcxx-time=yes --with-default-libstdcxx-abi=new --enable-gnu-unique-object --disable-vtable-verify --enable-plugin --enable-default-pie --with-system-zlib --with-target-system-zlib=auto --enable-objc-gc=auto --enable-multiarch --disable-werror --with-arch-32=i686 --with-abi=m64 --with-multilib-list=m32,m64,mx32 --enable-multilib --with-tune=generic --enable-offload-targets=nvptx-none,hsa --without-cuda-driver --enable-checking=release --build=x86_64-linux-gnu --host=x86_64-linux-gnu --target=x86_64-linux-gnu --with-build-config=bootstrap-lto-lean --enable-link-mutex
Thread model: posix
gcc version 9.3.0 (Debian 9.3.0-11) 
configure:4911: $? = 0
configure:4900: g++ -V >&5
g++: error: unrecognized command line option '-V'
g++: fatal error: no input files
compilation terminated.
configure:4911: $? = 1
configure:4900: g++ -qversion >&5
g++: error: unrecognized command line option '-qversion'; did you mean '--version'?
g++: fatal error: no input files
compilation terminated.
configure:4911: $? = 1
configure:4915: checking whether we are using the GNU C++ compiler
configure:4934: g++ -c  -I/home/lcz/code/lede/staging_dir/host/include  conftest.cpp >&5
configure:4934: $? = 0
configure:4943: result: yes
configure:4952: checking whether g++ accepts -g
configure:4972: g++ -c -g -I/home/lcz/code/lede/staging_dir/host/include  conftest.cpp >&5
configure:4972: $? = 0
configure:5013: result: yes
configure:5062: checking whether g++ accepts -static-libstdc++ -static-libgcc
configure:5079: g++ -o conftest -g -O2 -I/home/lcz/code/lede/staging_dir/host/include  -L/home/lcz/code/lede/staging_dir/host/lib  -static-libstdc++ -static-libgcc conftest.cpp  >&5
configure:5079: $? = 0
configure:5080: result: yes
configure:5104: checking for x86_64-pc-linux-gnu-gnatbind
configure:5134: result: no
configure:5144: checking for gnatbind
configure:5174: result: no
configure:5196: checking for x86_64-pc-linux-gnu-gnatmake
configure:5226: result: no
configure:5236: checking for gnatmake
configure:5266: result: no
configure:5285: checking whether compiler driver understands Ada
configure:5308: result: no
configure:5317: checking how to compare bootstrapped objects
configure:5342: result: cmp --ignore-initial=16 $$f1 $$f2
configure:5402: checking for objdir
configure:5417: result: .libs
configure:5983: checking for isl 0.15 or later
configure:5996: gcc -o conftest -O2 -I/home/lcz/code/lede/staging_dir/host/include    -I/home/lcz/code/lede/staging_dir/host/include  -L/home/lcz/code/lede/staging_dir/host/lib   -lisl -lmpc -lmpfr -lgmp conftest.c  -lisl -lgmp >&5
conftest.c:10:10: fatal error: isl/schedule.h: No such file or directory
   10 | #include <isl/schedule.h>
      |          ^~~~~~~~~~~~~~~~
compilation terminated.
configure:5996: $? = 1
configure: failed program was:
| /* confdefs.h */
| #define PACKAGE_NAME ""
| #define PACKAGE_TARNAME ""
| #define PACKAGE_VERSION ""
| #define PACKAGE_STRING ""
| #define PACKAGE_BUGREPORT ""
| #define PACKAGE_URL ""
| #define LT_OBJDIR ".libs/"
| /* end confdefs.h.  */
| #include <isl/schedule.h>
| int
| main ()
| {
| isl_options_set_schedule_serialize_sccs (NULL, 0);
|   ;
|   return 0;
| }
configure:6003: result: no
configure:6007: result: required isl version is 0.15 or later
configure:7100: checking for default BUILD_CONFIG
configure:7132: result: 
configure:7137: checking for --enable-vtable-verify
configure:7150: result: no
configure:7750: checking for bison
configure:7766: found /home/lcz/code/lede/staging_dir/host/bin/bison
configure:7777: result: bison -y
configure:7797: checking for bison
configure:7813: found /home/lcz/code/lede/staging_dir/host/bin/bison
configure:7824: result: bison
configure:7844: checking for gm4
configure:7871: result: /home/lcz/code/lede/staging_dir/host/bin/m4
configure:7891: checking for flex
configure:7907: found /home/lcz/code/lede/staging_dir/host/bin/flex
configure:7918: result: flex
configure:7939: checking for flex
configure:7955: found /home/lcz/code/lede/staging_dir/host/bin/flex
configure:7966: result: flex
configure:7986: checking for makeinfo
configure:8002: found /home/lcz/code/lede/staging_dir/host/bin/makeinfo
configure:8013: result: makeinfo
configure:8047: checking for expect
configure:8077: result: no
configure:8096: checking for runtest
configure:8126: result: no
configure:8202: checking for x86_64-pc-linux-gnu-ar
configure:8232: result: no
configure:8241: checking for ar
configure:8257: found /usr/bin/ar
configure:8268: result: ar
configure:8343: checking for x86_64-pc-linux-gnu-as
configure:8373: result: no
configure:8382: checking for as
configure:8398: found /usr/bin/as
configure:8409: result: as
configure:8484: checking for x86_64-pc-linux-gnu-dlltool
configure:8514: result: no
configure:8523: checking for dlltool
configure:8553: result: no
configure:8625: checking for x86_64-pc-linux-gnu-ld
configure:8655: result: no
configure:8664: checking for ld
configure:8680: found /usr/bin/ld
configure:8691: result: ld
configure:8766: checking for x86_64-pc-linux-gnu-lipo
configure:8796: result: no
configure:8805: checking for lipo
configure:8835: result: no
configure:8907: checking for x86_64-pc-linux-gnu-nm
configure:8937: result: no
configure:8946: checking for nm
configure:8962: found /usr/bin/nm
configure:8973: result: nm
configure:9048: checking for x86_64-pc-linux-gnu-ranlib
configure:9078: result: no
configure:9087: checking for ranlib
configure:9103: found /usr/bin/ranlib
configure:9114: result: ranlib
configure:9184: checking for x86_64-pc-linux-gnu-strip
configure:9214: result: no
configure:9223: checking for strip
configure:9239: found /usr/bin/strip
configure:9250: result: strip
configure:9320: checking for x86_64-pc-linux-gnu-windres
configure:9350: result: no
configure:9359: checking for windres
configure:9389: result: no
configure:9461: checking for x86_64-pc-linux-gnu-windmc
configure:9491: result: no
configure:9500: checking for windmc
configure:9530: result: no
configure:9602: checking for x86_64-pc-linux-gnu-objcopy
configure:9632: result: no
configure:9641: checking for objcopy
configure:9657: found /usr/bin/objcopy
configure:9668: result: objcopy
configure:9743: checking for x86_64-pc-linux-gnu-objdump
configure:9773: result: no
configure:9782: checking for objdump
configure:9798: found /usr/bin/objdump
configure:9809: result: objdump
configure:9884: checking for x86_64-pc-linux-gnu-readelf
configure:9914: result: no
configure:9923: checking for readelf
configure:9939: found /usr/bin/readelf
configure:9950: result: readelf
configure:10064: checking for mipsel-openwrt-linux-musl-cc
configure:10094: result: no
configure:10064: checking for mipsel-openwrt-linux-musl-gcc
configure:10094: result: no
configure:10225: checking for mipsel-openwrt-linux-musl-c++
configure:10255: result: no
configure:10225: checking for mipsel-openwrt-linux-musl-g++
configure:10255: result: no
configure:10225: checking for mipsel-openwrt-linux-musl-cxx
configure:10255: result: no
configure:10225: checking for mipsel-openwrt-linux-musl-gxx
configure:10255: result: no
configure:10386: checking for mipsel-openwrt-linux-musl-gcc
configure:10416: result: no
configure:10542: checking for mipsel-openwrt-linux-musl-gfortran
configure:10572: result: no
configure:10703: checking for mipsel-openwrt-linux-musl-gccgo
configure:10733: result: no
configure:10944: checking for mipsel-openwrt-linux-musl-ar
configure:10974: result: no
configure:11174: checking for mipsel-openwrt-linux-musl-as
configure:11204: result: no
configure:11404: checking for mipsel-openwrt-linux-musl-dlltool
configure:11434: result: no
configure:11634: checking for mipsel-openwrt-linux-musl-ld
configure:11664: result: no
configure:11864: checking for mipsel-openwrt-linux-musl-lipo
configure:11894: result: no
configure:12094: checking for mipsel-openwrt-linux-musl-nm
configure:12124: result: no
configure:12324: checking for mipsel-openwrt-linux-musl-objcopy
configure:12354: result: no
configure:12554: checking for mipsel-openwrt-linux-musl-objdump
configure:12584: result: no
configure:12784: checking for mipsel-openwrt-linux-musl-ranlib
configure:12814: result: no
configure:13014: checking for mipsel-openwrt-linux-musl-readelf
configure:13044: result: no
configure:13244: checking for mipsel-openwrt-linux-musl-strip
configure:13274: result: no
configure:13474: checking for mipsel-openwrt-linux-musl-windres
configure:13504: result: no
configure:13704: checking for mipsel-openwrt-linux-musl-windmc
configure:13734: result: no
configure:13801: checking where to find the target ar
configure:13838: result: pre-installed
configure:13843: checking where to find the target as
configure:13880: result: pre-installed
configure:13885: checking where to find the target cc
configure:13922: result: pre-installed
configure:13927: checking where to find the target c++
configure:13967: result: pre-installed
configure:13972: checking where to find the target c++ for libstdc++
configure:14012: result: pre-installed
configure:14017: checking where to find the target dlltool
configure:14054: result: pre-installed
configure:14059: checking where to find the target gcc
configure:14096: result: pre-installed
configure:14101: checking where to find the target gfortran
configure:14141: result: pre-installed
configure:14146: checking where to find the target gccgo
configure:14186: result: pre-installed
configure:14191: checking where to find the target ld
configure:14228: result: pre-installed
configure:14233: checking where to find the target lipo
configure:14259: result: pre-installed
configure:14264: checking where to find the target nm
configure:14301: result: pre-installed
configure:14306: checking where to find the target objcopy
configure:14343: result: pre-installed
configure:14348: checking where to find the target objdump
configure:14385: result: pre-installed
configure:14390: checking where to find the target ranlib
configure:14427: result: pre-installed
configure:14432: checking where to find the target readelf
configure:14469: result: pre-installed
configure:14474: checking where to find the target strip
configure:14511: result: pre-installed
configure:14516: checking where to find the target windres
configure:14553: result: pre-installed
configure:14558: checking where to find the target windmc
configure:14595: result: pre-installed
configure:14628: checking whether to enable maintainer-specific portions of Makefiles
configure:14637: result: no
configure:14880: creating ./config.status

## ---------------------- ##
## Running config.status. ##
## ---------------------- ##

This file was extended by config.status, which was
generated by GNU Autoconf 2.69.  Invocation command line was

  CONFIG_FILES    = 
  CONFIG_HEADERS  = 
  CONFIG_LINKS    = 
  CONFIG_COMMANDS = 
  $ ./config.status 

on MediumslateblueUnwieldy-VM

config.status:968: creating Makefile

## ---------------- ##
## Cache variables. ##
## ---------------- ##

ac_cv_build=x86_64-pc-linux-gnu
ac_cv_c_compiler_gnu=yes
ac_cv_cxx_compiler_gnu=yes
ac_cv_env_AR_FOR_TARGET_set=
ac_cv_env_AR_FOR_TARGET_value=
ac_cv_env_AR_set=
ac_cv_env_AR_value=
ac_cv_env_AS_FOR_TARGET_set=
ac_cv_env_AS_FOR_TARGET_value=
ac_cv_env_AS_set=
ac_cv_env_AS_value=
ac_cv_env_CCC_set=
ac_cv_env_CCC_value=
ac_cv_env_CC_FOR_TARGET_set=
ac_cv_env_CC_FOR_TARGET_value=
ac_cv_env_CC_set=set
ac_cv_env_CC_value=gcc
ac_cv_env_CFLAGS_set=set
ac_cv_env_CFLAGS_value='-O2 -I/home/lcz/code/lede/staging_dir/host/include '
ac_cv_env_CPPFLAGS_set=set
ac_cv_env_CPPFLAGS_value='-I/home/lcz/code/lede/staging_dir/host/include '
ac_cv_env_CXXFLAGS_set=
ac_cv_env_CXXFLAGS_value=
ac_cv_env_CXX_FOR_TARGET_set=
ac_cv_env_CXX_FOR_TARGET_value=
ac_cv_env_CXX_set=set
ac_cv_env_CXX_value=g++
ac_cv_env_DLLTOOL_FOR_TARGET_set=
ac_cv_env_DLLTOOL_FOR_TARGET_value=
ac_cv_env_DLLTOOL_set=
ac_cv_env_DLLTOOL_value=
ac_cv_env_GCC_FOR_TARGET_set=
ac_cv_env_GCC_FOR_TARGET_value=
ac_cv_env_GFORTRAN_FOR_TARGET_set=
ac_cv_env_GFORTRAN_FOR_TARGET_value=
ac_cv_env_GOC_FOR_TARGET_set=
ac_cv_env_GOC_FOR_TARGET_value=
ac_cv_env_LDFLAGS_set=set
ac_cv_env_LDFLAGS_value='-L/home/lcz/code/lede/staging_dir/host/lib '
ac_cv_env_LD_FOR_TARGET_set=
ac_cv_env_LD_FOR_TARGET_value=
ac_cv_env_LD_set=
ac_cv_env_LD_value=
ac_cv_env_LIBS_set=
ac_cv_env_LIBS_value=
ac_cv_env_LIPO_FOR_TARGET_set=
ac_cv_env_LIPO_FOR_TARGET_value=
ac_cv_env_LIPO_set=
ac_cv_env_LIPO_value=
ac_cv_env_NM_FOR_TARGET_set=
ac_cv_env_NM_FOR_TARGET_value=
ac_cv_env_NM_set=
ac_cv_env_NM_value=
ac_cv_env_OBJCOPY_FOR_TARGET_set=
ac_cv_env_OBJCOPY_FOR_TARGET_value=
ac_cv_env_OBJCOPY_set=
ac_cv_env_OBJCOPY_value=
ac_cv_env_OBJDUMP_FOR_TARGET_set=
ac_cv_env_OBJDUMP_FOR_TARGET_value=
ac_cv_env_OBJDUMP_set=
ac_cv_env_OBJDUMP_value=
ac_cv_env_RANLIB_FOR_TARGET_set=
ac_cv_env_RANLIB_FOR_TARGET_value=
ac_cv_env_RANLIB_set=
ac_cv_env_RANLIB_value=
ac_cv_env_READELF_FOR_TARGET_set=
ac_cv_env_READELF_FOR_TARGET_value=
ac_cv_env_READELF_set=
ac_cv_env_READELF_value=
ac_cv_env_STRIP_FOR_TARGET_set=
ac_cv_env_STRIP_FOR_TARGET_value=
ac_cv_env_STRIP_set=
ac_cv_env_STRIP_value=
ac_cv_env_WINDMC_FOR_TARGET_set=
ac_cv_env_WINDMC_FOR_TARGET_value=
ac_cv_env_WINDMC_set=
ac_cv_env_WINDMC_value=
ac_cv_env_WINDRES_FOR_TARGET_set=
ac_cv_env_WINDRES_FOR_TARGET_value=
ac_cv_env_WINDRES_set=
ac_cv_env_WINDRES_value=
ac_cv_env_build_alias_set=set
ac_cv_env_build_alias_value=x86_64-pc-linux-gnu
ac_cv_env_build_configargs_set=
ac_cv_env_build_configargs_value=
ac_cv_env_host_alias_set=set
ac_cv_env_host_alias_value=x86_64-pc-linux-gnu
ac_cv_env_host_configargs_set=
ac_cv_env_host_configargs_value=
ac_cv_env_target_alias_set=set
ac_cv_env_target_alias_value=mipsel-openwrt-linux-musl
ac_cv_env_target_configargs_set=
ac_cv_env_target_configargs_value=
ac_cv_host=x86_64-pc-linux-gnu
ac_cv_objext=o
ac_cv_path_SED=/home/lcz/code/lede/staging_dir/host/bin/sed
ac_cv_path_install='/usr/bin/install -c'
ac_cv_prog_AR=ar
ac_cv_prog_AS=as
ac_cv_prog_AWK=gawk
ac_cv_prog_BISON=bison
ac_cv_prog_CC=gcc
ac_cv_prog_FLEX=flex
ac_cv_prog_LD=ld
ac_cv_prog_LEX=flex
ac_cv_prog_M4=/home/lcz/code/lede/staging_dir/host/bin/m4
ac_cv_prog_MAKEINFO=makeinfo
ac_cv_prog_NM=nm
ac_cv_prog_OBJCOPY=objcopy
ac_cv_prog_OBJDUMP=objdump
ac_cv_prog_RANLIB=ranlib
ac_cv_prog_READELF=readelf
ac_cv_prog_STRIP=strip
ac_cv_prog_YACC='bison -y'
ac_cv_prog_cc_c89=
ac_cv_prog_cc_g=yes
ac_cv_prog_cxx_g=yes
ac_cv_target=mipsel-openwrt-linux-musl
acx_cv_cc_gcc_supports_ada=no
acx_cv_prog_LN=ln
gcc_cv_isl=no
gcc_cv_prog_cmp_skip='cmp --ignore-initial=16 $$f1 $$f2'
gcc_cv_tool_dirs=
gcc_cv_tool_prefix=/home/lcz/code/lede/staging_dir/toolchain-mipsel_24kc_gcc-7.5.0_musl
gdb_cv_func_sigsetjmp=yes
lt_cv_objdir=.libs

## ----------------- ##
## Output variables. ##
## ----------------- ##

AR='ar'
AR_FOR_BUILD='$(AR)'
AR_FOR_TARGET='mipsel-openwrt-linux-musl-ar'
AS='as'
AS_FOR_BUILD='$(AS)'
AS_FOR_TARGET='mipsel-openwrt-linux-musl-as'
AWK='gawk'
BISON='bison'
BUILD_CONFIG=''
CC='gcc'
CC_FOR_BUILD='$(CC)'
CC_FOR_TARGET='mipsel-openwrt-linux-musl-cc'
CFLAGS='-O2 -I/home/lcz/code/lede/staging_dir/host/include '
CFLAGS_FOR_BUILD='-O2 -I/home/lcz/code/lede/staging_dir/host/include '
CFLAGS_FOR_TARGET='-g -O2'
COMPILER_AS_FOR_TARGET='$(AS_FOR_TARGET)'
COMPILER_LD_FOR_TARGET='$(LD_FOR_TARGET)'
COMPILER_NM_FOR_TARGET='$(NM_FOR_TARGET)'
CONFIGURE_GDB_TK=''
CPPFLAGS='-I/home/lcz/code/lede/staging_dir/host/include '
CXX='g++'
CXXFLAGS='-g -O2'
CXXFLAGS_FOR_BUILD='-g -O2'
CXXFLAGS_FOR_TARGET='-g -O2'
CXX_FOR_BUILD='$(CXX)'
CXX_FOR_TARGET='mipsel-openwrt-linux-musl-c++'
DEBUG_PREFIX_CFLAGS_FOR_TARGET=''
DEFS='-DPACKAGE_NAME=\"\" -DPACKAGE_TARNAME=\"\" -DPACKAGE_VERSION=\"\" -DPACKAGE_STRING=\"\" -DPACKAGE_BUGREPORT=\"\" -DPACKAGE_URL=\"\" -DLT_OBJDIR=\".libs/\"'
DLLTOOL='dlltool'
DLLTOOL_FOR_BUILD='$(DLLTOOL)'
DLLTOOL_FOR_TARGET='mipsel-openwrt-linux-musl-dlltool'
ECHO_C=''
ECHO_N='-n'
ECHO_T=''
EXEEXT=''
EXPECT='expect'
FLAGS_FOR_TARGET=''
FLEX='flex'
GCC_FOR_TARGET='mipsel-openwrt-linux-musl-gcc'
GCC_SHLIB_SUBDIR=''
GDB_TK=''
GFORTRAN_FOR_BUILD='$(GFORTRAN)'
GFORTRAN_FOR_TARGET='mipsel-openwrt-linux-musl-gfortran'
GNATBIND='no'
GNATMAKE='no'
GOC_FOR_BUILD='$(GOC)'
GOC_FOR_TARGET='mipsel-openwrt-linux-musl-gccgo'
INSTALL_DATA='${INSTALL} -m 644'
INSTALL_GDB_TK=''
INSTALL_PROGRAM='${INSTALL}'
INSTALL_SCRIPT='${INSTALL}'
LD='ld'
LDFLAGS='-L/home/lcz/code/lede/staging_dir/host/lib '
LDFLAGS_FOR_BUILD='-L/home/lcz/code/lede/staging_dir/host/lib '
LDFLAGS_FOR_TARGET=''
LD_FOR_BUILD='$(LD)'
LD_FOR_TARGET='mipsel-openwrt-linux-musl-ld'
LEX='flex'
LIBOBJS=''
LIBS=''
LIPO='lipo'
LIPO_FOR_TARGET='mipsel-openwrt-linux-musl-lipo'
LN='ln'
LN_S='ln -s'
LTLIBOBJS=''
M4='/home/lcz/code/lede/staging_dir/host/bin/m4'
MAINT='#'
MAINTAINER_MODE_FALSE=''
MAINTAINER_MODE_TRUE='#'
MAKEINFO='/home/lcz/code/lede/build_dir/toolchain-mipsel_24kc_gcc-7.5.0_musl/gdb-8.3.1/missing makeinfo'
NM='nm'
NM_FOR_BUILD='$(NM)'
NM_FOR_TARGET='mipsel-openwrt-linux-musl-nm'
OBJCOPY='objcopy'
OBJCOPY_FOR_TARGET='mipsel-openwrt-linux-musl-objcopy'
OBJDUMP='objdump'
OBJDUMP_FOR_TARGET='mipsel-openwrt-linux-musl-objdump'
OBJEXT='o'
PACKAGE_BUGREPORT=''
PACKAGE_NAME=''
PACKAGE_STRING=''
PACKAGE_TARNAME=''
PACKAGE_URL=''
PACKAGE_VERSION=''
PATH_SEPARATOR=':'
RANLIB='ranlib'
RANLIB_FOR_BUILD='$(RANLIB)'
RANLIB_FOR_TARGET='mipsel-openwrt-linux-musl-ranlib'
RAW_CXX_FOR_TARGET='mipsel-openwrt-linux-musl-c++'
READELF='readelf'
READELF_FOR_TARGET='mipsel-openwrt-linux-musl-readelf'
RPATH_ENVVAR='LD_LIBRARY_PATH'
RUNTEST='runtest'
SED='/home/lcz/code/lede/staging_dir/host/bin/sed'
SHELL='/usr/bin/env bash'
STRIP='strip'
STRIP_FOR_TARGET='mipsel-openwrt-linux-musl-strip'
SYSROOT_CFLAGS_FOR_TARGET=''
TOPLEVEL_CONFIGURE_ARGUMENTS='./configure --prefix=/home/lcz/code/lede/staging_dir/toolchain-mipsel_24kc_gcc-7.5.0_musl --build=x86_64-pc-linux-gnu --host=x86_64-pc-linux-gnu --target=mipsel-openwrt-linux-musl --disable-werror --without-uiout --enable-tui --disable-gdbtk --without-x --without-included-gettext --enable-threads --with-expat --without-python --disable-binutils --disable-ld --disable-gas --disable-sim'
WINDMC='windmc'
WINDMC_FOR_BUILD='$(WINDMC)'
WINDMC_FOR_TARGET='mipsel-openwrt-linux-musl-windmc'
WINDRES='windres'
WINDRES_FOR_BUILD='$(WINDRES)'
WINDRES_FOR_TARGET='mipsel-openwrt-linux-musl-windres'
YACC='bison -y'
ac_ct_CC=''
ac_ct_CXX=''
bindir='${exec_prefix}/bin'
build='x86_64-pc-linux-gnu'
build_alias='x86_64-pc-linux-gnu'
build_configargs=' --cache-file=./config.cache '\''--prefix=/home/lcz/code/lede/staging_dir/toolchain-mipsel_24kc_gcc-7.5.0_musl'\'' '\''--disable-werror'\'' '\''--without-uiout'\'' '\''--enable-tui'\'' '\''--disable-gdbtk'\'' '\''--without-x'\'' '\''--without-included-gettext'\'' '\''--enable-threads'\'' '\''--with-expat'\'' '\''--without-python'\'' '\''--disable-binutils'\'' '\''--disable-ld'\'' '\''--disable-gas'\'' '\''--disable-sim'\'' --program-transform-name='\''s&^&mipsel-openwrt-linux-musl-&'\'' --disable-option-checking'
build_configdirs=' libiberty'
build_cpu='x86_64'
build_libsubdir='build-x86_64-pc-linux-gnu'
build_noncanonical='x86_64-pc-linux-gnu'
build_os='linux-gnu'
build_subdir='build-x86_64-pc-linux-gnu'
build_tooldir='${exec_prefix}/mipsel-openwrt-linux-musl'
build_vendor='pc'
compare_exclusions='gcc/cc*-checksum$(objext) | gcc/ada/*tools/*'
configdirs=' intl libiberty opcodes bfd readline zlib libdecnumber gdb etc'
datadir='${datarootdir}'
datarootdir='${prefix}/share'
do_compare='cmp --ignore-initial=16 $$f1 $$f2'
docdir='${datarootdir}/doc/${PACKAGE}'
dvidir='${docdir}'
exec_prefix='${prefix}'
extra_host_libiberty_configure_flags=''
extra_host_zlib_configure_flags=''
extra_isl_gmp_configure_flags=''
extra_liboffloadmic_configure_flags=''
extra_linker_plugin_configure_flags=''
extra_linker_plugin_flags=''
extra_mpc_gmp_configure_flags=''
extra_mpc_mpfr_configure_flags=''
extra_mpfr_configure_flags=''
get_gcc_base_ver='cat'
gmpinc=''
gmplibs='-lmpc -lmpfr -lgmp'
host='x86_64-pc-linux-gnu'
host_alias='x86_64-pc-linux-gnu'
host_configargs=' --cache-file=./config.cache  '\''--prefix=/home/lcz/code/lede/staging_dir/toolchain-mipsel_24kc_gcc-7.5.0_musl'\'' '\''--disable-werror'\'' '\''--without-uiout'\'' '\''--enable-tui'\'' '\''--disable-gdbtk'\'' '\''--without-x'\'' '\''--without-included-gettext'\'' '\''--enable-threads'\'' '\''--with-expat'\'' '\''--without-python'\'' '\''--disable-binutils'\'' '\''--disable-ld'\'' '\''--disable-gas'\'' '\''--disable-sim'\'' --program-transform-name='\''s&^&mipsel-openwrt-linux-musl-&'\'' --disable-option-checking'
host_cpu='x86_64'
host_noncanonical='x86_64-pc-linux-gnu'
host_os='linux-gnu'
host_shared='no'
host_subdir='.'
host_vendor='pc'
htmldir='${docdir}'
includedir='${prefix}/include'
infodir='${datarootdir}/info'
islinc=''
isllibs=''
libdir='${exec_prefix}/lib'
libexecdir='${exec_prefix}/libexec'
localedir='${datarootdir}/locale'
localstatedir='${prefix}/var'
mandir='${datarootdir}/man'
oldincludedir='/usr/include'
pdfdir='${docdir}'
poststage1_ldflags='-static-libstdc++ -static-libgcc'
poststage1_libs=''
prefix='/home/lcz/code/lede/staging_dir/toolchain-mipsel_24kc_gcc-7.5.0_musl'
program_transform_name='s&^&mipsel-openwrt-linux-musl-&'
psdir='${docdir}'
sbindir='${exec_prefix}/sbin'
sharedstatedir='${prefix}/com'
stage1_cflags='-g'
stage1_checking='--enable-checking=yes,types'
stage1_languages=',c,'
stage1_ldflags=''
stage1_libs=''
stage2_werror_flag=''
sysconfdir='${prefix}/etc'
target='mipsel-openwrt-linux-musl'
target_alias='mipsel-openwrt-linux-musl'
target_configargs='--cache-file=./config.cache --enable-multilib --with-cross-host=x86_64-pc-linux-gnu   '\''--prefix=/home/lcz/code/lede/staging_dir/toolchain-mipsel_24kc_gcc-7.5.0_musl'\'' '\''--disable-werror'\'' '\''--without-uiout'\'' '\''--enable-tui'\'' '\''--disable-gdbtk'\'' '\''--without-x'\'' '\''--without-included-gettext'\'' '\''--enable-threads'\'' '\''--with-expat'\'' '\''--without-python'\'' '\''--disable-binutils'\'' '\''--disable-ld'\'' '\''--disable-gas'\'' '\''--disable-sim'\'' --program-transform-name='\''s&^&mipsel-openwrt-linux-musl-&'\'' --disable-option-checking'
target_configdirs=''
target_cpu='mipsel'
target_noncanonical='mipsel-openwrt-linux-musl'
target_os='linux-musl'
target_subdir='mipsel-openwrt-linux-musl'
target_vendor='openwrt'
tooldir='${exec_prefix}/mipsel-openwrt-linux-musl'

## ------------------- ##
## File substitutions. ##
## ------------------- ##

alphaieee_frag='/dev/null'
host_makefile_frag='/dev/null'
ospace_frag='/dev/null'
serialization_dependencies='serdep.tmp'
target_makefile_frag='./config/mt-mips-gnu'

## ----------- ##
## confdefs.h. ##
## ----------- ##

/* confdefs.h */
#define PACKAGE_NAME ""
#define PACKAGE_TARNAME ""
#define PACKAGE_VERSION ""
#define PACKAGE_STRING ""
#define PACKAGE_BUGREPORT ""
#define PACKAGE_URL ""
#define LT_OBJDIR ".libs/"

configure: exit 0
