This file contains any messages produced by compilers while
running configure, to aid debugging if configure makes a mistake.

It was created by GNU Libtool configure 2.4, which was
generated by GNU Autoconf 2.69.  Invocation command line was

  $ ./configure --target=x86_64-pc-linux-gnu --host=x86_64-pc-linux-gnu --build=x86_64-pc-linux-gnu --program-prefix= --program-suffix= --prefix=/home/lcz/code/lede/staging_dir/host --exec-prefix=/home/lcz/code/lede/staging_dir/host --sysconfdir=/home/lcz/code/lede/staging_dir/host/etc --localstatedir=/home/lcz/code/lede/staging_dir/host/var --sbindir=/home/lcz/code/lede/staging_dir/host/bin

## --------- ##
## Platform. ##
## --------- ##

hostname = MediumslateblueUnwieldy-VM
uname -m = x86_64
uname -r = 4.11.8-041108-generic
uname -s = Linux
uname -v = #201706290836 SMP Thu Jun 29 12:38:45 UTC 2017

/usr/bin/uname -p = unknown
/bin/uname -X     = unknown

/bin/arch              = unknown
/usr/bin/arch -k       = unknown
/usr/convex/getsysinfo = unknown
/usr/bin/hostinfo      = unknown
/bin/machine           = unknown
/usr/bin/oslevel       = unknown
/bin/universe          = unknown

PATH: /home/lcz/code/lede/staging_dir/toolchain-mipsel_24kc_gcc-7.5.0_musl/bin
PATH: /home/lcz/code/lede/staging_dir/toolchain-mipsel_24kc_gcc-7.5.0_musl/bin
PATH: /home/lcz/code/lede/staging_dir/host/bin
PATH: /home/lcz/code/lede/staging_dir/toolchain-mipsel_24kc_gcc-7.5.0_musl/bin
PATH: /home/lcz/code/lede/staging_dir/host/bin
PATH: /home/lcz/code/lede/staging_dir/host/bin
PATH: /home/lcz/bin
PATH: /home/lcz/.local/bin
PATH: /usr/local/sbin
PATH: /usr/local/bin
PATH: /usr/sbin
PATH: /usr/bin
PATH: /sbin
PATH: /bin
PATH: /usr/games
PATH: /usr/local/games


## ----------- ##
## Core tests. ##
## ----------- ##

configure:2731: checking for a BSD-compatible install
configure:2799: result: /usr/bin/install -c
configure:2810: checking whether build environment is sane
configure:2865: result: yes
configure:3016: checking for a thread-safe mkdir -p
configure:3055: result: /bin/mkdir -p
configure:3062: checking for gawk
configure:3078: found /usr/bin/gawk
configure:3089: result: gawk
configure:3100: checking whether make sets $(MAKE)
configure:3122: result: yes
configure:3151: checking whether make supports nested variables
configure:3168: result: yes
configure:3309: checking build system type
configure:3323: result: x86_64-pc-linux-gnu
configure:3343: checking host system type
configure:3356: result: x86_64-pc-linux-gnu
configure:3383: autobuild project... GNU Libtool
configure:3389: autobuild revision... 2.4 ()
configure:3394: autobuild hostname... MediumslateblueUnwieldy-VM
configure:3398: autobuild mode... default
configure:3406: autobuild timestamp... 20200509T113301Z
configure:3465: checking for x86_64-pc-linux-gnu-gcc
configure:3492: result: gcc
configure:3761: checking for C compiler version
configure:3770: gcc --version >&5
gcc (Debian 9.3.0-11) 9.3.0
Copyright (C) 2019 Free Software Foundation, Inc.
This is free software; see the source for copying conditions.  There is NO
warranty; not even for MERCHANTABILITY or FITNESS FOR A PARTICULAR PURPOSE.

configure:3781: $? = 0
configure:3770: gcc -v >&5
Using built-in specs.
COLLECT_GCC=gcc
COLLECT_LTO_WRAPPER=/usr/lib/gcc/x86_64-linux-gnu/9/lto-wrapper
OFFLOAD_TARGET_NAMES=nvptx-none:hsa
OFFLOAD_TARGET_DEFAULT=1
Target: x86_64-linux-gnu
Configured with: ../src/configure -v --with-pkgversion='Debian 9.3.0-11' --with-bugurl=file:///usr/share/doc/gcc-9/README.Bugs --enable-languages=c,ada,c++,go,brig,d,fortran,objc,obj-c++,gm2 --prefix=/usr --with-gcc-major-version-only --program-suffix=-9 --program-prefix=x86_64-linux-gnu- --enable-shared --enable-linker-build-id --libexecdir=/usr/lib --without-included-gettext --enable-threads=posix --libdir=/usr/lib --enable-nls --enable-bootstrap --enable-clocale=gnu --enable-libstdcxx-debug --enable-libstdcxx-time=yes --with-default-libstdcxx-abi=new --enable-gnu-unique-object --disable-vtable-verify --enable-plugin --enable-default-pie --with-system-zlib --with-target-system-zlib=auto --enable-objc-gc=auto --enable-multiarch --disable-werror --with-arch-32=i686 --with-abi=m64 --with-multilib-list=m32,m64,mx32 --enable-multilib --with-tune=generic --enable-offload-targets=nvptx-none,hsa --without-cuda-driver --enable-checking=release --build=x86_64-linux-gnu --host=x86_64-linux-gnu --target=x86_64-linux-gnu --with-build-config=bootstrap-lto-lean --enable-link-mutex
Thread model: posix
gcc version 9.3.0 (Debian 9.3.0-11) 
configure:3781: $? = 0
configure:3770: gcc -V >&5
gcc: error: unrecognized command line option '-V'
gcc: fatal error: no input files
compilation terminated.
configure:3781: $? = 1
configure:3770: gcc -qversion >&5
gcc: error: unrecognized command line option '-qversion'; did you mean '--version'?
gcc: fatal error: no input files
compilation terminated.
configure:3781: $? = 1
configure:3801: checking whether the C compiler works
configure:3823: gcc -O2 -I/home/lcz/code/lede/staging_dir/host/include  -I/home/lcz/code/lede/staging_dir/host/include  -L/home/lcz/code/lede/staging_dir/host/lib  conftest.c  >&5
configure:3827: $? = 0
configure:3875: result: yes
configure:3878: checking for C compiler default output file name
configure:3880: result: a.out
configure:3886: checking for suffix of executables
configure:3893: gcc -o conftest -O2 -I/home/lcz/code/lede/staging_dir/host/include  -I/home/lcz/code/lede/staging_dir/host/include  -L/home/lcz/code/lede/staging_dir/host/lib  conftest.c  >&5
configure:3897: $? = 0
configure:3919: result: 
configure:3941: checking whether we are cross compiling
configure:3949: gcc -o conftest -O2 -I/home/lcz/code/lede/staging_dir/host/include  -I/home/lcz/code/lede/staging_dir/host/include  -L/home/lcz/code/lede/staging_dir/host/lib  conftest.c  >&5
configure:3953: $? = 0
configure:3960: ./conftest
configure:3964: $? = 0
configure:3979: result: no
configure:3984: checking for suffix of object files
configure:4006: gcc -c -O2 -I/home/lcz/code/lede/staging_dir/host/include  -I/home/lcz/code/lede/staging_dir/host/include  conftest.c >&5
configure:4010: $? = 0
configure:4031: result: o
configure:4035: checking whether we are using the GNU C compiler
configure:4054: gcc -c -O2 -I/home/lcz/code/lede/staging_dir/host/include  -I/home/lcz/code/lede/staging_dir/host/include  conftest.c >&5
configure:4054: $? = 0
configure:4063: result: yes
configure:4072: checking whether gcc accepts -g
configure:4092: gcc -c -g -I/home/lcz/code/lede/staging_dir/host/include  conftest.c >&5
configure:4092: $? = 0
configure:4133: result: yes
configure:4150: checking for gcc option to accept ISO C89
configure:4213: gcc  -c -O2 -I/home/lcz/code/lede/staging_dir/host/include  -I/home/lcz/code/lede/staging_dir/host/include  conftest.c >&5
configure:4213: $? = 0
configure:4226: result: none needed
configure:4251: checking whether gcc understands -c and -o together
configure:4273: gcc -c conftest.c -o conftest2.o
configure:4276: $? = 0
configure:4273: gcc -c conftest.c -o conftest2.o
configure:4276: $? = 0
configure:4288: result: yes
configure:4316: checking for style of include used by make
configure:4344: result: GNU
configure:4370: checking dependency style of gcc
configure:4481: result: gcc3
configure:4502: checking how to run the C preprocessor
configure:4533: gcc -E -I/home/lcz/code/lede/staging_dir/host/include  conftest.c
configure:4533: $? = 0
configure:4547: gcc -E -I/home/lcz/code/lede/staging_dir/host/include  conftest.c
conftest.c:11:10: fatal error: ac_nonexistent.h: No such file or directory
   11 | #include <ac_nonexistent.h>
      |          ^~~~~~~~~~~~~~~~~~
compilation terminated.
configure:4547: $? = 1
configure: failed program was:
| /* confdefs.h */
| #define PACKAGE_NAME "GNU Libtool"
| #define PACKAGE_TARNAME "libtool"
| #define PACKAGE_VERSION "2.4"
| #define PACKAGE_STRING "GNU Libtool 2.4"
| #define PACKAGE_BUGREPORT "bug-libtool@gnu.org"
| #define PACKAGE_URL "http://www.gnu.org/software/libtool/"
| #define PACKAGE "libtool"
| #define VERSION "2.4"
| /* end confdefs.h.  */
| #include <ac_nonexistent.h>
configure:4572: result: gcc -E
configure:4592: gcc -E -I/home/lcz/code/lede/staging_dir/host/include  conftest.c
configure:4592: $? = 0
configure:4606: gcc -E -I/home/lcz/code/lede/staging_dir/host/include  conftest.c
conftest.c:11:10: fatal error: ac_nonexistent.h: No such file or directory
   11 | #include <ac_nonexistent.h>
      |          ^~~~~~~~~~~~~~~~~~
compilation terminated.
configure:4606: $? = 1
configure: failed program was:
| /* confdefs.h */
| #define PACKAGE_NAME "GNU Libtool"
| #define PACKAGE_TARNAME "libtool"
| #define PACKAGE_VERSION "2.4"
| #define PACKAGE_STRING "GNU Libtool 2.4"
| #define PACKAGE_BUGREPORT "bug-libtool@gnu.org"
| #define PACKAGE_URL "http://www.gnu.org/software/libtool/"
| #define PACKAGE "libtool"
| #define VERSION "2.4"
| /* end confdefs.h.  */
| #include <ac_nonexistent.h>
configure:4684: checking how to print strings
configure:4711: result: printf
configure:4732: checking for a sed that does not truncate output
configure:4796: result: /home/lcz/code/lede/staging_dir/host/bin/sed
configure:4813: checking for grep that handles long lines and -e
configure:4871: result: /home/lcz/code/lede/staging_dir/host/bin/grep
configure:4876: checking for egrep
configure:4938: result: /home/lcz/code/lede/staging_dir/host/bin/grep -E
configure:4943: checking for fgrep
configure:5005: result: /home/lcz/code/lede/staging_dir/host/bin/grep -F
configure:5040: checking for ld used by gcc
configure:5107: result: /usr/bin/ld
configure:5114: checking if the linker (/usr/bin/ld) is GNU ld
configure:5129: result: yes
configure:5141: checking for BSD- or MS-compatible name lister (nm)
configure:5190: result: /usr/bin/nm -B
configure:5320: checking the name lister (/usr/bin/nm -B) interface
configure:5327: gcc -c -O2 -I/home/lcz/code/lede/staging_dir/host/include  -I/home/lcz/code/lede/staging_dir/host/include  conftest.c >&5
configure:5330: /usr/bin/nm -B "conftest.o"
configure:5333: output
0000000000000000 B some_variable
configure:5340: result: BSD nm
configure:5343: checking whether ln -s works
configure:5347: result: yes
configure:5355: checking the maximum length of command line arguments
configure:5480: result: 1572864
configure:5497: checking whether the shell understands some XSI constructs
configure:5507: result: yes
configure:5511: checking whether the shell understands "+="
configure:5517: result: yes
configure:5552: checking how to convert x86_64-pc-linux-gnu file names to x86_64-pc-linux-gnu format
configure:5592: result: func_convert_file_noop
configure:5599: checking how to convert x86_64-pc-linux-gnu file names to toolchain format
configure:5619: result: func_convert_file_noop
configure:5626: checking for /usr/bin/ld option to reload object files
configure:5633: result: -r
configure:5667: checking for x86_64-pc-linux-gnu-objdump
configure:5697: result: no
configure:5707: checking for objdump
configure:5723: found /usr/bin/objdump
configure:5734: result: objdump
configure:5763: checking how to recognize dependent libraries
configure:5965: result: pass_all
configure:6010: checking for x86_64-pc-linux-gnu-dlltool
configure:6040: result: no
configure:6050: checking for dlltool
configure:6080: result: no
configure:6107: checking how to associate runtime and link libraries
configure:6134: result: printf %s\n
configure:6151: checking for x86_64-pc-linux-gnu-ar
configure:6181: result: no
configure:6195: checking for ar
configure:6211: found /usr/bin/ar
configure:6222: result: ar
configure:6259: checking for archiver @FILE support
configure:6276: gcc -c -O2 -I/home/lcz/code/lede/staging_dir/host/include  -I/home/lcz/code/lede/staging_dir/host/include  conftest.c >&5
configure:6276: $? = 0
configure:6279: ar cru libconftest.a @conftest.lst >&5
ar: `u' modifier ignored since `D' is the default (see `U')
configure:6282: $? = 0
configure:6287: ar cru libconftest.a @conftest.lst >&5
ar: `u' modifier ignored since `D' is the default (see `U')
ar: conftest.o: No such file or directory
configure:6290: $? = 1
configure:6302: result: @
configure:6320: checking for x86_64-pc-linux-gnu-strip
configure:6350: result: no
configure:6360: checking for strip
configure:6376: found /usr/bin/strip
configure:6387: result: strip
configure:6419: checking for x86_64-pc-linux-gnu-ranlib
configure:6449: result: no
configure:6459: checking for ranlib
configure:6475: found /usr/bin/ranlib
configure:6486: result: ranlib
configure:6587: checking command to parse /usr/bin/nm -B output from gcc object
configure:6706: gcc -c -O2 -I/home/lcz/code/lede/staging_dir/host/include  -I/home/lcz/code/lede/staging_dir/host/include  conftest.c >&5
configure:6709: $? = 0
configure:6713: /usr/bin/nm -B conftest.o \| sed -n -e 's/^.*[ ]\([ABCDGIRSTW][ABCDGIRSTW]*\)[ ][ ]*\([_A-Za-z][_A-Za-z0-9]*\)$/\1 \2 \2/p' | sed '/ __gnu_lto/d' \> conftest.nm
configure:6716: $? = 0
configure:6782: gcc -o conftest -O2 -I/home/lcz/code/lede/staging_dir/host/include  -I/home/lcz/code/lede/staging_dir/host/include  -L/home/lcz/code/lede/staging_dir/host/lib  conftest.c conftstm.o >&5
configure:6785: $? = 0
configure:6823: result: ok
configure:6860: checking for sysroot
configure:6890: result: no
configure:6967: gcc -c -O2 -I/home/lcz/code/lede/staging_dir/host/include  -I/home/lcz/code/lede/staging_dir/host/include  conftest.c >&5
configure:6970: $? = 0
configure:7093: checking for x86_64-pc-linux-gnu-mt
configure:7123: result: no
configure:7133: checking for mt
configure:7149: found /bin/mt
configure:7160: result: mt
configure:7183: checking if mt is a manifest tool
configure:7189: mt '-?'
configure:7197: result: no
configure:7825: checking for ANSI C header files
configure:7845: gcc -c -O2 -I/home/lcz/code/lede/staging_dir/host/include  -I/home/lcz/code/lede/staging_dir/host/include  conftest.c >&5
configure:7845: $? = 0
configure:7918: gcc -o conftest -O2 -I/home/lcz/code/lede/staging_dir/host/include  -I/home/lcz/code/lede/staging_dir/host/include  -L/home/lcz/code/lede/staging_dir/host/lib  conftest.c  >&5
configure:7918: $? = 0
configure:7918: ./conftest
configure:7918: $? = 0
configure:7929: result: yes
configure:7942: checking for sys/types.h
configure:7942: gcc -c -O2 -I/home/lcz/code/lede/staging_dir/host/include  -I/home/lcz/code/lede/staging_dir/host/include  conftest.c >&5
configure:7942: $? = 0
configure:7942: result: yes
configure:7942: checking for sys/stat.h
configure:7942: gcc -c -O2 -I/home/lcz/code/lede/staging_dir/host/include  -I/home/lcz/code/lede/staging_dir/host/include  conftest.c >&5
configure:7942: $? = 0
configure:7942: result: yes
configure:7942: checking for stdlib.h
configure:7942: gcc -c -O2 -I/home/lcz/code/lede/staging_dir/host/include  -I/home/lcz/code/lede/staging_dir/host/include  conftest.c >&5
configure:7942: $? = 0
configure:7942: result: yes
configure:7942: checking for string.h
configure:7942: gcc -c -O2 -I/home/lcz/code/lede/staging_dir/host/include  -I/home/lcz/code/lede/staging_dir/host/include  conftest.c >&5
configure:7942: $? = 0
configure:7942: result: yes
configure:7942: checking for memory.h
configure:7942: gcc -c -O2 -I/home/lcz/code/lede/staging_dir/host/include  -I/home/lcz/code/lede/staging_dir/host/include  conftest.c >&5
configure:7942: $? = 0
configure:7942: result: yes
configure:7942: checking for strings.h
configure:7942: gcc -c -O2 -I/home/lcz/code/lede/staging_dir/host/include  -I/home/lcz/code/lede/staging_dir/host/include  conftest.c >&5
configure:7942: $? = 0
configure:7942: result: yes
configure:7942: checking for inttypes.h
configure:7942: gcc -c -O2 -I/home/lcz/code/lede/staging_dir/host/include  -I/home/lcz/code/lede/staging_dir/host/include  conftest.c >&5
configure:7942: $? = 0
configure:7942: result: yes
configure:7942: checking for stdint.h
configure:7942: gcc -c -O2 -I/home/lcz/code/lede/staging_dir/host/include  -I/home/lcz/code/lede/staging_dir/host/include  conftest.c >&5
configure:7942: $? = 0
configure:7942: result: yes
configure:7942: checking for unistd.h
configure:7942: gcc -c -O2 -I/home/lcz/code/lede/staging_dir/host/include  -I/home/lcz/code/lede/staging_dir/host/include  conftest.c >&5
configure:7942: $? = 0
configure:7942: result: yes
configure:7956: checking for dlfcn.h
configure:7956: gcc -c -O2 -I/home/lcz/code/lede/staging_dir/host/include  -I/home/lcz/code/lede/staging_dir/host/include  conftest.c >&5
configure:7956: $? = 0
configure:7956: result: yes
configure:8440: checking for objdir
configure:8455: result: .libs
configure:8725: checking if gcc supports -fno-rtti -fno-exceptions
configure:8743: gcc -c -O2 -I/home/lcz/code/lede/staging_dir/host/include  -I/home/lcz/code/lede/staging_dir/host/include  -fno-rtti -fno-exceptions conftest.c >&5
cc1: warning: command line option '-fno-rtti' is valid for C++/D/ObjC++ but not for C
configure:8747: $? = 0
configure:8760: result: no
configure:9070: checking for gcc option to produce PIC
configure:9077: result: -fPIC -DPIC
configure:9085: checking if gcc PIC flag -fPIC -DPIC works
configure:9103: gcc -c -O2 -I/home/lcz/code/lede/staging_dir/host/include  -I/home/lcz/code/lede/staging_dir/host/include  -fPIC -DPIC -DPIC conftest.c >&5
configure:9107: $? = 0
configure:9120: result: yes
configure:9149: checking if gcc static flag -static works
configure:9177: result: yes
configure:9192: checking if gcc supports -c -o file.o
configure:9213: gcc -c -O2 -I/home/lcz/code/lede/staging_dir/host/include  -I/home/lcz/code/lede/staging_dir/host/include  -o out/conftest2.o conftest.c >&5
configure:9217: $? = 0
configure:9239: result: yes
configure:9247: checking if gcc supports -c -o file.o
configure:9294: result: yes
configure:9327: checking whether the gcc linker (/usr/bin/ld -m elf_x86_64) supports shared libraries
configure:10485: result: yes
configure:10522: checking whether -lc should be explicitly linked in
configure:10530: gcc -c -O2 -I/home/lcz/code/lede/staging_dir/host/include  -I/home/lcz/code/lede/staging_dir/host/include  conftest.c >&5
configure:10533: $? = 0
configure:10548: gcc -shared  -fPIC -DPIC conftest.o  -v -Wl,-soname -Wl,conftest -o conftest 2\>\&1 \| /home/lcz/code/lede/staging_dir/host/bin/grep  -lc  \>/dev/null 2\>\&1
configure:10551: $? = 0
configure:10565: result: no
configure:10730: checking dynamic linker characteristics
configure:11244: gcc -o conftest -O2 -I/home/lcz/code/lede/staging_dir/host/include  -I/home/lcz/code/lede/staging_dir/host/include  -L/home/lcz/code/lede/staging_dir/host/lib  -Wl,-rpath -Wl,/foo conftest.c  >&5
configure:11244: $? = 0
configure:11466: result: GNU/Linux ld.so
configure:11573: checking how to hardcode library paths into programs
configure:11598: result: immediate
configure:11692: checking for shl_load
configure:11692: gcc -o conftest -O2 -I/home/lcz/code/lede/staging_dir/host/include  -I/home/lcz/code/lede/staging_dir/host/include  -L/home/lcz/code/lede/staging_dir/host/lib  conftest.c  >&5
/usr/bin/ld: /home/lcz/code/lede/tmp/ccKZGuAu.o: in function `main':
conftest.c:(.text.startup+0x7): undefined reference to `shl_load'
collect2: error: ld returned 1 exit status
configure:11692: $? = 1
configure: failed program was:
| /* confdefs.h */
| #define PACKAGE_NAME "GNU Libtool"
| #define PACKAGE_TARNAME "libtool"
| #define PACKAGE_VERSION "2.4"
| #define PACKAGE_STRING "GNU Libtool 2.4"
| #define PACKAGE_BUGREPORT "bug-libtool@gnu.org"
| #define PACKAGE_URL "http://www.gnu.org/software/libtool/"
| #define PACKAGE "libtool"
| #define VERSION "2.4"
| #define STDC_HEADERS 1
| #define HAVE_SYS_TYPES_H 1
| #define HAVE_SYS_STAT_H 1
| #define HAVE_STDLIB_H 1
| #define HAVE_STRING_H 1
| #define HAVE_MEMORY_H 1
| #define HAVE_STRINGS_H 1
| #define HAVE_INTTYPES_H 1
| #define HAVE_STDINT_H 1
| #define HAVE_UNISTD_H 1
| #define HAVE_DLFCN_H 1
| #define LT_OBJDIR ".libs/"
| /* end confdefs.h.  */
| /* Define shl_load to an innocuous variant, in case <limits.h> declares shl_load.
|    For example, HP-UX 11i <limits.h> declares gettimeofday.  */
| #define shl_load innocuous_shl_load
| 
| /* System header to define __stub macros and hopefully few prototypes,
|     which can conflict with char shl_load (); below.
|     Prefer <limits.h> to <assert.h> if __STDC__ is defined, since
|     <limits.h> exists even on freestanding compilers.  */
| 
| #ifdef __STDC__
| # include <limits.h>
| #else
| # include <assert.h>
| #endif
| 
| #undef shl_load
| 
| /* Override any GCC internal prototype to avoid an error.
|    Use char because int might match the return type of a GCC
|    builtin and then its argument prototype would still apply.  */
| #ifdef __cplusplus
| extern "C"
| #endif
| char shl_load ();
| /* The GNU C library defines this for functions which it implements
|     to always fail with ENOSYS.  Some functions are actually named
|     something starting with __ and the normal name is an alias.  */
| #if defined __stub_shl_load || defined __stub___shl_load
| choke me
| #endif
| 
| int
| main ()
| {
| return shl_load ();
|   ;
|   return 0;
| }
configure:11692: result: no
configure:11696: checking for shl_load in -ldld
configure:11721: gcc -o conftest -O2 -I/home/lcz/code/lede/staging_dir/host/include  -I/home/lcz/code/lede/staging_dir/host/include  -L/home/lcz/code/lede/staging_dir/host/lib  conftest.c -ldld   >&5
/usr/bin/ld: cannot find -ldld
collect2: error: ld returned 1 exit status
configure:11721: $? = 1
configure: failed program was:
| /* confdefs.h */
| #define PACKAGE_NAME "GNU Libtool"
| #define PACKAGE_TARNAME "libtool"
| #define PACKAGE_VERSION "2.4"
| #define PACKAGE_STRING "GNU Libtool 2.4"
| #define PACKAGE_BUGREPORT "bug-libtool@gnu.org"
| #define PACKAGE_URL "http://www.gnu.org/software/libtool/"
| #define PACKAGE "libtool"
| #define VERSION "2.4"
| #define STDC_HEADERS 1
| #define HAVE_SYS_TYPES_H 1
| #define HAVE_SYS_STAT_H 1
| #define HAVE_STDLIB_H 1
| #define HAVE_STRING_H 1
| #define HAVE_MEMORY_H 1
| #define HAVE_STRINGS_H 1
| #define HAVE_INTTYPES_H 1
| #define HAVE_STDINT_H 1
| #define HAVE_UNISTD_H 1
| #define HAVE_DLFCN_H 1
| #define LT_OBJDIR ".libs/"
| /* end confdefs.h.  */
| 
| /* Override any GCC internal prototype to avoid an error.
|    Use char because int might match the return type of a GCC
|    builtin and then its argument prototype would still apply.  */
| #ifdef __cplusplus
| extern "C"
| #endif
| char shl_load ();
| int
| main ()
| {
| return shl_load ();
|   ;
|   return 0;
| }
configure:11730: result: no
configure:11735: checking for dlopen
configure:11735: gcc -o conftest -O2 -I/home/lcz/code/lede/staging_dir/host/include  -I/home/lcz/code/lede/staging_dir/host/include  -L/home/lcz/code/lede/staging_dir/host/lib  conftest.c  >&5
/usr/bin/ld: /home/lcz/code/lede/tmp/ccufepxC.o: in function `main':
conftest.c:(.text.startup+0x7): undefined reference to `dlopen'
collect2: error: ld returned 1 exit status
configure:11735: $? = 1
configure: failed program was:
| /* confdefs.h */
| #define PACKAGE_NAME "GNU Libtool"
| #define PACKAGE_TARNAME "libtool"
| #define PACKAGE_VERSION "2.4"
| #define PACKAGE_STRING "GNU Libtool 2.4"
| #define PACKAGE_BUGREPORT "bug-libtool@gnu.org"
| #define PACKAGE_URL "http://www.gnu.org/software/libtool/"
| #define PACKAGE "libtool"
| #define VERSION "2.4"
| #define STDC_HEADERS 1
| #define HAVE_SYS_TYPES_H 1
| #define HAVE_SYS_STAT_H 1
| #define HAVE_STDLIB_H 1
| #define HAVE_STRING_H 1
| #define HAVE_MEMORY_H 1
| #define HAVE_STRINGS_H 1
| #define HAVE_INTTYPES_H 1
| #define HAVE_STDINT_H 1
| #define HAVE_UNISTD_H 1
| #define HAVE_DLFCN_H 1
| #define LT_OBJDIR ".libs/"
| /* end confdefs.h.  */
| /* Define dlopen to an innocuous variant, in case <limits.h> declares dlopen.
|    For example, HP-UX 11i <limits.h> declares gettimeofday.  */
| #define dlopen innocuous_dlopen
| 
| /* System header to define __stub macros and hopefully few prototypes,
|     which can conflict with char dlopen (); below.
|     Prefer <limits.h> to <assert.h> if __STDC__ is defined, since
|     <limits.h> exists even on freestanding compilers.  */
| 
| #ifdef __STDC__
| # include <limits.h>
| #else
| # include <assert.h>
| #endif
| 
| #undef dlopen
| 
| /* Override any GCC internal prototype to avoid an error.
|    Use char because int might match the return type of a GCC
|    builtin and then its argument prototype would still apply.  */
| #ifdef __cplusplus
| extern "C"
| #endif
| char dlopen ();
| /* The GNU C library defines this for functions which it implements
|     to always fail with ENOSYS.  Some functions are actually named
|     something starting with __ and the normal name is an alias.  */
| #if defined __stub_dlopen || defined __stub___dlopen
| choke me
| #endif
| 
| int
| main ()
| {
| return dlopen ();
|   ;
|   return 0;
| }
configure:11735: result: no
configure:11739: checking for dlopen in -ldl
configure:11764: gcc -o conftest -O2 -I/home/lcz/code/lede/staging_dir/host/include  -I/home/lcz/code/lede/staging_dir/host/include  -L/home/lcz/code/lede/staging_dir/host/lib  conftest.c -ldl   >&5
configure:11764: $? = 0
configure:11773: result: yes
configure:11892: checking whether a program can dlopen itself
configure:11972: gcc -o conftest -O2 -I/home/lcz/code/lede/staging_dir/host/include  -I/home/lcz/code/lede/staging_dir/host/include  -DHAVE_DLFCN_H -L/home/lcz/code/lede/staging_dir/host/lib  -Wl,--export-dynamic conftest.c -ldl  >&5
configure:11975: $? = 0
configure:11993: result: yes
configure:11998: checking whether a statically linked program can dlopen itself
configure:12078: gcc -o conftest -O2 -I/home/lcz/code/lede/staging_dir/host/include  -I/home/lcz/code/lede/staging_dir/host/include  -DHAVE_DLFCN_H -L/home/lcz/code/lede/staging_dir/host/lib  -Wl,--export-dynamic -static conftest.c -ldl  >&5
/usr/bin/ld: /home/lcz/code/lede/tmp/ccjVk1F6.o: in function `main':
conftest.c:(.text.startup+0x9): warning: Using 'dlopen' in statically linked applications requires at runtime the shared libraries from the glibc version used for linking
configure:12081: $? = 0
conftest: undefined symbol: _fnord
configure:12099: result: no
configure:12138: checking whether stripping libraries is possible
configure:12143: result: yes
configure:12178: checking if libtool supports shared libraries
configure:12180: result: yes
configure:12183: checking whether to build shared libraries
configure:12204: result: yes
configure:12207: checking whether to build static libraries
configure:12211: result: yes
configure:12247: checking which extension is used for runtime loadable modules
configure:12257: result: .so
configure:12267: checking which variable specifies run-time module search path
configure:12274: result: LD_LIBRARY_PATH
configure:12284: checking for the default library search path
configure:12291: result: 
configure:12321: checking for library containing dlopen
configure:12352: gcc -o conftest -O2 -I/home/lcz/code/lede/staging_dir/host/include  -I/home/lcz/code/lede/staging_dir/host/include  -L/home/lcz/code/lede/staging_dir/host/lib  conftest.c  >&5
/usr/bin/ld: /home/lcz/code/lede/tmp/cc9Dd9Af.o: in function `main':
conftest.c:(.text.startup+0x7): undefined reference to `dlopen'
collect2: error: ld returned 1 exit status
configure:12352: $? = 1
configure: failed program was:
| /* confdefs.h */
| #define PACKAGE_NAME "GNU Libtool"
| #define PACKAGE_TARNAME "libtool"
| #define PACKAGE_VERSION "2.4"
| #define PACKAGE_STRING "GNU Libtool 2.4"
| #define PACKAGE_BUGREPORT "bug-libtool@gnu.org"
| #define PACKAGE_URL "http://www.gnu.org/software/libtool/"
| #define PACKAGE "libtool"
| #define VERSION "2.4"
| #define STDC_HEADERS 1
| #define HAVE_SYS_TYPES_H 1
| #define HAVE_SYS_STAT_H 1
| #define HAVE_STDLIB_H 1
| #define HAVE_STRING_H 1
| #define HAVE_MEMORY_H 1
| #define HAVE_STRINGS_H 1
| #define HAVE_INTTYPES_H 1
| #define HAVE_STDINT_H 1
| #define HAVE_UNISTD_H 1
| #define HAVE_DLFCN_H 1
| #define LT_OBJDIR ".libs/"
| #define LT_MODULE_EXT ".so"
| #define LT_MODULE_PATH_VAR "LD_LIBRARY_PATH"
| /* end confdefs.h.  */
| 
| /* Override any GCC internal prototype to avoid an error.
|    Use char because int might match the return type of a GCC
|    builtin and then its argument prototype would still apply.  */
| #ifdef __cplusplus
| extern "C"
| #endif
| char dlopen ();
| int
| main ()
| {
| return dlopen ();
|   ;
|   return 0;
| }
configure:12352: gcc -o conftest -O2 -I/home/lcz/code/lede/staging_dir/host/include  -I/home/lcz/code/lede/staging_dir/host/include  -L/home/lcz/code/lede/staging_dir/host/lib  conftest.c -ldl   >&5
configure:12352: $? = 0
configure:12369: result: -ldl
configure:12459: checking for dlerror
configure:12459: gcc -o conftest -O2 -I/home/lcz/code/lede/staging_dir/host/include  -I/home/lcz/code/lede/staging_dir/host/include  -L/home/lcz/code/lede/staging_dir/host/lib  conftest.c -ldl  -ldl >&5
configure:12459: $? = 0
configure:12459: result: yes
configure:12473: checking for shl_load
configure:12473: result: no
configure:12480: checking for shl_load in -ldld
configure:12514: result: no
configure:12560: checking for dld_link in -ldld
configure:12585: gcc -o conftest -O2 -I/home/lcz/code/lede/staging_dir/host/include  -I/home/lcz/code/lede/staging_dir/host/include  -L/home/lcz/code/lede/staging_dir/host/lib  conftest.c -ldld  -ldl  >&5
/usr/bin/ld: cannot find -ldld
collect2: error: ld returned 1 exit status
configure:12585: $? = 1
configure: failed program was:
| /* confdefs.h */
| #define PACKAGE_NAME "GNU Libtool"
| #define PACKAGE_TARNAME "libtool"
| #define PACKAGE_VERSION "2.4"
| #define PACKAGE_STRING "GNU Libtool 2.4"
| #define PACKAGE_BUGREPORT "bug-libtool@gnu.org"
| #define PACKAGE_URL "http://www.gnu.org/software/libtool/"
| #define PACKAGE "libtool"
| #define VERSION "2.4"
| #define STDC_HEADERS 1
| #define HAVE_SYS_TYPES_H 1
| #define HAVE_SYS_STAT_H 1
| #define HAVE_STDLIB_H 1
| #define HAVE_STRING_H 1
| #define HAVE_MEMORY_H 1
| #define HAVE_STRINGS_H 1
| #define HAVE_INTTYPES_H 1
| #define HAVE_STDINT_H 1
| #define HAVE_UNISTD_H 1
| #define HAVE_DLFCN_H 1
| #define LT_OBJDIR ".libs/"
| #define LT_MODULE_EXT ".so"
| #define LT_MODULE_PATH_VAR "LD_LIBRARY_PATH"
| #define HAVE_LIBDL 1
| #define HAVE_DLERROR 1
| /* end confdefs.h.  */
| 
| /* Override any GCC internal prototype to avoid an error.
|    Use char because int might match the return type of a GCC
|    builtin and then its argument prototype would still apply.  */
| #ifdef __cplusplus
| extern "C"
| #endif
| char dld_link ();
| int
| main ()
| {
| return dld_link ();
|   ;
|   return 0;
| }
configure:12594: result: no
configure:12628: checking for _ prefix in compiled symbols
configure:12638: gcc -c -O2 -I/home/lcz/code/lede/staging_dir/host/include  -I/home/lcz/code/lede/staging_dir/host/include  conftest.c >&5
configure:12641: $? = 0
configure:12645: /usr/bin/nm -B conftest.o \| sed -n -e 's/^.*[	 ]\([ABCDGIRSTW][ABCDGIRSTW]*\)[	 ][	 ]*\([_A-Za-z][_A-Za-z0-9]*\)$/\1 \2 \2/p' | sed '/ __gnu_lto/d' \> conftest.nm
configure:12648: $? = 0
configure:12670: result: no
configure:12794: checking whether deplibs are loaded by dlopen
configure:12888: result: yes
configure:12900: checking for argz.h
configure:12900: gcc -c -O2 -I/home/lcz/code/lede/staging_dir/host/include  -I/home/lcz/code/lede/staging_dir/host/include  conftest.c >&5
configure:12900: $? = 0
configure:12900: result: yes
configure:12912: checking for error_t
configure:12912: gcc -c -O2 -I/home/lcz/code/lede/staging_dir/host/include  -I/home/lcz/code/lede/staging_dir/host/include  conftest.c >&5
configure:12912: $? = 0
configure:12912: gcc -c -O2 -I/home/lcz/code/lede/staging_dir/host/include  -I/home/lcz/code/lede/staging_dir/host/include  conftest.c >&5
conftest.c: In function 'main':
conftest.c:36:22: error: expected expression before ')' token
   36 | if (sizeof ((error_t)))
      |                      ^
configure:12912: $? = 1
configure: failed program was:
| /* confdefs.h */
| #define PACKAGE_NAME "GNU Libtool"
| #define PACKAGE_TARNAME "libtool"
| #define PACKAGE_VERSION "2.4"
| #define PACKAGE_STRING "GNU Libtool 2.4"
| #define PACKAGE_BUGREPORT "bug-libtool@gnu.org"
| #define PACKAGE_URL "http://www.gnu.org/software/libtool/"
| #define PACKAGE "libtool"
| #define VERSION "2.4"
| #define STDC_HEADERS 1
| #define HAVE_SYS_TYPES_H 1
| #define HAVE_SYS_STAT_H 1
| #define HAVE_STDLIB_H 1
| #define HAVE_STRING_H 1
| #define HAVE_MEMORY_H 1
| #define HAVE_STRINGS_H 1
| #define HAVE_INTTYPES_H 1
| #define HAVE_STDINT_H 1
| #define HAVE_UNISTD_H 1
| #define HAVE_DLFCN_H 1
| #define LT_OBJDIR ".libs/"
| #define LT_MODULE_EXT ".so"
| #define LT_MODULE_PATH_VAR "LD_LIBRARY_PATH"
| #define HAVE_LIBDL 1
| #define HAVE_DLERROR 1
| #define HAVE_LIBDLLOADER 1
| #define HAVE_ARGZ_H 1
| /* end confdefs.h.  */
| #if defined(HAVE_ARGZ_H)
| #  include <argz.h>
| #endif
| 
| int
| main ()
| {
| if (sizeof ((error_t)))
| 	    return 0;
|   ;
|   return 0;
| }
configure:12912: result: yes
configure:12938: checking for argz_add
configure:12938: gcc -o conftest -O2 -I/home/lcz/code/lede/staging_dir/host/include  -I/home/lcz/code/lede/staging_dir/host/include  -L/home/lcz/code/lede/staging_dir/host/lib  conftest.c -ldl  >&5
configure:12938: $? = 0
configure:12938: result: yes
configure:12938: checking for argz_append
configure:12938: gcc -o conftest -O2 -I/home/lcz/code/lede/staging_dir/host/include  -I/home/lcz/code/lede/staging_dir/host/include  -L/home/lcz/code/lede/staging_dir/host/lib  conftest.c -ldl  >&5
configure:12938: $? = 0
configure:12938: result: yes
configure:12938: checking for argz_count
configure:12938: gcc -o conftest -O2 -I/home/lcz/code/lede/staging_dir/host/include  -I/home/lcz/code/lede/staging_dir/host/include  -L/home/lcz/code/lede/staging_dir/host/lib  conftest.c -ldl  >&5
configure:12938: $? = 0
configure:12938: result: yes
configure:12938: checking for argz_create_sep
configure:12938: gcc -o conftest -O2 -I/home/lcz/code/lede/staging_dir/host/include  -I/home/lcz/code/lede/staging_dir/host/include  -L/home/lcz/code/lede/staging_dir/host/lib  conftest.c -ldl  >&5
configure:12938: $? = 0
configure:12938: result: yes
configure:12938: checking for argz_insert
configure:12938: gcc -o conftest -O2 -I/home/lcz/code/lede/staging_dir/host/include  -I/home/lcz/code/lede/staging_dir/host/include  -L/home/lcz/code/lede/staging_dir/host/lib  conftest.c -ldl  >&5
configure:12938: $? = 0
configure:12938: result: yes
configure:12938: checking for argz_next
configure:12938: gcc -o conftest -O2 -I/home/lcz/code/lede/staging_dir/host/include  -I/home/lcz/code/lede/staging_dir/host/include  -L/home/lcz/code/lede/staging_dir/host/lib  conftest.c -ldl  >&5
configure:12938: $? = 0
configure:12938: result: yes
configure:12938: checking for argz_stringify
configure:12938: gcc -o conftest -O2 -I/home/lcz/code/lede/staging_dir/host/include  -I/home/lcz/code/lede/staging_dir/host/include  -L/home/lcz/code/lede/staging_dir/host/lib  conftest.c -ldl  >&5
configure:12938: $? = 0
configure:12938: result: yes
configure:12956: checking if argz actually works
configure:12987: result: yes
configure:13006: checking whether libtool supports -dlopen/-dlpreopen
configure:13018: result: yes
configure:13071: checking for unistd.h
configure:13071: result: yes
configure:13071: checking for dl.h
configure:13071: gcc -c -O2 -I/home/lcz/code/lede/staging_dir/host/include  -I/home/lcz/code/lede/staging_dir/host/include  conftest.c >&5
conftest.c:74:10: fatal error: dl.h: No such file or directory
   74 | #include <dl.h>
      |          ^~~~~~
compilation terminated.
configure:13071: $? = 1
configure: failed program was:
| /* confdefs.h */
| #define PACKAGE_NAME "GNU Libtool"
| #define PACKAGE_TARNAME "libtool"
| #define PACKAGE_VERSION "2.4"
| #define PACKAGE_STRING "GNU Libtool 2.4"
| #define PACKAGE_BUGREPORT "bug-libtool@gnu.org"
| #define PACKAGE_URL "http://www.gnu.org/software/libtool/"
| #define PACKAGE "libtool"
| #define VERSION "2.4"
| #define STDC_HEADERS 1
| #define HAVE_SYS_TYPES_H 1
| #define HAVE_SYS_STAT_H 1
| #define HAVE_STDLIB_H 1
| #define HAVE_STRING_H 1
| #define HAVE_MEMORY_H 1
| #define HAVE_STRINGS_H 1
| #define HAVE_INTTYPES_H 1
| #define HAVE_STDINT_H 1
| #define HAVE_UNISTD_H 1
| #define HAVE_DLFCN_H 1
| #define LT_OBJDIR ".libs/"
| #define LT_MODULE_EXT ".so"
| #define LT_MODULE_PATH_VAR "LD_LIBRARY_PATH"
| #define HAVE_LIBDL 1
| #define HAVE_DLERROR 1
| #define HAVE_LIBDLLOADER 1
| #define HAVE_ARGZ_H 1
| #define HAVE_ERROR_T 1
| #define HAVE_ARGZ_ADD 1
| #define HAVE_ARGZ_APPEND 1
| #define HAVE_ARGZ_COUNT 1
| #define HAVE_ARGZ_CREATE_SEP 1
| #define HAVE_ARGZ_INSERT 1
| #define HAVE_ARGZ_NEXT 1
| #define HAVE_ARGZ_STRINGIFY 1
| #define HAVE_WORKING_ARGZ 1
| #define HAVE_PRELOADED_SYMBOLS 1
| #define HAVE_UNISTD_H 1
| /* end confdefs.h.  */
| #include <stdio.h>
| #ifdef HAVE_SYS_TYPES_H
| # include <sys/types.h>
| #endif
| #ifdef HAVE_SYS_STAT_H
| # include <sys/stat.h>
| #endif
| #ifdef STDC_HEADERS
| # include <stdlib.h>
| # include <stddef.h>
| #else
| # ifdef HAVE_STDLIB_H
| #  include <stdlib.h>
| # endif
| #endif
| #ifdef HAVE_STRING_H
| # if !defined STDC_HEADERS && defined HAVE_MEMORY_H
| #  include <memory.h>
| # endif
| # include <string.h>
| #endif
| #ifdef HAVE_STRINGS_H
| # include <strings.h>
| #endif
| #ifdef HAVE_INTTYPES_H
| # include <inttypes.h>
| #endif
| #ifdef HAVE_STDINT_H
| # include <stdint.h>
| #endif
| #ifdef HAVE_UNISTD_H
| # include <unistd.h>
| #endif
| 
| #include <dl.h>
configure:13071: result: no
configure:13071: checking for sys/dl.h
configure:13071: gcc -c -O2 -I/home/lcz/code/lede/staging_dir/host/include  -I/home/lcz/code/lede/staging_dir/host/include  conftest.c >&5
conftest.c:74:10: fatal error: sys/dl.h: No such file or directory
   74 | #include <sys/dl.h>
      |          ^~~~~~~~~~
compilation terminated.
configure:13071: $? = 1
configure: failed program was:
| /* confdefs.h */
| #define PACKAGE_NAME "GNU Libtool"
| #define PACKAGE_TARNAME "libtool"
| #define PACKAGE_VERSION "2.4"
| #define PACKAGE_STRING "GNU Libtool 2.4"
| #define PACKAGE_BUGREPORT "bug-libtool@gnu.org"
| #define PACKAGE_URL "http://www.gnu.org/software/libtool/"
| #define PACKAGE "libtool"
| #define VERSION "2.4"
| #define STDC_HEADERS 1
| #define HAVE_SYS_TYPES_H 1
| #define HAVE_SYS_STAT_H 1
| #define HAVE_STDLIB_H 1
| #define HAVE_STRING_H 1
| #define HAVE_MEMORY_H 1
| #define HAVE_STRINGS_H 1
| #define HAVE_INTTYPES_H 1
| #define HAVE_STDINT_H 1
| #define HAVE_UNISTD_H 1
| #define HAVE_DLFCN_H 1
| #define LT_OBJDIR ".libs/"
| #define LT_MODULE_EXT ".so"
| #define LT_MODULE_PATH_VAR "LD_LIBRARY_PATH"
| #define HAVE_LIBDL 1
| #define HAVE_DLERROR 1
| #define HAVE_LIBDLLOADER 1
| #define HAVE_ARGZ_H 1
| #define HAVE_ERROR_T 1
| #define HAVE_ARGZ_ADD 1
| #define HAVE_ARGZ_APPEND 1
| #define HAVE_ARGZ_COUNT 1
| #define HAVE_ARGZ_CREATE_SEP 1
| #define HAVE_ARGZ_INSERT 1
| #define HAVE_ARGZ_NEXT 1
| #define HAVE_ARGZ_STRINGIFY 1
| #define HAVE_WORKING_ARGZ 1
| #define HAVE_PRELOADED_SYMBOLS 1
| #define HAVE_UNISTD_H 1
| /* end confdefs.h.  */
| #include <stdio.h>
| #ifdef HAVE_SYS_TYPES_H
| # include <sys/types.h>
| #endif
| #ifdef HAVE_SYS_STAT_H
| # include <sys/stat.h>
| #endif
| #ifdef STDC_HEADERS
| # include <stdlib.h>
| # include <stddef.h>
| #else
| # ifdef HAVE_STDLIB_H
| #  include <stdlib.h>
| # endif
| #endif
| #ifdef HAVE_STRING_H
| # if !defined STDC_HEADERS && defined HAVE_MEMORY_H
| #  include <memory.h>
| # endif
| # include <string.h>
| #endif
| #ifdef HAVE_STRINGS_H
| # include <strings.h>
| #endif
| #ifdef HAVE_INTTYPES_H
| # include <inttypes.h>
| #endif
| #ifdef HAVE_STDINT_H
| # include <stdint.h>
| #endif
| #ifdef HAVE_UNISTD_H
| # include <unistd.h>
| #endif
| 
| #include <sys/dl.h>
configure:13071: result: no
configure:13071: checking for dld.h
configure:13071: gcc -c -O2 -I/home/lcz/code/lede/staging_dir/host/include  -I/home/lcz/code/lede/staging_dir/host/include  conftest.c >&5
conftest.c:74:10: fatal error: dld.h: No such file or directory
   74 | #include <dld.h>
      |          ^~~~~~~
compilation terminated.
configure:13071: $? = 1
configure: failed program was:
| /* confdefs.h */
| #define PACKAGE_NAME "GNU Libtool"
| #define PACKAGE_TARNAME "libtool"
| #define PACKAGE_VERSION "2.4"
| #define PACKAGE_STRING "GNU Libtool 2.4"
| #define PACKAGE_BUGREPORT "bug-libtool@gnu.org"
| #define PACKAGE_URL "http://www.gnu.org/software/libtool/"
| #define PACKAGE "libtool"
| #define VERSION "2.4"
| #define STDC_HEADERS 1
| #define HAVE_SYS_TYPES_H 1
| #define HAVE_SYS_STAT_H 1
| #define HAVE_STDLIB_H 1
| #define HAVE_STRING_H 1
| #define HAVE_MEMORY_H 1
| #define HAVE_STRINGS_H 1
| #define HAVE_INTTYPES_H 1
| #define HAVE_STDINT_H 1
| #define HAVE_UNISTD_H 1
| #define HAVE_DLFCN_H 1
| #define LT_OBJDIR ".libs/"
| #define LT_MODULE_EXT ".so"
| #define LT_MODULE_PATH_VAR "LD_LIBRARY_PATH"
| #define HAVE_LIBDL 1
| #define HAVE_DLERROR 1
| #define HAVE_LIBDLLOADER 1
| #define HAVE_ARGZ_H 1
| #define HAVE_ERROR_T 1
| #define HAVE_ARGZ_ADD 1
| #define HAVE_ARGZ_APPEND 1
| #define HAVE_ARGZ_COUNT 1
| #define HAVE_ARGZ_CREATE_SEP 1
| #define HAVE_ARGZ_INSERT 1
| #define HAVE_ARGZ_NEXT 1
| #define HAVE_ARGZ_STRINGIFY 1
| #define HAVE_WORKING_ARGZ 1
| #define HAVE_PRELOADED_SYMBOLS 1
| #define HAVE_UNISTD_H 1
| /* end confdefs.h.  */
| #include <stdio.h>
| #ifdef HAVE_SYS_TYPES_H
| # include <sys/types.h>
| #endif
| #ifdef HAVE_SYS_STAT_H
| # include <sys/stat.h>
| #endif
| #ifdef STDC_HEADERS
| # include <stdlib.h>
| # include <stddef.h>
| #else
| # ifdef HAVE_STDLIB_H
| #  include <stdlib.h>
| # endif
| #endif
| #ifdef HAVE_STRING_H
| # if !defined STDC_HEADERS && defined HAVE_MEMORY_H
| #  include <memory.h>
| # endif
| # include <string.h>
| #endif
| #ifdef HAVE_STRINGS_H
| # include <strings.h>
| #endif
| #ifdef HAVE_INTTYPES_H
| # include <inttypes.h>
| #endif
| #ifdef HAVE_STDINT_H
| # include <stdint.h>
| #endif
| #ifdef HAVE_UNISTD_H
| # include <unistd.h>
| #endif
| 
| #include <dld.h>
configure:13071: result: no
configure:13071: checking for mach-o/dyld.h
configure:13071: gcc -c -O2 -I/home/lcz/code/lede/staging_dir/host/include  -I/home/lcz/code/lede/staging_dir/host/include  conftest.c >&5
conftest.c:74:10: fatal error: mach-o/dyld.h: No such file or directory
   74 | #include <mach-o/dyld.h>
      |          ^~~~~~~~~~~~~~~
compilation terminated.
configure:13071: $? = 1
configure: failed program was:
| /* confdefs.h */
| #define PACKAGE_NAME "GNU Libtool"
| #define PACKAGE_TARNAME "libtool"
| #define PACKAGE_VERSION "2.4"
| #define PACKAGE_STRING "GNU Libtool 2.4"
| #define PACKAGE_BUGREPORT "bug-libtool@gnu.org"
| #define PACKAGE_URL "http://www.gnu.org/software/libtool/"
| #define PACKAGE "libtool"
| #define VERSION "2.4"
| #define STDC_HEADERS 1
| #define HAVE_SYS_TYPES_H 1
| #define HAVE_SYS_STAT_H 1
| #define HAVE_STDLIB_H 1
| #define HAVE_STRING_H 1
| #define HAVE_MEMORY_H 1
| #define HAVE_STRINGS_H 1
| #define HAVE_INTTYPES_H 1
| #define HAVE_STDINT_H 1
| #define HAVE_UNISTD_H 1
| #define HAVE_DLFCN_H 1
| #define LT_OBJDIR ".libs/"
| #define LT_MODULE_EXT ".so"
| #define LT_MODULE_PATH_VAR "LD_LIBRARY_PATH"
| #define HAVE_LIBDL 1
| #define HAVE_DLERROR 1
| #define HAVE_LIBDLLOADER 1
| #define HAVE_ARGZ_H 1
| #define HAVE_ERROR_T 1
| #define HAVE_ARGZ_ADD 1
| #define HAVE_ARGZ_APPEND 1
| #define HAVE_ARGZ_COUNT 1
| #define HAVE_ARGZ_CREATE_SEP 1
| #define HAVE_ARGZ_INSERT 1
| #define HAVE_ARGZ_NEXT 1
| #define HAVE_ARGZ_STRINGIFY 1
| #define HAVE_WORKING_ARGZ 1
| #define HAVE_PRELOADED_SYMBOLS 1
| #define HAVE_UNISTD_H 1
| /* end confdefs.h.  */
| #include <stdio.h>
| #ifdef HAVE_SYS_TYPES_H
| # include <sys/types.h>
| #endif
| #ifdef HAVE_SYS_STAT_H
| # include <sys/stat.h>
| #endif
| #ifdef STDC_HEADERS
| # include <stdlib.h>
| # include <stddef.h>
| #else
| # ifdef HAVE_STDLIB_H
| #  include <stdlib.h>
| # endif
| #endif
| #ifdef HAVE_STRING_H
| # if !defined STDC_HEADERS && defined HAVE_MEMORY_H
| #  include <memory.h>
| # endif
| # include <string.h>
| #endif
| #ifdef HAVE_STRINGS_H
| # include <strings.h>
| #endif
| #ifdef HAVE_INTTYPES_H
| # include <inttypes.h>
| #endif
| #ifdef HAVE_STDINT_H
| # include <stdint.h>
| #endif
| #ifdef HAVE_UNISTD_H
| # include <unistd.h>
| #endif
| 
| #include <mach-o/dyld.h>
configure:13071: result: no
configure:13071: checking for dirent.h
configure:13071: gcc -c -O2 -I/home/lcz/code/lede/staging_dir/host/include  -I/home/lcz/code/lede/staging_dir/host/include  conftest.c >&5
configure:13071: $? = 0
configure:13071: result: yes
configure:13086: checking for closedir
configure:13086: gcc -o conftest -O2 -I/home/lcz/code/lede/staging_dir/host/include  -I/home/lcz/code/lede/staging_dir/host/include  -L/home/lcz/code/lede/staging_dir/host/lib  conftest.c -ldl  >&5
configure:13086: $? = 0
configure:13086: result: yes
configure:13086: checking for opendir
configure:13086: gcc -o conftest -O2 -I/home/lcz/code/lede/staging_dir/host/include  -I/home/lcz/code/lede/staging_dir/host/include  -L/home/lcz/code/lede/staging_dir/host/lib  conftest.c -ldl  >&5
configure:13086: $? = 0
configure:13086: result: yes
configure:13086: checking for readdir
configure:13086: gcc -o conftest -O2 -I/home/lcz/code/lede/staging_dir/host/include  -I/home/lcz/code/lede/staging_dir/host/include  -L/home/lcz/code/lede/staging_dir/host/lib  conftest.c -ldl  >&5
configure:13086: $? = 0
configure:13086: result: yes
configure:13105: checking for strlcat
configure:13105: gcc -o conftest -O2 -I/home/lcz/code/lede/staging_dir/host/include  -I/home/lcz/code/lede/staging_dir/host/include  -L/home/lcz/code/lede/staging_dir/host/lib  conftest.c -ldl  >&5
/usr/bin/ld: /home/lcz/code/lede/tmp/ccyUljJD.o: in function `main':
conftest.c:(.text.startup+0x7): undefined reference to `strlcat'
collect2: error: ld returned 1 exit status
configure:13105: $? = 1
configure: failed program was:
| /* confdefs.h */
| #define PACKAGE_NAME "GNU Libtool"
| #define PACKAGE_TARNAME "libtool"
| #define PACKAGE_VERSION "2.4"
| #define PACKAGE_STRING "GNU Libtool 2.4"
| #define PACKAGE_BUGREPORT "bug-libtool@gnu.org"
| #define PACKAGE_URL "http://www.gnu.org/software/libtool/"
| #define PACKAGE "libtool"
| #define VERSION "2.4"
| #define STDC_HEADERS 1
| #define HAVE_SYS_TYPES_H 1
| #define HAVE_SYS_STAT_H 1
| #define HAVE_STDLIB_H 1
| #define HAVE_STRING_H 1
| #define HAVE_MEMORY_H 1
| #define HAVE_STRINGS_H 1
| #define HAVE_INTTYPES_H 1
| #define HAVE_STDINT_H 1
| #define HAVE_UNISTD_H 1
| #define HAVE_DLFCN_H 1
| #define LT_OBJDIR ".libs/"
| #define LT_MODULE_EXT ".so"
| #define LT_MODULE_PATH_VAR "LD_LIBRARY_PATH"
| #define HAVE_LIBDL 1
| #define HAVE_DLERROR 1
| #define HAVE_LIBDLLOADER 1
| #define HAVE_ARGZ_H 1
| #define HAVE_ERROR_T 1
| #define HAVE_ARGZ_ADD 1
| #define HAVE_ARGZ_APPEND 1
| #define HAVE_ARGZ_COUNT 1
| #define HAVE_ARGZ_CREATE_SEP 1
| #define HAVE_ARGZ_INSERT 1
| #define HAVE_ARGZ_NEXT 1
| #define HAVE_ARGZ_STRINGIFY 1
| #define HAVE_WORKING_ARGZ 1
| #define HAVE_PRELOADED_SYMBOLS 1
| #define HAVE_UNISTD_H 1
| #define HAVE_DIRENT_H 1
| #define HAVE_CLOSEDIR 1
| #define HAVE_OPENDIR 1
| #define HAVE_READDIR 1
| /* end confdefs.h.  */
| /* Define strlcat to an innocuous variant, in case <limits.h> declares strlcat.
|    For example, HP-UX 11i <limits.h> declares gettimeofday.  */
| #define strlcat innocuous_strlcat
| 
| /* System header to define __stub macros and hopefully few prototypes,
|     which can conflict with char strlcat (); below.
|     Prefer <limits.h> to <assert.h> if __STDC__ is defined, since
|     <limits.h> exists even on freestanding compilers.  */
| 
| #ifdef __STDC__
| # include <limits.h>
| #else
| # include <assert.h>
| #endif
| 
| #undef strlcat
| 
| /* Override any GCC internal prototype to avoid an error.
|    Use char because int might match the return type of a GCC
|    builtin and then its argument prototype would still apply.  */
| #ifdef __cplusplus
| extern "C"
| #endif
| char strlcat ();
| /* The GNU C library defines this for functions which it implements
|     to always fail with ENOSYS.  Some functions are actually named
|     something starting with __ and the normal name is an alias.  */
| #if defined __stub_strlcat || defined __stub___strlcat
| choke me
| #endif
| 
| int
| main ()
| {
| return strlcat ();
|   ;
|   return 0;
| }
configure:13105: result: no
configure:13105: checking for strlcpy
configure:13105: gcc -o conftest -O2 -I/home/lcz/code/lede/staging_dir/host/include  -I/home/lcz/code/lede/staging_dir/host/include  -L/home/lcz/code/lede/staging_dir/host/lib  conftest.c -ldl  >&5
/usr/bin/ld: /home/lcz/code/lede/tmp/ccIWmH60.o: in function `main':
conftest.c:(.text.startup+0x7): undefined reference to `strlcpy'
collect2: error: ld returned 1 exit status
configure:13105: $? = 1
configure: failed program was:
| /* confdefs.h */
| #define PACKAGE_NAME "GNU Libtool"
| #define PACKAGE_TARNAME "libtool"
| #define PACKAGE_VERSION "2.4"
| #define PACKAGE_STRING "GNU Libtool 2.4"
| #define PACKAGE_BUGREPORT "bug-libtool@gnu.org"
| #define PACKAGE_URL "http://www.gnu.org/software/libtool/"
| #define PACKAGE "libtool"
| #define VERSION "2.4"
| #define STDC_HEADERS 1
| #define HAVE_SYS_TYPES_H 1
| #define HAVE_SYS_STAT_H 1
| #define HAVE_STDLIB_H 1
| #define HAVE_STRING_H 1
| #define HAVE_MEMORY_H 1
| #define HAVE_STRINGS_H 1
| #define HAVE_INTTYPES_H 1
| #define HAVE_STDINT_H 1
| #define HAVE_UNISTD_H 1
| #define HAVE_DLFCN_H 1
| #define LT_OBJDIR ".libs/"
| #define LT_MODULE_EXT ".so"
| #define LT_MODULE_PATH_VAR "LD_LIBRARY_PATH"
| #define HAVE_LIBDL 1
| #define HAVE_DLERROR 1
| #define HAVE_LIBDLLOADER 1
| #define HAVE_ARGZ_H 1
| #define HAVE_ERROR_T 1
| #define HAVE_ARGZ_ADD 1
| #define HAVE_ARGZ_APPEND 1
| #define HAVE_ARGZ_COUNT 1
| #define HAVE_ARGZ_CREATE_SEP 1
| #define HAVE_ARGZ_INSERT 1
| #define HAVE_ARGZ_NEXT 1
| #define HAVE_ARGZ_STRINGIFY 1
| #define HAVE_WORKING_ARGZ 1
| #define HAVE_PRELOADED_SYMBOLS 1
| #define HAVE_UNISTD_H 1
| #define HAVE_DIRENT_H 1
| #define HAVE_CLOSEDIR 1
| #define HAVE_OPENDIR 1
| #define HAVE_READDIR 1
| /* end confdefs.h.  */
| /* Define strlcpy to an innocuous variant, in case <limits.h> declares strlcpy.
|    For example, HP-UX 11i <limits.h> declares gettimeofday.  */
| #define strlcpy innocuous_strlcpy
| 
| /* System header to define __stub macros and hopefully few prototypes,
|     which can conflict with char strlcpy (); below.
|     Prefer <limits.h> to <assert.h> if __STDC__ is defined, since
|     <limits.h> exists even on freestanding compilers.  */
| 
| #ifdef __STDC__
| # include <limits.h>
| #else
| # include <assert.h>
| #endif
| 
| #undef strlcpy
| 
| /* Override any GCC internal prototype to avoid an error.
|    Use char because int might match the return type of a GCC
|    builtin and then its argument prototype would still apply.  */
| #ifdef __cplusplus
| extern "C"
| #endif
| char strlcpy ();
| /* The GNU C library defines this for functions which it implements
|     to always fail with ENOSYS.  Some functions are actually named
|     something starting with __ and the normal name is an alias.  */
| #if defined __stub_strlcpy || defined __stub___strlcpy
| choke me
| #endif
| 
| int
| main ()
| {
| return strlcpy ();
|   ;
|   return 0;
| }
configure:13105: result: no
configure:13254: checking for C++ compiler version
configure:13263: g++ --version >&5
g++ (Debian 9.3.0-11) 9.3.0
Copyright (C) 2019 Free Software Foundation, Inc.
This is free software; see the source for copying conditions.  There is NO
warranty; not even for MERCHANTABILITY or FITNESS FOR A PARTICULAR PURPOSE.

configure:13274: $? = 0
configure:13263: g++ -v >&5
Using built-in specs.
COLLECT_GCC=g++
COLLECT_LTO_WRAPPER=/usr/lib/gcc/x86_64-linux-gnu/9/lto-wrapper
OFFLOAD_TARGET_NAMES=nvptx-none:hsa
OFFLOAD_TARGET_DEFAULT=1
Target: x86_64-linux-gnu
Configured with: ../src/configure -v --with-pkgversion='Debian 9.3.0-11' --with-bugurl=file:///usr/share/doc/gcc-9/README.Bugs --enable-languages=c,ada,c++,go,brig,d,fortran,objc,obj-c++,gm2 --prefix=/usr --with-gcc-major-version-only --program-suffix=-9 --program-prefix=x86_64-linux-gnu- --enable-shared --enable-linker-build-id --libexecdir=/usr/lib --without-included-gettext --enable-threads=posix --libdir=/usr/lib --enable-nls --enable-bootstrap --enable-clocale=gnu --enable-libstdcxx-debug --enable-libstdcxx-time=yes --with-default-libstdcxx-abi=new --enable-gnu-unique-object --disable-vtable-verify --enable-plugin --enable-default-pie --with-system-zlib --with-target-system-zlib=auto --enable-objc-gc=auto --enable-multiarch --disable-werror --with-arch-32=i686 --with-abi=m64 --with-multilib-list=m32,m64,mx32 --enable-multilib --with-tune=generic --enable-offload-targets=nvptx-none,hsa --without-cuda-driver --enable-checking=release --build=x86_64-linux-gnu --host=x86_64-linux-gnu --target=x86_64-linux-gnu --with-build-config=bootstrap-lto-lean --enable-link-mutex
Thread model: posix
gcc version 9.3.0 (Debian 9.3.0-11) 
configure:13274: $? = 0
configure:13263: g++ -V >&5
g++: error: unrecognized command line option '-V'
g++: fatal error: no input files
compilation terminated.
configure:13274: $? = 1
configure:13263: g++ -qversion >&5
g++: error: unrecognized command line option '-qversion'; did you mean '--version'?
g++: fatal error: no input files
compilation terminated.
configure:13274: $? = 1
configure:13278: checking whether we are using the GNU C++ compiler
configure:13297: g++ -c  -I/home/lcz/code/lede/staging_dir/host/include  conftest.cpp >&5
configure:13297: $? = 0
configure:13306: result: yes
configure:13315: checking whether g++ accepts -g
configure:13335: g++ -c -g -I/home/lcz/code/lede/staging_dir/host/include  conftest.cpp >&5
configure:13335: $? = 0
configure:13376: result: yes
configure:13401: checking dependency style of g++
configure:13512: result: gcc3
configure:13546: checking how to run the C++ preprocessor
configure:13573: g++ -E -I/home/lcz/code/lede/staging_dir/host/include  conftest.cpp
configure:13573: $? = 0
configure:13587: g++ -E -I/home/lcz/code/lede/staging_dir/host/include  conftest.cpp
conftest.cpp:46:10: fatal error: ac_nonexistent.h: No such file or directory
   46 | #include <ac_nonexistent.h>
      |          ^~~~~~~~~~~~~~~~~~
compilation terminated.
configure:13587: $? = 1
configure: failed program was:
| /* confdefs.h */
| #define PACKAGE_NAME "GNU Libtool"
| #define PACKAGE_TARNAME "libtool"
| #define PACKAGE_VERSION "2.4"
| #define PACKAGE_STRING "GNU Libtool 2.4"
| #define PACKAGE_BUGREPORT "bug-libtool@gnu.org"
| #define PACKAGE_URL "http://www.gnu.org/software/libtool/"
| #define PACKAGE "libtool"
| #define VERSION "2.4"
| #define STDC_HEADERS 1
| #define HAVE_SYS_TYPES_H 1
| #define HAVE_SYS_STAT_H 1
| #define HAVE_STDLIB_H 1
| #define HAVE_STRING_H 1
| #define HAVE_MEMORY_H 1
| #define HAVE_STRINGS_H 1
| #define HAVE_INTTYPES_H 1
| #define HAVE_STDINT_H 1
| #define HAVE_UNISTD_H 1
| #define HAVE_DLFCN_H 1
| #define LT_OBJDIR ".libs/"
| #define LT_MODULE_EXT ".so"
| #define LT_MODULE_PATH_VAR "LD_LIBRARY_PATH"
| #define HAVE_LIBDL 1
| #define HAVE_DLERROR 1
| #define HAVE_LIBDLLOADER 1
| #define HAVE_ARGZ_H 1
| #define HAVE_ERROR_T 1
| #define HAVE_ARGZ_ADD 1
| #define HAVE_ARGZ_APPEND 1
| #define HAVE_ARGZ_COUNT 1
| #define HAVE_ARGZ_CREATE_SEP 1
| #define HAVE_ARGZ_INSERT 1
| #define HAVE_ARGZ_NEXT 1
| #define HAVE_ARGZ_STRINGIFY 1
| #define HAVE_WORKING_ARGZ 1
| #define HAVE_PRELOADED_SYMBOLS 1
| #define HAVE_UNISTD_H 1
| #define HAVE_DIRENT_H 1
| #define HAVE_CLOSEDIR 1
| #define HAVE_OPENDIR 1
| #define HAVE_READDIR 1
| #define LT_LIBEXT "a"
| #define LT_LIBPREFIX "lib"
| /* end confdefs.h.  */
| #include <ac_nonexistent.h>
configure:13612: result: g++ -E
configure:13632: g++ -E -I/home/lcz/code/lede/staging_dir/host/include  conftest.cpp
configure:13632: $? = 0
configure:13646: g++ -E -I/home/lcz/code/lede/staging_dir/host/include  conftest.cpp
conftest.cpp:46:10: fatal error: ac_nonexistent.h: No such file or directory
   46 | #include <ac_nonexistent.h>
      |          ^~~~~~~~~~~~~~~~~~
compilation terminated.
configure:13646: $? = 1
configure: failed program was:
| /* confdefs.h */
| #define PACKAGE_NAME "GNU Libtool"
| #define PACKAGE_TARNAME "libtool"
| #define PACKAGE_VERSION "2.4"
| #define PACKAGE_STRING "GNU Libtool 2.4"
| #define PACKAGE_BUGREPORT "bug-libtool@gnu.org"
| #define PACKAGE_URL "http://www.gnu.org/software/libtool/"
| #define PACKAGE "libtool"
| #define VERSION "2.4"
| #define STDC_HEADERS 1
| #define HAVE_SYS_TYPES_H 1
| #define HAVE_SYS_STAT_H 1
| #define HAVE_STDLIB_H 1
| #define HAVE_STRING_H 1
| #define HAVE_MEMORY_H 1
| #define HAVE_STRINGS_H 1
| #define HAVE_INTTYPES_H 1
| #define HAVE_STDINT_H 1
| #define HAVE_UNISTD_H 1
| #define HAVE_DLFCN_H 1
| #define LT_OBJDIR ".libs/"
| #define LT_MODULE_EXT ".so"
| #define LT_MODULE_PATH_VAR "LD_LIBRARY_PATH"
| #define HAVE_LIBDL 1
| #define HAVE_DLERROR 1
| #define HAVE_LIBDLLOADER 1
| #define HAVE_ARGZ_H 1
| #define HAVE_ERROR_T 1
| #define HAVE_ARGZ_ADD 1
| #define HAVE_ARGZ_APPEND 1
| #define HAVE_ARGZ_COUNT 1
| #define HAVE_ARGZ_CREATE_SEP 1
| #define HAVE_ARGZ_INSERT 1
| #define HAVE_ARGZ_NEXT 1
| #define HAVE_ARGZ_STRINGIFY 1
| #define HAVE_WORKING_ARGZ 1
| #define HAVE_PRELOADED_SYMBOLS 1
| #define HAVE_UNISTD_H 1
| #define HAVE_DIRENT_H 1
| #define HAVE_CLOSEDIR 1
| #define HAVE_OPENDIR 1
| #define HAVE_READDIR 1
| #define LT_LIBEXT "a"
| #define LT_LIBPREFIX "lib"
| /* end confdefs.h.  */
| #include <ac_nonexistent.h>
configure:13815: checking for ld used by g++
configure:13882: result: /usr/bin/ld -m elf_x86_64
configure:13889: checking if the linker (/usr/bin/ld -m elf_x86_64) is GNU ld
configure:13904: result: yes
configure:13959: checking whether the g++ linker (/usr/bin/ld -m elf_x86_64) supports shared libraries
configure:14963: result: yes
configure:14998: g++ -c -g -O2 -I/home/lcz/code/lede/staging_dir/host/include  conftest.cpp >&5
configure:15001: $? = 0
configure:15521: checking for g++ option to produce PIC
configure:15528: result: -fPIC -DPIC
configure:15536: checking if g++ PIC flag -fPIC -DPIC works
configure:15554: g++ -c -g -O2 -I/home/lcz/code/lede/staging_dir/host/include  -fPIC -DPIC -DPIC conftest.cpp >&5
configure:15558: $? = 0
configure:15571: result: yes
configure:15594: checking if g++ static flag -static works
configure:15622: result: yes
configure:15634: checking if g++ supports -c -o file.o
configure:15655: g++ -c -g -O2 -I/home/lcz/code/lede/staging_dir/host/include  -o out/conftest2.o conftest.cpp >&5
configure:15659: $? = 0
configure:15681: result: yes
configure:15686: checking if g++ supports -c -o file.o
configure:15733: result: yes
configure:15763: checking whether the g++ linker (/usr/bin/ld -m elf_x86_64) supports shared libraries
configure:15797: result: yes
configure:15940: checking dynamic linker characteristics
configure:16610: result: GNU/Linux ld.so
configure:16663: checking how to hardcode library paths into programs
configure:16688: result: immediate
configure:16737: checking for x86_64-pc-linux-gnu-g77
configure:16767: result: no
configure:16737: checking for x86_64-pc-linux-gnu-xlf
configure:16767: result: no
configure:16737: checking for x86_64-pc-linux-gnu-f77
configure:16767: result: no
configure:16737: checking for x86_64-pc-linux-gnu-frt
configure:16767: result: no
configure:16737: checking for x86_64-pc-linux-gnu-pgf77
configure:16767: result: no
configure:16737: checking for x86_64-pc-linux-gnu-cf77
configure:16767: result: no
configure:16737: checking for x86_64-pc-linux-gnu-fort77
configure:16767: result: no
configure:16737: checking for x86_64-pc-linux-gnu-fl32
configure:16767: result: no
configure:16737: checking for x86_64-pc-linux-gnu-af77
configure:16767: result: no
configure:16737: checking for x86_64-pc-linux-gnu-xlf90
configure:16767: result: no
configure:16737: checking for x86_64-pc-linux-gnu-f90
configure:16767: result: no
configure:16737: checking for x86_64-pc-linux-gnu-pgf90
configure:16767: result: no
configure:16737: checking for x86_64-pc-linux-gnu-pghpf
configure:16767: result: no
configure:16737: checking for x86_64-pc-linux-gnu-epcf90
configure:16767: result: no
configure:16737: checking for x86_64-pc-linux-gnu-gfortran
configure:16767: result: no
configure:16737: checking for x86_64-pc-linux-gnu-g95
configure:16767: result: no
configure:16737: checking for x86_64-pc-linux-gnu-xlf95
configure:16767: result: no
configure:16737: checking for x86_64-pc-linux-gnu-f95
configure:16767: result: no
configure:16737: checking for x86_64-pc-linux-gnu-fort
configure:16767: result: no
configure:16737: checking for x86_64-pc-linux-gnu-ifort
configure:16767: result: no
configure:16737: checking for x86_64-pc-linux-gnu-ifc
configure:16767: result: no
configure:16737: checking for x86_64-pc-linux-gnu-efc
configure:16767: result: no
configure:16737: checking for x86_64-pc-linux-gnu-pgfortran
configure:16767: result: no
configure:16737: checking for x86_64-pc-linux-gnu-pgf95
configure:16767: result: no
configure:16737: checking for x86_64-pc-linux-gnu-lf95
configure:16767: result: no
configure:16737: checking for x86_64-pc-linux-gnu-ftn
configure:16767: result: no
configure:16737: checking for x86_64-pc-linux-gnu-nagfor
configure:16767: result: no
configure:16781: checking for g77
configure:16811: result: no
configure:16781: checking for xlf
configure:16811: result: no
configure:16781: checking for f77
configure:16811: result: no
configure:16781: checking for frt
configure:16811: result: no
configure:16781: checking for pgf77
configure:16811: result: no
configure:16781: checking for cf77
configure:16811: result: no
configure:16781: checking for fort77
configure:16811: result: no
configure:16781: checking for fl32
configure:16811: result: no
configure:16781: checking for af77
configure:16811: result: no
configure:16781: checking for xlf90
configure:16811: result: no
configure:16781: checking for f90
configure:16811: result: no
configure:16781: checking for pgf90
configure:16811: result: no
configure:16781: checking for pghpf
configure:16811: result: no
configure:16781: checking for epcf90
configure:16811: result: no
configure:16781: checking for gfortran
configure:16811: result: no
configure:16781: checking for g95
configure:16811: result: no
configure:16781: checking for xlf95
configure:16811: result: no
configure:16781: checking for f95
configure:16811: result: no
configure:16781: checking for fort
configure:16811: result: no
configure:16781: checking for ifort
configure:16811: result: no
configure:16781: checking for ifc
configure:16811: result: no
configure:16781: checking for efc
configure:16811: result: no
configure:16781: checking for pgfortran
configure:16811: result: no
configure:16781: checking for pgf95
configure:16811: result: no
configure:16781: checking for lf95
configure:16811: result: no
configure:16781: checking for ftn
configure:16811: result: no
configure:16781: checking for nagfor
configure:16811: result: no
configure:16834: checking for Fortran 77 compiler version
configure:16843:  --version >&5
./configure: line 16845: --version: command not found
configure:16854: $? = 127
configure:16843:  -v >&5
./configure: line 16845: -v: command not found
configure:16854: $? = 127
configure:16843:  -V >&5
./configure: line 16845: -V: command not found
configure:16854: $? = 127
configure:16843:  -qversion >&5
./configure: line 16845: -qversion: command not found
configure:16854: $? = 127
configure:16863: checking whether we are using the GNU Fortran 77 compiler
configure:16876:  -c  conftest.F >&5
./configure: line 2079: -c: command not found
configure:16876: $? = 127
configure: failed program was:
|       program main
| #ifndef __GNUC__
|        choke me
| #endif
| 
|       end
configure:16885: result: no
configure:16891: checking whether  accepts -g
configure:16902:  -c -g conftest.f >&5
./configure: line 2079: -c: command not found
configure:16902: $? = 127
configure: failed program was:
|       program main
| 
|       end
configure:16910: result: no
configure:19659: checking for x86_64-pc-linux-gnu-gfortran
configure:19689: result: no
configure:19659: checking for x86_64-pc-linux-gnu-g95
configure:19689: result: no
configure:19659: checking for x86_64-pc-linux-gnu-xlf95
configure:19689: result: no
configure:19659: checking for x86_64-pc-linux-gnu-f95
configure:19689: result: no
configure:19659: checking for x86_64-pc-linux-gnu-fort
configure:19689: result: no
configure:19659: checking for x86_64-pc-linux-gnu-ifort
configure:19689: result: no
configure:19659: checking for x86_64-pc-linux-gnu-ifc
configure:19689: result: no
configure:19659: checking for x86_64-pc-linux-gnu-efc
configure:19689: result: no
configure:19659: checking for x86_64-pc-linux-gnu-pgfortran
configure:19689: result: no
configure:19659: checking for x86_64-pc-linux-gnu-pgf95
configure:19689: result: no
configure:19659: checking for x86_64-pc-linux-gnu-lf95
configure:19689: result: no
configure:19659: checking for x86_64-pc-linux-gnu-ftn
configure:19689: result: no
configure:19659: checking for x86_64-pc-linux-gnu-nagfor
configure:19689: result: no
configure:19659: checking for x86_64-pc-linux-gnu-xlf90
configure:19689: result: no
configure:19659: checking for x86_64-pc-linux-gnu-f90
configure:19689: result: no
configure:19659: checking for x86_64-pc-linux-gnu-pgf90
configure:19689: result: no
configure:19659: checking for x86_64-pc-linux-gnu-pghpf
configure:19689: result: no
configure:19659: checking for x86_64-pc-linux-gnu-epcf90
configure:19689: result: no
configure:19659: checking for x86_64-pc-linux-gnu-g77
configure:19689: result: no
configure:19659: checking for x86_64-pc-linux-gnu-xlf
configure:19689: result: no
configure:19659: checking for x86_64-pc-linux-gnu-f77
configure:19689: result: no
configure:19659: checking for x86_64-pc-linux-gnu-frt
configure:19689: result: no
configure:19659: checking for x86_64-pc-linux-gnu-pgf77
configure:19689: result: no
configure:19659: checking for x86_64-pc-linux-gnu-cf77
configure:19689: result: no
configure:19659: checking for x86_64-pc-linux-gnu-fort77
configure:19689: result: no
configure:19659: checking for x86_64-pc-linux-gnu-fl32
configure:19689: result: no
configure:19659: checking for x86_64-pc-linux-gnu-af77
configure:19689: result: no
configure:19703: checking for gfortran
configure:19733: result: no
configure:19703: checking for g95
configure:19733: result: no
configure:19703: checking for xlf95
configure:19733: result: no
configure:19703: checking for f95
configure:19733: result: no
configure:19703: checking for fort
configure:19733: result: no
configure:19703: checking for ifort
configure:19733: result: no
configure:19703: checking for ifc
configure:19733: result: no
configure:19703: checking for efc
configure:19733: result: no
configure:19703: checking for pgfortran
configure:19733: result: no
configure:19703: checking for pgf95
configure:19733: result: no
configure:19703: checking for lf95
configure:19733: result: no
configure:19703: checking for ftn
configure:19733: result: no
configure:19703: checking for nagfor
configure:19733: result: no
configure:19703: checking for xlf90
configure:19733: result: no
configure:19703: checking for f90
configure:19733: result: no
configure:19703: checking for pgf90
configure:19733: result: no
configure:19703: checking for pghpf
configure:19733: result: no
configure:19703: checking for epcf90
configure:19733: result: no
configure:19703: checking for g77
configure:19733: result: no
configure:19703: checking for xlf
configure:19733: result: no
configure:19703: checking for f77
configure:19733: result: no
configure:19703: checking for frt
configure:19733: result: no
configure:19703: checking for pgf77
configure:19733: result: no
configure:19703: checking for cf77
configure:19733: result: no
configure:19703: checking for fort77
configure:19733: result: no
configure:19703: checking for fl32
configure:19733: result: no
configure:19703: checking for af77
configure:19733: result: no
configure:19756: checking for Fortran compiler version
configure:19765:  --version >&5
./configure: line 19767: --version: command not found
configure:19776: $? = 127
configure:19765:  -v >&5
./configure: line 19767: -v: command not found
configure:19776: $? = 127
configure:19765:  -V >&5
./configure: line 19767: -V: command not found
configure:19776: $? = 127
configure:19765:  -qversion >&5
./configure: line 19767: -qversion: command not found
configure:19776: $? = 127
configure:19785: checking whether we are using the GNU Fortran compiler
configure:19798:  -c   conftest.F >&5
./configure: line 2163: -c: command not found
configure:19798: $? = 127
configure: failed program was:
|       program main
| #ifndef __GNUC__
|        choke me
| #endif
| 
|       end
configure:19807: result: no
configure:19813: checking whether  accepts -g
configure:19824:  -c -g  conftest.f >&5
./configure: line 2163: -c: command not found
configure:19824: $? = 127
configure: failed program was:
|       program main
| 
|       end
configure:19832: result: no
configure:22722: checking for x86_64-pc-linux-gnu-gcj
configure:22752: result: no
configure:22762: checking for gcj
configure:22792: result: no
configure:24808: checking for x86_64-pc-linux-gnu-windres
configure:24838: result: no
configure:24848: checking for windres
configure:24878: result: no
configure:25030: checking whether make supports order-only prerequisites
configure:25054: result: yes
configure:25184: checking that generated files are newer than configure
configure:25190: result: done
configure:25246: creating ./config.status

## ---------------------- ##
## Running config.status. ##
## ---------------------- ##

This file was extended by GNU Libtool config.status 2.4, which was
generated by GNU Autoconf 2.69.  Invocation command line was

  CONFIG_FILES    = 
  CONFIG_HEADERS  = 
  CONFIG_LINKS    = 
  CONFIG_COMMANDS = 
  $ ./config.status 

on MediumslateblueUnwieldy-VM

config.status:1426: creating Makefile
config.status:1426: creating config.h
config.status:1655: executing tests/atconfig commands
config.status:1655: executing depfiles commands
config.status:1655: executing libtool commands

## ---------------- ##
## Cache variables. ##
## ---------------- ##

ac_cv_build=x86_64-pc-linux-gnu
ac_cv_c_compiler_gnu=yes
ac_cv_cxx_compiler_gnu=yes
ac_cv_env_CCC_set=
ac_cv_env_CCC_value=
ac_cv_env_CC_set=set
ac_cv_env_CC_value=gcc
ac_cv_env_CFLAGS_set=set
ac_cv_env_CFLAGS_value='-O2 -I/home/lcz/code/lede/staging_dir/host/include '
ac_cv_env_CPPFLAGS_set=set
ac_cv_env_CPPFLAGS_value='-I/home/lcz/code/lede/staging_dir/host/include '
ac_cv_env_CPP_set=
ac_cv_env_CPP_value=
ac_cv_env_CXXCPP_set=
ac_cv_env_CXXCPP_value=
ac_cv_env_CXXFLAGS_set=
ac_cv_env_CXXFLAGS_value=
ac_cv_env_CXX_set=set
ac_cv_env_CXX_value=g++
ac_cv_env_F77_set=
ac_cv_env_F77_value=
ac_cv_env_FCFLAGS_set=
ac_cv_env_FCFLAGS_value=
ac_cv_env_FC_set=
ac_cv_env_FC_value=
ac_cv_env_FFLAGS_set=
ac_cv_env_FFLAGS_value=
ac_cv_env_LDFLAGS_set=set
ac_cv_env_LDFLAGS_value='-L/home/lcz/code/lede/staging_dir/host/lib '
ac_cv_env_LIBS_set=
ac_cv_env_LIBS_value=
ac_cv_env_build_alias_set=set
ac_cv_env_build_alias_value=x86_64-pc-linux-gnu
ac_cv_env_host_alias_set=set
ac_cv_env_host_alias_value=x86_64-pc-linux-gnu
ac_cv_env_target_alias_set=set
ac_cv_env_target_alias_value=x86_64-pc-linux-gnu
ac_cv_f77_compiler_gnu=no
ac_cv_fc_compiler_gnu=no
ac_cv_func_argz_add=yes
ac_cv_func_argz_append=yes
ac_cv_func_argz_count=yes
ac_cv_func_argz_create_sep=yes
ac_cv_func_argz_insert=yes
ac_cv_func_argz_next=yes
ac_cv_func_argz_stringify=yes
ac_cv_func_closedir=yes
ac_cv_func_dlerror=yes
ac_cv_func_dlopen=no
ac_cv_func_opendir=yes
ac_cv_func_readdir=yes
ac_cv_func_shl_load=no
ac_cv_func_strlcat=no
ac_cv_func_strlcpy=no
ac_cv_header_argz_h=yes
ac_cv_header_dirent_h=yes
ac_cv_header_dl_h=no
ac_cv_header_dld_h=no
ac_cv_header_dlfcn_h=yes
ac_cv_header_inttypes_h=yes
ac_cv_header_mach_o_dyld_h=no
ac_cv_header_memory_h=yes
ac_cv_header_stdc=yes
ac_cv_header_stdint_h=yes
ac_cv_header_stdlib_h=yes
ac_cv_header_string_h=yes
ac_cv_header_strings_h=yes
ac_cv_header_sys_dl_h=no
ac_cv_header_sys_stat_h=yes
ac_cv_header_sys_types_h=yes
ac_cv_header_unistd_h=yes
ac_cv_host=x86_64-pc-linux-gnu
ac_cv_lib_dl_dlopen=yes
ac_cv_lib_dld_dld_link=no
ac_cv_lib_dld_shl_load=no
ac_cv_objext=o
ac_cv_path_EGREP='/home/lcz/code/lede/staging_dir/host/bin/grep -E'
ac_cv_path_FGREP='/home/lcz/code/lede/staging_dir/host/bin/grep -F'
ac_cv_path_GREP=/home/lcz/code/lede/staging_dir/host/bin/grep
ac_cv_path_SED=/home/lcz/code/lede/staging_dir/host/bin/sed
ac_cv_path_install='/usr/bin/install -c'
ac_cv_path_mkdir=/bin/mkdir
ac_cv_prog_AWK=gawk
ac_cv_prog_CC=gcc
ac_cv_prog_CPP='gcc -E'
ac_cv_prog_CXXCPP='g++ -E'
ac_cv_prog_ac_ct_AR=ar
ac_cv_prog_ac_ct_MANIFEST_TOOL=mt
ac_cv_prog_ac_ct_OBJDUMP=objdump
ac_cv_prog_ac_ct_RANLIB=ranlib
ac_cv_prog_ac_ct_STRIP=strip
ac_cv_prog_cc_c89=
ac_cv_prog_cc_g=yes
ac_cv_prog_cxx_g=yes
ac_cv_prog_f77_g=no
ac_cv_prog_fc_g=no
ac_cv_prog_make_make_set=yes
ac_cv_search_dlopen=-ldl
ac_cv_type_error_t=yes
am_cv_CC_dependencies_compiler_type=gcc3
am_cv_CXX_dependencies_compiler_type=gcc3
am_cv_make_support_nested_variables=yes
am_cv_prog_cc_c_o=yes
libltdl_cv_lib_dl_dlopen=yes
libltdl_cv_preloaded_symbols=yes
libltdl_cv_shlibext=.so
lt_cv_ar_at_file=@
lt_cv_archive_cmds_need_lc=no
lt_cv_deplibs_check_method=pass_all
lt_cv_dlopen=dlopen
lt_cv_dlopen_libs=-ldl
lt_cv_dlopen_self=yes
lt_cv_dlopen_self_static=no
lt_cv_file_magic_cmd='$MAGIC_CMD'
lt_cv_file_magic_test_file=
lt_cv_ld_reload_flag=-r
lt_cv_make_order_only=yes
lt_cv_module_path_var=LD_LIBRARY_PATH
lt_cv_nm_interface='BSD nm'
lt_cv_objdir=.libs
lt_cv_path_LD=/usr/bin/ld
lt_cv_path_LDCXX='/usr/bin/ld -m elf_x86_64'
lt_cv_path_NM='/usr/bin/nm -B'
lt_cv_path_mainfest_tool=no
lt_cv_prog_compiler_c_o=yes
lt_cv_prog_compiler_c_o_CXX=yes
lt_cv_prog_compiler_c_o_RC=yes
lt_cv_prog_compiler_pic='-fPIC -DPIC'
lt_cv_prog_compiler_pic_CXX='-fPIC -DPIC'
lt_cv_prog_compiler_pic_works=yes
lt_cv_prog_compiler_pic_works_CXX=yes
lt_cv_prog_compiler_rtti_exceptions=no
lt_cv_prog_compiler_static_works=yes
lt_cv_prog_compiler_static_works_CXX=yes
lt_cv_prog_gnu_ld=yes
lt_cv_prog_gnu_ldcxx=yes
lt_cv_sharedlib_from_linklib_cmd='printf %s\n'
lt_cv_shlibpath_overrides_runpath=yes
lt_cv_sys_argz_works=yes
lt_cv_sys_dlopen_deplibs=yes
lt_cv_sys_dlsearch_path=
lt_cv_sys_global_symbol_pipe='sed -n -e '\''s/^.*[	 ]\([ABCDGIRSTW][ABCDGIRSTW]*\)[	 ][	 ]*\([_A-Za-z][_A-Za-z0-9]*\)$/\1 \2 \2/p'\'' | sed '\''/ __gnu_lto/d'\'''
lt_cv_sys_global_symbol_to_c_name_address='sed -n -e '\''s/^: \([^ ]*\)[ ]*$/  {\"\1\", (void *) 0},/p'\'' -e '\''s/^[ABCDGIRSTW]* \([^ ]*\) \([^ ]*\)$/  {"\2", (void *) \&\2},/p'\'''
lt_cv_sys_global_symbol_to_c_name_address_lib_prefix='sed -n -e '\''s/^: \([^ ]*\)[ ]*$/  {\"\1\", (void *) 0},/p'\'' -e '\''s/^[ABCDGIRSTW]* \([^ ]*\) \(lib[^ ]*\)$/  {"\2", (void *) \&\2},/p'\'' -e '\''s/^[ABCDGIRSTW]* \([^ ]*\) \([^ ]*\)$/  {"lib\2", (void *) \&\2},/p'\'''
lt_cv_sys_global_symbol_to_cdecl='sed -n -e '\''s/^T .* \(.*\)$/extern int \1();/p'\'' -e '\''s/^[ABCDGIRSTW]* .* \(.*\)$/extern char \1;/p'\'''
lt_cv_sys_max_cmd_len=1572864
lt_cv_sys_symbol_underscore=no
lt_cv_to_host_file_cmd=func_convert_file_noop
lt_cv_to_tool_file_cmd=func_convert_file_noop

## ----------------- ##
## Output variables. ##
## ----------------- ##

ACLOCAL='${SHELL} /home/lcz/code/lede/build_dir/host/libtool-2.4/libltdl/config/missing aclocal-1.15'
AMDEPBACKSLASH='\'
AMDEP_FALSE='#'
AMDEP_TRUE=''
AMTAR='$${TAR-tar}'
AM_BACKSLASH='\'
AM_DEFAULT_V='1'
AM_DEFAULT_VERBOSITY='1'
AM_V='1'
AR='ar'
ARGZ_H=''
AS='as'
AUTOCONF='${SHELL} /home/lcz/code/lede/build_dir/host/libtool-2.4/libltdl/config/missing autoconf'
AUTOHEADER='${SHELL} /home/lcz/code/lede/build_dir/host/libtool-2.4/libltdl/config/missing autoheader'
AUTOM4TE='autom4te'
AUTOMAKE='${SHELL} /home/lcz/code/lede/build_dir/host/libtool-2.4/libltdl/config/missing automake-1.15'
AUTOTEST='$(AUTOM4TE) --language=autotest'
AWK='gawk'
CC='gcc'
CCDEPMODE='depmode=gcc3'
CFLAGS='-O2 -I/home/lcz/code/lede/staging_dir/host/include '
CONFIG_STATUS_DEPENDENCIES='$(top_srcdir)/ChangeLog'
CONF_SUBDIRS='tests/cdemo tests/demo tests/depdemo tests/f77demo tests/fcdemo 	tests/mdemo tests/mdemo2 tests/pdemo tests/tagdemo'
CONVENIENCE_LTDL_FALSE=''
CONVENIENCE_LTDL_TRUE='#'
CPP='gcc -E'
CPPFLAGS='-I/home/lcz/code/lede/staging_dir/host/include '
CXX='g++'
CXXCPP='g++ -E'
CXXDEPMODE='depmode=gcc3'
CXXFLAGS='-g -O2'
CYGPATH_W='echo'
DEFS='-DHAVE_CONFIG_H'
DEPDIR='.deps'
DIST_MAKEFILE_LIST='tests/cdemo/Makefile tests/demo/Makefile tests/depdemo/Makefile tests/f77demo/Makefile tests/fcdemo/Makefile tests/mdemo/Makefile tests/mdemo2/Makefile tests/pdemo/Makefile tests/tagdemo/Makefile '
DLLTOOL='false'
DSYMUTIL=''
DUMPBIN=''
ECHO_C=''
ECHO_N='-n'
ECHO_T=''
EGREP='/home/lcz/code/lede/staging_dir/host/bin/grep -E'
EXEEXT=''
F77=''
FC=''
FCFLAGS=''
FFLAGS=''
FGREP='/home/lcz/code/lede/staging_dir/host/bin/grep -F'
GCJ=''
GCJFLAGS='-g -O2'
GREP='/home/lcz/code/lede/staging_dir/host/bin/grep'
HAVE_CXX_FALSE='#'
HAVE_CXX_TRUE=''
HAVE_F77_FALSE=''
HAVE_F77_TRUE='#'
HAVE_FC_FALSE=''
HAVE_FC_TRUE='#'
HAVE_GCJ_FALSE=''
HAVE_GCJ_TRUE='#'
HAVE_RC_FALSE=''
HAVE_RC_TRUE='#'
HELP2MAN='${SHELL} /home/lcz/code/lede/build_dir/host/libtool-2.4/libltdl/config/missing help2man'
INSTALL_DATA='${INSTALL} -m 644'
INSTALL_LTDL_FALSE='#'
INSTALL_LTDL_TRUE=''
INSTALL_PROGRAM='${INSTALL}'
INSTALL_SCRIPT='${INSTALL}'
INSTALL_STRIP_PROGRAM='$(install_sh) -c -s'
LASTRELEASE=''
LD='/usr/bin/ld -m elf_x86_64'
LDFLAGS='-L/home/lcz/code/lede/staging_dir/host/lib '
LIBADD_DL='-ldl '
LIBADD_DLD_LINK=''
LIBADD_DLOPEN='-ldl'
LIBADD_SHL_LOAD=''
LIBOBJS=' ${LIBOBJDIR}lt__strl$U.o'
LIBS='-ldl '
LIBTOOL='$(SHELL) $(top_builddir)/libtool'
LIPO=''
LN_S='ln -s'
LTDLOPEN='libltdl'
LTLIBOBJS=' ${LIBOBJDIR}lt__strl$U.lo'
LT_CONFIG_H='config.h'
LT_DLLOADERS=' libltdl/dlopen.la'
LT_DLPREOPEN='-dlpreopen libltdl/dlopen.la '
M4SH='$(AUTOM4TE) --language=m4sh'
MAKEINFO='${SHELL} /home/lcz/code/lede/build_dir/host/libtool-2.4/libltdl/config/missing makeinfo'
MANIFEST_TOOL=':'
MKDIR_P='/bin/mkdir -p'
NM='/usr/bin/nm -B'
NMEDIT=''
OBJDUMP='objdump'
OBJEXT='o'
ORDER='|'
OTOOL64=''
OTOOL=''
PACKAGE='libtool'
PACKAGE_BUGREPORT='bug-libtool@gnu.org'
PACKAGE_NAME='GNU Libtool'
PACKAGE_STRING='GNU Libtool 2.4'
PACKAGE_TARNAME='libtool'
PACKAGE_URL='http://www.gnu.org/software/libtool/'
PACKAGE_VERSION='2.4'
PATH_SEPARATOR=':'
RANLIB='ranlib'
RC=''
SED='/home/lcz/code/lede/staging_dir/host/bin/sed'
SET_MAKE=''
SHELL='/usr/bin/env bash'
STRIP='strip'
TIMESTAMP=''
VERSION='2.4'
ac_ct_AR='ar'
ac_ct_CC=''
ac_ct_CXX=''
ac_ct_DUMPBIN=''
ac_ct_F77=''
ac_ct_FC=''
aclocaldir='${datadir}/aclocal'
am__EXEEXT_FALSE=''
am__EXEEXT_TRUE='#'
am__fastdepCC_FALSE='#'
am__fastdepCC_TRUE=''
am__fastdepCXX_FALSE='#'
am__fastdepCXX_TRUE=''
am__include='include'
am__isrc=''
am__leading_dot='.'
am__nodep='_no'
am__quote=''
am__tar='$${TAR-tar} chof - "$$tardir"'
am__untar='$${TAR-tar} xf -'
bindir='${exec_prefix}/bin'
build='x86_64-pc-linux-gnu'
build_alias='x86_64-pc-linux-gnu'
build_cpu='x86_64'
build_os='linux-gnu'
build_vendor='pc'
datadir='${datarootdir}'
datarootdir='${prefix}/share'
docdir='${datarootdir}/doc/${PACKAGE_TARNAME}'
dvidir='${docdir}'
exec_prefix='/home/lcz/code/lede/staging_dir/host'
host='x86_64-pc-linux-gnu'
host_alias='x86_64-pc-linux-gnu'
host_cpu='x86_64'
host_os='linux-gnu'
host_vendor='pc'
htmldir='${docdir}'
includedir='${prefix}/include'
infodir='${datarootdir}/info'
install_sh='${SHELL} /home/lcz/code/lede/build_dir/host/libtool-2.4/libltdl/config/install-sh'
libdir='${exec_prefix}/lib'
libexecdir='${exec_prefix}/libexec'
localedir='${datarootdir}/locale'
localstatedir='/home/lcz/code/lede/staging_dir/host/var'
mandir='${datarootdir}/man'
mkdir_p='$(MKDIR_P)'
oldincludedir='/usr/include'
package_revision='1.3293'
pdfdir='${docdir}'
pkgdatadir='${datadir}/libtool'
prefix='/home/lcz/code/lede/staging_dir/host'
program_transform_name='s&$$&&;s&^&&'
psdir='${docdir}'
sbindir='/home/lcz/code/lede/staging_dir/host/bin'
sharedstatedir='${prefix}/com'
sys_symbol_underscore='no'
sysconfdir='/home/lcz/code/lede/staging_dir/host/etc'
target_alias='x86_64-pc-linux-gnu'
to_host_file_cmd='func_convert_file_noop'
to_tool_file_cmd='func_convert_file_noop'

## ----------- ##
## confdefs.h. ##
## ----------- ##

/* confdefs.h */
#define PACKAGE_NAME "GNU Libtool"
#define PACKAGE_TARNAME "libtool"
#define PACKAGE_VERSION "2.4"
#define PACKAGE_STRING "GNU Libtool 2.4"
#define PACKAGE_BUGREPORT "bug-libtool@gnu.org"
#define PACKAGE_URL "http://www.gnu.org/software/libtool/"
#define PACKAGE "libtool"
#define VERSION "2.4"
#define STDC_HEADERS 1
#define HAVE_SYS_TYPES_H 1
#define HAVE_SYS_STAT_H 1
#define HAVE_STDLIB_H 1
#define HAVE_STRING_H 1
#define HAVE_MEMORY_H 1
#define HAVE_STRINGS_H 1
#define HAVE_INTTYPES_H 1
#define HAVE_STDINT_H 1
#define HAVE_UNISTD_H 1
#define HAVE_DLFCN_H 1
#define LT_OBJDIR ".libs/"
#define LT_MODULE_EXT ".so"
#define LT_MODULE_PATH_VAR "LD_LIBRARY_PATH"
#define HAVE_LIBDL 1
#define HAVE_DLERROR 1
#define HAVE_LIBDLLOADER 1
#define HAVE_ARGZ_H 1
#define HAVE_ERROR_T 1
#define HAVE_ARGZ_ADD 1
#define HAVE_ARGZ_APPEND 1
#define HAVE_ARGZ_COUNT 1
#define HAVE_ARGZ_CREATE_SEP 1
#define HAVE_ARGZ_INSERT 1
#define HAVE_ARGZ_NEXT 1
#define HAVE_ARGZ_STRINGIFY 1
#define HAVE_WORKING_ARGZ 1
#define HAVE_PRELOADED_SYMBOLS 1
#define HAVE_UNISTD_H 1
#define HAVE_DIRENT_H 1
#define HAVE_CLOSEDIR 1
#define HAVE_OPENDIR 1
#define HAVE_READDIR 1
#define LT_LIBEXT "a"
#define LT_LIBPREFIX "lib"

configure: exit 0

## ---------------------- ##
## Running config.status. ##
## ---------------------- ##

This file was extended by GNU Libtool config.status 2.4, which was
generated by GNU Autoconf 2.69.  Invocation command line was

  CONFIG_FILES    = 
  CONFIG_HEADERS  = 
  CONFIG_LINKS    = 
  CONFIG_COMMANDS = 
  $ ./config.status libtool

on MediumslateblueUnwieldy-VM

config.status:1655: executing libtool commands
