This file contains any messages produced by compilers while
running configure, to aid debugging if configure makes a mistake.

It was created by GNU Automake configure 1.15.1, which was
generated by GNU Autoconf 2.69.  Invocation command line was

  $ ./configure --target=x86_64-pc-linux-gnu --host=x86_64-pc-linux-gnu --build=x86_64-pc-linux-gnu --program-prefix= --program-suffix= --prefix=/home/lcz/code/lede/staging_dir/host --exec-prefix=/home/lcz/code/lede/staging_dir/host --sysconfdir=/home/lcz/code/lede/staging_dir/host/etc --localstatedir=/home/lcz/code/lede/staging_dir/host/var --sbindir=/home/lcz/code/lede/staging_dir/host/bin --datarootdir=/home/lcz/code/lede/staging_dir/host/share --disable-silent-rules

## --------- ##
## Platform. ##
## --------- ##

hostname = MediumslateblueUnwieldy-VM
uname -m = x86_64
uname -r = 4.11.8-041108-generic
uname -s = Linux
uname -v = #201706290836 SMP Thu Jun 29 12:38:45 UTC 2017

/usr/bin/uname -p = unknown
/bin/uname -X     = unknown

/bin/arch              = unknown
/usr/bin/arch -k       = unknown
/usr/convex/getsysinfo = unknown
/usr/bin/hostinfo      = unknown
/bin/machine           = unknown
/usr/bin/oslevel       = unknown
/bin/universe          = unknown

PATH: /home/lcz/code/lede/staging_dir/toolchain-mipsel_24kc_gcc-7.5.0_musl/bin
PATH: /home/lcz/code/lede/staging_dir/toolchain-mipsel_24kc_gcc-7.5.0_musl/bin
PATH: /home/lcz/code/lede/staging_dir/host/bin
PATH: /home/lcz/code/lede/staging_dir/toolchain-mipsel_24kc_gcc-7.5.0_musl/bin
PATH: /home/lcz/code/lede/staging_dir/host/bin
PATH: /home/lcz/code/lede/staging_dir/host/bin
PATH: /home/lcz/bin
PATH: /home/lcz/.local/bin
PATH: /usr/local/sbin
PATH: /usr/local/bin
PATH: /usr/sbin
PATH: /usr/bin
PATH: /sbin
PATH: /bin
PATH: /usr/games
PATH: /usr/local/games


## ----------- ##
## Core tests. ##
## ----------- ##

configure:2031: checking whether make supports nested variables
configure:2048: result: yes
configure:2065: checking build system type
configure:2079: result: x86_64-pc-linux-gnu
configure:2099: checking host system type
configure:2112: result: x86_64-pc-linux-gnu
configure:2165: checking for a BSD-compatible install
configure:2233: result: /usr/bin/install -c
configure:2244: checking whether build environment is sane
configure:2299: result: yes
configure:2450: checking for a thread-safe mkdir -p
configure:2489: result: /bin/mkdir -p
configure:2496: checking for gawk
configure:2512: found /usr/bin/gawk
configure:2523: result: gawk
configure:2534: checking whether make sets $(MAKE)
configure:2556: result: yes
configure:2714: checking whether ln -s works
configure:2718: result: yes
configure:2728: checking for perl
configure:2758: result: /usr/bin/env perl
configure:2770: /usr/bin/env perl --version

This is perl 5, version 22, subversion 1 (v5.22.1) built for x86_64-linux-gnu-thread-multi
(with 73 registered patches, see perl -V for more detail)

Copyright 1987-2015, Larry Wall

Perl may be copied only under the terms of either the Artistic License or the
GNU General Public License, which may be found in the Perl 5 source kit.

Complete documentation for Perl, including FAQ lists, should be found on
this system using "man perl" or "perldoc perl".  If you have access to the
Internet, point your browser at http://www.perl.org/, the Perl Home Page.

configure:2773: $? = 0
configure:2785: checking for tex
configure:2815: result: no
configure:2823:  --version </dev/null
./configure: line 2824: --version: command not found
configure:2826: $? = 127
configure:2844: checking for yacc
configure:2860: found /usr/bin/yacc
configure:2871: result: yacc
configure:2887: checking for lex
configure:2917: result: no
configure:2887: checking for flex
configure:2917: result: no
configure:2935: checking whether autoconf is installed
configure:2940: autoconf --version
autoconf (GNU Autoconf) 2.69
Copyright (C) 2012 Free Software Foundation, Inc.
License GPLv3+/Autoconf: GNU GPL version 3 or later
<http://gnu.org/licenses/gpl.html>, <http://gnu.org/licenses/exceptions.html>
This is free software: you are free to change and redistribute it.
There is NO WARRANTY, to the extent permitted by law.

Written by David J. MacKenzie and Akim Demaille.
configure:2943: $? = 0
configure:2951: result: yes
configure:2958: checking whether autoconf works
configure:2965: cd conftest && autoconf -o /dev/null conftest.ac
configure:2968: $? = 0
configure:2977: result: yes
configure:2984: checking whether autoconf is recent enough
configure:2991: cd conftest && autoconf -o /dev/null conftest.ac
configure:2994: $? = 0
configure:3003: result: yes
configure:3010: checking whether ln works
configure:3030: result: yes
configure:3048: checking for grep that handles long lines and -e
configure:3106: result: /home/lcz/code/lede/staging_dir/host/bin/grep
configure:3111: checking for egrep
configure:3173: result: /home/lcz/code/lede/staging_dir/host/bin/grep -E
configure:3178: checking for fgrep
configure:3240: result: /home/lcz/code/lede/staging_dir/host/bin/grep -F
configure:3283: will now look for a sturdy POSIX shell, for our testsuite
configure:3319: checking for sh
configure:3337: found /bin/sh
configure:3349: result: /bin/sh
configure:3319: checking for sh5
configure:3352: result: no
configure:3319: checking for dash
configure:3337: found /bin/dash
configure:3349: result: /bin/dash
configure:3319: checking for ash
configure:3352: result: no
configure:3319: checking for bash
configure:3337: found /home/lcz/code/lede/staging_dir/host/bin/bash
configure:3349: result: /home/lcz/code/lede/staging_dir/host/bin/bash
configure:3319: checking for zsh
configure:3352: result: no
configure:3319: checking for ksh
configure:3352: result: no
configure:3319: checking for pdksh
configure:3352: result: no
configure:3373: checking whether /usr/bin/env supports $(cmd)
/usr/bin/env: invalid option -- 'c'
Try '/usr/bin/env --help' for more information.
configure:3387: result: no
configure:3373: checking whether bash supports $(cmd)
configure:3383: result: yes
configure:3393: checking whether bash supports $((expr))
configure:3403: result: yes
configure:3413: checking whether bash supports ${#var}
configure:3426: result: yes
configure:3436: checking whether bash supports ${var#glob} and ${var%glob}
configure:3450: result: yes
configure:3460: checking whether bash preserves exit traps with "set -e"
configure:3470: result: yes
configure:3480: checking whether bash can define exit traps in a shell function
configure:3490: result: yes
configure:3500: checking whether bash corrupts stderr with "set -x"
configure:3514: result: no
configure:3522: checking whether bash can return early from "dot-sourced" files
configure:3532: result: yes
configure:3544: checking whether bash supports alias named like shell builtins

configure:3554: result: yes
configure:3564: checking whether bash supports "test -e"
configure:3574: result: yes
configure:3592: shell bash is good enough, stop looking
configure:3609: will use bash as the testsuite shell
configure:3633: will now look for generic compilers
configure:3652: checking for x86_64-pc-linux-gnu-cc
configure:3679: result: gcc
configure:3756: checking for C compiler version
configure:3765: gcc --version >&5
gcc (Debian 9.3.0-11) 9.3.0
Copyright (C) 2019 Free Software Foundation, Inc.
This is free software; see the source for copying conditions.  There is NO
warranty; not even for MERCHANTABILITY or FITNESS FOR A PARTICULAR PURPOSE.

configure:3776: $? = 0
configure:3765: gcc -v >&5
Using built-in specs.
COLLECT_GCC=gcc
COLLECT_LTO_WRAPPER=/usr/lib/gcc/x86_64-linux-gnu/9/lto-wrapper
OFFLOAD_TARGET_NAMES=nvptx-none:hsa
OFFLOAD_TARGET_DEFAULT=1
Target: x86_64-linux-gnu
Configured with: ../src/configure -v --with-pkgversion='Debian 9.3.0-11' --with-bugurl=file:///usr/share/doc/gcc-9/README.Bugs --enable-languages=c,ada,c++,go,brig,d,fortran,objc,obj-c++,gm2 --prefix=/usr --with-gcc-major-version-only --program-suffix=-9 --program-prefix=x86_64-linux-gnu- --enable-shared --enable-linker-build-id --libexecdir=/usr/lib --without-included-gettext --enable-threads=posix --libdir=/usr/lib --enable-nls --enable-bootstrap --enable-clocale=gnu --enable-libstdcxx-debug --enable-libstdcxx-time=yes --with-default-libstdcxx-abi=new --enable-gnu-unique-object --disable-vtable-verify --enable-plugin --enable-default-pie --with-system-zlib --with-target-system-zlib=auto --enable-objc-gc=auto --enable-multiarch --disable-werror --with-arch-32=i686 --with-abi=m64 --with-multilib-list=m32,m64,mx32 --enable-multilib --with-tune=generic --enable-offload-targets=nvptx-none,hsa --without-cuda-driver --enable-checking=release --build=x86_64-linux-gnu --host=x86_64-linux-gnu --target=x86_64-linux-gnu --with-build-config=bootstrap-lto-lean --enable-link-mutex
Thread model: posix
gcc version 9.3.0 (Debian 9.3.0-11) 
configure:3776: $? = 0
configure:3765: gcc -V >&5
gcc: error: unrecognized command line option '-V'
gcc: fatal error: no input files
compilation terminated.
configure:3776: $? = 1
configure:3765: gcc -qversion >&5
gcc: error: unrecognized command line option '-qversion'; did you mean '--version'?
gcc: fatal error: no input files
compilation terminated.
configure:3776: $? = 1
configure:3796: checking whether the C compiler works
configure:3818: gcc -O2 -I/home/lcz/code/lede/staging_dir/host/include  -I/home/lcz/code/lede/staging_dir/host/include  -L/home/lcz/code/lede/staging_dir/host/lib  conftest.c  >&5
configure:3822: $? = 0
configure:3872: result: yes
configure:3875: checking for C compiler default output file name
configure:3877: result: a.out
configure:3883: checking for suffix of executables
configure:3890: gcc -o conftest -O2 -I/home/lcz/code/lede/staging_dir/host/include  -I/home/lcz/code/lede/staging_dir/host/include  -L/home/lcz/code/lede/staging_dir/host/lib  conftest.c  >&5
configure:3894: $? = 0
configure:3918: result: 
configure:3940: checking whether we are cross compiling
configure:3948: gcc -o conftest -O2 -I/home/lcz/code/lede/staging_dir/host/include  -I/home/lcz/code/lede/staging_dir/host/include  -L/home/lcz/code/lede/staging_dir/host/lib  conftest.c  >&5
configure:3952: $? = 0
configure:3959: ./conftest
configure:3963: $? = 0
configure:3981: result: no
configure:3986: checking for suffix of object files
configure:4008: gcc -c -O2 -I/home/lcz/code/lede/staging_dir/host/include  -I/home/lcz/code/lede/staging_dir/host/include  conftest.c >&5
configure:4012: $? = 0
configure:4035: result: o
configure:4039: checking whether we are using the GNU C compiler
configure:4058: gcc -c -O2 -I/home/lcz/code/lede/staging_dir/host/include  -I/home/lcz/code/lede/staging_dir/host/include  conftest.c >&5
configure:4058: $? = 0
configure:4067: result: yes
configure:4076: checking whether gcc accepts -g
configure:4096: gcc -c -g -I/home/lcz/code/lede/staging_dir/host/include  conftest.c >&5
configure:4096: $? = 0
configure:4137: result: yes
configure:4154: checking for gcc option to accept ISO C89
configure:4217: gcc  -c -O2 -I/home/lcz/code/lede/staging_dir/host/include  -I/home/lcz/code/lede/staging_dir/host/include  conftest.c >&5
configure:4217: $? = 0
configure:4230: result: none needed
configure:4255: checking whether gcc understands -c and -o together
configure:4277: gcc -c conftest.c -o conftest2.o
configure:4280: $? = 0
configure:4277: gcc -c conftest.c -o conftest2.o
configure:4280: $? = 0
configure:4292: result: yes
configure:4468: checking for C++ compiler version
configure:4477: g++ --version >&5
g++ (Debian 9.3.0-11) 9.3.0
Copyright (C) 2019 Free Software Foundation, Inc.
This is free software; see the source for copying conditions.  There is NO
warranty; not even for MERCHANTABILITY or FITNESS FOR A PARTICULAR PURPOSE.

configure:4488: $? = 0
configure:4477: g++ -v >&5
Using built-in specs.
COLLECT_GCC=g++
COLLECT_LTO_WRAPPER=/usr/lib/gcc/x86_64-linux-gnu/9/lto-wrapper
OFFLOAD_TARGET_NAMES=nvptx-none:hsa
OFFLOAD_TARGET_DEFAULT=1
Target: x86_64-linux-gnu
Configured with: ../src/configure -v --with-pkgversion='Debian 9.3.0-11' --with-bugurl=file:///usr/share/doc/gcc-9/README.Bugs --enable-languages=c,ada,c++,go,brig,d,fortran,objc,obj-c++,gm2 --prefix=/usr --with-gcc-major-version-only --program-suffix=-9 --program-prefix=x86_64-linux-gnu- --enable-shared --enable-linker-build-id --libexecdir=/usr/lib --without-included-gettext --enable-threads=posix --libdir=/usr/lib --enable-nls --enable-bootstrap --enable-clocale=gnu --enable-libstdcxx-debug --enable-libstdcxx-time=yes --with-default-libstdcxx-abi=new --enable-gnu-unique-object --disable-vtable-verify --enable-plugin --enable-default-pie --with-system-zlib --with-target-system-zlib=auto --enable-objc-gc=auto --enable-multiarch --disable-werror --with-arch-32=i686 --with-abi=m64 --with-multilib-list=m32,m64,mx32 --enable-multilib --with-tune=generic --enable-offload-targets=nvptx-none,hsa --without-cuda-driver --enable-checking=release --build=x86_64-linux-gnu --host=x86_64-linux-gnu --target=x86_64-linux-gnu --with-build-config=bootstrap-lto-lean --enable-link-mutex
Thread model: posix
gcc version 9.3.0 (Debian 9.3.0-11) 
configure:4488: $? = 0
configure:4477: g++ -V >&5
g++: error: unrecognized command line option '-V'
g++: fatal error: no input files
compilation terminated.
configure:4488: $? = 1
configure:4477: g++ -qversion >&5
g++: error: unrecognized command line option '-qversion'; did you mean '--version'?
g++: fatal error: no input files
compilation terminated.
configure:4488: $? = 1
configure:4508: checking whether the C++ compiler works
configure:4530: g++  -I/home/lcz/code/lede/staging_dir/host/include  -L/home/lcz/code/lede/staging_dir/host/lib  conftest.cpp  >&5
configure:4534: $? = 0
configure:4584: result: yes
configure:4587: checking for C++ compiler default output file name
configure:4589: result: a.out
configure:4595: checking for suffix of executables
configure:4602: g++ -o conftest  -I/home/lcz/code/lede/staging_dir/host/include  -L/home/lcz/code/lede/staging_dir/host/lib  conftest.cpp  >&5
configure:4606: $? = 0
configure:4630: result: 
configure:4652: checking whether we are cross compiling
configure:4660: g++ -o conftest  -I/home/lcz/code/lede/staging_dir/host/include  -L/home/lcz/code/lede/staging_dir/host/lib  conftest.cpp  >&5
configure:4664: $? = 0
configure:4671: ./conftest
configure:4675: $? = 0
configure:4693: result: no
configure:4698: checking for suffix of object files
configure:4720: g++ -c  -I/home/lcz/code/lede/staging_dir/host/include  conftest.cpp >&5
configure:4724: $? = 0
configure:4747: result: o
configure:4751: checking whether we are using the GNU C++ compiler
configure:4770: g++ -c  -I/home/lcz/code/lede/staging_dir/host/include  conftest.cpp >&5
configure:4770: $? = 0
configure:4779: result: yes
configure:4788: checking whether g++ accepts -g
configure:4808: g++ -c -g -I/home/lcz/code/lede/staging_dir/host/include  conftest.cpp >&5
configure:4808: $? = 0
configure:4849: result: yes
configure:4916: checking for x86_64-pc-linux-gnu-xlf95
configure:4946: result: no
configure:4916: checking for x86_64-pc-linux-gnu-f95
configure:4946: result: no
configure:4916: checking for x86_64-pc-linux-gnu-fort
configure:4946: result: no
configure:4916: checking for x86_64-pc-linux-gnu-ifort
configure:4946: result: no
configure:4916: checking for x86_64-pc-linux-gnu-ifc
configure:4946: result: no
configure:4916: checking for x86_64-pc-linux-gnu-efc
configure:4946: result: no
configure:4916: checking for x86_64-pc-linux-gnu-pgfortran
configure:4946: result: no
configure:4916: checking for x86_64-pc-linux-gnu-pgf95
configure:4946: result: no
configure:4916: checking for x86_64-pc-linux-gnu-lf95
configure:4946: result: no
configure:4916: checking for x86_64-pc-linux-gnu-ftn
configure:4946: result: no
configure:4916: checking for x86_64-pc-linux-gnu-nagfor
configure:4946: result: no
configure:4916: checking for x86_64-pc-linux-gnu-xlf90
configure:4946: result: no
configure:4916: checking for x86_64-pc-linux-gnu-f90
configure:4946: result: no
configure:4916: checking for x86_64-pc-linux-gnu-pgf90
configure:4946: result: no
configure:4916: checking for x86_64-pc-linux-gnu-pghpf
configure:4946: result: no
configure:4916: checking for x86_64-pc-linux-gnu-epcf90
configure:4946: result: no
configure:4916: checking for x86_64-pc-linux-gnu-g95
configure:4946: result: no
configure:4916: checking for x86_64-pc-linux-gnu-gfortran
configure:4946: result: no
configure:4960: checking for xlf95
configure:4990: result: no
configure:4960: checking for f95
configure:4990: result: no
configure:4960: checking for fort
configure:4990: result: no
configure:4960: checking for ifort
configure:4990: result: no
configure:4960: checking for ifc
configure:4990: result: no
configure:4960: checking for efc
configure:4990: result: no
configure:4960: checking for pgfortran
configure:4990: result: no
configure:4960: checking for pgf95
configure:4990: result: no
configure:4960: checking for lf95
configure:4990: result: no
configure:4960: checking for ftn
configure:4990: result: no
configure:4960: checking for nagfor
configure:4990: result: no
configure:4960: checking for xlf90
configure:4990: result: no
configure:4960: checking for f90
configure:4990: result: no
configure:4960: checking for pgf90
configure:4990: result: no
configure:4960: checking for pghpf
configure:4990: result: no
configure:4960: checking for epcf90
configure:4990: result: no
configure:4960: checking for g95
configure:4990: result: no
configure:4960: checking for gfortran
configure:4990: result: no
configure:5013: checking for Fortran compiler version
configure:5022:  --version >&5
./configure: line 5024: --version: command not found
configure:5033: $? = 127
configure:5022:  -v >&5
./configure: line 5024: -v: command not found
configure:5033: $? = 127
configure:5022:  -V >&5
./configure: line 5024: -V: command not found
configure:5033: $? = 127
configure:5022:  -qversion >&5
./configure: line 5024: -qversion: command not found
configure:5033: $? = 127
configure:5048: checking whether the Fortran compiler works
configure:5070:   -L/home/lcz/code/lede/staging_dir/host/lib   conftest.f  >&5
./configure: line 5072: -L/home/lcz/code/lede/staging_dir/host/lib: No such file or directory
configure:5074: $? = 127
configure:5112: result: no
configure: failed program was:
|       program main
| 
|       end
configure:5118: WARNING: Fortran compiler cannot create executables
configure:5362: tests requiring the Fortran compiler will be skipped
configure:5398: checking for x86_64-pc-linux-gnu-xlf
configure:5428: result: no
configure:5398: checking for x86_64-pc-linux-gnu-f77
configure:5428: result: no
configure:5398: checking for x86_64-pc-linux-gnu-frt
configure:5428: result: no
configure:5398: checking for x86_64-pc-linux-gnu-pgf77
configure:5428: result: no
configure:5398: checking for x86_64-pc-linux-gnu-cf77
configure:5428: result: no
configure:5398: checking for x86_64-pc-linux-gnu-fort77
configure:5428: result: no
configure:5398: checking for x86_64-pc-linux-gnu-fl32
configure:5428: result: no
configure:5398: checking for x86_64-pc-linux-gnu-af77
configure:5428: result: no
configure:5398: checking for x86_64-pc-linux-gnu-g77
configure:5428: result: no
configure:5398: checking for x86_64-pc-linux-gnu-gfortran
configure:5428: result: no
configure:5442: checking for xlf
configure:5472: result: no
configure:5442: checking for f77
configure:5472: result: no
configure:5442: checking for frt
configure:5472: result: no
configure:5442: checking for pgf77
configure:5472: result: no
configure:5442: checking for cf77
configure:5472: result: no
configure:5442: checking for fort77
configure:5472: result: no
configure:5442: checking for fl32
configure:5472: result: no
configure:5442: checking for af77
configure:5472: result: no
configure:5442: checking for g77
configure:5472: result: no
configure:5442: checking for gfortran
configure:5472: result: no
configure:5495: checking for Fortran 77 compiler version
configure:5504:  --version >&5
./configure: line 5506: --version: command not found
configure:5515: $? = 127
configure:5504:  -v >&5
./configure: line 5506: -v: command not found
configure:5515: $? = 127
configure:5504:  -V >&5
./configure: line 5506: -V: command not found
configure:5515: $? = 127
configure:5504:  -qversion >&5
./configure: line 5506: -qversion: command not found
configure:5515: $? = 127
configure:5530: checking whether the Fortran 77 compiler works
configure:5552:   -L/home/lcz/code/lede/staging_dir/host/lib  conftest.f  >&5
./configure: line 5554: -L/home/lcz/code/lede/staging_dir/host/lib: No such file or directory
configure:5556: $? = 127
configure:5594: result: no
configure: failed program was:
|       program main
| 
|       end
configure:5600: WARNING: Fortran 77 compiler cannot create executables
configure:5844: tests requiring the Fortran 77 compiler will be skipped
configure:5876: will now look for GNU compilers
configure:5883: gcc is already a GNU C compiler
configure:5989: gcc --version && gcc -v
gcc (Debian 9.3.0-11) 9.3.0
Copyright (C) 2019 Free Software Foundation, Inc.
This is free software; see the source for copying conditions.  There is NO
warranty; not even for MERCHANTABILITY or FITNESS FOR A PARTICULAR PURPOSE.

Using built-in specs.
COLLECT_GCC=gcc
COLLECT_LTO_WRAPPER=/usr/lib/gcc/x86_64-linux-gnu/9/lto-wrapper
OFFLOAD_TARGET_NAMES=nvptx-none:hsa
OFFLOAD_TARGET_DEFAULT=1
Target: x86_64-linux-gnu
Configured with: ../src/configure -v --with-pkgversion='Debian 9.3.0-11' --with-bugurl=file:///usr/share/doc/gcc-9/README.Bugs --enable-languages=c,ada,c++,go,brig,d,fortran,objc,obj-c++,gm2 --prefix=/usr --with-gcc-major-version-only --program-suffix=-9 --program-prefix=x86_64-linux-gnu- --enable-shared --enable-linker-build-id --libexecdir=/usr/lib --without-included-gettext --enable-threads=posix --libdir=/usr/lib --enable-nls --enable-bootstrap --enable-clocale=gnu --enable-libstdcxx-debug --enable-libstdcxx-time=yes --with-default-libstdcxx-abi=new --enable-gnu-unique-object --disable-vtable-verify --enable-plugin --enable-default-pie --with-system-zlib --with-target-system-zlib=auto --enable-objc-gc=auto --enable-multiarch --disable-werror --with-arch-32=i686 --with-abi=m64 --with-multilib-list=m32,m64,mx32 --enable-multilib --with-tune=generic --enable-offload-targets=nvptx-none,hsa --without-cuda-driver --enable-checking=release --build=x86_64-linux-gnu --host=x86_64-linux-gnu --target=x86_64-linux-gnu --with-build-config=bootstrap-lto-lean --enable-link-mutex
Thread model: posix
gcc version 9.3.0 (Debian 9.3.0-11) 
configure:5992: $? = 0
configure:6007: g++ is already a GNU C++ compiler
configure:6114: g++ --version && g++ -v
g++ (Debian 9.3.0-11) 9.3.0
Copyright (C) 2019 Free Software Foundation, Inc.
This is free software; see the source for copying conditions.  There is NO
warranty; not even for MERCHANTABILITY or FITNESS FOR A PARTICULAR PURPOSE.

Using built-in specs.
COLLECT_GCC=g++
COLLECT_LTO_WRAPPER=/usr/lib/gcc/x86_64-linux-gnu/9/lto-wrapper
OFFLOAD_TARGET_NAMES=nvptx-none:hsa
OFFLOAD_TARGET_DEFAULT=1
Target: x86_64-linux-gnu
Configured with: ../src/configure -v --with-pkgversion='Debian 9.3.0-11' --with-bugurl=file:///usr/share/doc/gcc-9/README.Bugs --enable-languages=c,ada,c++,go,brig,d,fortran,objc,obj-c++,gm2 --prefix=/usr --with-gcc-major-version-only --program-suffix=-9 --program-prefix=x86_64-linux-gnu- --enable-shared --enable-linker-build-id --libexecdir=/usr/lib --without-included-gettext --enable-threads=posix --libdir=/usr/lib --enable-nls --enable-bootstrap --enable-clocale=gnu --enable-libstdcxx-debug --enable-libstdcxx-time=yes --with-default-libstdcxx-abi=new --enable-gnu-unique-object --disable-vtable-verify --enable-plugin --enable-default-pie --with-system-zlib --with-target-system-zlib=auto --enable-objc-gc=auto --enable-multiarch --disable-werror --with-arch-32=i686 --with-abi=m64 --with-multilib-list=m32,m64,mx32 --enable-multilib --with-tune=generic --enable-offload-targets=nvptx-none,hsa --without-cuda-driver --enable-checking=release --build=x86_64-linux-gnu --host=x86_64-linux-gnu --target=x86_64-linux-gnu --with-build-config=bootstrap-lto-lean --enable-link-mutex
Thread model: posix
gcc version 9.3.0 (Debian 9.3.0-11) 
configure:6117: $? = 0
configure:6142: checking for x86_64-pc-linux-gnu-gfortran
configure:6172: result: no
configure:6186: checking for gfortran
configure:6216: result: no
configure:6267: checking for x86_64-pc-linux-gnu-g77
configure:6297: result: no
configure:6267: checking for x86_64-pc-linux-gnu-gfortran
configure:6297: result: no
configure:6311: checking for g77
configure:6341: result: no
configure:6311: checking for gfortran
configure:6341: result: no
configure:6386: checking for x86_64-pc-linux-gnu-gcj
configure:6416: result: no
configure:6430: checking for gcj
configure:6460: result: no
configure:6664: checking that generated files are newer than configure
configure:6670: result: done
configure:6685: creating ./config.status

## ---------------------- ##
## Running config.status. ##
## ---------------------- ##

This file was extended by GNU Automake config.status 1.15.1, which was
generated by GNU Autoconf 2.69.  Invocation command line was

  CONFIG_FILES    = 
  CONFIG_HEADERS  = 
  CONFIG_LINKS    = 
  CONFIG_COMMANDS = 
  $ ./config.status 

on MediumslateblueUnwieldy-VM

config.status:824: creating Makefile
config.status:824: creating t/wrap/aclocal-1.15
config.status:824: creating t/wrap/automake-1.15

## ---------------- ##
## Cache variables. ##
## ---------------- ##

ac_cv_AM_TEST_RUNNER_SHELL=bash
ac_cv_build=x86_64-pc-linux-gnu
ac_cv_c_compiler_gnu=yes
ac_cv_cxx_compiler_gnu=yes
ac_cv_env_AM_TEST_RUNNER_SHELL_set=
ac_cv_env_AM_TEST_RUNNER_SHELL_value=
ac_cv_env_CCC_set=
ac_cv_env_CCC_value=
ac_cv_env_CC_set=set
ac_cv_env_CC_value=gcc
ac_cv_env_CFLAGS_set=set
ac_cv_env_CFLAGS_value='-O2 -I/home/lcz/code/lede/staging_dir/host/include '
ac_cv_env_CPPFLAGS_set=set
ac_cv_env_CPPFLAGS_value='-I/home/lcz/code/lede/staging_dir/host/include '
ac_cv_env_CXXFLAGS_set=
ac_cv_env_CXXFLAGS_value=
ac_cv_env_CXX_set=set
ac_cv_env_CXX_value=g++
ac_cv_env_F77_set=
ac_cv_env_F77_value=
ac_cv_env_FCFLAGS_set=
ac_cv_env_FCFLAGS_value=
ac_cv_env_FC_set=
ac_cv_env_FC_value=
ac_cv_env_FFLAGS_set=
ac_cv_env_FFLAGS_value=
ac_cv_env_GNU_CC_set=
ac_cv_env_GNU_CC_value=
ac_cv_env_GNU_CFLAGS_set=
ac_cv_env_GNU_CFLAGS_value=
ac_cv_env_GNU_CXXFLAGS_set=
ac_cv_env_GNU_CXXFLAGS_value=
ac_cv_env_GNU_CXX_set=
ac_cv_env_GNU_CXX_value=
ac_cv_env_GNU_F77_set=
ac_cv_env_GNU_F77_value=
ac_cv_env_GNU_FCFLAGS_set=
ac_cv_env_GNU_FCFLAGS_value=
ac_cv_env_GNU_FC_set=
ac_cv_env_GNU_FC_value=
ac_cv_env_GNU_FFLAGS_set=
ac_cv_env_GNU_FFLAGS_value=
ac_cv_env_GNU_GCJFLAGS_set=
ac_cv_env_GNU_GCJFLAGS_value=
ac_cv_env_GNU_GCJ_set=
ac_cv_env_GNU_GCJ_value=
ac_cv_env_LDFLAGS_set=set
ac_cv_env_LDFLAGS_value='-L/home/lcz/code/lede/staging_dir/host/lib '
ac_cv_env_LIBS_set=
ac_cv_env_LIBS_value=
ac_cv_env_build_alias_set=set
ac_cv_env_build_alias_value=x86_64-pc-linux-gnu
ac_cv_env_host_alias_set=set
ac_cv_env_host_alias_value=x86_64-pc-linux-gnu
ac_cv_env_target_alias_set=set
ac_cv_env_target_alias_value=x86_64-pc-linux-gnu
ac_cv_host=x86_64-pc-linux-gnu
ac_cv_path_EGREP='/home/lcz/code/lede/staging_dir/host/bin/grep -E'
ac_cv_path_FGREP='/home/lcz/code/lede/staging_dir/host/bin/grep -F'
ac_cv_path_GREP=/home/lcz/code/lede/staging_dir/host/bin/grep
ac_cv_path_PERL='/usr/bin/env perl'
ac_cv_path_install='/usr/bin/install -c'
ac_cv_path_mkdir=/bin/mkdir
ac_cv_prog_AWK=gawk
ac_cv_prog_CC=gcc
ac_cv_prog_YACC=yacc
ac_cv_prog_cc_c89=
ac_cv_prog_cc_g=yes
ac_cv_prog_cxx_g=yes
ac_cv_prog_make_make_set=yes
am_cv_autoconf_installed=yes
am_cv_autoconf_version=yes
am_cv_autoconf_works=yes
am_cv_make_support_nested_variables=yes
am_cv_prog_PERL_ithreads=no
am_cv_prog_cc_c_o=yes
am_cv_prog_ln=ln

## ----------------- ##
## Output variables. ##
## ----------------- ##

ACLOCAL='"/home/lcz/code/lede/build_dir/host/automake-1.15.1/t/wrap/aclocal-1.15"'
AMTAR='$${TAR-tar}'
AM_BACKSLASH='\'
AM_DEFAULT_V='1'
AM_DEFAULT_VERBOSITY='1'
AM_TEST_RUNNER_SHELL='bash'
AM_V='1'
APIVERSION='1.15'
AUTOCONF='${SHELL} /home/lcz/code/lede/build_dir/host/automake-1.15.1/lib/missing autoconf'
AUTOHEADER='${SHELL} /home/lcz/code/lede/build_dir/host/automake-1.15.1/lib/missing autoheader'
AUTOMAKE='"/home/lcz/code/lede/build_dir/host/automake-1.15.1/t/wrap/automake-1.15"'
AWK='gawk'
CC='gcc'
CFLAGS='-O2 -I/home/lcz/code/lede/staging_dir/host/include '
CPPFLAGS='-I/home/lcz/code/lede/staging_dir/host/include '
CXX='g++'
CXXFLAGS='-g -O2'
CYGPATH_W='echo'
DEFS='-DPACKAGE_NAME=\"GNU\ Automake\" -DPACKAGE_TARNAME=\"automake\" -DPACKAGE_VERSION=\"1.15.1\" -DPACKAGE_STRING=\"GNU\ Automake\ 1.15.1\" -DPACKAGE_BUGREPORT=\"bug-automake@gnu.org\" -DPACKAGE_URL=\"http://www.gnu.org/software/automake/\"'
ECHO_C=''
ECHO_N='-n'
ECHO_T=''
EGREP='/home/lcz/code/lede/staging_dir/host/bin/grep -E'
EXEEXT='UNKNOWN'
F77='false'
FC='false'
FCFLAGS=''
FFLAGS=''
FGREP='/home/lcz/code/lede/staging_dir/host/bin/grep -F'
GNU_CC='gcc'
GNU_CFLAGS='-O2 -I/home/lcz/code/lede/staging_dir/host/include '
GNU_CXX='g++'
GNU_CXXFLAGS='-g -O2'
GNU_F77='false'
GNU_FC='false'
GNU_FCFLAGS=''
GNU_FFLAGS=''
GNU_GCJ='false'
GNU_GCJFLAGS=''
GREP='/home/lcz/code/lede/staging_dir/host/bin/grep'
INSTALL_DATA='${INSTALL} -m 644'
INSTALL_PROGRAM='${INSTALL}'
INSTALL_SCRIPT='${INSTALL}'
INSTALL_STRIP_PROGRAM='$(install_sh) -c -s'
LDFLAGS='-L/home/lcz/code/lede/staging_dir/host/lib '
LEX='false'
LIBOBJS=''
LIBS=''
LN='ln'
LN_S='ln -s'
LTLIBOBJS=''
MAKEINFO='${SHELL} /home/lcz/code/lede/build_dir/host/automake-1.15.1/lib/missing makeinfo'
MKDIR_P='/bin/mkdir -p'
MODIFICATION_DELAY='2'
OBJEXT='UNKNOWN'
PACKAGE='automake'
PACKAGE_BUGREPORT='bug-automake@gnu.org'
PACKAGE_NAME='GNU Automake'
PACKAGE_STRING='GNU Automake 1.15.1'
PACKAGE_TARNAME='automake'
PACKAGE_URL='http://www.gnu.org/software/automake/'
PACKAGE_VERSION='1.15.1'
PATH_SEPARATOR=':'
PERL='/usr/bin/env perl'
RELEASE_YEAR='2017'
SET_MAKE=''
SHELL='/usr/bin/env bash'
STRIP=''
TEX=''
VERSION='1.15.1'
YACC='yacc'
ac_ct_CC=''
ac_ct_CXX=''
ac_ct_F77=''
ac_ct_FC=''
ac_ct_GNU_CC=''
ac_ct_GNU_CXX=''
ac_ct_GNU_F77=''
ac_ct_GNU_FC=''
ac_ct_GNU_GCJ=''
am_AUTOCONF='autoconf'
am_AUTOHEADER='autoheader'
am_AUTOM4TE='autom4te'
am_AUTORECONF='autoreconf'
am_AUTOUPDATE='autoupdate'
am__EXEEXT_FALSE='#'
am__EXEEXT_TRUE=''
am__isrc=''
am__leading_dot='.'
am__tar='$${TAR-tar} chof - "$$tardir"'
am__untar='$${TAR-tar} xf -'
am_candidate_sh=''
amdir='${pkgvdatadir}/am'
automake_acdir='${datadir}/aclocal-1.15'
bindir='${exec_prefix}/bin'
build='x86_64-pc-linux-gnu'
build_alias='x86_64-pc-linux-gnu'
build_cpu='x86_64'
build_os='linux-gnu'
build_vendor='pc'
datadir='${datarootdir}'
datarootdir='/home/lcz/code/lede/staging_dir/host/share'
docdir='${datarootdir}/doc/${PACKAGE_TARNAME}'
dvidir='${docdir}'
exec_prefix='/home/lcz/code/lede/staging_dir/host'
host='x86_64-pc-linux-gnu'
host_alias='x86_64-pc-linux-gnu'
host_cpu='x86_64'
host_os='linux-gnu'
host_vendor='pc'
htmldir='${docdir}'
includedir='${prefix}/include'
infodir='${datarootdir}/info'
install_sh='${SHELL} /home/lcz/code/lede/build_dir/host/automake-1.15.1/lib/install-sh'
libdir='${exec_prefix}/lib'
libexecdir='${exec_prefix}/libexec'
localedir='${datarootdir}/locale'
localstatedir='/home/lcz/code/lede/staging_dir/host/var'
mandir='${datarootdir}/man'
mkdir_p='$(MKDIR_P)'
oldincludedir='/usr/include'
pdfdir='${docdir}'
pkgvdatadir='${datadir}/automake-1.15'
prefix='/home/lcz/code/lede/staging_dir/host'
program_transform_name='s&$$&&;s&^&&'
psdir='${docdir}'
required_autoconf_version='2.65'
sbindir='/home/lcz/code/lede/staging_dir/host/bin'
scriptdir='${pkgvdatadir}'
sharedstatedir='${prefix}/com'
sysconfdir='/home/lcz/code/lede/staging_dir/host/etc'
system_acdir='${datadir}/aclocal'
target_alias='x86_64-pc-linux-gnu'

## ----------- ##
## confdefs.h. ##
## ----------- ##

/* confdefs.h */
#define PACKAGE_NAME "GNU Automake"
#define PACKAGE_TARNAME "automake"
#define PACKAGE_VERSION "1.15.1"
#define PACKAGE_STRING "GNU Automake 1.15.1"
#define PACKAGE_BUGREPORT "bug-automake@gnu.org"
#define PACKAGE_URL "http://www.gnu.org/software/automake/"

configure: exit 0

## ---------------------- ##
## Running config.status. ##
## ---------------------- ##

This file was extended by GNU Automake config.status 1.15.1, which was
generated by GNU Autoconf 2.69.  Invocation command line was

  CONFIG_FILES    = 
  CONFIG_HEADERS  = 
  CONFIG_LINKS    = 
  CONFIG_COMMANDS = 
  $ ./config.status --file=-

on MediumslateblueUnwieldy-VM


## ---------------------- ##
## Running config.status. ##
## ---------------------- ##

This file was extended by GNU Automake config.status 1.15.1, which was
generated by GNU Autoconf 2.69.  Invocation command line was

  CONFIG_FILES    = 
  CONFIG_HEADERS  = 
  CONFIG_LINKS    = 
  CONFIG_COMMANDS = 
  $ ./config.status --file=-

on MediumslateblueUnwieldy-VM


## ---------------------- ##
## Running config.status. ##
## ---------------------- ##

This file was extended by GNU Automake config.status 1.15.1, which was
generated by GNU Autoconf 2.69.  Invocation command line was

  CONFIG_FILES    = 
  CONFIG_HEADERS  = 
  CONFIG_LINKS    = 
  CONFIG_COMMANDS = 
  $ ./config.status --file=-

on MediumslateblueUnwieldy-VM


## ---------------------- ##
## Running config.status. ##
## ---------------------- ##

This file was extended by GNU Automake config.status 1.15.1, which was
generated by GNU Autoconf 2.69.  Invocation command line was

  CONFIG_FILES    = 
  CONFIG_HEADERS  = 
  CONFIG_LINKS    = 
  CONFIG_COMMANDS = 
  $ ./config.status --file=-

on MediumslateblueUnwieldy-VM


## ---------------------- ##
## Running config.status. ##
## ---------------------- ##

This file was extended by GNU Automake config.status 1.15.1, which was
generated by GNU Autoconf 2.69.  Invocation command line was

  CONFIG_FILES    = 
  CONFIG_HEADERS  = 
  CONFIG_LINKS    = 
  CONFIG_COMMANDS = 
  $ ./config.status --file=-

on MediumslateblueUnwieldy-VM


## ---------------------- ##
## Running config.status. ##
## ---------------------- ##

This file was extended by GNU Automake config.status 1.15.1, which was
generated by GNU Autoconf 2.69.  Invocation command line was

  CONFIG_FILES    = 
  CONFIG_HEADERS  = 
  CONFIG_LINKS    = 
  CONFIG_COMMANDS = 
  $ ./config.status --file=-

on MediumslateblueUnwieldy-VM


## ---------------------- ##
## Running config.status. ##
## ---------------------- ##

This file was extended by GNU Automake config.status 1.15.1, which was
generated by GNU Autoconf 2.69.  Invocation command line was

  CONFIG_FILES    = 
  CONFIG_HEADERS  = 
  CONFIG_LINKS    = 
  CONFIG_COMMANDS = 
  $ ./config.status --file=-

on MediumslateblueUnwieldy-VM

