This file contains any messages produced by compilers while
running configure, to aid debugging if configure makes a mistake.

It was created by readline configure 6.2, which was
generated by GNU Autoconf 2.69.  Invocation command line was

  $ /home/lcz/code/lede/build_dir/toolchain-mipsel_24kc_gcc-7.5.0_musl/gdb-8.3.1/readline/configure --srcdir=.././readline --cache-file=./config.cache --prefix=/home/lcz/code/lede/staging_dir/toolchain-mipsel_24kc_gcc-7.5.0_musl --disable-werror --without-uiout --enable-tui --disable-gdbtk --without-x --without-included-gettext --enable-threads --with-expat --without-python --disable-binutils --disable-ld --disable-gas --disable-sim --program-transform-name=s&^&mipsel-openwrt-linux-musl-& --disable-option-checking --build=x86_64-pc-linux-gnu --host=x86_64-pc-linux-gnu --target=mipsel-openwrt-linux-musl

## --------- ##
## Platform. ##
## --------- ##

hostname = MediumslateblueUnwieldy-VM
uname -m = x86_64
uname -r = 4.11.8-041108-generic
uname -s = Linux
uname -v = #201706290836 SMP Thu Jun 29 12:38:45 UTC 2017

/usr/bin/uname -p = unknown
/bin/uname -X     = unknown

/bin/arch              = unknown
/usr/bin/arch -k       = unknown
/usr/convex/getsysinfo = unknown
/usr/bin/hostinfo      = unknown
/bin/machine           = unknown
/usr/bin/oslevel       = unknown
/bin/universe          = unknown

PATH: /home/lcz/code/lede/staging_dir/toolchain-mipsel_24kc_gcc-7.5.0_musl/bin
PATH: /home/lcz/code/lede/staging_dir/toolchain-mipsel_24kc_gcc-7.5.0_musl/bin
PATH: /home/lcz/code/lede/staging_dir/host/bin
PATH: /home/lcz/code/lede/staging_dir/toolchain-mipsel_24kc_gcc-7.5.0_musl/bin
PATH: /home/lcz/code/lede/staging_dir/host/bin
PATH: /home/lcz/code/lede/staging_dir/host/bin
PATH: /home/lcz/bin
PATH: /home/lcz/.local/bin
PATH: /usr/local/sbin
PATH: /usr/local/bin
PATH: /usr/sbin
PATH: /usr/bin
PATH: /sbin
PATH: /bin
PATH: /usr/games
PATH: /usr/local/games


## ----------- ##
## Core tests. ##
## ----------- ##

configure:2137: creating cache ./config.cache
configure:2255: checking build system type
configure:2269: result: x86_64-pc-linux-gnu
configure:2289: checking host system type
configure:2302: result: x86_64-pc-linux-gnu
configure:2403: checking whether make sets $(MAKE)
configure:2425: result: yes
configure:2442: checking for x86_64-pc-linux-gnu-gcc
configure:2469: result: gcc
configure:2738: checking for C compiler version
configure:2747: gcc --version >&5
gcc (Debian 9.3.0-11) 9.3.0
Copyright (C) 2019 Free Software Foundation, Inc.
This is free software; see the source for copying conditions.  There is NO
warranty; not even for MERCHANTABILITY or FITNESS FOR A PARTICULAR PURPOSE.

configure:2758: $? = 0
configure:2747: gcc -v >&5
Using built-in specs.
COLLECT_GCC=gcc
COLLECT_LTO_WRAPPER=/usr/lib/gcc/x86_64-linux-gnu/9/lto-wrapper
OFFLOAD_TARGET_NAMES=nvptx-none:hsa
OFFLOAD_TARGET_DEFAULT=1
Target: x86_64-linux-gnu
Configured with: ../src/configure -v --with-pkgversion='Debian 9.3.0-11' --with-bugurl=file:///usr/share/doc/gcc-9/README.Bugs --enable-languages=c,ada,c++,go,brig,d,fortran,objc,obj-c++,gm2 --prefix=/usr --with-gcc-major-version-only --program-suffix=-9 --program-prefix=x86_64-linux-gnu- --enable-shared --enable-linker-build-id --libexecdir=/usr/lib --without-included-gettext --enable-threads=posix --libdir=/usr/lib --enable-nls --enable-bootstrap --enable-clocale=gnu --enable-libstdcxx-debug --enable-libstdcxx-time=yes --with-default-libstdcxx-abi=new --enable-gnu-unique-object --disable-vtable-verify --enable-plugin --enable-default-pie --with-system-zlib --with-target-system-zlib=auto --enable-objc-gc=auto --enable-multiarch --disable-werror --with-arch-32=i686 --with-abi=m64 --with-multilib-list=m32,m64,mx32 --enable-multilib --with-tune=generic --enable-offload-targets=nvptx-none,hsa --without-cuda-driver --enable-checking=release --build=x86_64-linux-gnu --host=x86_64-linux-gnu --target=x86_64-linux-gnu --with-build-config=bootstrap-lto-lean --enable-link-mutex
Thread model: posix
gcc version 9.3.0 (Debian 9.3.0-11) 
configure:2758: $? = 0
configure:2747: gcc -V >&5
gcc: error: unrecognized command line option '-V'
gcc: fatal error: no input files
compilation terminated.
configure:2758: $? = 1
configure:2747: gcc -qversion >&5
gcc: error: unrecognized command line option '-qversion'; did you mean '--version'?
gcc: fatal error: no input files
compilation terminated.
configure:2758: $? = 1
configure:2778: checking whether the C compiler works
configure:2800: gcc -O2 -I/home/lcz/code/lede/staging_dir/host/include  -I/home/lcz/code/lede/staging_dir/host/include   -L/home/lcz/code/lede/staging_dir/host/lib  conftest.c  >&5
configure:2804: $? = 0
configure:2852: result: yes
configure:2855: checking for C compiler default output file name
configure:2857: result: a.out
configure:2863: checking for suffix of executables
configure:2870: gcc -o conftest -O2 -I/home/lcz/code/lede/staging_dir/host/include  -I/home/lcz/code/lede/staging_dir/host/include   -L/home/lcz/code/lede/staging_dir/host/lib  conftest.c  >&5
configure:2874: $? = 0
configure:2896: result: 
configure:2918: checking whether we are cross compiling
configure:2926: gcc -o conftest -O2 -I/home/lcz/code/lede/staging_dir/host/include  -I/home/lcz/code/lede/staging_dir/host/include   -L/home/lcz/code/lede/staging_dir/host/lib  conftest.c  >&5
configure:2930: $? = 0
configure:2937: ./conftest
configure:2941: $? = 0
configure:2956: result: no
configure:2961: checking for suffix of object files
configure:2983: gcc -c -O2 -I/home/lcz/code/lede/staging_dir/host/include  -I/home/lcz/code/lede/staging_dir/host/include  conftest.c >&5
configure:2987: $? = 0
configure:3008: result: o
configure:3012: checking whether we are using the GNU C compiler
configure:3031: gcc -c -O2 -I/home/lcz/code/lede/staging_dir/host/include  -I/home/lcz/code/lede/staging_dir/host/include  conftest.c >&5
configure:3031: $? = 0
configure:3040: result: yes
configure:3049: checking whether gcc accepts -g
configure:3069: gcc -c -g -I/home/lcz/code/lede/staging_dir/host/include  conftest.c >&5
configure:3069: $? = 0
configure:3110: result: yes
configure:3127: checking for gcc option to accept ISO C89
configure:3190: gcc  -c -O2 -I/home/lcz/code/lede/staging_dir/host/include  -I/home/lcz/code/lede/staging_dir/host/include  conftest.c >&5
configure:3190: $? = 0
configure:3203: result: none needed
configure:3229: checking how to run the C preprocessor
configure:3260: gcc -E -I/home/lcz/code/lede/staging_dir/host/include  conftest.c
configure:3260: $? = 0
configure:3274: gcc -E -I/home/lcz/code/lede/staging_dir/host/include  conftest.c
conftest.c:9:10: fatal error: ac_nonexistent.h: No such file or directory
    9 | #include <ac_nonexistent.h>
      |          ^~~~~~~~~~~~~~~~~~
compilation terminated.
configure:3274: $? = 1
configure: failed program was:
| /* confdefs.h */
| #define PACKAGE_NAME "readline"
| #define PACKAGE_TARNAME "readline"
| #define PACKAGE_VERSION "6.2"
| #define PACKAGE_STRING "readline 6.2"
| #define PACKAGE_BUGREPORT "bug-readline@gnu.org"
| #define PACKAGE_URL ""
| /* end confdefs.h.  */
| #include <ac_nonexistent.h>
configure:3299: result: gcc -E
configure:3319: gcc -E -I/home/lcz/code/lede/staging_dir/host/include  conftest.c
configure:3319: $? = 0
configure:3333: gcc -E -I/home/lcz/code/lede/staging_dir/host/include  conftest.c
conftest.c:9:10: fatal error: ac_nonexistent.h: No such file or directory
    9 | #include <ac_nonexistent.h>
      |          ^~~~~~~~~~~~~~~~~~
compilation terminated.
configure:3333: $? = 1
configure: failed program was:
| /* confdefs.h */
| #define PACKAGE_NAME "readline"
| #define PACKAGE_TARNAME "readline"
| #define PACKAGE_VERSION "6.2"
| #define PACKAGE_STRING "readline 6.2"
| #define PACKAGE_BUGREPORT "bug-readline@gnu.org"
| #define PACKAGE_URL ""
| /* end confdefs.h.  */
| #include <ac_nonexistent.h>
configure:3362: checking for grep that handles long lines and -e
configure:3420: result: /home/lcz/code/lede/staging_dir/host/bin/grep
configure:3425: checking for egrep
configure:3487: result: /home/lcz/code/lede/staging_dir/host/bin/grep -E
configure:3492: checking for ANSI C header files
configure:3512: gcc -c -O2 -I/home/lcz/code/lede/staging_dir/host/include  -I/home/lcz/code/lede/staging_dir/host/include  conftest.c >&5
configure:3512: $? = 0
configure:3585: gcc -o conftest -O2 -I/home/lcz/code/lede/staging_dir/host/include  -I/home/lcz/code/lede/staging_dir/host/include   -L/home/lcz/code/lede/staging_dir/host/lib  conftest.c  >&5
configure:3585: $? = 0
configure:3585: ./conftest
configure:3585: $? = 0
configure:3596: result: yes
configure:3609: checking for sys/types.h
configure:3609: gcc -c -O2 -I/home/lcz/code/lede/staging_dir/host/include  -I/home/lcz/code/lede/staging_dir/host/include  conftest.c >&5
configure:3609: $? = 0
configure:3609: result: yes
configure:3609: checking for sys/stat.h
configure:3609: gcc -c -O2 -I/home/lcz/code/lede/staging_dir/host/include  -I/home/lcz/code/lede/staging_dir/host/include  conftest.c >&5
configure:3609: $? = 0
configure:3609: result: yes
configure:3609: checking for stdlib.h
configure:3609: gcc -c -O2 -I/home/lcz/code/lede/staging_dir/host/include  -I/home/lcz/code/lede/staging_dir/host/include  conftest.c >&5
configure:3609: $? = 0
configure:3609: result: yes
configure:3609: checking for string.h
configure:3609: gcc -c -O2 -I/home/lcz/code/lede/staging_dir/host/include  -I/home/lcz/code/lede/staging_dir/host/include  conftest.c >&5
configure:3609: $? = 0
configure:3609: result: yes
configure:3609: checking for memory.h
configure:3609: gcc -c -O2 -I/home/lcz/code/lede/staging_dir/host/include  -I/home/lcz/code/lede/staging_dir/host/include  conftest.c >&5
configure:3609: $? = 0
configure:3609: result: yes
configure:3609: checking for strings.h
configure:3609: gcc -c -O2 -I/home/lcz/code/lede/staging_dir/host/include  -I/home/lcz/code/lede/staging_dir/host/include  conftest.c >&5
configure:3609: $? = 0
configure:3609: result: yes
configure:3609: checking for inttypes.h
configure:3609: gcc -c -O2 -I/home/lcz/code/lede/staging_dir/host/include  -I/home/lcz/code/lede/staging_dir/host/include  conftest.c >&5
configure:3609: $? = 0
configure:3609: result: yes
configure:3609: checking for stdint.h
configure:3609: gcc -c -O2 -I/home/lcz/code/lede/staging_dir/host/include  -I/home/lcz/code/lede/staging_dir/host/include  conftest.c >&5
configure:3609: $? = 0
configure:3609: result: yes
configure:3609: checking for unistd.h
configure:3609: gcc -c -O2 -I/home/lcz/code/lede/staging_dir/host/include  -I/home/lcz/code/lede/staging_dir/host/include  conftest.c >&5
configure:3609: $? = 0
configure:3609: result: yes
configure:3622: checking minix/config.h usability
configure:3622: gcc -c -O2 -I/home/lcz/code/lede/staging_dir/host/include  -I/home/lcz/code/lede/staging_dir/host/include  conftest.c >&5
conftest.c:52:10: fatal error: minix/config.h: No such file or directory
   52 | #include <minix/config.h>
      |          ^~~~~~~~~~~~~~~~
compilation terminated.
configure:3622: $? = 1
configure: failed program was:
| /* confdefs.h */
| #define PACKAGE_NAME "readline"
| #define PACKAGE_TARNAME "readline"
| #define PACKAGE_VERSION "6.2"
| #define PACKAGE_STRING "readline 6.2"
| #define PACKAGE_BUGREPORT "bug-readline@gnu.org"
| #define PACKAGE_URL ""
| #define STDC_HEADERS 1
| #define HAVE_SYS_TYPES_H 1
| #define HAVE_SYS_STAT_H 1
| #define HAVE_STDLIB_H 1
| #define HAVE_STRING_H 1
| #define HAVE_MEMORY_H 1
| #define HAVE_STRINGS_H 1
| #define HAVE_INTTYPES_H 1
| #define HAVE_STDINT_H 1
| #define HAVE_UNISTD_H 1
| /* end confdefs.h.  */
| #include <stdio.h>
| #ifdef HAVE_SYS_TYPES_H
| # include <sys/types.h>
| #endif
| #ifdef HAVE_SYS_STAT_H
| # include <sys/stat.h>
| #endif
| #ifdef STDC_HEADERS
| # include <stdlib.h>
| # include <stddef.h>
| #else
| # ifdef HAVE_STDLIB_H
| #  include <stdlib.h>
| # endif
| #endif
| #ifdef HAVE_STRING_H
| # if !defined STDC_HEADERS && defined HAVE_MEMORY_H
| #  include <memory.h>
| # endif
| # include <string.h>
| #endif
| #ifdef HAVE_STRINGS_H
| # include <strings.h>
| #endif
| #ifdef HAVE_INTTYPES_H
| # include <inttypes.h>
| #endif
| #ifdef HAVE_STDINT_H
| # include <stdint.h>
| #endif
| #ifdef HAVE_UNISTD_H
| # include <unistd.h>
| #endif
| #include <minix/config.h>
configure:3622: result: no
configure:3622: checking minix/config.h presence
configure:3622: gcc -E -I/home/lcz/code/lede/staging_dir/host/include  conftest.c
conftest.c:19:10: fatal error: minix/config.h: No such file or directory
   19 | #include <minix/config.h>
      |          ^~~~~~~~~~~~~~~~
compilation terminated.
configure:3622: $? = 1
configure: failed program was:
| /* confdefs.h */
| #define PACKAGE_NAME "readline"
| #define PACKAGE_TARNAME "readline"
| #define PACKAGE_VERSION "6.2"
| #define PACKAGE_STRING "readline 6.2"
| #define PACKAGE_BUGREPORT "bug-readline@gnu.org"
| #define PACKAGE_URL ""
| #define STDC_HEADERS 1
| #define HAVE_SYS_TYPES_H 1
| #define HAVE_SYS_STAT_H 1
| #define HAVE_STDLIB_H 1
| #define HAVE_STRING_H 1
| #define HAVE_MEMORY_H 1
| #define HAVE_STRINGS_H 1
| #define HAVE_INTTYPES_H 1
| #define HAVE_STDINT_H 1
| #define HAVE_UNISTD_H 1
| /* end confdefs.h.  */
| #include <minix/config.h>
configure:3622: result: no
configure:3622: checking for minix/config.h
configure:3622: result: no
configure:3643: checking whether it is safe to define __EXTENSIONS__
configure:3661: gcc -c -O2 -I/home/lcz/code/lede/staging_dir/host/include  -I/home/lcz/code/lede/staging_dir/host/include  conftest.c >&5
configure:3661: $? = 0
configure:3668: result: yes
configure:3688: checking whether gcc needs -traditional
configure:3722: result: no
configure:3743: checking for a BSD-compatible install
configure:3811: result: /usr/bin/install -c
configure:3824: checking for ar
configure:3852: result: ar
configure:3864: checking for x86_64-pc-linux-gnu-ranlib
configure:3891: result: ranlib
configure:3957: checking for an ANSI C-conforming const
configure:4023: gcc -c -O2 -I/home/lcz/code/lede/staging_dir/host/include  -I/home/lcz/code/lede/staging_dir/host/include  conftest.c >&5
configure:4023: $? = 0
configure:4030: result: yes
configure:4038: checking for function prototypes
configure:4041: result: yes
configure:4054: checking whether char is unsigned
configure:4073: gcc -c -O2 -I/home/lcz/code/lede/staging_dir/host/include  -I/home/lcz/code/lede/staging_dir/host/include  conftest.c >&5
configure:4073: $? = 0
configure:4080: result: no
configure:4087: checking for working volatile
configure:4106: gcc -c -O2 -I/home/lcz/code/lede/staging_dir/host/include  -I/home/lcz/code/lede/staging_dir/host/include  conftest.c >&5
configure:4106: $? = 0
configure:4113: result: yes
configure:4122: checking return type of signal handlers
configure:4140: gcc -c -O2 -I/home/lcz/code/lede/staging_dir/host/include  -I/home/lcz/code/lede/staging_dir/host/include  conftest.c >&5
conftest.c: In function 'main':
conftest.c:32:10: error: void value not ignored as it ought to be
   32 | return *(signal (0, 0)) (0) == 1;
      |         ~^~~~~~~~~~~~~~~~~~
configure:4140: $? = 1
configure: failed program was:
| /* confdefs.h */
| #define PACKAGE_NAME "readline"
| #define PACKAGE_TARNAME "readline"
| #define PACKAGE_VERSION "6.2"
| #define PACKAGE_STRING "readline 6.2"
| #define PACKAGE_BUGREPORT "bug-readline@gnu.org"
| #define PACKAGE_URL ""
| #define STDC_HEADERS 1
| #define HAVE_SYS_TYPES_H 1
| #define HAVE_SYS_STAT_H 1
| #define HAVE_STDLIB_H 1
| #define HAVE_STRING_H 1
| #define HAVE_MEMORY_H 1
| #define HAVE_STRINGS_H 1
| #define HAVE_INTTYPES_H 1
| #define HAVE_STDINT_H 1
| #define HAVE_UNISTD_H 1
| #define __EXTENSIONS__ 1
| #define _ALL_SOURCE 1
| #define _GNU_SOURCE 1
| #define _POSIX_PTHREAD_SEMANTICS 1
| #define _TANDEM_SOURCE 1
| #define PROTOTYPES 1
| #define __PROTOTYPES 1
| /* end confdefs.h.  */
| #include <sys/types.h>
| #include <signal.h>
| 
| int
| main ()
| {
| return *(signal (0, 0)) (0) == 1;
|   ;
|   return 0;
| }
configure:4147: result: void
configure:4156: checking for size_t
configure:4156: gcc -c -O2 -I/home/lcz/code/lede/staging_dir/host/include  -I/home/lcz/code/lede/staging_dir/host/include  conftest.c >&5
configure:4156: $? = 0
configure:4156: gcc -c -O2 -I/home/lcz/code/lede/staging_dir/host/include  -I/home/lcz/code/lede/staging_dir/host/include  conftest.c >&5
conftest.c: In function 'main':
conftest.c:63:21: error: expected expression before ')' token
   63 | if (sizeof ((size_t)))
      |                     ^
configure:4156: $? = 1
configure: failed program was:
| /* confdefs.h */
| #define PACKAGE_NAME "readline"
| #define PACKAGE_TARNAME "readline"
| #define PACKAGE_VERSION "6.2"
| #define PACKAGE_STRING "readline 6.2"
| #define PACKAGE_BUGREPORT "bug-readline@gnu.org"
| #define PACKAGE_URL ""
| #define STDC_HEADERS 1
| #define HAVE_SYS_TYPES_H 1
| #define HAVE_SYS_STAT_H 1
| #define HAVE_STDLIB_H 1
| #define HAVE_STRING_H 1
| #define HAVE_MEMORY_H 1
| #define HAVE_STRINGS_H 1
| #define HAVE_INTTYPES_H 1
| #define HAVE_STDINT_H 1
| #define HAVE_UNISTD_H 1
| #define __EXTENSIONS__ 1
| #define _ALL_SOURCE 1
| #define _GNU_SOURCE 1
| #define _POSIX_PTHREAD_SEMANTICS 1
| #define _TANDEM_SOURCE 1
| #define PROTOTYPES 1
| #define __PROTOTYPES 1
| #define RETSIGTYPE void
| /* end confdefs.h.  */
| #include <stdio.h>
| #ifdef HAVE_SYS_TYPES_H
| # include <sys/types.h>
| #endif
| #ifdef HAVE_SYS_STAT_H
| # include <sys/stat.h>
| #endif
| #ifdef STDC_HEADERS
| # include <stdlib.h>
| # include <stddef.h>
| #else
| # ifdef HAVE_STDLIB_H
| #  include <stdlib.h>
| # endif
| #endif
| #ifdef HAVE_STRING_H
| # if !defined STDC_HEADERS && defined HAVE_MEMORY_H
| #  include <memory.h>
| # endif
| # include <string.h>
| #endif
| #ifdef HAVE_STRINGS_H
| # include <strings.h>
| #endif
| #ifdef HAVE_INTTYPES_H
| # include <inttypes.h>
| #endif
| #ifdef HAVE_STDINT_H
| # include <stdint.h>
| #endif
| #ifdef HAVE_UNISTD_H
| # include <unistd.h>
| #endif
| int
| main ()
| {
| if (sizeof ((size_t)))
| 	    return 0;
|   ;
|   return 0;
| }
configure:4156: result: yes
configure:4167: checking for ssize_t
configure:4167: gcc -c -O2 -I/home/lcz/code/lede/staging_dir/host/include  -I/home/lcz/code/lede/staging_dir/host/include  conftest.c >&5
configure:4167: $? = 0
configure:4167: gcc -c -O2 -I/home/lcz/code/lede/staging_dir/host/include  -I/home/lcz/code/lede/staging_dir/host/include  conftest.c >&5
conftest.c: In function 'main':
conftest.c:63:22: error: expected expression before ')' token
   63 | if (sizeof ((ssize_t)))
      |                      ^
configure:4167: $? = 1
configure: failed program was:
| /* confdefs.h */
| #define PACKAGE_NAME "readline"
| #define PACKAGE_TARNAME "readline"
| #define PACKAGE_VERSION "6.2"
| #define PACKAGE_STRING "readline 6.2"
| #define PACKAGE_BUGREPORT "bug-readline@gnu.org"
| #define PACKAGE_URL ""
| #define STDC_HEADERS 1
| #define HAVE_SYS_TYPES_H 1
| #define HAVE_SYS_STAT_H 1
| #define HAVE_STDLIB_H 1
| #define HAVE_STRING_H 1
| #define HAVE_MEMORY_H 1
| #define HAVE_STRINGS_H 1
| #define HAVE_INTTYPES_H 1
| #define HAVE_STDINT_H 1
| #define HAVE_UNISTD_H 1
| #define __EXTENSIONS__ 1
| #define _ALL_SOURCE 1
| #define _GNU_SOURCE 1
| #define _POSIX_PTHREAD_SEMANTICS 1
| #define _TANDEM_SOURCE 1
| #define PROTOTYPES 1
| #define __PROTOTYPES 1
| #define RETSIGTYPE void
| /* end confdefs.h.  */
| #include <stdio.h>
| #ifdef HAVE_SYS_TYPES_H
| # include <sys/types.h>
| #endif
| #ifdef HAVE_SYS_STAT_H
| # include <sys/stat.h>
| #endif
| #ifdef STDC_HEADERS
| # include <stdlib.h>
| # include <stddef.h>
| #else
| # ifdef HAVE_STDLIB_H
| #  include <stdlib.h>
| # endif
| #endif
| #ifdef HAVE_STRING_H
| # if !defined STDC_HEADERS && defined HAVE_MEMORY_H
| #  include <memory.h>
| # endif
| # include <string.h>
| #endif
| #ifdef HAVE_STRINGS_H
| # include <strings.h>
| #endif
| #ifdef HAVE_INTTYPES_H
| # include <inttypes.h>
| #endif
| #ifdef HAVE_STDINT_H
| # include <stdint.h>
| #endif
| #ifdef HAVE_UNISTD_H
| # include <unistd.h>
| #endif
| int
| main ()
| {
| if (sizeof ((ssize_t)))
| 	    return 0;
|   ;
|   return 0;
| }
configure:4167: result: yes
configure:4179: checking for ANSI C header files
configure:4283: result: yes
configure:4292: checking whether stat file-mode macros are broken
configure:4319: gcc -c -O2 -I/home/lcz/code/lede/staging_dir/host/include  -I/home/lcz/code/lede/staging_dir/host/include  conftest.c >&5
configure:4319: $? = 0
configure:4326: result: no
configure:4337: checking for dirent.h that defines DIR
configure:4356: gcc -c -O2 -I/home/lcz/code/lede/staging_dir/host/include  -I/home/lcz/code/lede/staging_dir/host/include  conftest.c >&5
configure:4356: $? = 0
configure:4364: result: yes
configure:4377: checking for library containing opendir
configure:4408: gcc -o conftest -O2 -I/home/lcz/code/lede/staging_dir/host/include  -I/home/lcz/code/lede/staging_dir/host/include   -L/home/lcz/code/lede/staging_dir/host/lib  conftest.c  >&5
configure:4408: $? = 0
configure:4425: result: none required
configure:4496: checking for fcntl
configure:4496: gcc -o conftest -O2 -I/home/lcz/code/lede/staging_dir/host/include  -I/home/lcz/code/lede/staging_dir/host/include   -L/home/lcz/code/lede/staging_dir/host/lib  conftest.c  >&5
configure:4496: $? = 0
configure:4496: result: yes
configure:4496: checking for kill
configure:4496: gcc -o conftest -O2 -I/home/lcz/code/lede/staging_dir/host/include  -I/home/lcz/code/lede/staging_dir/host/include   -L/home/lcz/code/lede/staging_dir/host/lib  conftest.c  >&5
configure:4496: $? = 0
configure:4496: result: yes
configure:4496: checking for lstat
configure:4496: gcc -o conftest -O2 -I/home/lcz/code/lede/staging_dir/host/include  -I/home/lcz/code/lede/staging_dir/host/include   -L/home/lcz/code/lede/staging_dir/host/lib  conftest.c  >&5
configure:4496: $? = 0
configure:4496: result: yes
configure:4509: checking for memmove
configure:4509: gcc -o conftest -O2 -I/home/lcz/code/lede/staging_dir/host/include  -I/home/lcz/code/lede/staging_dir/host/include   -L/home/lcz/code/lede/staging_dir/host/lib  conftest.c  >&5
conftest.c:55:6: warning: conflicting types for built-in function 'memmove'; expected 'void *(void *, const void *, long unsigned int)' [-Wbuiltin-declaration-mismatch]
   55 | char memmove ();
      |      ^~~~~~~
conftest.c:43:1: note: 'memmove' is declared in header '<string.h>'
   42 | # include <limits.h>
   43 | #else
configure:4509: $? = 0
configure:4509: result: yes
configure:4509: checking for putenv
configure:4509: gcc -o conftest -O2 -I/home/lcz/code/lede/staging_dir/host/include  -I/home/lcz/code/lede/staging_dir/host/include   -L/home/lcz/code/lede/staging_dir/host/lib  conftest.c  >&5
configure:4509: $? = 0
configure:4509: result: yes
configure:4509: checking for select
configure:4509: gcc -o conftest -O2 -I/home/lcz/code/lede/staging_dir/host/include  -I/home/lcz/code/lede/staging_dir/host/include   -L/home/lcz/code/lede/staging_dir/host/lib  conftest.c  >&5
configure:4509: $? = 0
configure:4509: result: yes
configure:4509: checking for setenv
configure:4509: gcc -o conftest -O2 -I/home/lcz/code/lede/staging_dir/host/include  -I/home/lcz/code/lede/staging_dir/host/include   -L/home/lcz/code/lede/staging_dir/host/lib  conftest.c  >&5
configure:4509: $? = 0
configure:4509: result: yes
configure:4509: checking for setlocale
configure:4509: gcc -o conftest -O2 -I/home/lcz/code/lede/staging_dir/host/include  -I/home/lcz/code/lede/staging_dir/host/include   -L/home/lcz/code/lede/staging_dir/host/lib  conftest.c  >&5
configure:4509: $? = 0
configure:4509: result: yes
configure:4509: checking for strcasecmp
configure:4509: gcc -o conftest -O2 -I/home/lcz/code/lede/staging_dir/host/include  -I/home/lcz/code/lede/staging_dir/host/include   -L/home/lcz/code/lede/staging_dir/host/lib  conftest.c  >&5
conftest.c:60:6: warning: conflicting types for built-in function 'strcasecmp'; expected 'int(const char *, const char *)' [-Wbuiltin-declaration-mismatch]
   60 | char strcasecmp ();
      |      ^~~~~~~~~~
configure:4509: $? = 0
configure:4509: result: yes
configure:4509: checking for strpbrk
configure:4509: gcc -o conftest -O2 -I/home/lcz/code/lede/staging_dir/host/include  -I/home/lcz/code/lede/staging_dir/host/include   -L/home/lcz/code/lede/staging_dir/host/lib  conftest.c  >&5
conftest.c:61:6: warning: conflicting types for built-in function 'strpbrk'; expected 'char *(const char *, const char *)' [-Wbuiltin-declaration-mismatch]
   61 | char strpbrk ();
      |      ^~~~~~~
conftest.c:49:1: note: 'strpbrk' is declared in header '<string.h>'
   48 | # include <limits.h>
   49 | #else
configure:4509: $? = 0
configure:4509: result: yes
configure:4509: checking for tcgetattr
configure:4509: gcc -o conftest -O2 -I/home/lcz/code/lede/staging_dir/host/include  -I/home/lcz/code/lede/staging_dir/host/include   -L/home/lcz/code/lede/staging_dir/host/lib  conftest.c  >&5
configure:4509: $? = 0
configure:4509: result: yes
configure:4509: checking for vsnprintf
configure:4509: gcc -o conftest -O2 -I/home/lcz/code/lede/staging_dir/host/include  -I/home/lcz/code/lede/staging_dir/host/include   -L/home/lcz/code/lede/staging_dir/host/lib  conftest.c  >&5
conftest.c:63:6: warning: conflicting types for built-in function 'vsnprintf'; expected 'int(char *, long unsigned int,  const char *, __va_list_tag *)' [-Wbuiltin-declaration-mismatch]
   63 | char vsnprintf ();
      |      ^~~~~~~~~
conftest.c:51:1: note: 'vsnprintf' is declared in header '<stdio.h>'
   50 | # include <limits.h>
   51 | #else
configure:4509: $? = 0
configure:4509: result: yes
configure:4521: checking for isascii
configure:4521: gcc -o conftest -O2 -I/home/lcz/code/lede/staging_dir/host/include  -I/home/lcz/code/lede/staging_dir/host/include   -L/home/lcz/code/lede/staging_dir/host/lib  conftest.c  >&5
conftest.c:64:6: warning: conflicting types for built-in function 'isascii'; expected 'int(int)' [-Wbuiltin-declaration-mismatch]
   64 | char isascii ();
      |      ^~~~~~~
configure:4521: $? = 0
configure:4521: result: yes
configure:4521: checking for isxdigit
configure:4521: gcc -o conftest -O2 -I/home/lcz/code/lede/staging_dir/host/include  -I/home/lcz/code/lede/staging_dir/host/include   -L/home/lcz/code/lede/staging_dir/host/lib  conftest.c  >&5
conftest.c:65:6: warning: conflicting types for built-in function 'isxdigit'; expected 'int(int)' [-Wbuiltin-declaration-mismatch]
   65 | char isxdigit ();
      |      ^~~~~~~~
conftest.c:53:1: note: 'isxdigit' is declared in header '<ctype.h>'
   52 | # include <limits.h>
   53 | #else
configure:4521: $? = 0
configure:4521: result: yes
configure:4533: checking for getpwent
configure:4533: gcc -o conftest -O2 -I/home/lcz/code/lede/staging_dir/host/include  -I/home/lcz/code/lede/staging_dir/host/include   -L/home/lcz/code/lede/staging_dir/host/lib  conftest.c  >&5
configure:4533: $? = 0
configure:4533: result: yes
configure:4533: checking for getpwnam
configure:4533: gcc -o conftest -O2 -I/home/lcz/code/lede/staging_dir/host/include  -I/home/lcz/code/lede/staging_dir/host/include   -L/home/lcz/code/lede/staging_dir/host/lib  conftest.c  >&5
configure:4533: $? = 0
configure:4533: result: yes
configure:4533: checking for getpwuid
configure:4533: gcc -o conftest -O2 -I/home/lcz/code/lede/staging_dir/host/include  -I/home/lcz/code/lede/staging_dir/host/include   -L/home/lcz/code/lede/staging_dir/host/lib  conftest.c  >&5
configure:4533: $? = 0
configure:4533: result: yes
configure:4543: checking for working strcoll
configure:4564: gcc -o conftest -O2 -I/home/lcz/code/lede/staging_dir/host/include  -I/home/lcz/code/lede/staging_dir/host/include   -L/home/lcz/code/lede/staging_dir/host/lib  conftest.c  >&5
configure:4564: $? = 0
configure:4564: ./conftest
configure:4564: $? = 0
configure:4574: result: yes
configure:4587: checking fcntl.h usability
configure:4587: gcc -c -O2 -I/home/lcz/code/lede/staging_dir/host/include  -I/home/lcz/code/lede/staging_dir/host/include  conftest.c >&5
configure:4587: $? = 0
configure:4587: result: yes
configure:4587: checking fcntl.h presence
configure:4587: gcc -E -I/home/lcz/code/lede/staging_dir/host/include  conftest.c
configure:4587: $? = 0
configure:4587: result: yes
configure:4587: checking for fcntl.h
configure:4587: result: yes
configure:4587: checking for unistd.h
configure:4587: result: yes
configure:4587: checking for stdlib.h
configure:4587: result: yes
configure:4587: checking varargs.h usability
configure:4587: gcc -c -O2 -I/home/lcz/code/lede/staging_dir/host/include  -I/home/lcz/code/lede/staging_dir/host/include  conftest.c >&5
In file included from conftest.c:83:
/usr/lib/gcc/x86_64-linux-gnu/9/include/varargs.h:4:2: error: #error "GCC no longer implements <varargs.h>."
    4 | #error "GCC no longer implements <varargs.h>."
      |  ^~~~~
/usr/lib/gcc/x86_64-linux-gnu/9/include/varargs.h:5:2: error: #error "Revise your code to use <stdarg.h>."
    5 | #error "Revise your code to use <stdarg.h>."
      |  ^~~~~
configure:4587: $? = 1
configure: failed program was:
| /* confdefs.h */
| #define PACKAGE_NAME "readline"
| #define PACKAGE_TARNAME "readline"
| #define PACKAGE_VERSION "6.2"
| #define PACKAGE_STRING "readline 6.2"
| #define PACKAGE_BUGREPORT "bug-readline@gnu.org"
| #define PACKAGE_URL ""
| #define STDC_HEADERS 1
| #define HAVE_SYS_TYPES_H 1
| #define HAVE_SYS_STAT_H 1
| #define HAVE_STDLIB_H 1
| #define HAVE_STRING_H 1
| #define HAVE_MEMORY_H 1
| #define HAVE_STRINGS_H 1
| #define HAVE_INTTYPES_H 1
| #define HAVE_STDINT_H 1
| #define HAVE_UNISTD_H 1
| #define __EXTENSIONS__ 1
| #define _ALL_SOURCE 1
| #define _GNU_SOURCE 1
| #define _POSIX_PTHREAD_SEMANTICS 1
| #define _TANDEM_SOURCE 1
| #define PROTOTYPES 1
| #define __PROTOTYPES 1
| #define RETSIGTYPE void
| #define STDC_HEADERS 1
| #define HAVE_DIRENT_H 1
| #define HAVE_FCNTL 1
| #define HAVE_KILL 1
| #define HAVE_LSTAT 1
| #define HAVE_MEMMOVE 1
| #define HAVE_PUTENV 1
| #define HAVE_SELECT 1
| #define HAVE_SETENV 1
| #define HAVE_SETLOCALE 1
| #define HAVE_STRCASECMP 1
| #define HAVE_STRPBRK 1
| #define HAVE_TCGETATTR 1
| #define HAVE_VSNPRINTF 1
| #define HAVE_ISASCII 1
| #define HAVE_ISXDIGIT 1
| #define HAVE_GETPWENT 1
| #define HAVE_GETPWNAM 1
| #define HAVE_GETPWUID 1
| #define HAVE_STRCOLL 1
| #define HAVE_FCNTL_H 1
| #define HAVE_UNISTD_H 1
| #define HAVE_STDLIB_H 1
| /* end confdefs.h.  */
| #include <stdio.h>
| #ifdef HAVE_SYS_TYPES_H
| # include <sys/types.h>
| #endif
| #ifdef HAVE_SYS_STAT_H
| # include <sys/stat.h>
| #endif
| #ifdef STDC_HEADERS
| # include <stdlib.h>
| # include <stddef.h>
| #else
| # ifdef HAVE_STDLIB_H
| #  include <stdlib.h>
| # endif
| #endif
| #ifdef HAVE_STRING_H
| # if !defined STDC_HEADERS && defined HAVE_MEMORY_H
| #  include <memory.h>
| # endif
| # include <string.h>
| #endif
| #ifdef HAVE_STRINGS_H
| # include <strings.h>
| #endif
| #ifdef HAVE_INTTYPES_H
| # include <inttypes.h>
| #endif
| #ifdef HAVE_STDINT_H
| # include <stdint.h>
| #endif
| #ifdef HAVE_UNISTD_H
| # include <unistd.h>
| #endif
| #include <varargs.h>
configure:4587: result: no
configure:4587: checking varargs.h presence
configure:4587: gcc -E -I/home/lcz/code/lede/staging_dir/host/include  conftest.c
In file included from conftest.c:50:
/usr/lib/gcc/x86_64-linux-gnu/9/include/varargs.h:4:2: error: #error "GCC no longer implements <varargs.h>."
    4 | #error "GCC no longer implements <varargs.h>."
      |  ^~~~~
/usr/lib/gcc/x86_64-linux-gnu/9/include/varargs.h:5:2: error: #error "Revise your code to use <stdarg.h>."
    5 | #error "Revise your code to use <stdarg.h>."
      |  ^~~~~
configure:4587: $? = 1
configure: failed program was:
| /* confdefs.h */
| #define PACKAGE_NAME "readline"
| #define PACKAGE_TARNAME "readline"
| #define PACKAGE_VERSION "6.2"
| #define PACKAGE_STRING "readline 6.2"
| #define PACKAGE_BUGREPORT "bug-readline@gnu.org"
| #define PACKAGE_URL ""
| #define STDC_HEADERS 1
| #define HAVE_SYS_TYPES_H 1
| #define HAVE_SYS_STAT_H 1
| #define HAVE_STDLIB_H 1
| #define HAVE_STRING_H 1
| #define HAVE_MEMORY_H 1
| #define HAVE_STRINGS_H 1
| #define HAVE_INTTYPES_H 1
| #define HAVE_STDINT_H 1
| #define HAVE_UNISTD_H 1
| #define __EXTENSIONS__ 1
| #define _ALL_SOURCE 1
| #define _GNU_SOURCE 1
| #define _POSIX_PTHREAD_SEMANTICS 1
| #define _TANDEM_SOURCE 1
| #define PROTOTYPES 1
| #define __PROTOTYPES 1
| #define RETSIGTYPE void
| #define STDC_HEADERS 1
| #define HAVE_DIRENT_H 1
| #define HAVE_FCNTL 1
| #define HAVE_KILL 1
| #define HAVE_LSTAT 1
| #define HAVE_MEMMOVE 1
| #define HAVE_PUTENV 1
| #define HAVE_SELECT 1
| #define HAVE_SETENV 1
| #define HAVE_SETLOCALE 1
| #define HAVE_STRCASECMP 1
| #define HAVE_STRPBRK 1
| #define HAVE_TCGETATTR 1
| #define HAVE_VSNPRINTF 1
| #define HAVE_ISASCII 1
| #define HAVE_ISXDIGIT 1
| #define HAVE_GETPWENT 1
| #define HAVE_GETPWNAM 1
| #define HAVE_GETPWUID 1
| #define HAVE_STRCOLL 1
| #define HAVE_FCNTL_H 1
| #define HAVE_UNISTD_H 1
| #define HAVE_STDLIB_H 1
| /* end confdefs.h.  */
| #include <varargs.h>
configure:4587: result: no
configure:4587: checking for varargs.h
configure:4587: result: no
configure:4587: checking stdarg.h usability
configure:4587: gcc -c -O2 -I/home/lcz/code/lede/staging_dir/host/include  -I/home/lcz/code/lede/staging_dir/host/include  conftest.c >&5
configure:4587: $? = 0
configure:4587: result: yes
configure:4587: checking stdarg.h presence
configure:4587: gcc -E -I/home/lcz/code/lede/staging_dir/host/include  conftest.c
configure:4587: $? = 0
configure:4587: result: yes
configure:4587: checking for stdarg.h
configure:4587: result: yes
configure:4587: checking for string.h
configure:4587: result: yes
configure:4587: checking for strings.h
configure:4587: result: yes
configure:4587: checking limits.h usability
configure:4587: gcc -c -O2 -I/home/lcz/code/lede/staging_dir/host/include  -I/home/lcz/code/lede/staging_dir/host/include  conftest.c >&5
configure:4587: $? = 0
configure:4587: result: yes
configure:4587: checking limits.h presence
configure:4587: gcc -E -I/home/lcz/code/lede/staging_dir/host/include  conftest.c
configure:4587: $? = 0
configure:4587: result: yes
configure:4587: checking for limits.h
configure:4587: result: yes
configure:4587: checking locale.h usability
configure:4587: gcc -c -O2 -I/home/lcz/code/lede/staging_dir/host/include  -I/home/lcz/code/lede/staging_dir/host/include  conftest.c >&5
configure:4587: $? = 0
configure:4587: result: yes
configure:4587: checking locale.h presence
configure:4587: gcc -E -I/home/lcz/code/lede/staging_dir/host/include  conftest.c
configure:4587: $? = 0
configure:4587: result: yes
configure:4587: checking for locale.h
configure:4587: result: yes
configure:4587: checking pwd.h usability
configure:4587: gcc -c -O2 -I/home/lcz/code/lede/staging_dir/host/include  -I/home/lcz/code/lede/staging_dir/host/include  conftest.c >&5
configure:4587: $? = 0
configure:4587: result: yes
configure:4587: checking pwd.h presence
configure:4587: gcc -E -I/home/lcz/code/lede/staging_dir/host/include  conftest.c
configure:4587: $? = 0
configure:4587: result: yes
configure:4587: checking for pwd.h
configure:4587: result: yes
configure:4587: checking for memory.h
configure:4587: result: yes
configure:4587: checking termcap.h usability
configure:4587: gcc -c -O2 -I/home/lcz/code/lede/staging_dir/host/include  -I/home/lcz/code/lede/staging_dir/host/include  conftest.c >&5
configure:4587: $? = 0
configure:4587: result: yes
configure:4587: checking termcap.h presence
configure:4587: gcc -E -I/home/lcz/code/lede/staging_dir/host/include  conftest.c
configure:4587: $? = 0
configure:4587: result: yes
configure:4587: checking for termcap.h
configure:4587: result: yes
configure:4587: checking termios.h usability
configure:4587: gcc -c -O2 -I/home/lcz/code/lede/staging_dir/host/include  -I/home/lcz/code/lede/staging_dir/host/include  conftest.c >&5
configure:4587: $? = 0
configure:4587: result: yes
configure:4587: checking termios.h presence
configure:4587: gcc -E -I/home/lcz/code/lede/staging_dir/host/include  conftest.c
configure:4587: $? = 0
configure:4587: result: yes
configure:4587: checking for termios.h
configure:4587: result: yes
configure:4587: checking termio.h usability
configure:4587: gcc -c -O2 -I/home/lcz/code/lede/staging_dir/host/include  -I/home/lcz/code/lede/staging_dir/host/include  conftest.c >&5
configure:4587: $? = 0
configure:4587: result: yes
configure:4587: checking termio.h presence
configure:4587: gcc -E -I/home/lcz/code/lede/staging_dir/host/include  conftest.c
configure:4587: $? = 0
configure:4587: result: yes
configure:4587: checking for termio.h
configure:4587: result: yes
configure:4600: checking sys/pte.h usability
configure:4600: gcc -c -O2 -I/home/lcz/code/lede/staging_dir/host/include  -I/home/lcz/code/lede/staging_dir/host/include  conftest.c >&5
conftest.c:93:10: fatal error: sys/pte.h: No such file or directory
   93 | #include <sys/pte.h>
      |          ^~~~~~~~~~~
compilation terminated.
configure:4600: $? = 1
configure: failed program was:
| /* confdefs.h */
| #define PACKAGE_NAME "readline"
| #define PACKAGE_TARNAME "readline"
| #define PACKAGE_VERSION "6.2"
| #define PACKAGE_STRING "readline 6.2"
| #define PACKAGE_BUGREPORT "bug-readline@gnu.org"
| #define PACKAGE_URL ""
| #define STDC_HEADERS 1
| #define HAVE_SYS_TYPES_H 1
| #define HAVE_SYS_STAT_H 1
| #define HAVE_STDLIB_H 1
| #define HAVE_STRING_H 1
| #define HAVE_MEMORY_H 1
| #define HAVE_STRINGS_H 1
| #define HAVE_INTTYPES_H 1
| #define HAVE_STDINT_H 1
| #define HAVE_UNISTD_H 1
| #define __EXTENSIONS__ 1
| #define _ALL_SOURCE 1
| #define _GNU_SOURCE 1
| #define _POSIX_PTHREAD_SEMANTICS 1
| #define _TANDEM_SOURCE 1
| #define PROTOTYPES 1
| #define __PROTOTYPES 1
| #define RETSIGTYPE void
| #define STDC_HEADERS 1
| #define HAVE_DIRENT_H 1
| #define HAVE_FCNTL 1
| #define HAVE_KILL 1
| #define HAVE_LSTAT 1
| #define HAVE_MEMMOVE 1
| #define HAVE_PUTENV 1
| #define HAVE_SELECT 1
| #define HAVE_SETENV 1
| #define HAVE_SETLOCALE 1
| #define HAVE_STRCASECMP 1
| #define HAVE_STRPBRK 1
| #define HAVE_TCGETATTR 1
| #define HAVE_VSNPRINTF 1
| #define HAVE_ISASCII 1
| #define HAVE_ISXDIGIT 1
| #define HAVE_GETPWENT 1
| #define HAVE_GETPWNAM 1
| #define HAVE_GETPWUID 1
| #define HAVE_STRCOLL 1
| #define HAVE_FCNTL_H 1
| #define HAVE_UNISTD_H 1
| #define HAVE_STDLIB_H 1
| #define HAVE_STDARG_H 1
| #define HAVE_STRING_H 1
| #define HAVE_STRINGS_H 1
| #define HAVE_LIMITS_H 1
| #define HAVE_LOCALE_H 1
| #define HAVE_PWD_H 1
| #define HAVE_MEMORY_H 1
| #define HAVE_TERMCAP_H 1
| #define HAVE_TERMIOS_H 1
| #define HAVE_TERMIO_H 1
| /* end confdefs.h.  */
| #include <stdio.h>
| #ifdef HAVE_SYS_TYPES_H
| # include <sys/types.h>
| #endif
| #ifdef HAVE_SYS_STAT_H
| # include <sys/stat.h>
| #endif
| #ifdef STDC_HEADERS
| # include <stdlib.h>
| # include <stddef.h>
| #else
| # ifdef HAVE_STDLIB_H
| #  include <stdlib.h>
| # endif
| #endif
| #ifdef HAVE_STRING_H
| # if !defined STDC_HEADERS && defined HAVE_MEMORY_H
| #  include <memory.h>
| # endif
| # include <string.h>
| #endif
| #ifdef HAVE_STRINGS_H
| # include <strings.h>
| #endif
| #ifdef HAVE_INTTYPES_H
| # include <inttypes.h>
| #endif
| #ifdef HAVE_STDINT_H
| # include <stdint.h>
| #endif
| #ifdef HAVE_UNISTD_H
| # include <unistd.h>
| #endif
| #include <sys/pte.h>
configure:4600: result: no
configure:4600: checking sys/pte.h presence
configure:4600: gcc -E -I/home/lcz/code/lede/staging_dir/host/include  conftest.c
conftest.c:60:10: fatal error: sys/pte.h: No such file or directory
   60 | #include <sys/pte.h>
      |          ^~~~~~~~~~~
compilation terminated.
configure:4600: $? = 1
configure: failed program was:
| /* confdefs.h */
| #define PACKAGE_NAME "readline"
| #define PACKAGE_TARNAME "readline"
| #define PACKAGE_VERSION "6.2"
| #define PACKAGE_STRING "readline 6.2"
| #define PACKAGE_BUGREPORT "bug-readline@gnu.org"
| #define PACKAGE_URL ""
| #define STDC_HEADERS 1
| #define HAVE_SYS_TYPES_H 1
| #define HAVE_SYS_STAT_H 1
| #define HAVE_STDLIB_H 1
| #define HAVE_STRING_H 1
| #define HAVE_MEMORY_H 1
| #define HAVE_STRINGS_H 1
| #define HAVE_INTTYPES_H 1
| #define HAVE_STDINT_H 1
| #define HAVE_UNISTD_H 1
| #define __EXTENSIONS__ 1
| #define _ALL_SOURCE 1
| #define _GNU_SOURCE 1
| #define _POSIX_PTHREAD_SEMANTICS 1
| #define _TANDEM_SOURCE 1
| #define PROTOTYPES 1
| #define __PROTOTYPES 1
| #define RETSIGTYPE void
| #define STDC_HEADERS 1
| #define HAVE_DIRENT_H 1
| #define HAVE_FCNTL 1
| #define HAVE_KILL 1
| #define HAVE_LSTAT 1
| #define HAVE_MEMMOVE 1
| #define HAVE_PUTENV 1
| #define HAVE_SELECT 1
| #define HAVE_SETENV 1
| #define HAVE_SETLOCALE 1
| #define HAVE_STRCASECMP 1
| #define HAVE_STRPBRK 1
| #define HAVE_TCGETATTR 1
| #define HAVE_VSNPRINTF 1
| #define HAVE_ISASCII 1
| #define HAVE_ISXDIGIT 1
| #define HAVE_GETPWENT 1
| #define HAVE_GETPWNAM 1
| #define HAVE_GETPWUID 1
| #define HAVE_STRCOLL 1
| #define HAVE_FCNTL_H 1
| #define HAVE_UNISTD_H 1
| #define HAVE_STDLIB_H 1
| #define HAVE_STDARG_H 1
| #define HAVE_STRING_H 1
| #define HAVE_STRINGS_H 1
| #define HAVE_LIMITS_H 1
| #define HAVE_LOCALE_H 1
| #define HAVE_PWD_H 1
| #define HAVE_MEMORY_H 1
| #define HAVE_TERMCAP_H 1
| #define HAVE_TERMIOS_H 1
| #define HAVE_TERMIO_H 1
| /* end confdefs.h.  */
| #include <sys/pte.h>
configure:4600: result: no
configure:4600: checking for sys/pte.h
configure:4600: result: no
configure:4600: checking sys/stream.h usability
configure:4600: gcc -c -O2 -I/home/lcz/code/lede/staging_dir/host/include  -I/home/lcz/code/lede/staging_dir/host/include  conftest.c >&5
conftest.c:93:10: fatal error: sys/stream.h: No such file or directory
   93 | #include <sys/stream.h>
      |          ^~~~~~~~~~~~~~
compilation terminated.
configure:4600: $? = 1
configure: failed program was:
| /* confdefs.h */
| #define PACKAGE_NAME "readline"
| #define PACKAGE_TARNAME "readline"
| #define PACKAGE_VERSION "6.2"
| #define PACKAGE_STRING "readline 6.2"
| #define PACKAGE_BUGREPORT "bug-readline@gnu.org"
| #define PACKAGE_URL ""
| #define STDC_HEADERS 1
| #define HAVE_SYS_TYPES_H 1
| #define HAVE_SYS_STAT_H 1
| #define HAVE_STDLIB_H 1
| #define HAVE_STRING_H 1
| #define HAVE_MEMORY_H 1
| #define HAVE_STRINGS_H 1
| #define HAVE_INTTYPES_H 1
| #define HAVE_STDINT_H 1
| #define HAVE_UNISTD_H 1
| #define __EXTENSIONS__ 1
| #define _ALL_SOURCE 1
| #define _GNU_SOURCE 1
| #define _POSIX_PTHREAD_SEMANTICS 1
| #define _TANDEM_SOURCE 1
| #define PROTOTYPES 1
| #define __PROTOTYPES 1
| #define RETSIGTYPE void
| #define STDC_HEADERS 1
| #define HAVE_DIRENT_H 1
| #define HAVE_FCNTL 1
| #define HAVE_KILL 1
| #define HAVE_LSTAT 1
| #define HAVE_MEMMOVE 1
| #define HAVE_PUTENV 1
| #define HAVE_SELECT 1
| #define HAVE_SETENV 1
| #define HAVE_SETLOCALE 1
| #define HAVE_STRCASECMP 1
| #define HAVE_STRPBRK 1
| #define HAVE_TCGETATTR 1
| #define HAVE_VSNPRINTF 1
| #define HAVE_ISASCII 1
| #define HAVE_ISXDIGIT 1
| #define HAVE_GETPWENT 1
| #define HAVE_GETPWNAM 1
| #define HAVE_GETPWUID 1
| #define HAVE_STRCOLL 1
| #define HAVE_FCNTL_H 1
| #define HAVE_UNISTD_H 1
| #define HAVE_STDLIB_H 1
| #define HAVE_STDARG_H 1
| #define HAVE_STRING_H 1
| #define HAVE_STRINGS_H 1
| #define HAVE_LIMITS_H 1
| #define HAVE_LOCALE_H 1
| #define HAVE_PWD_H 1
| #define HAVE_MEMORY_H 1
| #define HAVE_TERMCAP_H 1
| #define HAVE_TERMIOS_H 1
| #define HAVE_TERMIO_H 1
| /* end confdefs.h.  */
| #include <stdio.h>
| #ifdef HAVE_SYS_TYPES_H
| # include <sys/types.h>
| #endif
| #ifdef HAVE_SYS_STAT_H
| # include <sys/stat.h>
| #endif
| #ifdef STDC_HEADERS
| # include <stdlib.h>
| # include <stddef.h>
| #else
| # ifdef HAVE_STDLIB_H
| #  include <stdlib.h>
| # endif
| #endif
| #ifdef HAVE_STRING_H
| # if !defined STDC_HEADERS && defined HAVE_MEMORY_H
| #  include <memory.h>
| # endif
| # include <string.h>
| #endif
| #ifdef HAVE_STRINGS_H
| # include <strings.h>
| #endif
| #ifdef HAVE_INTTYPES_H
| # include <inttypes.h>
| #endif
| #ifdef HAVE_STDINT_H
| # include <stdint.h>
| #endif
| #ifdef HAVE_UNISTD_H
| # include <unistd.h>
| #endif
| #include <sys/stream.h>
configure:4600: result: no
configure:4600: checking sys/stream.h presence
configure:4600: gcc -E -I/home/lcz/code/lede/staging_dir/host/include  conftest.c
conftest.c:60:10: fatal error: sys/stream.h: No such file or directory
   60 | #include <sys/stream.h>
      |          ^~~~~~~~~~~~~~
compilation terminated.
configure:4600: $? = 1
configure: failed program was:
| /* confdefs.h */
| #define PACKAGE_NAME "readline"
| #define PACKAGE_TARNAME "readline"
| #define PACKAGE_VERSION "6.2"
| #define PACKAGE_STRING "readline 6.2"
| #define PACKAGE_BUGREPORT "bug-readline@gnu.org"
| #define PACKAGE_URL ""
| #define STDC_HEADERS 1
| #define HAVE_SYS_TYPES_H 1
| #define HAVE_SYS_STAT_H 1
| #define HAVE_STDLIB_H 1
| #define HAVE_STRING_H 1
| #define HAVE_MEMORY_H 1
| #define HAVE_STRINGS_H 1
| #define HAVE_INTTYPES_H 1
| #define HAVE_STDINT_H 1
| #define HAVE_UNISTD_H 1
| #define __EXTENSIONS__ 1
| #define _ALL_SOURCE 1
| #define _GNU_SOURCE 1
| #define _POSIX_PTHREAD_SEMANTICS 1
| #define _TANDEM_SOURCE 1
| #define PROTOTYPES 1
| #define __PROTOTYPES 1
| #define RETSIGTYPE void
| #define STDC_HEADERS 1
| #define HAVE_DIRENT_H 1
| #define HAVE_FCNTL 1
| #define HAVE_KILL 1
| #define HAVE_LSTAT 1
| #define HAVE_MEMMOVE 1
| #define HAVE_PUTENV 1
| #define HAVE_SELECT 1
| #define HAVE_SETENV 1
| #define HAVE_SETLOCALE 1
| #define HAVE_STRCASECMP 1
| #define HAVE_STRPBRK 1
| #define HAVE_TCGETATTR 1
| #define HAVE_VSNPRINTF 1
| #define HAVE_ISASCII 1
| #define HAVE_ISXDIGIT 1
| #define HAVE_GETPWENT 1
| #define HAVE_GETPWNAM 1
| #define HAVE_GETPWUID 1
| #define HAVE_STRCOLL 1
| #define HAVE_FCNTL_H 1
| #define HAVE_UNISTD_H 1
| #define HAVE_STDLIB_H 1
| #define HAVE_STDARG_H 1
| #define HAVE_STRING_H 1
| #define HAVE_STRINGS_H 1
| #define HAVE_LIMITS_H 1
| #define HAVE_LOCALE_H 1
| #define HAVE_PWD_H 1
| #define HAVE_MEMORY_H 1
| #define HAVE_TERMCAP_H 1
| #define HAVE_TERMIOS_H 1
| #define HAVE_TERMIO_H 1
| /* end confdefs.h.  */
| #include <sys/stream.h>
configure:4600: result: no
configure:4600: checking for sys/stream.h
configure:4600: result: no
configure:4600: checking sys/select.h usability
configure:4600: gcc -c -O2 -I/home/lcz/code/lede/staging_dir/host/include  -I/home/lcz/code/lede/staging_dir/host/include  conftest.c >&5
configure:4600: $? = 0
configure:4600: result: yes
configure:4600: checking sys/select.h presence
configure:4600: gcc -E -I/home/lcz/code/lede/staging_dir/host/include  conftest.c
configure:4600: $? = 0
configure:4600: result: yes
configure:4600: checking for sys/select.h
configure:4600: result: yes
configure:4600: checking sys/file.h usability
configure:4600: gcc -c -O2 -I/home/lcz/code/lede/staging_dir/host/include  -I/home/lcz/code/lede/staging_dir/host/include  conftest.c >&5
configure:4600: $? = 0
configure:4600: result: yes
configure:4600: checking sys/file.h presence
configure:4600: gcc -E -I/home/lcz/code/lede/staging_dir/host/include  conftest.c
configure:4600: $? = 0
configure:4600: result: yes
configure:4600: checking for sys/file.h
configure:4600: result: yes
configure:4613: checking for sys/ptem.h
configure:4613: gcc -c -O2 -I/home/lcz/code/lede/staging_dir/host/include  -I/home/lcz/code/lede/staging_dir/host/include  conftest.c >&5
conftest.c:68:10: fatal error: sys/ptem.h: No such file or directory
   68 | #include <sys/ptem.h>
      |          ^~~~~~~~~~~~
compilation terminated.
configure:4613: $? = 1
configure: failed program was:
| /* confdefs.h */
| #define PACKAGE_NAME "readline"
| #define PACKAGE_TARNAME "readline"
| #define PACKAGE_VERSION "6.2"
| #define PACKAGE_STRING "readline 6.2"
| #define PACKAGE_BUGREPORT "bug-readline@gnu.org"
| #define PACKAGE_URL ""
| #define STDC_HEADERS 1
| #define HAVE_SYS_TYPES_H 1
| #define HAVE_SYS_STAT_H 1
| #define HAVE_STDLIB_H 1
| #define HAVE_STRING_H 1
| #define HAVE_MEMORY_H 1
| #define HAVE_STRINGS_H 1
| #define HAVE_INTTYPES_H 1
| #define HAVE_STDINT_H 1
| #define HAVE_UNISTD_H 1
| #define __EXTENSIONS__ 1
| #define _ALL_SOURCE 1
| #define _GNU_SOURCE 1
| #define _POSIX_PTHREAD_SEMANTICS 1
| #define _TANDEM_SOURCE 1
| #define PROTOTYPES 1
| #define __PROTOTYPES 1
| #define RETSIGTYPE void
| #define STDC_HEADERS 1
| #define HAVE_DIRENT_H 1
| #define HAVE_FCNTL 1
| #define HAVE_KILL 1
| #define HAVE_LSTAT 1
| #define HAVE_MEMMOVE 1
| #define HAVE_PUTENV 1
| #define HAVE_SELECT 1
| #define HAVE_SETENV 1
| #define HAVE_SETLOCALE 1
| #define HAVE_STRCASECMP 1
| #define HAVE_STRPBRK 1
| #define HAVE_TCGETATTR 1
| #define HAVE_VSNPRINTF 1
| #define HAVE_ISASCII 1
| #define HAVE_ISXDIGIT 1
| #define HAVE_GETPWENT 1
| #define HAVE_GETPWNAM 1
| #define HAVE_GETPWUID 1
| #define HAVE_STRCOLL 1
| #define HAVE_FCNTL_H 1
| #define HAVE_UNISTD_H 1
| #define HAVE_STDLIB_H 1
| #define HAVE_STDARG_H 1
| #define HAVE_STRING_H 1
| #define HAVE_STRINGS_H 1
| #define HAVE_LIMITS_H 1
| #define HAVE_LOCALE_H 1
| #define HAVE_PWD_H 1
| #define HAVE_MEMORY_H 1
| #define HAVE_TERMCAP_H 1
| #define HAVE_TERMIOS_H 1
| #define HAVE_TERMIO_H 1
| #define HAVE_SYS_SELECT_H 1
| #define HAVE_SYS_FILE_H 1
| /* end confdefs.h.  */
| 
| #if HAVE_SYS_STREAM_H
| #  include <sys/stream.h>
| #endif
| 
| 
| #include <sys/ptem.h>
configure:4613: result: no
configure:4636: checking for special C compiler options needed for large files
configure:4681: result: no
configure:4687: checking for _FILE_OFFSET_BITS value needed for large files
configure:4712: gcc -c -O2 -I/home/lcz/code/lede/staging_dir/host/include  -I/home/lcz/code/lede/staging_dir/host/include  conftest.c >&5
configure:4712: $? = 0
configure:4744: result: no
configure:4831: checking for type of signal functions
configure:4854: gcc -o conftest -O2 -I/home/lcz/code/lede/staging_dir/host/include  -I/home/lcz/code/lede/staging_dir/host/include   -L/home/lcz/code/lede/staging_dir/host/lib  conftest.c  >&5
configure:4854: $? = 0
configure:4912: result: posix
configure:4927: checking if signal handlers must be reinstalled when invoked
configure:4985: gcc -o conftest -O2 -I/home/lcz/code/lede/staging_dir/host/include  -I/home/lcz/code/lede/staging_dir/host/include   -L/home/lcz/code/lede/staging_dir/host/lib  conftest.c  >&5
conftest.c:98:1: warning: return type defaults to 'int' [-Wimplicit-int]
   98 | main()
      | ^~~~
conftest.c: In function 'main':
conftest.c:104:2: warning: implicit declaration of function 'exit' [-Wimplicit-function-declaration]
  104 |  exit(nsigint != 2);
      |  ^~~~
conftest.c:104:2: warning: incompatible implicit declaration of built-in function 'exit'
conftest.c:67:1: note: include '<stdlib.h>' or provide a declaration of 'exit'
   66 | #include <unistd.h>
  +++ |+#include <stdlib.h>
   67 | #endif
configure:4985: $? = 0
configure:4985: ./conftest
configure:4985: $? = 0
configure:4996: result: no
configure:5005: checking for presence of POSIX-style sigsetjmp/siglongjmp
configure:5057: gcc -o conftest -O2 -I/home/lcz/code/lede/staging_dir/host/include  -I/home/lcz/code/lede/staging_dir/host/include   -L/home/lcz/code/lede/staging_dir/host/lib  conftest.c  >&5
conftest.c:71:1: warning: return type defaults to 'int' [-Wimplicit-int]
   71 | main()
      | ^~~~
conftest.c: In function 'main':
conftest.c:90:3: warning: implicit declaration of function 'exit' [-Wimplicit-function-declaration]
   90 |   exit(0); /* could get sigmask and compare to oset here. */
      |   ^~~~
conftest.c:90:3: warning: incompatible implicit declaration of built-in function 'exit'
conftest.c:70:1: note: include '<stdlib.h>' or provide a declaration of 'exit'
   69 | #include <setjmp.h>
  +++ |+#include <stdlib.h>
   70 | 
conftest.c:98:1: warning: incompatible implicit declaration of built-in function 'exit'
   98 | exit(1);
      | ^~~~
conftest.c:98:1: note: include '<stdlib.h>' or provide a declaration of 'exit'
configure:5057: $? = 0
configure:5057: ./conftest
configure:5057: $? = 0
configure:5068: result: present
configure:5075: checking for lstat
configure:5094: gcc -o conftest -O2 -I/home/lcz/code/lede/staging_dir/host/include  -I/home/lcz/code/lede/staging_dir/host/include   -L/home/lcz/code/lede/staging_dir/host/lib  conftest.c  >&5
configure:5094: $? = 0
configure:5102: result: yes
configure:5110: checking whether or not strcoll and strcmp differ
configure:5160: gcc -o conftest -O2 -I/home/lcz/code/lede/staging_dir/host/include  -I/home/lcz/code/lede/staging_dir/host/include   -L/home/lcz/code/lede/staging_dir/host/lib  conftest.c  >&5
conftest.c:71:1: warning: return type defaults to 'int' [-Wimplicit-int]
   71 | main(c, v)
      | ^~~~
conftest.c: In function 'main':
conftest.c:85:14: warning: implicit declaration of function 'strcoll' [-Wimplicit-function-declaration]
   85 |         r1 = strcoll("abd", "aXd");
      |              ^~~~~~~
conftest.c:89:14: warning: implicit declaration of function 'strcmp' [-Wimplicit-function-declaration]
   89 |         r2 = strcmp("abd", "aXd");
      |              ^~~~~~
conftest.c:98:2: warning: implicit declaration of function 'exit' [-Wimplicit-function-declaration]
   98 |  exit (r1 > 0 && r2 > 0);
      |  ^~~~
conftest.c:98:2: warning: incompatible implicit declaration of built-in function 'exit'
conftest.c:69:1: note: include '<stdlib.h>' or provide a declaration of 'exit'
   68 | #include <locale.h>
  +++ |+#include <stdlib.h>
   69 | #endif
configure:5160: $? = 0
configure:5160: ./conftest
configure:5160: $? = 1
configure: program exited with status 1
configure: failed program was:
| /* confdefs.h */
| #define PACKAGE_NAME "readline"
| #define PACKAGE_TARNAME "readline"
| #define PACKAGE_VERSION "6.2"
| #define PACKAGE_STRING "readline 6.2"
| #define PACKAGE_BUGREPORT "bug-readline@gnu.org"
| #define PACKAGE_URL ""
| #define STDC_HEADERS 1
| #define HAVE_SYS_TYPES_H 1
| #define HAVE_SYS_STAT_H 1
| #define HAVE_STDLIB_H 1
| #define HAVE_STRING_H 1
| #define HAVE_MEMORY_H 1
| #define HAVE_STRINGS_H 1
| #define HAVE_INTTYPES_H 1
| #define HAVE_STDINT_H 1
| #define HAVE_UNISTD_H 1
| #define __EXTENSIONS__ 1
| #define _ALL_SOURCE 1
| #define _GNU_SOURCE 1
| #define _POSIX_PTHREAD_SEMANTICS 1
| #define _TANDEM_SOURCE 1
| #define PROTOTYPES 1
| #define __PROTOTYPES 1
| #define RETSIGTYPE void
| #define STDC_HEADERS 1
| #define HAVE_DIRENT_H 1
| #define HAVE_FCNTL 1
| #define HAVE_KILL 1
| #define HAVE_LSTAT 1
| #define HAVE_MEMMOVE 1
| #define HAVE_PUTENV 1
| #define HAVE_SELECT 1
| #define HAVE_SETENV 1
| #define HAVE_SETLOCALE 1
| #define HAVE_STRCASECMP 1
| #define HAVE_STRPBRK 1
| #define HAVE_TCGETATTR 1
| #define HAVE_VSNPRINTF 1
| #define HAVE_ISASCII 1
| #define HAVE_ISXDIGIT 1
| #define HAVE_GETPWENT 1
| #define HAVE_GETPWNAM 1
| #define HAVE_GETPWUID 1
| #define HAVE_STRCOLL 1
| #define HAVE_FCNTL_H 1
| #define HAVE_UNISTD_H 1
| #define HAVE_STDLIB_H 1
| #define HAVE_STDARG_H 1
| #define HAVE_STRING_H 1
| #define HAVE_STRINGS_H 1
| #define HAVE_LIMITS_H 1
| #define HAVE_LOCALE_H 1
| #define HAVE_PWD_H 1
| #define HAVE_MEMORY_H 1
| #define HAVE_TERMCAP_H 1
| #define HAVE_TERMIOS_H 1
| #define HAVE_TERMIO_H 1
| #define HAVE_SYS_SELECT_H 1
| #define HAVE_SYS_FILE_H 1
| #define HAVE_POSIX_SIGNALS 1
| #define HAVE_POSIX_SIGSETJMP 1
| #define HAVE_LSTAT 1
| /* end confdefs.h.  */
| 
| #include <stdio.h>
| #if defined (HAVE_LOCALE_H)
| #include <locale.h>
| #endif
| 
| main(c, v)
| int     c;
| char    *v[];
| {
|         int     r1, r2;
|         char    *deflocale, *defcoll;
| 
| #ifdef HAVE_SETLOCALE
|         deflocale = setlocale(LC_ALL, "");
| 	defcoll = setlocale(LC_COLLATE, "");
| #endif
| 
| #ifdef HAVE_STRCOLL
| 	/* These two values are taken from tests/glob-test. */
|         r1 = strcoll("abd", "aXd");
| #else
| 	r1 = 0;
| #endif
|         r2 = strcmp("abd", "aXd");
| 
| 	/* These two should both be greater than 0.  It is permissible for
| 	   a system to return different values, as long as the sign is the
| 	   same. */
| 
|         /* Exit with 1 (failure) if these two values are both > 0, since
| 	   this tests whether strcoll(3) is broken with respect to strcmp(3)
| 	   in the default locale. */
| 	exit (r1 > 0 && r2 > 0);
| }
| 
configure:5171: result: no
configure:5179: checking whether the ctype macros accept non-ascii characters
configure:5224: gcc -o conftest -O2 -I/home/lcz/code/lede/staging_dir/host/include  -I/home/lcz/code/lede/staging_dir/host/include   -L/home/lcz/code/lede/staging_dir/host/lib  conftest.c  >&5
conftest.c:72:1: warning: return type defaults to 'int' [-Wimplicit-int]
   72 | main(c, v)
      | ^~~~
conftest.c: In function 'main':
conftest.c:93:2: warning: implicit declaration of function 'exit' [-Wimplicit-function-declaration]
   93 |  exit (r1 == 0 || r2 == 0);
      |  ^~~~
conftest.c:93:2: warning: incompatible implicit declaration of built-in function 'exit'
conftest.c:71:1: note: include '<stdlib.h>' or provide a declaration of 'exit'
   70 | #include <ctype.h>
  +++ |+#include <stdlib.h>
   71 | 
configure:5224: $? = 0
configure:5224: ./conftest
configure:5224: $? = 1
configure: program exited with status 1
configure: failed program was:
| /* confdefs.h */
| #define PACKAGE_NAME "readline"
| #define PACKAGE_TARNAME "readline"
| #define PACKAGE_VERSION "6.2"
| #define PACKAGE_STRING "readline 6.2"
| #define PACKAGE_BUGREPORT "bug-readline@gnu.org"
| #define PACKAGE_URL ""
| #define STDC_HEADERS 1
| #define HAVE_SYS_TYPES_H 1
| #define HAVE_SYS_STAT_H 1
| #define HAVE_STDLIB_H 1
| #define HAVE_STRING_H 1
| #define HAVE_MEMORY_H 1
| #define HAVE_STRINGS_H 1
| #define HAVE_INTTYPES_H 1
| #define HAVE_STDINT_H 1
| #define HAVE_UNISTD_H 1
| #define __EXTENSIONS__ 1
| #define _ALL_SOURCE 1
| #define _GNU_SOURCE 1
| #define _POSIX_PTHREAD_SEMANTICS 1
| #define _TANDEM_SOURCE 1
| #define PROTOTYPES 1
| #define __PROTOTYPES 1
| #define RETSIGTYPE void
| #define STDC_HEADERS 1
| #define HAVE_DIRENT_H 1
| #define HAVE_FCNTL 1
| #define HAVE_KILL 1
| #define HAVE_LSTAT 1
| #define HAVE_MEMMOVE 1
| #define HAVE_PUTENV 1
| #define HAVE_SELECT 1
| #define HAVE_SETENV 1
| #define HAVE_SETLOCALE 1
| #define HAVE_STRCASECMP 1
| #define HAVE_STRPBRK 1
| #define HAVE_TCGETATTR 1
| #define HAVE_VSNPRINTF 1
| #define HAVE_ISASCII 1
| #define HAVE_ISXDIGIT 1
| #define HAVE_GETPWENT 1
| #define HAVE_GETPWNAM 1
| #define HAVE_GETPWUID 1
| #define HAVE_STRCOLL 1
| #define HAVE_FCNTL_H 1
| #define HAVE_UNISTD_H 1
| #define HAVE_STDLIB_H 1
| #define HAVE_STDARG_H 1
| #define HAVE_STRING_H 1
| #define HAVE_STRINGS_H 1
| #define HAVE_LIMITS_H 1
| #define HAVE_LOCALE_H 1
| #define HAVE_PWD_H 1
| #define HAVE_MEMORY_H 1
| #define HAVE_TERMCAP_H 1
| #define HAVE_TERMIOS_H 1
| #define HAVE_TERMIO_H 1
| #define HAVE_SYS_SELECT_H 1
| #define HAVE_SYS_FILE_H 1
| #define HAVE_POSIX_SIGNALS 1
| #define HAVE_POSIX_SIGSETJMP 1
| #define HAVE_LSTAT 1
| /* end confdefs.h.  */
| 
| #ifdef HAVE_LOCALE_H
| #include <locale.h>
| #endif
| #include <stdio.h>
| #include <ctype.h>
| 
| main(c, v)
| int	c;
| char	*v[];
| {
| 	char	*deflocale;
| 	unsigned char x;
| 	int	r1, r2;
| 
| #ifdef HAVE_SETLOCALE
| 	/* We take a shot here.  If that locale is not known, try the
| 	   system default.  We try this one because '\342' (226) is
| 	   known to be a printable character in that locale. */
| 	deflocale = setlocale(LC_ALL, "en_US.ISO8859-1");
| 	if (deflocale == 0)
| 		deflocale = setlocale(LC_ALL, "");
| #endif
| 
| 	x = '\342';
| 	r1 = isprint(x);
| 	x -= 128;
| 	r2 = isprint(x);
| 	exit (r1 == 0 || r2 == 0);
| }
| 
configure:5235: result: no
configure:5243: checking whether getpw functions are declared in pwd.h
configure:5268: result: yes
configure:5276: checking whether termios.h defines TIOCGWINSZ
configure:5299: result: no
configure:5303: checking whether sys/ioctl.h defines TIOCGWINSZ
configure:5326: result: yes
configure:5337: checking for sig_atomic_t in signal.h
configure:5355: gcc -o conftest -O2 -I/home/lcz/code/lede/staging_dir/host/include  -I/home/lcz/code/lede/staging_dir/host/include   -L/home/lcz/code/lede/staging_dir/host/lib  conftest.c  >&5
configure:5355: $? = 0
configure:5363: result: yes
configure:5380: checking whether signal handlers are of type void
configure:5404: gcc -c -O2 -I/home/lcz/code/lede/staging_dir/host/include  -I/home/lcz/code/lede/staging_dir/host/include  conftest.c >&5
configure:5404: $? = 0
configure:5411: result: yes
configure:5419: checking for TIOCSTAT in sys/ioctl.h
configure:5436: gcc -c -O2 -I/home/lcz/code/lede/staging_dir/host/include  -I/home/lcz/code/lede/staging_dir/host/include  conftest.c >&5
conftest.c: In function 'main':
conftest.c:73:9: error: 'TIOCSTAT' undeclared (first use in this function); did you mean 'TIOCSTI'?
   73 | int x = TIOCSTAT;
      |         ^~~~~~~~
      |         TIOCSTI
conftest.c:73:9: note: each undeclared identifier is reported only once for each function it appears in
configure:5436: $? = 1
configure: failed program was:
| /* confdefs.h */
| #define PACKAGE_NAME "readline"
| #define PACKAGE_TARNAME "readline"
| #define PACKAGE_VERSION "6.2"
| #define PACKAGE_STRING "readline 6.2"
| #define PACKAGE_BUGREPORT "bug-readline@gnu.org"
| #define PACKAGE_URL ""
| #define STDC_HEADERS 1
| #define HAVE_SYS_TYPES_H 1
| #define HAVE_SYS_STAT_H 1
| #define HAVE_STDLIB_H 1
| #define HAVE_STRING_H 1
| #define HAVE_MEMORY_H 1
| #define HAVE_STRINGS_H 1
| #define HAVE_INTTYPES_H 1
| #define HAVE_STDINT_H 1
| #define HAVE_UNISTD_H 1
| #define __EXTENSIONS__ 1
| #define _ALL_SOURCE 1
| #define _GNU_SOURCE 1
| #define _POSIX_PTHREAD_SEMANTICS 1
| #define _TANDEM_SOURCE 1
| #define PROTOTYPES 1
| #define __PROTOTYPES 1
| #define RETSIGTYPE void
| #define STDC_HEADERS 1
| #define HAVE_DIRENT_H 1
| #define HAVE_FCNTL 1
| #define HAVE_KILL 1
| #define HAVE_LSTAT 1
| #define HAVE_MEMMOVE 1
| #define HAVE_PUTENV 1
| #define HAVE_SELECT 1
| #define HAVE_SETENV 1
| #define HAVE_SETLOCALE 1
| #define HAVE_STRCASECMP 1
| #define HAVE_STRPBRK 1
| #define HAVE_TCGETATTR 1
| #define HAVE_VSNPRINTF 1
| #define HAVE_ISASCII 1
| #define HAVE_ISXDIGIT 1
| #define HAVE_GETPWENT 1
| #define HAVE_GETPWNAM 1
| #define HAVE_GETPWUID 1
| #define HAVE_STRCOLL 1
| #define HAVE_FCNTL_H 1
| #define HAVE_UNISTD_H 1
| #define HAVE_STDLIB_H 1
| #define HAVE_STDARG_H 1
| #define HAVE_STRING_H 1
| #define HAVE_STRINGS_H 1
| #define HAVE_LIMITS_H 1
| #define HAVE_LOCALE_H 1
| #define HAVE_PWD_H 1
| #define HAVE_MEMORY_H 1
| #define HAVE_TERMCAP_H 1
| #define HAVE_TERMIOS_H 1
| #define HAVE_TERMIO_H 1
| #define HAVE_SYS_SELECT_H 1
| #define HAVE_SYS_FILE_H 1
| #define HAVE_POSIX_SIGNALS 1
| #define HAVE_POSIX_SIGSETJMP 1
| #define HAVE_LSTAT 1
| #define HAVE_GETPW_DECLS 1
| #define GWINSZ_IN_SYS_IOCTL 1
| #define VOID_SIGHANDLER 1
| /* end confdefs.h.  */
| #include <sys/types.h>
| #include <sys/ioctl.h>
| int
| main ()
| {
| int x = TIOCSTAT;
|   ;
|   return 0;
| }
configure:5444: result: no
configure:5451: checking for FIONREAD in sys/ioctl.h
configure:5468: gcc -c -O2 -I/home/lcz/code/lede/staging_dir/host/include  -I/home/lcz/code/lede/staging_dir/host/include  conftest.c >&5
configure:5468: $? = 0
configure:5476: result: yes
configure:5483: checking for speed_t in sys/types.h
configure:5499: gcc -c -O2 -I/home/lcz/code/lede/staging_dir/host/include  -I/home/lcz/code/lede/staging_dir/host/include  conftest.c >&5
conftest.c: In function 'main':
conftest.c:73:1: error: unknown type name 'speed_t'
   73 | speed_t x;
      | ^~~~~~~
configure:5499: $? = 1
configure: failed program was:
| /* confdefs.h */
| #define PACKAGE_NAME "readline"
| #define PACKAGE_TARNAME "readline"
| #define PACKAGE_VERSION "6.2"
| #define PACKAGE_STRING "readline 6.2"
| #define PACKAGE_BUGREPORT "bug-readline@gnu.org"
| #define PACKAGE_URL ""
| #define STDC_HEADERS 1
| #define HAVE_SYS_TYPES_H 1
| #define HAVE_SYS_STAT_H 1
| #define HAVE_STDLIB_H 1
| #define HAVE_STRING_H 1
| #define HAVE_MEMORY_H 1
| #define HAVE_STRINGS_H 1
| #define HAVE_INTTYPES_H 1
| #define HAVE_STDINT_H 1
| #define HAVE_UNISTD_H 1
| #define __EXTENSIONS__ 1
| #define _ALL_SOURCE 1
| #define _GNU_SOURCE 1
| #define _POSIX_PTHREAD_SEMANTICS 1
| #define _TANDEM_SOURCE 1
| #define PROTOTYPES 1
| #define __PROTOTYPES 1
| #define RETSIGTYPE void
| #define STDC_HEADERS 1
| #define HAVE_DIRENT_H 1
| #define HAVE_FCNTL 1
| #define HAVE_KILL 1
| #define HAVE_LSTAT 1
| #define HAVE_MEMMOVE 1
| #define HAVE_PUTENV 1
| #define HAVE_SELECT 1
| #define HAVE_SETENV 1
| #define HAVE_SETLOCALE 1
| #define HAVE_STRCASECMP 1
| #define HAVE_STRPBRK 1
| #define HAVE_TCGETATTR 1
| #define HAVE_VSNPRINTF 1
| #define HAVE_ISASCII 1
| #define HAVE_ISXDIGIT 1
| #define HAVE_GETPWENT 1
| #define HAVE_GETPWNAM 1
| #define HAVE_GETPWUID 1
| #define HAVE_STRCOLL 1
| #define HAVE_FCNTL_H 1
| #define HAVE_UNISTD_H 1
| #define HAVE_STDLIB_H 1
| #define HAVE_STDARG_H 1
| #define HAVE_STRING_H 1
| #define HAVE_STRINGS_H 1
| #define HAVE_LIMITS_H 1
| #define HAVE_LOCALE_H 1
| #define HAVE_PWD_H 1
| #define HAVE_MEMORY_H 1
| #define HAVE_TERMCAP_H 1
| #define HAVE_TERMIOS_H 1
| #define HAVE_TERMIO_H 1
| #define HAVE_SYS_SELECT_H 1
| #define HAVE_SYS_FILE_H 1
| #define HAVE_POSIX_SIGNALS 1
| #define HAVE_POSIX_SIGSETJMP 1
| #define HAVE_LSTAT 1
| #define HAVE_GETPW_DECLS 1
| #define GWINSZ_IN_SYS_IOCTL 1
| #define VOID_SIGHANDLER 1
| #define FIONREAD_IN_SYS_IOCTL 1
| /* end confdefs.h.  */
| #include <sys/types.h>
| int
| main ()
| {
| speed_t x;
|   ;
|   return 0;
| }
configure:5507: result: no
configure:5514: checking for struct winsize in sys/ioctl.h and termios.h
configure:5531: gcc -c -O2 -I/home/lcz/code/lede/staging_dir/host/include  -I/home/lcz/code/lede/staging_dir/host/include  conftest.c >&5
configure:5531: $? = 0
configure:5558: result: sys/ioctl.h
configure:5573: checking for struct dirent.d_ino
configure:5611: gcc -c -O2 -I/home/lcz/code/lede/staging_dir/host/include  -I/home/lcz/code/lede/staging_dir/host/include  conftest.c >&5
configure:5611: $? = 0
configure:5619: result: yes
configure:5627: checking for struct dirent.d_fileno
configure:5665: gcc -c -O2 -I/home/lcz/code/lede/staging_dir/host/include  -I/home/lcz/code/lede/staging_dir/host/include  conftest.c >&5
configure:5665: $? = 0
configure:5673: result: yes
configure:5695: checking for tgetent
configure:5695: gcc -o conftest -O2 -I/home/lcz/code/lede/staging_dir/host/include  -I/home/lcz/code/lede/staging_dir/host/include   -L/home/lcz/code/lede/staging_dir/host/lib  conftest.c  >&5
/usr/bin/ld: /home/lcz/code/lede/tmp/cc1lYBnZ.o: in function `main':
conftest.c:(.text.startup+0x7): undefined reference to `tgetent'
collect2: error: ld returned 1 exit status
configure:5695: $? = 1
configure: failed program was:
| /* confdefs.h */
| #define PACKAGE_NAME "readline"
| #define PACKAGE_TARNAME "readline"
| #define PACKAGE_VERSION "6.2"
| #define PACKAGE_STRING "readline 6.2"
| #define PACKAGE_BUGREPORT "bug-readline@gnu.org"
| #define PACKAGE_URL ""
| #define STDC_HEADERS 1
| #define HAVE_SYS_TYPES_H 1
| #define HAVE_SYS_STAT_H 1
| #define HAVE_STDLIB_H 1
| #define HAVE_STRING_H 1
| #define HAVE_MEMORY_H 1
| #define HAVE_STRINGS_H 1
| #define HAVE_INTTYPES_H 1
| #define HAVE_STDINT_H 1
| #define HAVE_UNISTD_H 1
| #define __EXTENSIONS__ 1
| #define _ALL_SOURCE 1
| #define _GNU_SOURCE 1
| #define _POSIX_PTHREAD_SEMANTICS 1
| #define _TANDEM_SOURCE 1
| #define PROTOTYPES 1
| #define __PROTOTYPES 1
| #define RETSIGTYPE void
| #define STDC_HEADERS 1
| #define HAVE_DIRENT_H 1
| #define HAVE_FCNTL 1
| #define HAVE_KILL 1
| #define HAVE_LSTAT 1
| #define HAVE_MEMMOVE 1
| #define HAVE_PUTENV 1
| #define HAVE_SELECT 1
| #define HAVE_SETENV 1
| #define HAVE_SETLOCALE 1
| #define HAVE_STRCASECMP 1
| #define HAVE_STRPBRK 1
| #define HAVE_TCGETATTR 1
| #define HAVE_VSNPRINTF 1
| #define HAVE_ISASCII 1
| #define HAVE_ISXDIGIT 1
| #define HAVE_GETPWENT 1
| #define HAVE_GETPWNAM 1
| #define HAVE_GETPWUID 1
| #define HAVE_STRCOLL 1
| #define HAVE_FCNTL_H 1
| #define HAVE_UNISTD_H 1
| #define HAVE_STDLIB_H 1
| #define HAVE_STDARG_H 1
| #define HAVE_STRING_H 1
| #define HAVE_STRINGS_H 1
| #define HAVE_LIMITS_H 1
| #define HAVE_LOCALE_H 1
| #define HAVE_PWD_H 1
| #define HAVE_MEMORY_H 1
| #define HAVE_TERMCAP_H 1
| #define HAVE_TERMIOS_H 1
| #define HAVE_TERMIO_H 1
| #define HAVE_SYS_SELECT_H 1
| #define HAVE_SYS_FILE_H 1
| #define HAVE_POSIX_SIGNALS 1
| #define HAVE_POSIX_SIGSETJMP 1
| #define HAVE_LSTAT 1
| #define HAVE_GETPW_DECLS 1
| #define GWINSZ_IN_SYS_IOCTL 1
| #define VOID_SIGHANDLER 1
| #define FIONREAD_IN_SYS_IOCTL 1
| #define STRUCT_WINSIZE_IN_SYS_IOCTL 1
| #define HAVE_STRUCT_DIRENT_D_INO 1
| #define HAVE_STRUCT_DIRENT_D_FILENO 1
| /* end confdefs.h.  */
| /* Define tgetent to an innocuous variant, in case <limits.h> declares tgetent.
|    For example, HP-UX 11i <limits.h> declares gettimeofday.  */
| #define tgetent innocuous_tgetent
| 
| /* System header to define __stub macros and hopefully few prototypes,
|     which can conflict with char tgetent (); below.
|     Prefer <limits.h> to <assert.h> if __STDC__ is defined, since
|     <limits.h> exists even on freestanding compilers.  */
| 
| #ifdef __STDC__
| # include <limits.h>
| #else
| # include <assert.h>
| #endif
| 
| #undef tgetent
| 
| /* Override any GCC internal prototype to avoid an error.
|    Use char because int might match the return type of a GCC
|    builtin and then its argument prototype would still apply.  */
| #ifdef __cplusplus
| extern "C"
| #endif
| char tgetent ();
| /* The GNU C library defines this for functions which it implements
|     to always fail with ENOSYS.  Some functions are actually named
|     something starting with __ and the normal name is an alias.  */
| #if defined __stub_tgetent || defined __stub___tgetent
| choke me
| #endif
| 
| int
| main ()
| {
| return tgetent ();
|   ;
|   return 0;
| }
configure:5695: result: no
configure:5699: checking for tgetent in -ltermcap
configure:5724: gcc -o conftest -O2 -I/home/lcz/code/lede/staging_dir/host/include  -I/home/lcz/code/lede/staging_dir/host/include   -L/home/lcz/code/lede/staging_dir/host/lib  conftest.c -ltermcap   >&5
configure:5724: $? = 0
configure:5733: result: yes
configure:5869: checking which library has the termcap functions
configure:5872: result: using libtermcap
configure:5920: checking wctype.h usability
configure:5920: gcc -c -O2 -I/home/lcz/code/lede/staging_dir/host/include  -I/home/lcz/code/lede/staging_dir/host/include  conftest.c >&5
configure:5920: $? = 0
configure:5920: result: yes
configure:5920: checking wctype.h presence
configure:5920: gcc -E -I/home/lcz/code/lede/staging_dir/host/include  conftest.c
configure:5920: $? = 0
configure:5920: result: yes
configure:5920: checking for wctype.h
configure:5920: result: yes
configure:5932: checking wchar.h usability
configure:5932: gcc -c -O2 -I/home/lcz/code/lede/staging_dir/host/include  -I/home/lcz/code/lede/staging_dir/host/include  conftest.c >&5
configure:5932: $? = 0
configure:5932: result: yes
configure:5932: checking wchar.h presence
configure:5932: gcc -E -I/home/lcz/code/lede/staging_dir/host/include  conftest.c
configure:5932: $? = 0
configure:5932: result: yes
configure:5932: checking for wchar.h
configure:5932: result: yes
configure:5944: checking langinfo.h usability
configure:5944: gcc -c -O2 -I/home/lcz/code/lede/staging_dir/host/include  -I/home/lcz/code/lede/staging_dir/host/include  conftest.c >&5
configure:5944: $? = 0
configure:5944: result: yes
configure:5944: checking langinfo.h presence
configure:5944: gcc -E -I/home/lcz/code/lede/staging_dir/host/include  conftest.c
configure:5944: $? = 0
configure:5944: result: yes
configure:5944: checking for langinfo.h
configure:5944: result: yes
configure:5955: checking for mbrlen
configure:5955: gcc -o conftest -O2 -I/home/lcz/code/lede/staging_dir/host/include  -I/home/lcz/code/lede/staging_dir/host/include   -L/home/lcz/code/lede/staging_dir/host/lib  conftest.c  >&5
configure:5955: $? = 0
configure:5955: result: yes
configure:5961: checking for mbscasecmp
configure:5961: gcc -o conftest -O2 -I/home/lcz/code/lede/staging_dir/host/include  -I/home/lcz/code/lede/staging_dir/host/include   -L/home/lcz/code/lede/staging_dir/host/lib  conftest.c  >&5
/usr/bin/ld: /home/lcz/code/lede/tmp/cc7XQO9B.o: in function `main':
conftest.c:(.text.startup+0x7): undefined reference to `mbscasecmp'
collect2: error: ld returned 1 exit status
configure:5961: $? = 1
configure: failed program was:
| /* confdefs.h */
| #define PACKAGE_NAME "readline"
| #define PACKAGE_TARNAME "readline"
| #define PACKAGE_VERSION "6.2"
| #define PACKAGE_STRING "readline 6.2"
| #define PACKAGE_BUGREPORT "bug-readline@gnu.org"
| #define PACKAGE_URL ""
| #define STDC_HEADERS 1
| #define HAVE_SYS_TYPES_H 1
| #define HAVE_SYS_STAT_H 1
| #define HAVE_STDLIB_H 1
| #define HAVE_STRING_H 1
| #define HAVE_MEMORY_H 1
| #define HAVE_STRINGS_H 1
| #define HAVE_INTTYPES_H 1
| #define HAVE_STDINT_H 1
| #define HAVE_UNISTD_H 1
| #define __EXTENSIONS__ 1
| #define _ALL_SOURCE 1
| #define _GNU_SOURCE 1
| #define _POSIX_PTHREAD_SEMANTICS 1
| #define _TANDEM_SOURCE 1
| #define PROTOTYPES 1
| #define __PROTOTYPES 1
| #define RETSIGTYPE void
| #define STDC_HEADERS 1
| #define HAVE_DIRENT_H 1
| #define HAVE_FCNTL 1
| #define HAVE_KILL 1
| #define HAVE_LSTAT 1
| #define HAVE_MEMMOVE 1
| #define HAVE_PUTENV 1
| #define HAVE_SELECT 1
| #define HAVE_SETENV 1
| #define HAVE_SETLOCALE 1
| #define HAVE_STRCASECMP 1
| #define HAVE_STRPBRK 1
| #define HAVE_TCGETATTR 1
| #define HAVE_VSNPRINTF 1
| #define HAVE_ISASCII 1
| #define HAVE_ISXDIGIT 1
| #define HAVE_GETPWENT 1
| #define HAVE_GETPWNAM 1
| #define HAVE_GETPWUID 1
| #define HAVE_STRCOLL 1
| #define HAVE_FCNTL_H 1
| #define HAVE_UNISTD_H 1
| #define HAVE_STDLIB_H 1
| #define HAVE_STDARG_H 1
| #define HAVE_STRING_H 1
| #define HAVE_STRINGS_H 1
| #define HAVE_LIMITS_H 1
| #define HAVE_LOCALE_H 1
| #define HAVE_PWD_H 1
| #define HAVE_MEMORY_H 1
| #define HAVE_TERMCAP_H 1
| #define HAVE_TERMIOS_H 1
| #define HAVE_TERMIO_H 1
| #define HAVE_SYS_SELECT_H 1
| #define HAVE_SYS_FILE_H 1
| #define HAVE_POSIX_SIGNALS 1
| #define HAVE_POSIX_SIGSETJMP 1
| #define HAVE_LSTAT 1
| #define HAVE_GETPW_DECLS 1
| #define GWINSZ_IN_SYS_IOCTL 1
| #define VOID_SIGHANDLER 1
| #define FIONREAD_IN_SYS_IOCTL 1
| #define STRUCT_WINSIZE_IN_SYS_IOCTL 1
| #define HAVE_STRUCT_DIRENT_D_INO 1
| #define HAVE_STRUCT_DIRENT_D_FILENO 1
| #define HAVE_WCTYPE_H 1
| #define HAVE_WCHAR_H 1
| #define HAVE_LANGINFO_H 1
| #define HAVE_MBRLEN 1
| /* end confdefs.h.  */
| /* Define mbscasecmp to an innocuous variant, in case <limits.h> declares mbscasecmp.
|    For example, HP-UX 11i <limits.h> declares gettimeofday.  */
| #define mbscasecmp innocuous_mbscasecmp
| 
| /* System header to define __stub macros and hopefully few prototypes,
|     which can conflict with char mbscasecmp (); below.
|     Prefer <limits.h> to <assert.h> if __STDC__ is defined, since
|     <limits.h> exists even on freestanding compilers.  */
| 
| #ifdef __STDC__
| # include <limits.h>
| #else
| # include <assert.h>
| #endif
| 
| #undef mbscasecmp
| 
| /* Override any GCC internal prototype to avoid an error.
|    Use char because int might match the return type of a GCC
|    builtin and then its argument prototype would still apply.  */
| #ifdef __cplusplus
| extern "C"
| #endif
| char mbscasecmp ();
| /* The GNU C library defines this for functions which it implements
|     to always fail with ENOSYS.  Some functions are actually named
|     something starting with __ and the normal name is an alias.  */
| #if defined __stub_mbscasecmp || defined __stub___mbscasecmp
| choke me
| #endif
| 
| int
| main ()
| {
| return mbscasecmp ();
|   ;
|   return 0;
| }
configure:5961: result: no
configure:5967: checking for mbscmp
configure:5967: gcc -o conftest -O2 -I/home/lcz/code/lede/staging_dir/host/include  -I/home/lcz/code/lede/staging_dir/host/include   -L/home/lcz/code/lede/staging_dir/host/lib  conftest.c  >&5
/usr/bin/ld: /home/lcz/code/lede/tmp/ccXCwQuD.o: in function `main':
conftest.c:(.text.startup+0x7): undefined reference to `mbscmp'
collect2: error: ld returned 1 exit status
configure:5967: $? = 1
configure: failed program was:
| /* confdefs.h */
| #define PACKAGE_NAME "readline"
| #define PACKAGE_TARNAME "readline"
| #define PACKAGE_VERSION "6.2"
| #define PACKAGE_STRING "readline 6.2"
| #define PACKAGE_BUGREPORT "bug-readline@gnu.org"
| #define PACKAGE_URL ""
| #define STDC_HEADERS 1
| #define HAVE_SYS_TYPES_H 1
| #define HAVE_SYS_STAT_H 1
| #define HAVE_STDLIB_H 1
| #define HAVE_STRING_H 1
| #define HAVE_MEMORY_H 1
| #define HAVE_STRINGS_H 1
| #define HAVE_INTTYPES_H 1
| #define HAVE_STDINT_H 1
| #define HAVE_UNISTD_H 1
| #define __EXTENSIONS__ 1
| #define _ALL_SOURCE 1
| #define _GNU_SOURCE 1
| #define _POSIX_PTHREAD_SEMANTICS 1
| #define _TANDEM_SOURCE 1
| #define PROTOTYPES 1
| #define __PROTOTYPES 1
| #define RETSIGTYPE void
| #define STDC_HEADERS 1
| #define HAVE_DIRENT_H 1
| #define HAVE_FCNTL 1
| #define HAVE_KILL 1
| #define HAVE_LSTAT 1
| #define HAVE_MEMMOVE 1
| #define HAVE_PUTENV 1
| #define HAVE_SELECT 1
| #define HAVE_SETENV 1
| #define HAVE_SETLOCALE 1
| #define HAVE_STRCASECMP 1
| #define HAVE_STRPBRK 1
| #define HAVE_TCGETATTR 1
| #define HAVE_VSNPRINTF 1
| #define HAVE_ISASCII 1
| #define HAVE_ISXDIGIT 1
| #define HAVE_GETPWENT 1
| #define HAVE_GETPWNAM 1
| #define HAVE_GETPWUID 1
| #define HAVE_STRCOLL 1
| #define HAVE_FCNTL_H 1
| #define HAVE_UNISTD_H 1
| #define HAVE_STDLIB_H 1
| #define HAVE_STDARG_H 1
| #define HAVE_STRING_H 1
| #define HAVE_STRINGS_H 1
| #define HAVE_LIMITS_H 1
| #define HAVE_LOCALE_H 1
| #define HAVE_PWD_H 1
| #define HAVE_MEMORY_H 1
| #define HAVE_TERMCAP_H 1
| #define HAVE_TERMIOS_H 1
| #define HAVE_TERMIO_H 1
| #define HAVE_SYS_SELECT_H 1
| #define HAVE_SYS_FILE_H 1
| #define HAVE_POSIX_SIGNALS 1
| #define HAVE_POSIX_SIGSETJMP 1
| #define HAVE_LSTAT 1
| #define HAVE_GETPW_DECLS 1
| #define GWINSZ_IN_SYS_IOCTL 1
| #define VOID_SIGHANDLER 1
| #define FIONREAD_IN_SYS_IOCTL 1
| #define STRUCT_WINSIZE_IN_SYS_IOCTL 1
| #define HAVE_STRUCT_DIRENT_D_INO 1
| #define HAVE_STRUCT_DIRENT_D_FILENO 1
| #define HAVE_WCTYPE_H 1
| #define HAVE_WCHAR_H 1
| #define HAVE_LANGINFO_H 1
| #define HAVE_MBRLEN 1
| /* end confdefs.h.  */
| /* Define mbscmp to an innocuous variant, in case <limits.h> declares mbscmp.
|    For example, HP-UX 11i <limits.h> declares gettimeofday.  */
| #define mbscmp innocuous_mbscmp
| 
| /* System header to define __stub macros and hopefully few prototypes,
|     which can conflict with char mbscmp (); below.
|     Prefer <limits.h> to <assert.h> if __STDC__ is defined, since
|     <limits.h> exists even on freestanding compilers.  */
| 
| #ifdef __STDC__
| # include <limits.h>
| #else
| # include <assert.h>
| #endif
| 
| #undef mbscmp
| 
| /* Override any GCC internal prototype to avoid an error.
|    Use char because int might match the return type of a GCC
|    builtin and then its argument prototype would still apply.  */
| #ifdef __cplusplus
| extern "C"
| #endif
| char mbscmp ();
| /* The GNU C library defines this for functions which it implements
|     to always fail with ENOSYS.  Some functions are actually named
|     something starting with __ and the normal name is an alias.  */
| #if defined __stub_mbscmp || defined __stub___mbscmp
| choke me
| #endif
| 
| int
| main ()
| {
| return mbscmp ();
|   ;
|   return 0;
| }
configure:5967: result: no
configure:5973: checking for mbsnrtowcs
configure:5973: gcc -o conftest -O2 -I/home/lcz/code/lede/staging_dir/host/include  -I/home/lcz/code/lede/staging_dir/host/include   -L/home/lcz/code/lede/staging_dir/host/lib  conftest.c  >&5
configure:5973: $? = 0
configure:5973: result: yes
configure:5979: checking for mbsrtowcs
configure:5979: gcc -o conftest -O2 -I/home/lcz/code/lede/staging_dir/host/include  -I/home/lcz/code/lede/staging_dir/host/include   -L/home/lcz/code/lede/staging_dir/host/lib  conftest.c  >&5
configure:5979: $? = 0
configure:5979: result: yes
configure:5987: checking for mbschr
configure:5987: gcc -o conftest -O2 -I/home/lcz/code/lede/staging_dir/host/include  -I/home/lcz/code/lede/staging_dir/host/include   -L/home/lcz/code/lede/staging_dir/host/lib  conftest.c  >&5
/usr/bin/ld: /home/lcz/code/lede/tmp/ccIQnZQe.o: in function `main':
conftest.c:(.text.startup+0x7): undefined reference to `mbschr'
collect2: error: ld returned 1 exit status
configure:5987: $? = 1
configure: failed program was:
| /* confdefs.h */
| #define PACKAGE_NAME "readline"
| #define PACKAGE_TARNAME "readline"
| #define PACKAGE_VERSION "6.2"
| #define PACKAGE_STRING "readline 6.2"
| #define PACKAGE_BUGREPORT "bug-readline@gnu.org"
| #define PACKAGE_URL ""
| #define STDC_HEADERS 1
| #define HAVE_SYS_TYPES_H 1
| #define HAVE_SYS_STAT_H 1
| #define HAVE_STDLIB_H 1
| #define HAVE_STRING_H 1
| #define HAVE_MEMORY_H 1
| #define HAVE_STRINGS_H 1
| #define HAVE_INTTYPES_H 1
| #define HAVE_STDINT_H 1
| #define HAVE_UNISTD_H 1
| #define __EXTENSIONS__ 1
| #define _ALL_SOURCE 1
| #define _GNU_SOURCE 1
| #define _POSIX_PTHREAD_SEMANTICS 1
| #define _TANDEM_SOURCE 1
| #define PROTOTYPES 1
| #define __PROTOTYPES 1
| #define RETSIGTYPE void
| #define STDC_HEADERS 1
| #define HAVE_DIRENT_H 1
| #define HAVE_FCNTL 1
| #define HAVE_KILL 1
| #define HAVE_LSTAT 1
| #define HAVE_MEMMOVE 1
| #define HAVE_PUTENV 1
| #define HAVE_SELECT 1
| #define HAVE_SETENV 1
| #define HAVE_SETLOCALE 1
| #define HAVE_STRCASECMP 1
| #define HAVE_STRPBRK 1
| #define HAVE_TCGETATTR 1
| #define HAVE_VSNPRINTF 1
| #define HAVE_ISASCII 1
| #define HAVE_ISXDIGIT 1
| #define HAVE_GETPWENT 1
| #define HAVE_GETPWNAM 1
| #define HAVE_GETPWUID 1
| #define HAVE_STRCOLL 1
| #define HAVE_FCNTL_H 1
| #define HAVE_UNISTD_H 1
| #define HAVE_STDLIB_H 1
| #define HAVE_STDARG_H 1
| #define HAVE_STRING_H 1
| #define HAVE_STRINGS_H 1
| #define HAVE_LIMITS_H 1
| #define HAVE_LOCALE_H 1
| #define HAVE_PWD_H 1
| #define HAVE_MEMORY_H 1
| #define HAVE_TERMCAP_H 1
| #define HAVE_TERMIOS_H 1
| #define HAVE_TERMIO_H 1
| #define HAVE_SYS_SELECT_H 1
| #define HAVE_SYS_FILE_H 1
| #define HAVE_POSIX_SIGNALS 1
| #define HAVE_POSIX_SIGSETJMP 1
| #define HAVE_LSTAT 1
| #define HAVE_GETPW_DECLS 1
| #define GWINSZ_IN_SYS_IOCTL 1
| #define VOID_SIGHANDLER 1
| #define FIONREAD_IN_SYS_IOCTL 1
| #define STRUCT_WINSIZE_IN_SYS_IOCTL 1
| #define HAVE_STRUCT_DIRENT_D_INO 1
| #define HAVE_STRUCT_DIRENT_D_FILENO 1
| #define HAVE_WCTYPE_H 1
| #define HAVE_WCHAR_H 1
| #define HAVE_LANGINFO_H 1
| #define HAVE_MBRLEN 1
| #define HAVE_MBSNRTOWCS 1
| #define HAVE_MBSRTOWCS 1
| /* end confdefs.h.  */
| /* Define mbschr to an innocuous variant, in case <limits.h> declares mbschr.
|    For example, HP-UX 11i <limits.h> declares gettimeofday.  */
| #define mbschr innocuous_mbschr
| 
| /* System header to define __stub macros and hopefully few prototypes,
|     which can conflict with char mbschr (); below.
|     Prefer <limits.h> to <assert.h> if __STDC__ is defined, since
|     <limits.h> exists even on freestanding compilers.  */
| 
| #ifdef __STDC__
| # include <limits.h>
| #else
| # include <assert.h>
| #endif
| 
| #undef mbschr
| 
| /* Override any GCC internal prototype to avoid an error.
|    Use char because int might match the return type of a GCC
|    builtin and then its argument prototype would still apply.  */
| #ifdef __cplusplus
| extern "C"
| #endif
| char mbschr ();
| /* The GNU C library defines this for functions which it implements
|     to always fail with ENOSYS.  Some functions are actually named
|     something starting with __ and the normal name is an alias.  */
| #if defined __stub_mbschr || defined __stub___mbschr
| choke me
| #endif
| 
| int
| main ()
| {
| return mbschr ();
|   ;
|   return 0;
| }
configure:5987: result: no
configure:6002: checking for wcrtomb
configure:6002: gcc -o conftest -O2 -I/home/lcz/code/lede/staging_dir/host/include  -I/home/lcz/code/lede/staging_dir/host/include   -L/home/lcz/code/lede/staging_dir/host/lib  conftest.c  >&5
configure:6002: $? = 0
configure:6002: result: yes
configure:6008: checking for wcscoll
configure:6008: gcc -o conftest -O2 -I/home/lcz/code/lede/staging_dir/host/include  -I/home/lcz/code/lede/staging_dir/host/include   -L/home/lcz/code/lede/staging_dir/host/lib  conftest.c  >&5
configure:6008: $? = 0
configure:6008: result: yes
configure:6014: checking for wcsdup
configure:6014: gcc -o conftest -O2 -I/home/lcz/code/lede/staging_dir/host/include  -I/home/lcz/code/lede/staging_dir/host/include   -L/home/lcz/code/lede/staging_dir/host/lib  conftest.c  >&5
configure:6014: $? = 0
configure:6014: result: yes
configure:6020: checking for wcwidth
configure:6020: gcc -o conftest -O2 -I/home/lcz/code/lede/staging_dir/host/include  -I/home/lcz/code/lede/staging_dir/host/include   -L/home/lcz/code/lede/staging_dir/host/lib  conftest.c  >&5
configure:6020: $? = 0
configure:6020: result: yes
configure:6026: checking for wctype
configure:6026: gcc -o conftest -O2 -I/home/lcz/code/lede/staging_dir/host/include  -I/home/lcz/code/lede/staging_dir/host/include   -L/home/lcz/code/lede/staging_dir/host/lib  conftest.c  >&5
configure:6026: $? = 0
configure:6026: result: yes
configure:6033: checking for wcswidth
configure:6033: gcc -o conftest -O2 -I/home/lcz/code/lede/staging_dir/host/include  -I/home/lcz/code/lede/staging_dir/host/include   -L/home/lcz/code/lede/staging_dir/host/lib  conftest.c  >&5
configure:6033: $? = 0
configure:6033: result: yes
configure:6049: checking whether mbrtowc and mbstate_t are properly declared
configure:6069: gcc -o conftest -O2 -I/home/lcz/code/lede/staging_dir/host/include  -I/home/lcz/code/lede/staging_dir/host/include   -L/home/lcz/code/lede/staging_dir/host/lib  conftest.c  >&5
configure:6069: $? = 0
configure:6077: result: yes
configure:6093: checking for iswlower
configure:6093: gcc -o conftest -O2 -I/home/lcz/code/lede/staging_dir/host/include  -I/home/lcz/code/lede/staging_dir/host/include   -L/home/lcz/code/lede/staging_dir/host/lib  conftest.c  >&5
conftest.c:109:6: warning: conflicting types for built-in function 'iswlower'; expected 'int(unsigned int)' [-Wbuiltin-declaration-mismatch]
  109 | char iswlower ();
      |      ^~~~~~~~
conftest.c:97:1: note: 'iswlower' is declared in header '<wctype.h>'
   96 | # include <limits.h>
   97 | #else
configure:6093: $? = 0
configure:6093: result: yes
configure:6093: checking for iswupper
configure:6093: gcc -o conftest -O2 -I/home/lcz/code/lede/staging_dir/host/include  -I/home/lcz/code/lede/staging_dir/host/include   -L/home/lcz/code/lede/staging_dir/host/lib  conftest.c  >&5
conftest.c:110:6: warning: conflicting types for built-in function 'iswupper'; expected 'int(unsigned int)' [-Wbuiltin-declaration-mismatch]
  110 | char iswupper ();
      |      ^~~~~~~~
conftest.c:98:1: note: 'iswupper' is declared in header '<wctype.h>'
   97 | # include <limits.h>
   98 | #else
configure:6093: $? = 0
configure:6093: result: yes
configure:6093: checking for towlower
configure:6093: gcc -o conftest -O2 -I/home/lcz/code/lede/staging_dir/host/include  -I/home/lcz/code/lede/staging_dir/host/include   -L/home/lcz/code/lede/staging_dir/host/lib  conftest.c  >&5
conftest.c:111:6: warning: conflicting types for built-in function 'towlower'; expected 'unsigned int(unsigned int)' [-Wbuiltin-declaration-mismatch]
  111 | char towlower ();
      |      ^~~~~~~~
conftest.c:99:1: note: 'towlower' is declared in header '<wctype.h>'
   98 | # include <limits.h>
   99 | #else
configure:6093: $? = 0
configure:6093: result: yes
configure:6093: checking for towupper
configure:6093: gcc -o conftest -O2 -I/home/lcz/code/lede/staging_dir/host/include  -I/home/lcz/code/lede/staging_dir/host/include   -L/home/lcz/code/lede/staging_dir/host/lib  conftest.c  >&5
conftest.c:112:6: warning: conflicting types for built-in function 'towupper'; expected 'unsigned int(unsigned int)' [-Wbuiltin-declaration-mismatch]
  112 | char towupper ();
      |      ^~~~~~~~
conftest.c:100:1: note: 'towupper' is declared in header '<wctype.h>'
   99 | # include <limits.h>
  100 | #else
configure:6093: $? = 0
configure:6093: result: yes
configure:6093: checking for iswctype
configure:6093: gcc -o conftest -O2 -I/home/lcz/code/lede/staging_dir/host/include  -I/home/lcz/code/lede/staging_dir/host/include   -L/home/lcz/code/lede/staging_dir/host/lib  conftest.c  >&5
configure:6093: $? = 0
configure:6093: result: yes
configure:6103: checking for nl_langinfo and CODESET
configure:6119: gcc -o conftest -O2 -I/home/lcz/code/lede/staging_dir/host/include  -I/home/lcz/code/lede/staging_dir/host/include   -L/home/lcz/code/lede/staging_dir/host/lib  conftest.c  >&5
configure:6119: $? = 0
configure:6127: result: yes
configure:6134: checking for wchar_t in wchar.h
configure:6154: gcc -c -O2 -I/home/lcz/code/lede/staging_dir/host/include  -I/home/lcz/code/lede/staging_dir/host/include  conftest.c >&5
configure:6154: $? = 0
configure:6161: result: yes
configure:6169: checking for wctype_t in wctype.h
configure:6188: gcc -c -O2 -I/home/lcz/code/lede/staging_dir/host/include  -I/home/lcz/code/lede/staging_dir/host/include  conftest.c >&5
configure:6188: $? = 0
configure:6195: result: yes
configure:6203: checking for wint_t in wctype.h
configure:6222: gcc -c -O2 -I/home/lcz/code/lede/staging_dir/host/include  -I/home/lcz/code/lede/staging_dir/host/include  conftest.c >&5
configure:6222: $? = 0
configure:6229: result: yes
configure:6271: checking configuration for building shared libraries
configure:6295: result: supported
configure:6423: updating cache ./config.cache
configure:6472: creating ./config.status

## ---------------------- ##
## Running config.status. ##
## ---------------------- ##

This file was extended by readline config.status 6.2, which was
generated by GNU Autoconf 2.69.  Invocation command line was

  CONFIG_FILES    = 
  CONFIG_HEADERS  = 
  CONFIG_LINKS    = 
  CONFIG_COMMANDS = 
  $ ./config.status 

on MediumslateblueUnwieldy-VM

config.status:928: creating Makefile
config.status:928: creating doc/Makefile
config.status:928: creating examples/Makefile
config.status:928: creating shlib/Makefile
config.status:928: creating config.h
config.status:1117: executing default commands

## ---------------- ##
## Cache variables. ##
## ---------------- ##

ac_cv_build=x86_64-pc-linux-gnu
ac_cv_c_char_unsigned=no
ac_cv_c_compiler_gnu=yes
ac_cv_c_const=yes
ac_cv_c_volatile=yes
ac_cv_env_CC_set=set
ac_cv_env_CC_value=gcc
ac_cv_env_CFLAGS_set=set
ac_cv_env_CFLAGS_value='-O2 -I/home/lcz/code/lede/staging_dir/host/include '
ac_cv_env_CPPFLAGS_set=set
ac_cv_env_CPPFLAGS_value='-I/home/lcz/code/lede/staging_dir/host/include '
ac_cv_env_CPP_set=
ac_cv_env_CPP_value=
ac_cv_env_LDFLAGS_set=set
ac_cv_env_LDFLAGS_value=' -L/home/lcz/code/lede/staging_dir/host/lib '
ac_cv_env_LIBS_set=
ac_cv_env_LIBS_value=
ac_cv_env_build_alias_set=set
ac_cv_env_build_alias_value=x86_64-pc-linux-gnu
ac_cv_env_host_alias_set=set
ac_cv_env_host_alias_value=x86_64-pc-linux-gnu
ac_cv_env_target_alias_set=set
ac_cv_env_target_alias_value=mipsel-openwrt-linux-musl
ac_cv_func_fcntl=yes
ac_cv_func_getpwent=yes
ac_cv_func_getpwnam=yes
ac_cv_func_getpwuid=yes
ac_cv_func_isascii=yes
ac_cv_func_iswctype=yes
ac_cv_func_iswlower=yes
ac_cv_func_iswupper=yes
ac_cv_func_isxdigit=yes
ac_cv_func_kill=yes
ac_cv_func_lstat=yes
ac_cv_func_mbrlen=yes
ac_cv_func_mbrtowc=yes
ac_cv_func_mbscasecmp=no
ac_cv_func_mbschr=no
ac_cv_func_mbscmp=no
ac_cv_func_mbsnrtowcs=yes
ac_cv_func_mbsrtowcs=yes
ac_cv_func_memmove=yes
ac_cv_func_putenv=yes
ac_cv_func_select=yes
ac_cv_func_setenv=yes
ac_cv_func_setlocale=yes
ac_cv_func_strcasecmp=yes
ac_cv_func_strcoll_works=yes
ac_cv_func_strpbrk=yes
ac_cv_func_tcgetattr=yes
ac_cv_func_tgetent=no
ac_cv_func_towlower=yes
ac_cv_func_towupper=yes
ac_cv_func_vsnprintf=yes
ac_cv_func_wcrtomb=yes
ac_cv_func_wcscoll=yes
ac_cv_func_wcsdup=yes
ac_cv_func_wcswidth=yes
ac_cv_func_wctype=yes
ac_cv_func_wcwidth=yes
ac_cv_have_sig_atomic_t=yes
ac_cv_header_dirent_dirent_h=yes
ac_cv_header_fcntl_h=yes
ac_cv_header_inttypes_h=yes
ac_cv_header_langinfo_h=yes
ac_cv_header_limits_h=yes
ac_cv_header_locale_h=yes
ac_cv_header_memory_h=yes
ac_cv_header_minix_config_h=no
ac_cv_header_pwd_h=yes
ac_cv_header_stat_broken=no
ac_cv_header_stdarg_h=yes
ac_cv_header_stdc=yes
ac_cv_header_stdint_h=yes
ac_cv_header_stdlib_h=yes
ac_cv_header_string_h=yes
ac_cv_header_strings_h=yes
ac_cv_header_sys_file_h=yes
ac_cv_header_sys_pte_h=no
ac_cv_header_sys_ptem_h=no
ac_cv_header_sys_select_h=yes
ac_cv_header_sys_stat_h=yes
ac_cv_header_sys_stream_h=no
ac_cv_header_sys_types_h=yes
ac_cv_header_termcap_h=yes
ac_cv_header_termio_h=yes
ac_cv_header_termios_h=yes
ac_cv_header_unistd_h=yes
ac_cv_header_varargs_h=no
ac_cv_header_wchar_h=yes
ac_cv_header_wctype_h=yes
ac_cv_host=x86_64-pc-linux-gnu
ac_cv_lib_termcap_tgetent=yes
ac_cv_objext=o
ac_cv_path_EGREP='/home/lcz/code/lede/staging_dir/host/bin/grep -E'
ac_cv_path_GREP=/home/lcz/code/lede/staging_dir/host/bin/grep
ac_cv_prog_AR=ar
ac_cv_prog_CC=gcc
ac_cv_prog_CPP='gcc -E'
ac_cv_prog_RANLIB=ranlib
ac_cv_prog_cc_c89=
ac_cv_prog_cc_g=yes
ac_cv_prog_gcc_traditional=no
ac_cv_prog_make_make_set=yes
ac_cv_safe_to_define___extensions__=yes
ac_cv_search_opendir='none required'
ac_cv_sys_file_offset_bits=no
ac_cv_sys_largefile_CC=no
ac_cv_sys_tiocgwinsz_in_sys_ioctl_h=yes
ac_cv_sys_tiocgwinsz_in_termios_h=no
ac_cv_type_signal=void
ac_cv_type_size_t=yes
ac_cv_type_ssize_t=yes
bash_cv_dirent_has_d_fileno=yes
bash_cv_dirent_has_dino=yes
bash_cv_fionread_in_ioctl=yes
bash_cv_func_ctype_nonascii=no
bash_cv_func_lstat=yes
bash_cv_func_sigsetjmp=present
bash_cv_func_strcoll_broken=no
bash_cv_getpw_declared=yes
bash_cv_langinfo_codeset=yes
bash_cv_must_reinstall_sighandlers=no
bash_cv_signal_vintage=posix
bash_cv_speed_t_in_sys_types=no
bash_cv_struct_winsize_header=ioctl_h
bash_cv_termcap_lib=libtermcap
bash_cv_tiocstat_in_ioctl=no
bash_cv_type_wchar_t=yes
bash_cv_type_wctype_t=yes
bash_cv_type_wint_t=yes
bash_cv_void_sighandler=yes

## ----------------- ##
## Output variables. ##
## ----------------- ##

AR='ar'
ARFLAGS='cr'
BUILD_DIR='/home/lcz/code/lede/build_dir/toolchain-mipsel_24kc_gcc-7.5.0_musl/gdb-8.3.1/readline'
CC='gcc'
CFLAGS='-O2 -I/home/lcz/code/lede/staging_dir/host/include '
CPP='gcc -E'
CPPFLAGS='-I/home/lcz/code/lede/staging_dir/host/include '
CROSS_COMPILE=''
DEFS='-DHAVE_CONFIG_H'
ECHO_C=''
ECHO_N='-n'
ECHO_T=''
EGREP='/home/lcz/code/lede/staging_dir/host/bin/grep -E'
EXEEXT=''
GREP='/home/lcz/code/lede/staging_dir/host/bin/grep'
INSTALL_DATA='/usr/bin/install -c -m 644'
INSTALL_PROGRAM='/usr/bin/install -c'
INSTALL_SCRIPT='/usr/bin/install -c'
LDFLAGS=' -L/home/lcz/code/lede/staging_dir/host/lib '
LIBOBJS=' ${LIBOBJDIR}mbschr$U.o'
LIBS=''
LIBVERSION='6.2'
LOCAL_CFLAGS=''
LOCAL_DEFS=''
LOCAL_LDFLAGS=''
LTLIBOBJS=' ${LIBOBJDIR}mbschr$U.lo'
MAKE_SHELL='/bin/sh'
OBJEXT='o'
PACKAGE_BUGREPORT='bug-readline@gnu.org'
PACKAGE_NAME='readline'
PACKAGE_STRING='readline 6.2'
PACKAGE_TARNAME='readline'
PACKAGE_URL=''
PACKAGE_VERSION='6.2'
PATH_SEPARATOR=':'
PURIFY=''
RANLIB='ranlib'
SET_MAKE=''
SHARED_INSTALL_TARGET=''
SHARED_TARGET=''
SHELL='/usr/bin/env bash'
SHLIB_DLLVERSION='$(SHLIB_MAJOR)'
SHLIB_DOT='.'
SHLIB_LIBPREF='lib'
SHLIB_LIBS=''
SHLIB_LIBSUFF='so'
SHLIB_LIBVERSION='$(SHLIB_LIBSUFF).$(SHLIB_MAJOR)$(SHLIB_MINOR)'
SHLIB_MAJOR='6'
SHLIB_MINOR='2'
SHLIB_STATUS='supported'
SHLIB_XLDFLAGS='-Wl,-rpath,$(libdir) -Wl,-soname,`basename $@ $(SHLIB_MINOR)`'
SHOBJ_CC='gcc'
SHOBJ_CFLAGS='-fPIC'
SHOBJ_LD='${CC}'
SHOBJ_LDFLAGS='-shared -Wl,-soname,$@'
SHOBJ_LIBS=''
SHOBJ_STATUS='supported'
SHOBJ_XLDFLAGS=''
STATIC_INSTALL_TARGET='install-static'
STATIC_TARGET='static'
TERMCAP_LIB='-ltermcap'
ac_ct_CC=''
bindir='${exec_prefix}/bin'
build='x86_64-pc-linux-gnu'
build_alias='x86_64-pc-linux-gnu'
build_cpu='x86_64'
build_os='linux-gnu'
build_vendor='pc'
datadir='${datarootdir}'
datarootdir='${prefix}/share'
docdir='${datarootdir}/doc/${PACKAGE_TARNAME}'
dvidir='${docdir}'
exec_prefix='${prefix}'
host='x86_64-pc-linux-gnu'
host_alias='x86_64-pc-linux-gnu'
host_cpu='x86_64'
host_os='linux-gnu'
host_vendor='pc'
htmldir='${docdir}'
includedir='${prefix}/include'
infodir='${datarootdir}/info'
libdir='${exec_prefix}/lib'
libexecdir='${exec_prefix}/libexec'
localedir='${datarootdir}/locale'
localstatedir='${prefix}/var'
mandir='${datarootdir}/man'
oldincludedir='/usr/include'
pdfdir='${docdir}'
prefix='/home/lcz/code/lede/staging_dir/toolchain-mipsel_24kc_gcc-7.5.0_musl'
program_transform_name='s&^&mipsel-openwrt-linux-musl-&'
psdir='${docdir}'
sbindir='${exec_prefix}/sbin'
sharedstatedir='${prefix}/com'
sysconfdir='${prefix}/etc'
target_alias='mipsel-openwrt-linux-musl'

## ----------- ##
## confdefs.h. ##
## ----------- ##

/* confdefs.h */
#define PACKAGE_NAME "readline"
#define PACKAGE_TARNAME "readline"
#define PACKAGE_VERSION "6.2"
#define PACKAGE_STRING "readline 6.2"
#define PACKAGE_BUGREPORT "bug-readline@gnu.org"
#define PACKAGE_URL ""
#define STDC_HEADERS 1
#define HAVE_SYS_TYPES_H 1
#define HAVE_SYS_STAT_H 1
#define HAVE_STDLIB_H 1
#define HAVE_STRING_H 1
#define HAVE_MEMORY_H 1
#define HAVE_STRINGS_H 1
#define HAVE_INTTYPES_H 1
#define HAVE_STDINT_H 1
#define HAVE_UNISTD_H 1
#define __EXTENSIONS__ 1
#define _ALL_SOURCE 1
#define _GNU_SOURCE 1
#define _POSIX_PTHREAD_SEMANTICS 1
#define _TANDEM_SOURCE 1
#define PROTOTYPES 1
#define __PROTOTYPES 1
#define RETSIGTYPE void
#define STDC_HEADERS 1
#define HAVE_DIRENT_H 1
#define HAVE_FCNTL 1
#define HAVE_KILL 1
#define HAVE_LSTAT 1
#define HAVE_MEMMOVE 1
#define HAVE_PUTENV 1
#define HAVE_SELECT 1
#define HAVE_SETENV 1
#define HAVE_SETLOCALE 1
#define HAVE_STRCASECMP 1
#define HAVE_STRPBRK 1
#define HAVE_TCGETATTR 1
#define HAVE_VSNPRINTF 1
#define HAVE_ISASCII 1
#define HAVE_ISXDIGIT 1
#define HAVE_GETPWENT 1
#define HAVE_GETPWNAM 1
#define HAVE_GETPWUID 1
#define HAVE_STRCOLL 1
#define HAVE_FCNTL_H 1
#define HAVE_UNISTD_H 1
#define HAVE_STDLIB_H 1
#define HAVE_STDARG_H 1
#define HAVE_STRING_H 1
#define HAVE_STRINGS_H 1
#define HAVE_LIMITS_H 1
#define HAVE_LOCALE_H 1
#define HAVE_PWD_H 1
#define HAVE_MEMORY_H 1
#define HAVE_TERMCAP_H 1
#define HAVE_TERMIOS_H 1
#define HAVE_TERMIO_H 1
#define HAVE_SYS_SELECT_H 1
#define HAVE_SYS_FILE_H 1
#define HAVE_POSIX_SIGNALS 1
#define HAVE_POSIX_SIGSETJMP 1
#define HAVE_LSTAT 1
#define HAVE_GETPW_DECLS 1
#define GWINSZ_IN_SYS_IOCTL 1
#define VOID_SIGHANDLER 1
#define FIONREAD_IN_SYS_IOCTL 1
#define STRUCT_WINSIZE_IN_SYS_IOCTL 1
#define HAVE_STRUCT_DIRENT_D_INO 1
#define HAVE_STRUCT_DIRENT_D_FILENO 1
#define HAVE_WCTYPE_H 1
#define HAVE_WCHAR_H 1
#define HAVE_LANGINFO_H 1
#define HAVE_MBRLEN 1
#define HAVE_MBSNRTOWCS 1
#define HAVE_MBSRTOWCS 1
#define HAVE_WCRTOMB 1
#define HAVE_WCSCOLL 1
#define HAVE_WCSDUP 1
#define HAVE_WCWIDTH 1
#define HAVE_WCTYPE 1
#define HAVE_WCSWIDTH 1
#define HAVE_MBRTOWC 1
#define HAVE_MBSTATE_T 1
#define HAVE_ISWLOWER 1
#define HAVE_ISWUPPER 1
#define HAVE_TOWLOWER 1
#define HAVE_TOWUPPER 1
#define HAVE_ISWCTYPE 1
#define HAVE_LANGINFO_CODESET 1
#define HAVE_WCHAR_T 1
#define HAVE_WCTYPE_T 1
#define HAVE_WINT_T 1

configure: exit 0
