This file contains any messages produced by compilers while
running configure, to aid debugging if configure makes a mistake.

It was created by libdecnumber configure  , which was
generated by GNU Autoconf 2.69.  Invocation command line was

  $ /home/lcz/code/lede/build_dir/toolchain-mipsel_24kc_gcc-7.5.0_musl/gdb-8.3.1/libdecnumber/configure --srcdir=.././libdecnumber --cache-file=./config.cache --prefix=/home/lcz/code/lede/staging_dir/toolchain-mipsel_24kc_gcc-7.5.0_musl --disable-werror --without-uiout --enable-tui --disable-gdbtk --without-x --without-included-gettext --enable-threads --with-expat --without-python --disable-binutils --disable-ld --disable-gas --disable-sim --program-transform-name=s&^&mipsel-openwrt-linux-musl-& --disable-option-checking --build=x86_64-pc-linux-gnu --host=x86_64-pc-linux-gnu --target=mipsel-openwrt-linux-musl

## --------- ##
## Platform. ##
## --------- ##

hostname = MediumslateblueUnwieldy-VM
uname -m = x86_64
uname -r = 4.11.8-041108-generic
uname -s = Linux
uname -v = #201706290836 SMP Thu Jun 29 12:38:45 UTC 2017

/usr/bin/uname -p = unknown
/bin/uname -X     = unknown

/bin/arch              = unknown
/usr/bin/arch -k       = unknown
/usr/convex/getsysinfo = unknown
/usr/bin/hostinfo      = unknown
/bin/machine           = unknown
/usr/bin/oslevel       = unknown
/bin/universe          = unknown

PATH: /home/lcz/code/lede/staging_dir/toolchain-mipsel_24kc_gcc-7.5.0_musl/bin
PATH: /home/lcz/code/lede/staging_dir/toolchain-mipsel_24kc_gcc-7.5.0_musl/bin
PATH: /home/lcz/code/lede/staging_dir/host/bin
PATH: /home/lcz/code/lede/staging_dir/toolchain-mipsel_24kc_gcc-7.5.0_musl/bin
PATH: /home/lcz/code/lede/staging_dir/host/bin
PATH: /home/lcz/code/lede/staging_dir/host/bin
PATH: /home/lcz/bin
PATH: /home/lcz/.local/bin
PATH: /usr/local/sbin
PATH: /usr/local/bin
PATH: /usr/sbin
PATH: /usr/bin
PATH: /sbin
PATH: /bin
PATH: /usr/games
PATH: /usr/local/games


## ----------- ##
## Core tests. ##
## ----------- ##

configure:2183: creating cache ./config.cache
configure:2292: checking whether make sets $(MAKE)
configure:2314: result: yes
configure:2331: checking for x86_64-pc-linux-gnu-gcc
configure:2358: result: gcc
configure:2627: checking for C compiler version
configure:2636: gcc --version >&5
gcc (Debian 9.3.0-11) 9.3.0
Copyright (C) 2019 Free Software Foundation, Inc.
This is free software; see the source for copying conditions.  There is NO
warranty; not even for MERCHANTABILITY or FITNESS FOR A PARTICULAR PURPOSE.

configure:2647: $? = 0
configure:2636: gcc -v >&5
Using built-in specs.
COLLECT_GCC=gcc
COLLECT_LTO_WRAPPER=/usr/lib/gcc/x86_64-linux-gnu/9/lto-wrapper
OFFLOAD_TARGET_NAMES=nvptx-none:hsa
OFFLOAD_TARGET_DEFAULT=1
Target: x86_64-linux-gnu
Configured with: ../src/configure -v --with-pkgversion='Debian 9.3.0-11' --with-bugurl=file:///usr/share/doc/gcc-9/README.Bugs --enable-languages=c,ada,c++,go,brig,d,fortran,objc,obj-c++,gm2 --prefix=/usr --with-gcc-major-version-only --program-suffix=-9 --program-prefix=x86_64-linux-gnu- --enable-shared --enable-linker-build-id --libexecdir=/usr/lib --without-included-gettext --enable-threads=posix --libdir=/usr/lib --enable-nls --enable-bootstrap --enable-clocale=gnu --enable-libstdcxx-debug --enable-libstdcxx-time=yes --with-default-libstdcxx-abi=new --enable-gnu-unique-object --disable-vtable-verify --enable-plugin --enable-default-pie --with-system-zlib --with-target-system-zlib=auto --enable-objc-gc=auto --enable-multiarch --disable-werror --with-arch-32=i686 --with-abi=m64 --with-multilib-list=m32,m64,mx32 --enable-multilib --with-tune=generic --enable-offload-targets=nvptx-none,hsa --without-cuda-driver --enable-checking=release --build=x86_64-linux-gnu --host=x86_64-linux-gnu --target=x86_64-linux-gnu --with-build-config=bootstrap-lto-lean --enable-link-mutex
Thread model: posix
gcc version 9.3.0 (Debian 9.3.0-11) 
configure:2647: $? = 0
configure:2636: gcc -V >&5
gcc: error: unrecognized command line option '-V'
gcc: fatal error: no input files
compilation terminated.
configure:2647: $? = 1
configure:2636: gcc -qversion >&5
gcc: error: unrecognized command line option '-qversion'; did you mean '--version'?
gcc: fatal error: no input files
compilation terminated.
configure:2647: $? = 1
configure:2667: checking whether the C compiler works
configure:2689: gcc -O2 -I/home/lcz/code/lede/staging_dir/host/include  -I/home/lcz/code/lede/staging_dir/host/include   -L/home/lcz/code/lede/staging_dir/host/lib  conftest.c  >&5
configure:2693: $? = 0
configure:2741: result: yes
configure:2744: checking for C compiler default output file name
configure:2746: result: a.out
configure:2752: checking for suffix of executables
configure:2759: gcc -o conftest -O2 -I/home/lcz/code/lede/staging_dir/host/include  -I/home/lcz/code/lede/staging_dir/host/include   -L/home/lcz/code/lede/staging_dir/host/lib  conftest.c  >&5
configure:2763: $? = 0
configure:2785: result: 
configure:2807: checking whether we are cross compiling
configure:2815: gcc -o conftest -O2 -I/home/lcz/code/lede/staging_dir/host/include  -I/home/lcz/code/lede/staging_dir/host/include   -L/home/lcz/code/lede/staging_dir/host/lib  conftest.c  >&5
configure:2819: $? = 0
configure:2826: ./conftest
configure:2830: $? = 0
configure:2845: result: no
configure:2850: checking for suffix of object files
configure:2872: gcc -c -O2 -I/home/lcz/code/lede/staging_dir/host/include  -I/home/lcz/code/lede/staging_dir/host/include  conftest.c >&5
configure:2876: $? = 0
configure:2897: result: o
configure:2901: checking whether we are using the GNU C compiler
configure:2920: gcc -c -O2 -I/home/lcz/code/lede/staging_dir/host/include  -I/home/lcz/code/lede/staging_dir/host/include  conftest.c >&5
configure:2920: $? = 0
configure:2929: result: yes
configure:2938: checking whether gcc accepts -g
configure:2958: gcc -c -g -I/home/lcz/code/lede/staging_dir/host/include  conftest.c >&5
configure:2958: $? = 0
configure:2999: result: yes
configure:3016: checking for gcc option to accept ISO C89
configure:3079: gcc  -c -O2 -I/home/lcz/code/lede/staging_dir/host/include  -I/home/lcz/code/lede/staging_dir/host/include  conftest.c >&5
configure:3079: $? = 0
configure:3092: result: none needed
configure:3115: checking for x86_64-pc-linux-gnu-ranlib
configure:3142: result: ranlib
configure:3210: checking for aclocal
configure:3226: found /home/lcz/code/lede/staging_dir/host/bin/aclocal
configure:3237: result: aclocal
configure:3253: checking for autoconf
configure:3269: found /home/lcz/code/lede/staging_dir/host/bin/autoconf
configure:3280: result: autoconf
configure:3296: checking for autoheader
configure:3312: found /home/lcz/code/lede/staging_dir/host/bin/autoheader
configure:3323: result: autoheader
configure:3359: checking whether gcc supports -W
configure:3376: gcc -c -W -I/home/lcz/code/lede/staging_dir/host/include  conftest.c >&5
configure:3376: $? = 0
configure:3385: result: yes
configure:3359: checking whether gcc supports -Wall
configure:3376: gcc -c -Wall -I/home/lcz/code/lede/staging_dir/host/include  conftest.c >&5
configure:3376: $? = 0
configure:3385: result: yes
configure:3359: checking whether gcc supports -Wwrite-strings
configure:3376: gcc -c -Wwrite-strings -I/home/lcz/code/lede/staging_dir/host/include  conftest.c >&5
configure:3376: $? = 0
configure:3385: result: yes
configure:3359: checking whether gcc supports -Wstrict-prototypes
configure:3376: gcc -c -Wstrict-prototypes -I/home/lcz/code/lede/staging_dir/host/include  conftest.c >&5
conftest.c:11:1: warning: function declaration isn't a prototype [-Wstrict-prototypes]
   11 | main ()
      | ^~~~
configure:3376: $? = 0
configure:3385: result: yes
configure:3359: checking whether gcc supports -Wmissing-prototypes
configure:3376: gcc -c -Wmissing-prototypes -I/home/lcz/code/lede/staging_dir/host/include  conftest.c >&5
configure:3376: $? = 0
configure:3385: result: yes
configure:3359: checking whether gcc supports -Wold-style-definition
configure:3376: gcc -c -Wold-style-definition -I/home/lcz/code/lede/staging_dir/host/include  conftest.c >&5
conftest.c: In function 'main':
conftest.c:11:1: warning: old-style function definition [-Wold-style-definition]
   11 | main ()
      | ^~~~
configure:3376: $? = 0
configure:3385: result: yes
configure:3359: checking whether gcc supports -Wmissing-format-attribute
configure:3376: gcc -c -Wmissing-format-attribute -I/home/lcz/code/lede/staging_dir/host/include  conftest.c >&5
configure:3376: $? = 0
configure:3385: result: yes
configure:3359: checking whether gcc supports -Wcast-qual
configure:3376: gcc -c -Wcast-qual -I/home/lcz/code/lede/staging_dir/host/include  conftest.c >&5
configure:3376: $? = 0
configure:3385: result: yes
configure:3409: checking whether gcc supports -pedantic -Wlong-long
configure:3427: gcc -c -pedantic -Wlong-long -I/home/lcz/code/lede/staging_dir/host/include  conftest.c >&5
configure:3427: $? = 0
configure:3435: result: yes
configure:3467: checking whether gcc supports -fno-lto
configure:3484: gcc -c -fno-lto -I/home/lcz/code/lede/staging_dir/host/include  conftest.c >&5
configure:3484: $? = 0
configure:3493: result: yes
configure:3542: checking how to run the C preprocessor
configure:3573: gcc -E -I/home/lcz/code/lede/staging_dir/host/include  conftest.c
configure:3573: $? = 0
configure:3587: gcc -E -I/home/lcz/code/lede/staging_dir/host/include  conftest.c
conftest.c:9:10: fatal error: ac_nonexistent.h: No such file or directory
    9 | #include <ac_nonexistent.h>
      |          ^~~~~~~~~~~~~~~~~~
compilation terminated.
configure:3587: $? = 1
configure: failed program was:
| /* confdefs.h */
| #define PACKAGE_NAME "libdecnumber"
| #define PACKAGE_TARNAME "libdecnumber"
| #define PACKAGE_VERSION " "
| #define PACKAGE_STRING "libdecnumber  "
| #define PACKAGE_BUGREPORT "gcc-bugs@gcc.gnu.org"
| #define PACKAGE_URL ""
| /* end confdefs.h.  */
| #include <ac_nonexistent.h>
configure:3612: result: gcc -E
configure:3632: gcc -E -I/home/lcz/code/lede/staging_dir/host/include  conftest.c
configure:3632: $? = 0
configure:3646: gcc -E -I/home/lcz/code/lede/staging_dir/host/include  conftest.c
conftest.c:9:10: fatal error: ac_nonexistent.h: No such file or directory
    9 | #include <ac_nonexistent.h>
      |          ^~~~~~~~~~~~~~~~~~
compilation terminated.
configure:3646: $? = 1
configure: failed program was:
| /* confdefs.h */
| #define PACKAGE_NAME "libdecnumber"
| #define PACKAGE_TARNAME "libdecnumber"
| #define PACKAGE_VERSION " "
| #define PACKAGE_STRING "libdecnumber  "
| #define PACKAGE_BUGREPORT "gcc-bugs@gcc.gnu.org"
| #define PACKAGE_URL ""
| /* end confdefs.h.  */
| #include <ac_nonexistent.h>
configure:3675: checking for grep that handles long lines and -e
configure:3733: result: /home/lcz/code/lede/staging_dir/host/bin/grep
configure:3738: checking for egrep
configure:3800: result: /home/lcz/code/lede/staging_dir/host/bin/grep -E
configure:3805: checking for ANSI C header files
configure:3825: gcc -c -O2 -I/home/lcz/code/lede/staging_dir/host/include  -I/home/lcz/code/lede/staging_dir/host/include  conftest.c >&5
configure:3825: $? = 0
configure:3898: gcc -o conftest -O2 -I/home/lcz/code/lede/staging_dir/host/include  -I/home/lcz/code/lede/staging_dir/host/include   -L/home/lcz/code/lede/staging_dir/host/lib  conftest.c  >&5
configure:3898: $? = 0
configure:3898: ./conftest
configure:3898: $? = 0
configure:3909: result: yes
configure:3922: checking for sys/types.h
configure:3922: gcc -c -O2 -I/home/lcz/code/lede/staging_dir/host/include  -I/home/lcz/code/lede/staging_dir/host/include  conftest.c >&5
configure:3922: $? = 0
configure:3922: result: yes
configure:3922: checking for sys/stat.h
configure:3922: gcc -c -O2 -I/home/lcz/code/lede/staging_dir/host/include  -I/home/lcz/code/lede/staging_dir/host/include  conftest.c >&5
configure:3922: $? = 0
configure:3922: result: yes
configure:3922: checking for stdlib.h
configure:3922: gcc -c -O2 -I/home/lcz/code/lede/staging_dir/host/include  -I/home/lcz/code/lede/staging_dir/host/include  conftest.c >&5
configure:3922: $? = 0
configure:3922: result: yes
configure:3922: checking for string.h
configure:3922: gcc -c -O2 -I/home/lcz/code/lede/staging_dir/host/include  -I/home/lcz/code/lede/staging_dir/host/include  conftest.c >&5
configure:3922: $? = 0
configure:3922: result: yes
configure:3922: checking for memory.h
configure:3922: gcc -c -O2 -I/home/lcz/code/lede/staging_dir/host/include  -I/home/lcz/code/lede/staging_dir/host/include  conftest.c >&5
configure:3922: $? = 0
configure:3922: result: yes
configure:3922: checking for strings.h
configure:3922: gcc -c -O2 -I/home/lcz/code/lede/staging_dir/host/include  -I/home/lcz/code/lede/staging_dir/host/include  conftest.c >&5
configure:3922: $? = 0
configure:3922: result: yes
configure:3922: checking for inttypes.h
configure:3922: gcc -c -O2 -I/home/lcz/code/lede/staging_dir/host/include  -I/home/lcz/code/lede/staging_dir/host/include  conftest.c >&5
configure:3922: $? = 0
configure:3922: result: yes
configure:3922: checking for stdint.h
configure:3922: gcc -c -O2 -I/home/lcz/code/lede/staging_dir/host/include  -I/home/lcz/code/lede/staging_dir/host/include  conftest.c >&5
configure:3922: $? = 0
configure:3922: result: yes
configure:3922: checking for unistd.h
configure:3922: gcc -c -O2 -I/home/lcz/code/lede/staging_dir/host/include  -I/home/lcz/code/lede/staging_dir/host/include  conftest.c >&5
configure:3922: $? = 0
configure:3922: result: yes
configure:3937: checking ctype.h usability
configure:3937: gcc -c -O2 -I/home/lcz/code/lede/staging_dir/host/include  -I/home/lcz/code/lede/staging_dir/host/include  conftest.c >&5
configure:3937: $? = 0
configure:3937: result: yes
configure:3937: checking ctype.h presence
configure:3937: gcc -E -I/home/lcz/code/lede/staging_dir/host/include  conftest.c
configure:3937: $? = 0
configure:3937: result: yes
configure:3937: checking for ctype.h
configure:3937: result: yes
configure:3937: checking stddef.h usability
configure:3937: gcc -c -O2 -I/home/lcz/code/lede/staging_dir/host/include  -I/home/lcz/code/lede/staging_dir/host/include  conftest.c >&5
configure:3937: $? = 0
configure:3937: result: yes
configure:3937: checking stddef.h presence
configure:3937: gcc -E -I/home/lcz/code/lede/staging_dir/host/include  conftest.c
configure:3937: $? = 0
configure:3937: result: yes
configure:3937: checking for stddef.h
configure:3937: result: yes
configure:3937: checking for string.h
configure:3937: result: yes
configure:3937: checking stdio.h usability
configure:3937: gcc -c -O2 -I/home/lcz/code/lede/staging_dir/host/include  -I/home/lcz/code/lede/staging_dir/host/include  conftest.c >&5
configure:3937: $? = 0
configure:3937: result: yes
configure:3937: checking stdio.h presence
configure:3937: gcc -E -I/home/lcz/code/lede/staging_dir/host/include  conftest.c
configure:3937: $? = 0
configure:3937: result: yes
configure:3937: checking for stdio.h
configure:3937: result: yes
configure:3960: checking for uintmax_t
configure:3960: gcc -c -O2 -I/home/lcz/code/lede/staging_dir/host/include  -I/home/lcz/code/lede/staging_dir/host/include  conftest.c >&5
configure:3960: $? = 0
configure:3960: gcc -c -O2 -I/home/lcz/code/lede/staging_dir/host/include  -I/home/lcz/code/lede/staging_dir/host/include  conftest.c >&5
conftest.c: In function 'main':
conftest.c:29:24: error: expected expression before ')' token
   29 | if (sizeof ((uintmax_t)))
      |                        ^
configure:3960: $? = 1
configure: failed program was:
| /* confdefs.h */
| #define PACKAGE_NAME "libdecnumber"
| #define PACKAGE_TARNAME "libdecnumber"
| #define PACKAGE_VERSION " "
| #define PACKAGE_STRING "libdecnumber  "
| #define PACKAGE_BUGREPORT "gcc-bugs@gcc.gnu.org"
| #define PACKAGE_URL ""
| #define STDC_HEADERS 1
| #define HAVE_SYS_TYPES_H 1
| #define HAVE_SYS_STAT_H 1
| #define HAVE_STDLIB_H 1
| #define HAVE_STRING_H 1
| #define HAVE_MEMORY_H 1
| #define HAVE_STRINGS_H 1
| #define HAVE_INTTYPES_H 1
| #define HAVE_STDINT_H 1
| #define HAVE_UNISTD_H 1
| #define HAVE_CTYPE_H 1
| #define HAVE_STDDEF_H 1
| #define HAVE_STRING_H 1
| #define HAVE_STDIO_H 1
| /* end confdefs.h.  */
| #include <sys/types.h>
| #include <stdint.h>
| 
| int
| main ()
| {
| if (sizeof ((uintmax_t)))
| 	    return 0;
|   ;
|   return 0;
| }
configure:3960: result: yes
configure:3969: checking for uintptr_t
configure:3969: gcc -c -O2 -I/home/lcz/code/lede/staging_dir/host/include  -I/home/lcz/code/lede/staging_dir/host/include  conftest.c >&5
configure:3969: $? = 0
configure:3969: gcc -c -O2 -I/home/lcz/code/lede/staging_dir/host/include  -I/home/lcz/code/lede/staging_dir/host/include  conftest.c >&5
conftest.c: In function 'main':
conftest.c:29:24: error: expected expression before ')' token
   29 | if (sizeof ((uintptr_t)))
      |                        ^
configure:3969: $? = 1
configure: failed program was:
| /* confdefs.h */
| #define PACKAGE_NAME "libdecnumber"
| #define PACKAGE_TARNAME "libdecnumber"
| #define PACKAGE_VERSION " "
| #define PACKAGE_STRING "libdecnumber  "
| #define PACKAGE_BUGREPORT "gcc-bugs@gcc.gnu.org"
| #define PACKAGE_URL ""
| #define STDC_HEADERS 1
| #define HAVE_SYS_TYPES_H 1
| #define HAVE_SYS_STAT_H 1
| #define HAVE_STDLIB_H 1
| #define HAVE_STRING_H 1
| #define HAVE_MEMORY_H 1
| #define HAVE_STRINGS_H 1
| #define HAVE_INTTYPES_H 1
| #define HAVE_STDINT_H 1
| #define HAVE_UNISTD_H 1
| #define HAVE_CTYPE_H 1
| #define HAVE_STDDEF_H 1
| #define HAVE_STRING_H 1
| #define HAVE_STDIO_H 1
| /* end confdefs.h.  */
| #include <sys/types.h>
| #include <stdint.h>
| 
| int
| main ()
| {
| if (sizeof ((uintptr_t)))
| 	    return 0;
|   ;
|   return 0;
| }
configure:3969: result: yes
configure:3978: checking for int_least32_t
configure:3978: gcc -c -O2 -I/home/lcz/code/lede/staging_dir/host/include  -I/home/lcz/code/lede/staging_dir/host/include  conftest.c >&5
configure:3978: $? = 0
configure:3978: gcc -c -O2 -I/home/lcz/code/lede/staging_dir/host/include  -I/home/lcz/code/lede/staging_dir/host/include  conftest.c >&5
conftest.c: In function 'main':
conftest.c:29:28: error: expected expression before ')' token
   29 | if (sizeof ((int_least32_t)))
      |                            ^
configure:3978: $? = 1
configure: failed program was:
| /* confdefs.h */
| #define PACKAGE_NAME "libdecnumber"
| #define PACKAGE_TARNAME "libdecnumber"
| #define PACKAGE_VERSION " "
| #define PACKAGE_STRING "libdecnumber  "
| #define PACKAGE_BUGREPORT "gcc-bugs@gcc.gnu.org"
| #define PACKAGE_URL ""
| #define STDC_HEADERS 1
| #define HAVE_SYS_TYPES_H 1
| #define HAVE_SYS_STAT_H 1
| #define HAVE_STDLIB_H 1
| #define HAVE_STRING_H 1
| #define HAVE_MEMORY_H 1
| #define HAVE_STRINGS_H 1
| #define HAVE_INTTYPES_H 1
| #define HAVE_STDINT_H 1
| #define HAVE_UNISTD_H 1
| #define HAVE_CTYPE_H 1
| #define HAVE_STDDEF_H 1
| #define HAVE_STRING_H 1
| #define HAVE_STDIO_H 1
| /* end confdefs.h.  */
| #include <sys/types.h>
| #include <stdint.h>
| 
| int
| main ()
| {
| if (sizeof ((int_least32_t)))
| 	    return 0;
|   ;
|   return 0;
| }
configure:3978: result: yes
configure:3987: checking for int_fast32_t
configure:3987: gcc -c -O2 -I/home/lcz/code/lede/staging_dir/host/include  -I/home/lcz/code/lede/staging_dir/host/include  conftest.c >&5
configure:3987: $? = 0
configure:3987: gcc -c -O2 -I/home/lcz/code/lede/staging_dir/host/include  -I/home/lcz/code/lede/staging_dir/host/include  conftest.c >&5
conftest.c: In function 'main':
conftest.c:29:27: error: expected expression before ')' token
   29 | if (sizeof ((int_fast32_t)))
      |                           ^
configure:3987: $? = 1
configure: failed program was:
| /* confdefs.h */
| #define PACKAGE_NAME "libdecnumber"
| #define PACKAGE_TARNAME "libdecnumber"
| #define PACKAGE_VERSION " "
| #define PACKAGE_STRING "libdecnumber  "
| #define PACKAGE_BUGREPORT "gcc-bugs@gcc.gnu.org"
| #define PACKAGE_URL ""
| #define STDC_HEADERS 1
| #define HAVE_SYS_TYPES_H 1
| #define HAVE_SYS_STAT_H 1
| #define HAVE_STDLIB_H 1
| #define HAVE_STRING_H 1
| #define HAVE_MEMORY_H 1
| #define HAVE_STRINGS_H 1
| #define HAVE_INTTYPES_H 1
| #define HAVE_STDINT_H 1
| #define HAVE_UNISTD_H 1
| #define HAVE_CTYPE_H 1
| #define HAVE_STDDEF_H 1
| #define HAVE_STRING_H 1
| #define HAVE_STDIO_H 1
| /* end confdefs.h.  */
| #include <sys/types.h>
| #include <stdint.h>
| 
| int
| main ()
| {
| if (sizeof ((int_fast32_t)))
| 	    return 0;
|   ;
|   return 0;
| }
configure:3987: result: yes
configure:3996: checking for uint64_t
configure:3996: gcc -c -O2 -I/home/lcz/code/lede/staging_dir/host/include  -I/home/lcz/code/lede/staging_dir/host/include  conftest.c >&5
configure:3996: $? = 0
configure:3996: gcc -c -O2 -I/home/lcz/code/lede/staging_dir/host/include  -I/home/lcz/code/lede/staging_dir/host/include  conftest.c >&5
conftest.c: In function 'main':
conftest.c:29:23: error: expected expression before ')' token
   29 | if (sizeof ((uint64_t)))
      |                       ^
configure:3996: $? = 1
configure: failed program was:
| /* confdefs.h */
| #define PACKAGE_NAME "libdecnumber"
| #define PACKAGE_TARNAME "libdecnumber"
| #define PACKAGE_VERSION " "
| #define PACKAGE_STRING "libdecnumber  "
| #define PACKAGE_BUGREPORT "gcc-bugs@gcc.gnu.org"
| #define PACKAGE_URL ""
| #define STDC_HEADERS 1
| #define HAVE_SYS_TYPES_H 1
| #define HAVE_SYS_STAT_H 1
| #define HAVE_STDLIB_H 1
| #define HAVE_STRING_H 1
| #define HAVE_MEMORY_H 1
| #define HAVE_STRINGS_H 1
| #define HAVE_INTTYPES_H 1
| #define HAVE_STDINT_H 1
| #define HAVE_UNISTD_H 1
| #define HAVE_CTYPE_H 1
| #define HAVE_STDDEF_H 1
| #define HAVE_STRING_H 1
| #define HAVE_STDIO_H 1
| /* end confdefs.h.  */
| #include <sys/types.h>
| #include <stdint.h>
| 
| int
| main ()
| {
| if (sizeof ((uint64_t)))
| 	    return 0;
|   ;
|   return 0;
| }
configure:3996: result: yes
configure:4077: checking what to include in gstdint.h
configure:4105: result: stdint.h (already complete)
configure:4350: checking for an ANSI C-conforming const
configure:4416: gcc -c -O2 -I/home/lcz/code/lede/staging_dir/host/include  -I/home/lcz/code/lede/staging_dir/host/include  conftest.c >&5
configure:4416: $? = 0
configure:4423: result: yes
configure:4431: checking for off_t
configure:4431: gcc -c -O2 -I/home/lcz/code/lede/staging_dir/host/include  -I/home/lcz/code/lede/staging_dir/host/include  conftest.c >&5
configure:4431: $? = 0
configure:4431: gcc -c -O2 -I/home/lcz/code/lede/staging_dir/host/include  -I/home/lcz/code/lede/staging_dir/host/include  conftest.c >&5
conftest.c: In function 'main':
conftest.c:59:20: error: expected expression before ')' token
   59 | if (sizeof ((off_t)))
      |                    ^
configure:4431: $? = 1
configure: failed program was:
| /* confdefs.h */
| #define PACKAGE_NAME "libdecnumber"
| #define PACKAGE_TARNAME "libdecnumber"
| #define PACKAGE_VERSION " "
| #define PACKAGE_STRING "libdecnumber  "
| #define PACKAGE_BUGREPORT "gcc-bugs@gcc.gnu.org"
| #define PACKAGE_URL ""
| #define STDC_HEADERS 1
| #define HAVE_SYS_TYPES_H 1
| #define HAVE_SYS_STAT_H 1
| #define HAVE_STDLIB_H 1
| #define HAVE_STRING_H 1
| #define HAVE_MEMORY_H 1
| #define HAVE_STRINGS_H 1
| #define HAVE_INTTYPES_H 1
| #define HAVE_STDINT_H 1
| #define HAVE_UNISTD_H 1
| #define HAVE_CTYPE_H 1
| #define HAVE_STDDEF_H 1
| #define HAVE_STRING_H 1
| #define HAVE_STDIO_H 1
| /* end confdefs.h.  */
| #include <stdio.h>
| #ifdef HAVE_SYS_TYPES_H
| # include <sys/types.h>
| #endif
| #ifdef HAVE_SYS_STAT_H
| # include <sys/stat.h>
| #endif
| #ifdef STDC_HEADERS
| # include <stdlib.h>
| # include <stddef.h>
| #else
| # ifdef HAVE_STDLIB_H
| #  include <stdlib.h>
| # endif
| #endif
| #ifdef HAVE_STRING_H
| # if !defined STDC_HEADERS && defined HAVE_MEMORY_H
| #  include <memory.h>
| # endif
| # include <string.h>
| #endif
| #ifdef HAVE_STRINGS_H
| # include <strings.h>
| #endif
| #ifdef HAVE_INTTYPES_H
| # include <inttypes.h>
| #endif
| #ifdef HAVE_STDINT_H
| # include <stdint.h>
| #endif
| #ifdef HAVE_UNISTD_H
| # include <unistd.h>
| #endif
| int
| main ()
| {
| if (sizeof ((off_t)))
| 	    return 0;
|   ;
|   return 0;
| }
configure:4431: result: yes
configure:4446: checking size of int
configure:4451: gcc -o conftest -O2 -I/home/lcz/code/lede/staging_dir/host/include  -I/home/lcz/code/lede/staging_dir/host/include   -L/home/lcz/code/lede/staging_dir/host/lib  conftest.c  >&5
configure:4451: $? = 0
configure:4451: ./conftest
configure:4451: $? = 0
configure:4465: result: 4
configure:4479: checking size of long
configure:4484: gcc -o conftest -O2 -I/home/lcz/code/lede/staging_dir/host/include  -I/home/lcz/code/lede/staging_dir/host/include   -L/home/lcz/code/lede/staging_dir/host/lib  conftest.c  >&5
configure:4484: $? = 0
configure:4484: ./conftest
configure:4484: $? = 0
configure:4498: result: 8
configure:4510: checking for ANSI C header files
configure:4614: result: yes
configure:4642: checking build system type
configure:4656: result: x86_64-pc-linux-gnu
configure:4676: checking host system type
configure:4689: result: x86_64-pc-linux-gnu
configure:4709: checking target system type
configure:4722: result: mipsel-openwrt-linux-musl
configure:4751: checking for decimal floating point
configure:4774: WARNING: decimal float is not supported for this target, ignored
configure:4816: result: dpd
configure:4821: checking whether byte ordering is bigendian
configure:4836: gcc -c -O2 -I/home/lcz/code/lede/staging_dir/host/include  -I/home/lcz/code/lede/staging_dir/host/include  conftest.c >&5
conftest.c:27:9: error: unknown type name 'not'
   27 |         not a universal capable compiler
      |         ^~~
conftest.c:27:15: error: expected '=', ',', ';', 'asm' or '__attribute__' before 'universal'
   27 |         not a universal capable compiler
      |               ^~~~~~~~~
conftest.c:27:15: error: unknown type name 'universal'
configure:4836: $? = 1
configure: failed program was:
| /* confdefs.h */
| #define PACKAGE_NAME "libdecnumber"
| #define PACKAGE_TARNAME "libdecnumber"
| #define PACKAGE_VERSION " "
| #define PACKAGE_STRING "libdecnumber  "
| #define PACKAGE_BUGREPORT "gcc-bugs@gcc.gnu.org"
| #define PACKAGE_URL ""
| #define STDC_HEADERS 1
| #define HAVE_SYS_TYPES_H 1
| #define HAVE_SYS_STAT_H 1
| #define HAVE_STDLIB_H 1
| #define HAVE_STRING_H 1
| #define HAVE_MEMORY_H 1
| #define HAVE_STRINGS_H 1
| #define HAVE_INTTYPES_H 1
| #define HAVE_STDINT_H 1
| #define HAVE_UNISTD_H 1
| #define HAVE_CTYPE_H 1
| #define HAVE_STDDEF_H 1
| #define HAVE_STRING_H 1
| #define HAVE_STDIO_H 1
| #define SIZEOF_INT 4
| #define SIZEOF_LONG 8
| #define STDC_HEADERS 1
| /* end confdefs.h.  */
| #ifndef __APPLE_CC__
| 	       not a universal capable compiler
| 	     #endif
| 	     typedef int dummy;
| 
configure:4881: gcc -c -O2 -I/home/lcz/code/lede/staging_dir/host/include  -I/home/lcz/code/lede/staging_dir/host/include  conftest.c >&5
configure:4881: $? = 0
configure:4899: gcc -c -O2 -I/home/lcz/code/lede/staging_dir/host/include  -I/home/lcz/code/lede/staging_dir/host/include  conftest.c >&5
conftest.c: In function 'main':
conftest.c:33:4: error: unknown type name 'not'; did you mean 'ino_t'?
   33 |    not big endian
      |    ^~~
      |    ino_t
conftest.c:33:12: error: expected '=', ',', ';', 'asm' or '__attribute__' before 'endian'
   33 |    not big endian
      |            ^~~~~~
configure:4899: $? = 1
configure: failed program was:
| /* confdefs.h */
| #define PACKAGE_NAME "libdecnumber"
| #define PACKAGE_TARNAME "libdecnumber"
| #define PACKAGE_VERSION " "
| #define PACKAGE_STRING "libdecnumber  "
| #define PACKAGE_BUGREPORT "gcc-bugs@gcc.gnu.org"
| #define PACKAGE_URL ""
| #define STDC_HEADERS 1
| #define HAVE_SYS_TYPES_H 1
| #define HAVE_SYS_STAT_H 1
| #define HAVE_STDLIB_H 1
| #define HAVE_STRING_H 1
| #define HAVE_MEMORY_H 1
| #define HAVE_STRINGS_H 1
| #define HAVE_INTTYPES_H 1
| #define HAVE_STDINT_H 1
| #define HAVE_UNISTD_H 1
| #define HAVE_CTYPE_H 1
| #define HAVE_STDDEF_H 1
| #define HAVE_STRING_H 1
| #define HAVE_STDIO_H 1
| #define SIZEOF_INT 4
| #define SIZEOF_LONG 8
| #define STDC_HEADERS 1
| /* end confdefs.h.  */
| #include <sys/types.h>
| 		#include <sys/param.h>
| 
| int
| main ()
| {
| #if BYTE_ORDER != BIG_ENDIAN
| 		 not big endian
| 		#endif
| 
|   ;
|   return 0;
| }
configure:5027: result: no
configure:5127: updating cache ./config.cache
configure:5177: creating ./config.status

## ---------------------- ##
## Running config.status. ##
## ---------------------- ##

This file was extended by libdecnumber config.status  , which was
generated by GNU Autoconf 2.69.  Invocation command line was

  CONFIG_FILES    = 
  CONFIG_HEADERS  = 
  CONFIG_LINKS    = 
  CONFIG_COMMANDS = 
  $ ./config.status 

on MediumslateblueUnwieldy-VM

config.status:857: creating Makefile
config.status:857: creating config.h
config.status:1041: executing gstdint.h commands

## ---------------- ##
## Cache variables. ##
## ---------------- ##

ac_cv_build=x86_64-pc-linux-gnu
ac_cv_c_bigendian=no
ac_cv_c_compiler_gnu=yes
ac_cv_c_const=yes
ac_cv_env_CC_set=set
ac_cv_env_CC_value=gcc
ac_cv_env_CFLAGS_set=set
ac_cv_env_CFLAGS_value='-O2 -I/home/lcz/code/lede/staging_dir/host/include '
ac_cv_env_CPPFLAGS_set=set
ac_cv_env_CPPFLAGS_value='-I/home/lcz/code/lede/staging_dir/host/include '
ac_cv_env_CPP_set=
ac_cv_env_CPP_value=
ac_cv_env_LDFLAGS_set=set
ac_cv_env_LDFLAGS_value=' -L/home/lcz/code/lede/staging_dir/host/lib '
ac_cv_env_LIBS_set=
ac_cv_env_LIBS_value=
ac_cv_env_build_alias_set=set
ac_cv_env_build_alias_value=x86_64-pc-linux-gnu
ac_cv_env_host_alias_set=set
ac_cv_env_host_alias_value=x86_64-pc-linux-gnu
ac_cv_env_target_alias_set=set
ac_cv_env_target_alias_value=mipsel-openwrt-linux-musl
ac_cv_header_ctype_h=yes
ac_cv_header_inttypes_h=yes
ac_cv_header_memory_h=yes
ac_cv_header_stdc=yes
ac_cv_header_stddef_h=yes
ac_cv_header_stdint_h=yes
ac_cv_header_stdio_h=yes
ac_cv_header_stdlib_h=yes
ac_cv_header_string_h=yes
ac_cv_header_strings_h=yes
ac_cv_header_sys_stat_h=yes
ac_cv_header_sys_types_h=yes
ac_cv_header_unistd_h=yes
ac_cv_host=x86_64-pc-linux-gnu
ac_cv_objext=o
ac_cv_path_EGREP='/home/lcz/code/lede/staging_dir/host/bin/grep -E'
ac_cv_path_GREP=/home/lcz/code/lede/staging_dir/host/bin/grep
ac_cv_prog_ACLOCAL=aclocal
ac_cv_prog_AUTOCONF=autoconf
ac_cv_prog_AUTOHEADER=autoheader
ac_cv_prog_CC=gcc
ac_cv_prog_CPP='gcc -E'
ac_cv_prog_RANLIB=ranlib
ac_cv_prog_cc_c89=
ac_cv_prog_cc_g=yes
ac_cv_prog_make_make_set=yes
ac_cv_sizeof_int=4
ac_cv_sizeof_long=8
ac_cv_target=mipsel-openwrt-linux-musl
ac_cv_type_int_fast32_t=yes
ac_cv_type_int_least32_t=yes
ac_cv_type_off_t=yes
ac_cv_type_u_int64_t=no
ac_cv_type_uint64_t=yes
ac_cv_type_uintmax_t=yes
ac_cv_type_uintptr_t=yes
acx_cv_header_stdint=stdint.h
acx_cv_header_stdint_kind='(already complete)'
acx_cv_prog_cc_pedantic__Wlong_long=yes
acx_cv_prog_cc_warning__W=yes
acx_cv_prog_cc_warning__Wall=yes
acx_cv_prog_cc_warning__Wcast_qual=yes
acx_cv_prog_cc_warning__Wmissing_format_attribute=yes
acx_cv_prog_cc_warning__Wmissing_prototypes=yes
acx_cv_prog_cc_warning__Wold_style_definition=yes
acx_cv_prog_cc_warning__Wstrict_prototypes=yes
acx_cv_prog_cc_warning__Wwrite_strings=yes
acx_cv_prog_cc_warning__fno_lto=yes

## ----------------- ##
## Output variables. ##
## ----------------- ##

ACLOCAL='aclocal'
ADDITIONAL_OBJS=''
AUTOCONF='autoconf'
AUTOHEADER='autoheader'
CC='gcc'
CFLAGS='-O2 -I/home/lcz/code/lede/staging_dir/host/include '
CPP='gcc -E'
CPPFLAGS='-I/home/lcz/code/lede/staging_dir/host/include '
DEFS='-DHAVE_CONFIG_H'
ECHO_C=''
ECHO_N='-n'
ECHO_T=''
EGREP='/home/lcz/code/lede/staging_dir/host/bin/grep -E'
EXEEXT=''
GREP='/home/lcz/code/lede/staging_dir/host/bin/grep'
LDFLAGS=' -L/home/lcz/code/lede/staging_dir/host/lib '
LIBOBJS=''
LIBS=''
LTLIBOBJS=''
MAINT='#'
OBJEXT='o'
PACKAGE_BUGREPORT='gcc-bugs@gcc.gnu.org'
PACKAGE_NAME='libdecnumber'
PACKAGE_STRING='libdecnumber  '
PACKAGE_TARNAME='libdecnumber'
PACKAGE_URL=''
PACKAGE_VERSION=' '
PATH_SEPARATOR=':'
PICFLAG=''
RANLIB='ranlib'
SET_MAKE=''
SHELL='/usr/bin/env bash'
WARN_CFLAGS='-W -Wall -Wwrite-strings -Wstrict-prototypes -Wmissing-prototypes -Wold-style-definition -Wmissing-format-attribute -Wcast-qual'
WARN_PEDANTIC='-pedantic -Wno-long-long'
WERROR=''
ac_ct_CC=''
bindir='${exec_prefix}/bin'
build='x86_64-pc-linux-gnu'
build_alias='x86_64-pc-linux-gnu'
build_cpu='x86_64'
build_os='linux-gnu'
build_vendor='pc'
datadir='${datarootdir}'
datarootdir='${prefix}/share'
docdir='${datarootdir}/doc/${PACKAGE_TARNAME}'
dvidir='${docdir}'
enable_decimal_float='dpd'
exec_prefix='${prefix}'
host='x86_64-pc-linux-gnu'
host_alias='x86_64-pc-linux-gnu'
host_cpu='x86_64'
host_os='linux-gnu'
host_vendor='pc'
htmldir='${docdir}'
includedir='${prefix}/include'
infodir='${datarootdir}/info'
libdir='${exec_prefix}/lib'
libexecdir='${exec_prefix}/libexec'
localedir='${datarootdir}/locale'
localstatedir='${prefix}/var'
mandir='${datarootdir}/man'
nolto_flags='-fno-lto'
oldincludedir='/usr/include'
pdfdir='${docdir}'
prefix='/home/lcz/code/lede/staging_dir/toolchain-mipsel_24kc_gcc-7.5.0_musl'
program_transform_name='s&^&mipsel-openwrt-linux-musl-&'
psdir='${docdir}'
sbindir='${exec_prefix}/sbin'
sharedstatedir='${prefix}/com'
sysconfdir='${prefix}/etc'
target='mipsel-openwrt-linux-musl'
target_alias='mipsel-openwrt-linux-musl'
target_cpu='mipsel'
target_os='linux-musl'
target_vendor='openwrt'

## ----------- ##
## confdefs.h. ##
## ----------- ##

/* confdefs.h */
#define PACKAGE_NAME "libdecnumber"
#define PACKAGE_TARNAME "libdecnumber"
#define PACKAGE_VERSION " "
#define PACKAGE_STRING "libdecnumber  "
#define PACKAGE_BUGREPORT "gcc-bugs@gcc.gnu.org"
#define PACKAGE_URL ""
#define STDC_HEADERS 1
#define HAVE_SYS_TYPES_H 1
#define HAVE_SYS_STAT_H 1
#define HAVE_STDLIB_H 1
#define HAVE_STRING_H 1
#define HAVE_MEMORY_H 1
#define HAVE_STRINGS_H 1
#define HAVE_INTTYPES_H 1
#define HAVE_STDINT_H 1
#define HAVE_UNISTD_H 1
#define HAVE_CTYPE_H 1
#define HAVE_STDDEF_H 1
#define HAVE_STRING_H 1
#define HAVE_STDIO_H 1
#define SIZEOF_INT 4
#define SIZEOF_LONG 8
#define STDC_HEADERS 1

configure: exit 0
