This file contains any messages produced by compilers while
running configure, to aid debugging if configure makes a mistake.

It was created by mm-common configure 0.9.12, which was
generated by GNU Autoconf 2.69.  Invocation command line was

  $ ./configure --target=x86_64-pc-linux-gnu --host=x86_64-pc-linux-gnu --build=x86_64-pc-linux-gnu --program-prefix= --program-suffix= --prefix=/home/lcz/code/lede/staging_dir/host --exec-prefix=/home/lcz/code/lede/staging_dir/host --sysconfdir=/home/lcz/code/lede/staging_dir/host/etc --localstatedir=/home/lcz/code/lede/staging_dir/host/var --sbindir=/home/lcz/code/lede/staging_dir/host/bin

## --------- ##
## Platform. ##
## --------- ##

hostname = MediumslateblueUnwieldy-VM
uname -m = x86_64
uname -r = 4.11.8-041108-generic
uname -s = Linux
uname -v = #201706290836 SMP Thu Jun 29 12:38:45 UTC 2017

/usr/bin/uname -p = unknown
/bin/uname -X     = unknown

/bin/arch              = unknown
/usr/bin/arch -k       = unknown
/usr/convex/getsysinfo = unknown
/usr/bin/hostinfo      = unknown
/bin/machine           = unknown
/usr/bin/oslevel       = unknown
/bin/universe          = unknown

PATH: /home/lcz/code/lede/staging_dir/toolchain-mipsel_24kc_gcc-7.5.0_musl/bin
PATH: /home/lcz/code/lede/staging_dir/toolchain-mipsel_24kc_gcc-7.5.0_musl/bin
PATH: /home/lcz/code/lede/staging_dir/host/bin
PATH: /home/lcz/code/lede/staging_dir/toolchain-mipsel_24kc_gcc-7.5.0_musl/bin
PATH: /home/lcz/code/lede/staging_dir/host/bin
PATH: /home/lcz/code/lede/staging_dir/host/bin
PATH: /home/lcz/bin
PATH: /home/lcz/.local/bin
PATH: /usr/local/sbin
PATH: /usr/local/bin
PATH: /usr/sbin
PATH: /usr/bin
PATH: /sbin
PATH: /bin
PATH: /usr/games
PATH: /usr/local/games


## ----------- ##
## Core tests. ##
## ----------- ##

configure:1799: checking for a BSD-compatible install
configure:1867: result: /usr/bin/install -c
configure:1878: checking whether build environment is sane
configure:1933: result: yes
configure:2084: checking for a thread-safe mkdir -p
configure:2123: result: /bin/mkdir -p
configure:2130: checking for gawk
configure:2146: found /usr/bin/gawk
configure:2157: result: gawk
configure:2168: checking whether make sets $(MAKE)
configure:2190: result: yes
configure:2219: checking whether make supports nested variables
configure:2236: result: yes
configure:2366: checking whether make supports nested variables
configure:2383: result: yes
configure:2395: checking whether to enable maintainer-specific portions of Makefiles
configure:2404: result: no
configure:2422: checking for a sed that does not truncate output
configure:2486: result: /home/lcz/code/lede/staging_dir/host/bin/sed
configure:2496: checking for tar
configure:2512: found /home/lcz/code/lede/staging_dir/host/bin/tar
configure:2523: result: tar
configure:2539: checking whether to download libstdc++ tags
configure:2548: result: no
configure:2554: checking for curl
configure:2570: found /usr/bin/curl
configure:2581: result: curl
configure:2591: checking for wget
configure:2607: found /home/lcz/code/lede/staging_dir/host/bin/wget
configure:2618: result: wget
configure:2778: checking that generated files are newer than configure
configure:2784: result: done
configure:2796: creating ./config.status

## ---------------------- ##
## Running config.status. ##
## ---------------------- ##

This file was extended by mm-common config.status 0.9.12, which was
generated by GNU Autoconf 2.69.  Invocation command line was

  CONFIG_FILES    = 
  CONFIG_HEADERS  = 
  CONFIG_LINKS    = 
  CONFIG_COMMANDS = 
  $ ./config.status 

on MediumslateblueUnwieldy-VM

config.status:759: creating Makefile
config.status:759: creating doctags/mm-common-libstdc++.pc
config.status:759: creating doctags/mm-common-libstdc++-uninstalled.pc
config.status:759: creating macros/mm-common.m4
config.status:759: creating util/mm-common-prepare
config.status:759: creating util/mm-common-util.pc
config.status:759: creating util/mm-common-util-uninstalled.pc

## ---------------- ##
## Cache variables. ##
## ---------------- ##

ac_cv_env_ACLOCAL_FLAGS_set=
ac_cv_env_ACLOCAL_FLAGS_value=
ac_cv_env_CURL_set=
ac_cv_env_CURL_value=
ac_cv_env_WGET_set=
ac_cv_env_WGET_value=
ac_cv_env_build_alias_set=set
ac_cv_env_build_alias_value=x86_64-pc-linux-gnu
ac_cv_env_host_alias_set=set
ac_cv_env_host_alias_value=x86_64-pc-linux-gnu
ac_cv_env_target_alias_set=set
ac_cv_env_target_alias_value=x86_64-pc-linux-gnu
ac_cv_path_SED=/home/lcz/code/lede/staging_dir/host/bin/sed
ac_cv_path_install='/usr/bin/install -c'
ac_cv_path_mkdir=/bin/mkdir
ac_cv_prog_AWK=gawk
ac_cv_prog_CURL=curl
ac_cv_prog_TAR=tar
ac_cv_prog_WGET=wget
ac_cv_prog_make_make_set=yes
am_cv_make_support_nested_variables=yes

## ----------------- ##
## Output variables. ##
## ----------------- ##

ACLOCAL='${SHELL} /home/lcz/code/lede/build_dir/host/mm-common-0.9.12/missing aclocal-1.15'
ACLOCAL_FLAGS=''
AMTAR='$${TAR-tar}'
AM_BACKSLASH='\'
AM_DEFAULT_V='$(AM_DEFAULT_VERBOSITY)'
AM_DEFAULT_VERBOSITY='0'
AM_V='$(V)'
AUTOCONF='${SHELL} /home/lcz/code/lede/build_dir/host/mm-common-0.9.12/missing autoconf'
AUTOHEADER='${SHELL} /home/lcz/code/lede/build_dir/host/mm-common-0.9.12/missing autoheader'
AUTOMAKE='${SHELL} /home/lcz/code/lede/build_dir/host/mm-common-0.9.12/missing automake-1.15'
AWK='gawk'
CURL='curl'
CYGPATH_W='echo'
DEFS='-DPACKAGE_NAME=\"mm-common\" -DPACKAGE_TARNAME=\"mm-common\" -DPACKAGE_VERSION=\"0.9.12\" -DPACKAGE_STRING=\"mm-common\ 0.9.12\" -DPACKAGE_BUGREPORT=\"https://bugzilla.gnome.org/enter_bug.cgi\?product=mm-common\" -DPACKAGE_URL=\"http://www.gtkmm.org/\"'
ECHO_C=''
ECHO_N='-n'
ECHO_T=''
INSTALL_DATA='${INSTALL} -m 644'
INSTALL_PROGRAM='${INSTALL}'
INSTALL_SCRIPT='${INSTALL}'
INSTALL_STRIP_PROGRAM='$(install_sh) -c -s'
LIBOBJS=''
LIBS=''
LTLIBOBJS=''
MAINT='#'
MAINTAINER_MODE_FALSE=''
MAINTAINER_MODE_TRUE='#'
MAKEINFO='${SHELL} /home/lcz/code/lede/build_dir/host/mm-common-0.9.12/missing makeinfo'
MKDIR_P='/bin/mkdir -p'
PACKAGE='mm-common'
PACKAGE_BUGREPORT='https://bugzilla.gnome.org/enter_bug.cgi?product=mm-common'
PACKAGE_NAME='mm-common'
PACKAGE_STRING='mm-common 0.9.12'
PACKAGE_TARNAME='mm-common'
PACKAGE_URL='http://www.gtkmm.org/'
PACKAGE_VERSION='0.9.12'
PATH_SEPARATOR=':'
SED='/home/lcz/code/lede/staging_dir/host/bin/sed'
SET_MAKE=''
SHELL='/usr/bin/env bash'
STRIP=''
TAR='tar'
USE_NETWORK='no'
VERSION='0.9.12'
WGET='wget'
am__isrc=''
am__leading_dot='.'
am__tar='$${TAR-tar} chof - "$$tardir"'
am__untar='$${TAR-tar} xf -'
bindir='${exec_prefix}/bin'
build_alias='x86_64-pc-linux-gnu'
datadir='${datarootdir}'
datarootdir='${prefix}/share'
docdir='${datarootdir}/doc/${PACKAGE_TARNAME}'
dvidir='${docdir}'
exec_prefix='/home/lcz/code/lede/staging_dir/host'
host_alias='x86_64-pc-linux-gnu'
htmldir='${docdir}'
includedir='${prefix}/include'
infodir='${datarootdir}/info'
install_sh='${SHELL} /home/lcz/code/lede/build_dir/host/mm-common-0.9.12/install-sh'
libdir='${exec_prefix}/lib'
libexecdir='${exec_prefix}/libexec'
localedir='${datarootdir}/locale'
localstatedir='/home/lcz/code/lede/staging_dir/host/var'
mandir='${datarootdir}/man'
mkdir_p='$(MKDIR_P)'
oldincludedir='/usr/include'
pdfdir='${docdir}'
prefix='/home/lcz/code/lede/staging_dir/host'
program_transform_name='s&$$&&;s&^&&'
psdir='${docdir}'
runstatedir='${localstatedir}/run'
sbindir='/home/lcz/code/lede/staging_dir/host/bin'
sharedstatedir='${prefix}/com'
sysconfdir='/home/lcz/code/lede/staging_dir/host/etc'
target_alias='x86_64-pc-linux-gnu'

## ----------- ##
## confdefs.h. ##
## ----------- ##

/* confdefs.h */
#define PACKAGE_NAME "mm-common"
#define PACKAGE_TARNAME "mm-common"
#define PACKAGE_VERSION "0.9.12"
#define PACKAGE_STRING "mm-common 0.9.12"
#define PACKAGE_BUGREPORT "https://bugzilla.gnome.org/enter_bug.cgi?product=mm-common"
#define PACKAGE_URL "http://www.gtkmm.org/"

configure: exit 0
